[0.016s] Invoking command in '/home/yasmin-nunes/ros2_path_planning/build/ros2_fringe_projection': /usr/bin/cmake /home/yasmin-nunes/ros2_path_planning/src/ros2_fringe_projection -DCMAKE_INSTALL_PREFIX=/home/yasmin-nunes/ros2_path_planning/install/ros2_fringe_projection
[0.028s] [33mCMake Warning (dev) in CMakeLists.txt:
[0.029s]   No project() command is present.  The top-level CMakeLists.txt file must
[0.029s]   contain a literal, direct call to the project() command.  Add a line of
[0.029s]   code such as
[0.029s] 
[0.029s]     project(ProjectName)
[0.029s] 
[0.030s]   near the top of the file, but after cmake_minimum_required().
[0.030s] 
[0.030s]   CMake is pretending there is a "project(Project)" command on the first
[0.030s]   line.
[0.030s] This warning is for project developers.  Use -Wno-dev to suppress it.
[0.030s] [0m
[0.101s] -- The C compiler identification is GNU 11.4.0
[0.180s] -- The CXX compiler identification is GNU 11.4.0
[0.191s] -- Detecting C compiler ABI info
[0.291s] -- Detecting C compiler ABI info - done
[0.314s] -- Check for working C compiler: /usr/bin/cc - skipped
[0.316s] -- Detecting C compile features
[0.316s] -- Detecting C compile features - done
[0.321s] -- Detecting CXX compiler ABI info
[0.432s] -- Detecting CXX compiler ABI info - done
[0.447s] -- Check for working CXX compiler: /usr/bin/c++ - skipped
[0.447s] -- Detecting CXX compile features
[0.448s] -- Detecting CXX compile features - done
[0.449s] -- Configuring done
[0.450s] -- Generating done
[0.451s] -- Build files have been written to: /home/yasmin-nunes/ros2_path_planning/build/ros2_fringe_projection
[0.455s] Invoked command in '/home/yasmin-nunes/ros2_path_planning/build/ros2_fringe_projection' returned '0': /usr/bin/cmake /home/yasmin-nunes/ros2_path_planning/src/ros2_fringe_projection -DCMAKE_INSTALL_PREFIX=/home/yasmin-nunes/ros2_path_planning/install/ros2_fringe_projection
[0.458s] Invoking command in '/home/yasmin-nunes/ros2_path_planning/build/ros2_fringe_projection': /usr/bin/cmake --build /home/yasmin-nunes/ros2_path_planning/build/ros2_fringe_projection -- -j4 -l4
[0.503s] Invoked command in '/home/yasmin-nunes/ros2_path_planning/build/ros2_fringe_projection' returned '0': /usr/bin/cmake --build /home/yasmin-nunes/ros2_path_planning/build/ros2_fringe_projection -- -j4 -l4
