[0.662s] DEBUG:colcon:Command line arguments: ['/usr/bin/colcon', 'build']
[0.662s] DEBUG:colcon:Parsed command line arguments: Namespace(log_base=None, log_level=None, verb_name='build', build_base='build', install_base='install', merge_install=False, symlink_install=False, test_result_base=None, continue_on_error=False, executor='parallel', parallel_workers=4, event_handlers=None, ignore_user_meta=False, metas=['./colcon.meta'], base_paths=['.'], packages_ignore=None, packages_ignore_regex=None, paths=None, packages_up_to=None, packages_up_to_regex=None, packages_above=None, packages_above_and_dependencies=None, packages_above_depth=None, packages_select_by_dep=None, packages_skip_by_dep=None, packages_skip_up_to=None, packages_select_build_failed=False, packages_skip_build_finished=False, packages_select_test_failures=False, packages_skip_test_passed=False, packages_select=None, packages_skip=None, packages_select_regex=None, packages_skip_regex=None, packages_start=None, packages_end=None, allow_overriding=[], cmake_args=None, cmake_target=None, cmake_target_skip_unavailable=False, cmake_clean_cache=False, cmake_clean_first=False, cmake_force_configure=False, ament_cmake_args=None, catkin_cmake_args=None, catkin_skip_building_tests=False, verb_parser=<colcon_defaults.argument_parser.defaults.DefaultArgumentsDecorator object at 0x70bbcbac8190>, verb_extension=<colcon_core.verb.build.BuildVerb object at 0x70bbcba8bb80>, main=<bound method BuildVerb.main of <colcon_core.verb.build.BuildVerb object at 0x70bbcba8bb80>>)
[1.036s] Level 1:colcon.colcon_core.package_discovery:discover_packages(colcon_meta) check parameters
[1.036s] Level 1:colcon.colcon_core.package_discovery:discover_packages(recursive) check parameters
[1.036s] Level 1:colcon.colcon_core.package_discovery:discover_packages(ignore) check parameters
[1.036s] Level 1:colcon.colcon_core.package_discovery:discover_packages(path) check parameters
[1.036s] Level 1:colcon.colcon_core.package_discovery:discover_packages(colcon_meta) discover
[1.036s] Level 1:colcon.colcon_core.package_discovery:discover_packages(recursive) discover
[1.036s] INFO:colcon.colcon_core.package_discovery:Crawling recursively for packages in '/home/yasmin-nunes/ros2-path-planning'
[1.037s] Level 1:colcon.colcon_core.package_identification:_identify(.) by extensions ['ignore', 'ignore_ament_install']
[1.037s] Level 1:colcon.colcon_core.package_identification:_identify(.) by extension 'ignore'
[1.037s] Level 1:colcon.colcon_core.package_identification:_identify(.) by extension 'ignore_ament_install'
[1.037s] Level 1:colcon.colcon_core.package_identification:_identify(.) by extensions ['colcon_pkg']
[1.037s] Level 1:colcon.colcon_core.package_identification:_identify(.) by extension 'colcon_pkg'
[1.037s] Level 1:colcon.colcon_core.package_identification:_identify(.) by extensions ['colcon_meta']
[1.037s] Level 1:colcon.colcon_core.package_identification:_identify(.) by extension 'colcon_meta'
[1.037s] Level 1:colcon.colcon_core.package_identification:_identify(.) by extensions ['ros']
[1.037s] Level 1:colcon.colcon_core.package_identification:_identify(.) by extension 'ros'
[1.054s] Level 1:colcon.colcon_core.package_identification:_identify(.) by extensions ['cmake', 'python']
[1.054s] Level 1:colcon.colcon_core.package_identification:_identify(.) by extension 'cmake'
[1.054s] Level 1:colcon.colcon_core.package_identification:_identify(.) by extension 'python'
[1.054s] Level 1:colcon.colcon_core.package_identification:_identify(.) by extensions ['python_setup_py']
[1.054s] Level 1:colcon.colcon_core.package_identification:_identify(.) by extension 'python_setup_py'
[1.055s] Level 1:colcon.colcon_core.package_identification:_identify(build) by extensions ['ignore', 'ignore_ament_install']
[1.055s] Level 1:colcon.colcon_core.package_identification:_identify(build) by extension 'ignore'
[1.055s] Level 1:colcon.colcon_core.package_identification:_identify(build) ignored
[1.055s] Level 1:colcon.colcon_core.package_identification:_identify(install) by extensions ['ignore', 'ignore_ament_install']
[1.055s] Level 1:colcon.colcon_core.package_identification:_identify(install) by extension 'ignore'
[1.055s] Level 1:colcon.colcon_core.package_identification:_identify(install) ignored
[1.055s] Level 1:colcon.colcon_core.package_identification:_identify(log) by extensions ['ignore', 'ignore_ament_install']
[1.055s] Level 1:colcon.colcon_core.package_identification:_identify(log) by extension 'ignore'
[1.055s] Level 1:colcon.colcon_core.package_identification:_identify(log) ignored
[1.056s] Level 1:colcon.colcon_core.package_identification:_identify(src) by extensions ['ignore', 'ignore_ament_install']
[1.056s] Level 1:colcon.colcon_core.package_identification:_identify(src) by extension 'ignore'
[1.056s] Level 1:colcon.colcon_core.package_identification:_identify(src) by extension 'ignore_ament_install'
[1.056s] Level 1:colcon.colcon_core.package_identification:_identify(src) by extensions ['colcon_pkg']
[1.056s] Level 1:colcon.colcon_core.package_identification:_identify(src) by extension 'colcon_pkg'
[1.056s] Level 1:colcon.colcon_core.package_identification:_identify(src) by extensions ['colcon_meta']
[1.056s] Level 1:colcon.colcon_core.package_identification:_identify(src) by extension 'colcon_meta'
[1.056s] Level 1:colcon.colcon_core.package_identification:_identify(src) by extensions ['ros']
[1.056s] Level 1:colcon.colcon_core.package_identification:_identify(src) by extension 'ros'
[1.056s] Level 1:colcon.colcon_core.package_identification:_identify(src) by extensions ['cmake', 'python']
[1.056s] Level 1:colcon.colcon_core.package_identification:_identify(src) by extension 'cmake'
[1.056s] Level 1:colcon.colcon_core.package_identification:_identify(src) by extension 'python'
[1.056s] Level 1:colcon.colcon_core.package_identification:_identify(src) by extensions ['python_setup_py']
[1.056s] Level 1:colcon.colcon_core.package_identification:_identify(src) by extension 'python_setup_py'
[1.056s] Level 1:colcon.colcon_core.package_identification:_identify(src/path_planning) by extensions ['ignore', 'ignore_ament_install']
[1.056s] Level 1:colcon.colcon_core.package_identification:_identify(src/path_planning) by extension 'ignore'
[1.057s] Level 1:colcon.colcon_core.package_identification:_identify(src/path_planning) by extension 'ignore_ament_install'
[1.057s] Level 1:colcon.colcon_core.package_identification:_identify(src/path_planning) by extensions ['colcon_pkg']
[1.057s] Level 1:colcon.colcon_core.package_identification:_identify(src/path_planning) by extension 'colcon_pkg'
[1.057s] Level 1:colcon.colcon_core.package_identification:_identify(src/path_planning) by extensions ['colcon_meta']
[1.057s] Level 1:colcon.colcon_core.package_identification:_identify(src/path_planning) by extension 'colcon_meta'
[1.057s] Level 1:colcon.colcon_core.package_identification:_identify(src/path_planning) by extensions ['ros']
[1.057s] Level 1:colcon.colcon_core.package_identification:_identify(src/path_planning) by extension 'ros'
[1.060s] DEBUG:colcon.colcon_core.package_identification:Package 'src/path_planning' with type 'ros.ament_cmake' and name 'ros2_path_planning'
[1.060s] Level 1:colcon.colcon_core.package_identification:_identify(src/yolov8_ros) by extensions ['ignore', 'ignore_ament_install']
[1.060s] Level 1:colcon.colcon_core.package_identification:_identify(src/yolov8_ros) by extension 'ignore'
[1.060s] Level 1:colcon.colcon_core.package_identification:_identify(src/yolov8_ros) by extension 'ignore_ament_install'
[1.060s] Level 1:colcon.colcon_core.package_identification:_identify(src/yolov8_ros) by extensions ['colcon_pkg']
[1.060s] Level 1:colcon.colcon_core.package_identification:_identify(src/yolov8_ros) by extension 'colcon_pkg'
[1.060s] Level 1:colcon.colcon_core.package_identification:_identify(src/yolov8_ros) by extensions ['colcon_meta']
[1.060s] Level 1:colcon.colcon_core.package_identification:_identify(src/yolov8_ros) by extension 'colcon_meta'
[1.060s] Level 1:colcon.colcon_core.package_identification:_identify(src/yolov8_ros) by extensions ['ros']
[1.060s] Level 1:colcon.colcon_core.package_identification:_identify(src/yolov8_ros) by extension 'ros'
[1.061s] Level 1:colcon.colcon_core.package_identification:_identify(src/yolov8_ros) by extensions ['cmake', 'python']
[1.061s] Level 1:colcon.colcon_core.package_identification:_identify(src/yolov8_ros) by extension 'cmake'
[1.061s] Level 1:colcon.colcon_core.package_identification:_identify(src/yolov8_ros) by extension 'python'
[1.061s] Level 1:colcon.colcon_core.package_identification:_identify(src/yolov8_ros) by extensions ['python_setup_py']
[1.061s] Level 1:colcon.colcon_core.package_identification:_identify(src/yolov8_ros) by extension 'python_setup_py'
[1.061s] Level 1:colcon.colcon_core.package_identification:_identify(src/yolov8_ros/docs) by extensions ['ignore', 'ignore_ament_install']
[1.061s] Level 1:colcon.colcon_core.package_identification:_identify(src/yolov8_ros/docs) by extension 'ignore'
[1.061s] Level 1:colcon.colcon_core.package_identification:_identify(src/yolov8_ros/docs) by extension 'ignore_ament_install'
[1.061s] Level 1:colcon.colcon_core.package_identification:_identify(src/yolov8_ros/docs) by extensions ['colcon_pkg']
[1.061s] Level 1:colcon.colcon_core.package_identification:_identify(src/yolov8_ros/docs) by extension 'colcon_pkg'
[1.061s] Level 1:colcon.colcon_core.package_identification:_identify(src/yolov8_ros/docs) by extensions ['colcon_meta']
[1.061s] Level 1:colcon.colcon_core.package_identification:_identify(src/yolov8_ros/docs) by extension 'colcon_meta'
[1.061s] Level 1:colcon.colcon_core.package_identification:_identify(src/yolov8_ros/docs) by extensions ['ros']
[1.061s] Level 1:colcon.colcon_core.package_identification:_identify(src/yolov8_ros/docs) by extension 'ros'
[1.061s] Level 1:colcon.colcon_core.package_identification:_identify(src/yolov8_ros/docs) by extensions ['cmake', 'python']
[1.061s] Level 1:colcon.colcon_core.package_identification:_identify(src/yolov8_ros/docs) by extension 'cmake'
[1.061s] Level 1:colcon.colcon_core.package_identification:_identify(src/yolov8_ros/docs) by extension 'python'
[1.061s] Level 1:colcon.colcon_core.package_identification:_identify(src/yolov8_ros/docs) by extensions ['python_setup_py']
[1.062s] Level 1:colcon.colcon_core.package_identification:_identify(src/yolov8_ros/docs) by extension 'python_setup_py'
[1.062s] Level 1:colcon.colcon_core.package_identification:_identify(src/yolov8_ros/yolov8_bringup) by extensions ['ignore', 'ignore_ament_install']
[1.062s] Level 1:colcon.colcon_core.package_identification:_identify(src/yolov8_ros/yolov8_bringup) by extension 'ignore'
[1.062s] Level 1:colcon.colcon_core.package_identification:_identify(src/yolov8_ros/yolov8_bringup) by extension 'ignore_ament_install'
[1.062s] Level 1:colcon.colcon_core.package_identification:_identify(src/yolov8_ros/yolov8_bringup) by extensions ['colcon_pkg']
[1.062s] Level 1:colcon.colcon_core.package_identification:_identify(src/yolov8_ros/yolov8_bringup) by extension 'colcon_pkg'
[1.062s] Level 1:colcon.colcon_core.package_identification:_identify(src/yolov8_ros/yolov8_bringup) by extensions ['colcon_meta']
[1.062s] Level 1:colcon.colcon_core.package_identification:_identify(src/yolov8_ros/yolov8_bringup) by extension 'colcon_meta'
[1.062s] Level 1:colcon.colcon_core.package_identification:_identify(src/yolov8_ros/yolov8_bringup) by extensions ['ros']
[1.062s] Level 1:colcon.colcon_core.package_identification:_identify(src/yolov8_ros/yolov8_bringup) by extension 'ros'
[1.063s] DEBUG:colcon.colcon_core.package_identification:Package 'src/yolov8_ros/yolov8_bringup' with type 'ros.ament_cmake' and name 'yolov8_bringup'
[1.063s] Level 1:colcon.colcon_core.package_identification:_identify(src/yolov8_ros/yolov8_msgs) by extensions ['ignore', 'ignore_ament_install']
[1.063s] Level 1:colcon.colcon_core.package_identification:_identify(src/yolov8_ros/yolov8_msgs) by extension 'ignore'
[1.063s] Level 1:colcon.colcon_core.package_identification:_identify(src/yolov8_ros/yolov8_msgs) by extension 'ignore_ament_install'
[1.063s] Level 1:colcon.colcon_core.package_identification:_identify(src/yolov8_ros/yolov8_msgs) by extensions ['colcon_pkg']
[1.063s] Level 1:colcon.colcon_core.package_identification:_identify(src/yolov8_ros/yolov8_msgs) by extension 'colcon_pkg'
[1.063s] Level 1:colcon.colcon_core.package_identification:_identify(src/yolov8_ros/yolov8_msgs) by extensions ['colcon_meta']
[1.063s] Level 1:colcon.colcon_core.package_identification:_identify(src/yolov8_ros/yolov8_msgs) by extension 'colcon_meta'
[1.063s] Level 1:colcon.colcon_core.package_identification:_identify(src/yolov8_ros/yolov8_msgs) by extensions ['ros']
[1.063s] Level 1:colcon.colcon_core.package_identification:_identify(src/yolov8_ros/yolov8_msgs) by extension 'ros'
[1.064s] DEBUG:colcon.colcon_core.package_identification:Package 'src/yolov8_ros/yolov8_msgs' with type 'ros.ament_cmake' and name 'yolov8_msgs'
[1.064s] Level 1:colcon.colcon_core.package_identification:_identify(src/yolov8_ros/yolov8_ros) by extensions ['ignore', 'ignore_ament_install']
[1.065s] Level 1:colcon.colcon_core.package_identification:_identify(src/yolov8_ros/yolov8_ros) by extension 'ignore'
[1.065s] Level 1:colcon.colcon_core.package_identification:_identify(src/yolov8_ros/yolov8_ros) by extension 'ignore_ament_install'
[1.065s] Level 1:colcon.colcon_core.package_identification:_identify(src/yolov8_ros/yolov8_ros) by extensions ['colcon_pkg']
[1.065s] Level 1:colcon.colcon_core.package_identification:_identify(src/yolov8_ros/yolov8_ros) by extension 'colcon_pkg'
[1.065s] Level 1:colcon.colcon_core.package_identification:_identify(src/yolov8_ros/yolov8_ros) by extensions ['colcon_meta']
[1.065s] Level 1:colcon.colcon_core.package_identification:_identify(src/yolov8_ros/yolov8_ros) by extension 'colcon_meta'
[1.065s] Level 1:colcon.colcon_core.package_identification:_identify(src/yolov8_ros/yolov8_ros) by extensions ['ros']
[1.065s] Level 1:colcon.colcon_core.package_identification:_identify(src/yolov8_ros/yolov8_ros) by extension 'ros'
[1.066s] DEBUG:colcon.colcon_core.package_identification:Package 'src/yolov8_ros/yolov8_ros' with type 'ros.ament_python' and name 'yolov8_ros'
[1.066s] Level 1:colcon.colcon_core.package_discovery:discover_packages(recursive) using defaults
[1.066s] Level 1:colcon.colcon_core.package_discovery:discover_packages(ignore) discover
[1.066s] Level 1:colcon.colcon_core.package_discovery:discover_packages(ignore) using defaults
[1.066s] Level 1:colcon.colcon_core.package_discovery:discover_packages(path) discover
[1.066s] Level 1:colcon.colcon_core.package_discovery:discover_packages(path) using defaults
[1.094s] Level 1:colcon.colcon_core.package_discovery:discover_packages(prefix_path) check parameters
[1.094s] Level 1:colcon.colcon_core.package_discovery:discover_packages(prefix_path) discover
[1.098s] DEBUG:colcon.colcon_installed_package_information.package_discovery:Found 272 installed packages in /opt/ros/humble
[1.110s] Level 1:colcon.colcon_core.package_discovery:discover_packages(prefix_path) using defaults
[3.314s] Level 5:colcon.colcon_core.verb:set package 'ros2_path_planning' build argument 'cmake_args' from command line to 'None'
[3.315s] Level 5:colcon.colcon_core.verb:set package 'ros2_path_planning' build argument 'cmake_target' from command line to 'None'
[3.315s] Level 5:colcon.colcon_core.verb:set package 'ros2_path_planning' build argument 'cmake_target_skip_unavailable' from command line to 'False'
[3.315s] Level 5:colcon.colcon_core.verb:set package 'ros2_path_planning' build argument 'cmake_clean_cache' from command line to 'False'
[3.315s] Level 5:colcon.colcon_core.verb:set package 'ros2_path_planning' build argument 'cmake_clean_first' from command line to 'False'
[3.315s] Level 5:colcon.colcon_core.verb:set package 'ros2_path_planning' build argument 'cmake_force_configure' from command line to 'False'
[3.315s] Level 5:colcon.colcon_core.verb:set package 'ros2_path_planning' build argument 'ament_cmake_args' from command line to 'None'
[3.315s] Level 5:colcon.colcon_core.verb:set package 'ros2_path_planning' build argument 'catkin_cmake_args' from command line to 'None'
[3.315s] Level 5:colcon.colcon_core.verb:set package 'ros2_path_planning' build argument 'catkin_skip_building_tests' from command line to 'False'
[3.315s] DEBUG:colcon.colcon_core.verb:Building package 'ros2_path_planning' with the following arguments: {'ament_cmake_args': None, 'build_base': '/home/yasmin-nunes/ros2-path-planning/build/ros2_path_planning', 'catkin_cmake_args': None, 'catkin_skip_building_tests': False, 'cmake_args': None, 'cmake_clean_cache': False, 'cmake_clean_first': False, 'cmake_force_configure': False, 'cmake_target': None, 'cmake_target_skip_unavailable': False, 'install_base': '/home/yasmin-nunes/ros2-path-planning/install/ros2_path_planning', 'merge_install': False, 'path': '/home/yasmin-nunes/ros2-path-planning/src/path_planning', 'symlink_install': False, 'test_result_base': None}
[3.315s] Level 5:colcon.colcon_core.verb:set package 'yolov8_msgs' build argument 'cmake_args' from command line to 'None'
[3.315s] Level 5:colcon.colcon_core.verb:set package 'yolov8_msgs' build argument 'cmake_target' from command line to 'None'
[3.315s] Level 5:colcon.colcon_core.verb:set package 'yolov8_msgs' build argument 'cmake_target_skip_unavailable' from command line to 'False'
[3.315s] Level 5:colcon.colcon_core.verb:set package 'yolov8_msgs' build argument 'cmake_clean_cache' from command line to 'False'
[3.315s] Level 5:colcon.colcon_core.verb:set package 'yolov8_msgs' build argument 'cmake_clean_first' from command line to 'False'
[3.315s] Level 5:colcon.colcon_core.verb:set package 'yolov8_msgs' build argument 'cmake_force_configure' from command line to 'False'
[3.315s] Level 5:colcon.colcon_core.verb:set package 'yolov8_msgs' build argument 'ament_cmake_args' from command line to 'None'
[3.316s] Level 5:colcon.colcon_core.verb:set package 'yolov8_msgs' build argument 'catkin_cmake_args' from command line to 'None'
[3.316s] Level 5:colcon.colcon_core.verb:set package 'yolov8_msgs' build argument 'catkin_skip_building_tests' from command line to 'False'
[3.316s] DEBUG:colcon.colcon_core.verb:Building package 'yolov8_msgs' with the following arguments: {'ament_cmake_args': None, 'build_base': '/home/yasmin-nunes/ros2-path-planning/build/yolov8_msgs', 'catkin_cmake_args': None, 'catkin_skip_building_tests': False, 'cmake_args': None, 'cmake_clean_cache': False, 'cmake_clean_first': False, 'cmake_force_configure': False, 'cmake_target': None, 'cmake_target_skip_unavailable': False, 'install_base': '/home/yasmin-nunes/ros2-path-planning/install/yolov8_msgs', 'merge_install': False, 'path': '/home/yasmin-nunes/ros2-path-planning/src/yolov8_ros/yolov8_msgs', 'symlink_install': False, 'test_result_base': None}
[3.316s] Level 5:colcon.colcon_core.verb:set package 'yolov8_ros' build argument 'cmake_args' from command line to 'None'
[3.316s] Level 5:colcon.colcon_core.verb:set package 'yolov8_ros' build argument 'cmake_target' from command line to 'None'
[3.316s] Level 5:colcon.colcon_core.verb:set package 'yolov8_ros' build argument 'cmake_target_skip_unavailable' from command line to 'False'
[3.316s] Level 5:colcon.colcon_core.verb:set package 'yolov8_ros' build argument 'cmake_clean_cache' from command line to 'False'
[3.316s] Level 5:colcon.colcon_core.verb:set package 'yolov8_ros' build argument 'cmake_clean_first' from command line to 'False'
[3.316s] Level 5:colcon.colcon_core.verb:set package 'yolov8_ros' build argument 'cmake_force_configure' from command line to 'False'
[3.316s] Level 5:colcon.colcon_core.verb:set package 'yolov8_ros' build argument 'ament_cmake_args' from command line to 'None'
[3.316s] Level 5:colcon.colcon_core.verb:set package 'yolov8_ros' build argument 'catkin_cmake_args' from command line to 'None'
[3.316s] Level 5:colcon.colcon_core.verb:set package 'yolov8_ros' build argument 'catkin_skip_building_tests' from command line to 'False'
[3.316s] DEBUG:colcon.colcon_core.verb:Building package 'yolov8_ros' with the following arguments: {'ament_cmake_args': None, 'build_base': '/home/yasmin-nunes/ros2-path-planning/build/yolov8_ros', 'catkin_cmake_args': None, 'catkin_skip_building_tests': False, 'cmake_args': None, 'cmake_clean_cache': False, 'cmake_clean_first': False, 'cmake_force_configure': False, 'cmake_target': None, 'cmake_target_skip_unavailable': False, 'install_base': '/home/yasmin-nunes/ros2-path-planning/install/yolov8_ros', 'merge_install': False, 'path': '/home/yasmin-nunes/ros2-path-planning/src/yolov8_ros/yolov8_ros', 'symlink_install': False, 'test_result_base': None}
[3.317s] Level 5:colcon.colcon_core.verb:set package 'yolov8_bringup' build argument 'cmake_args' from command line to 'None'
[3.317s] Level 5:colcon.colcon_core.verb:set package 'yolov8_bringup' build argument 'cmake_target' from command line to 'None'
[3.317s] Level 5:colcon.colcon_core.verb:set package 'yolov8_bringup' build argument 'cmake_target_skip_unavailable' from command line to 'False'
[3.317s] Level 5:colcon.colcon_core.verb:set package 'yolov8_bringup' build argument 'cmake_clean_cache' from command line to 'False'
[3.317s] Level 5:colcon.colcon_core.verb:set package 'yolov8_bringup' build argument 'cmake_clean_first' from command line to 'False'
[3.317s] Level 5:colcon.colcon_core.verb:set package 'yolov8_bringup' build argument 'cmake_force_configure' from command line to 'False'
[3.317s] Level 5:colcon.colcon_core.verb:set package 'yolov8_bringup' build argument 'ament_cmake_args' from command line to 'None'
[3.317s] Level 5:colcon.colcon_core.verb:set package 'yolov8_bringup' build argument 'catkin_cmake_args' from command line to 'None'
[3.317s] Level 5:colcon.colcon_core.verb:set package 'yolov8_bringup' build argument 'catkin_skip_building_tests' from command line to 'False'
[3.317s] DEBUG:colcon.colcon_core.verb:Building package 'yolov8_bringup' with the following arguments: {'ament_cmake_args': None, 'build_base': '/home/yasmin-nunes/ros2-path-planning/build/yolov8_bringup', 'catkin_cmake_args': None, 'catkin_skip_building_tests': False, 'cmake_args': None, 'cmake_clean_cache': False, 'cmake_clean_first': False, 'cmake_force_configure': False, 'cmake_target': None, 'cmake_target_skip_unavailable': False, 'install_base': '/home/yasmin-nunes/ros2-path-planning/install/yolov8_bringup', 'merge_install': False, 'path': '/home/yasmin-nunes/ros2-path-planning/src/yolov8_ros/yolov8_bringup', 'symlink_install': False, 'test_result_base': None}
[3.317s] INFO:colcon.colcon_core.executor:Executing jobs using 'parallel' executor
[3.318s] DEBUG:colcon.colcon_parallel_executor.executor.parallel:run_until_complete
[3.318s] INFO:colcon.colcon_ros.task.ament_cmake.build:Building ROS package in '/home/yasmin-nunes/ros2-path-planning/src/yolov8_ros/yolov8_msgs' with build type 'ament_cmake'
[3.318s] INFO:colcon.colcon_cmake.task.cmake.build:Building CMake package in '/home/yasmin-nunes/ros2-path-planning/src/yolov8_ros/yolov8_msgs'
[3.333s] INFO:colcon.colcon_core.plugin_system:Skipping extension 'colcon_core.shell.bat': Not used on non-Windows systems
[3.334s] INFO:colcon.colcon_core.shell:Skip shell extension 'powershell' for command environment: Not usable outside of PowerShell
[3.334s] DEBUG:colcon.colcon_core.shell:Skip shell extension 'dsv' for command environment
[3.359s] INFO:colcon.colcon_ros.task.ament_cmake.build:Building ROS package in '/home/yasmin-nunes/ros2-path-planning/src/path_planning' with build type 'ament_cmake'
[3.360s] INFO:colcon.colcon_cmake.task.cmake.build:Building CMake package in '/home/yasmin-nunes/ros2-path-planning/src/path_planning'
[3.360s] INFO:colcon.colcon_core.shell:Skip shell extension 'powershell' for command environment: Not usable outside of PowerShell
[3.360s] DEBUG:colcon.colcon_core.shell:Skip shell extension 'dsv' for command environment
[3.370s] DEBUG:colcon.colcon_core.event_handler.log_command:Invoking command in '/home/yasmin-nunes/ros2-path-planning/build/yolov8_msgs': CMAKE_PREFIX_PATH=/opt/ros/humble /usr/bin/cmake /home/yasmin-nunes/ros2-path-planning/src/yolov8_ros/yolov8_msgs -DCMAKE_INSTALL_PREFIX=/home/yasmin-nunes/ros2-path-planning/install/yolov8_msgs
[3.492s] DEBUG:colcon.colcon_core.event_handler.log_command:Invoking command in '/home/yasmin-nunes/ros2-path-planning/build/ros2_path_planning': CMAKE_PREFIX_PATH=/opt/ros/humble /usr/bin/cmake --build /home/yasmin-nunes/ros2-path-planning/build/ros2_path_planning -- -j4 -l4
[6.939s] DEBUG:colcon.colcon_core.event_handler.log_command:Invoked command in '/home/yasmin-nunes/ros2-path-planning/build/ros2_path_planning' returned '0': CMAKE_PREFIX_PATH=/opt/ros/humble /usr/bin/cmake --build /home/yasmin-nunes/ros2-path-planning/build/ros2_path_planning -- -j4 -l4
[6.982s] DEBUG:colcon.colcon_core.event_handler.log_command:Invoking command in '/home/yasmin-nunes/ros2-path-planning/build/ros2_path_planning': CMAKE_PREFIX_PATH=/opt/ros/humble /usr/bin/cmake --install /home/yasmin-nunes/ros2-path-planning/build/ros2_path_planning
[7.006s] Level 1:colcon.colcon_core.environment:create_environment_scripts_only(ros2_path_planning)
[7.006s] DEBUG:colcon.colcon_core.event_handler.log_command:Invoked command in '/home/yasmin-nunes/ros2-path-planning/build/ros2_path_planning' returned '0': CMAKE_PREFIX_PATH=/opt/ros/humble /usr/bin/cmake --install /home/yasmin-nunes/ros2-path-planning/build/ros2_path_planning
[7.052s] Level 1:colcon.colcon_core.environment:checking '/home/yasmin-nunes/ros2-path-planning/install/ros2_path_planning' for CMake module files
[7.052s] Level 1:colcon.colcon_core.environment:checking '/home/yasmin-nunes/ros2-path-planning/install/ros2_path_planning' for CMake config files
[7.053s] Level 1:colcon.colcon_core.shell:create_environment_hook('ros2_path_planning', 'cmake_prefix_path')
[7.053s] INFO:colcon.colcon_core.shell:Creating environment hook '/home/yasmin-nunes/ros2-path-planning/install/ros2_path_planning/share/ros2_path_planning/hook/cmake_prefix_path.ps1'
[7.069s] INFO:colcon.colcon_core.shell:Creating environment descriptor '/home/yasmin-nunes/ros2-path-planning/install/ros2_path_planning/share/ros2_path_planning/hook/cmake_prefix_path.dsv'
[7.081s] INFO:colcon.colcon_core.shell:Creating environment hook '/home/yasmin-nunes/ros2-path-planning/install/ros2_path_planning/share/ros2_path_planning/hook/cmake_prefix_path.sh'
[7.082s] Level 1:colcon.colcon_core.environment:checking '/home/yasmin-nunes/ros2-path-planning/install/ros2_path_planning/lib'
[7.082s] Level 1:colcon.colcon_core.environment:checking '/home/yasmin-nunes/ros2-path-planning/install/ros2_path_planning/bin'
[7.082s] Level 1:colcon.colcon_core.environment:checking '/home/yasmin-nunes/ros2-path-planning/install/ros2_path_planning/lib/pkgconfig/ros2_path_planning.pc'
[7.083s] Level 1:colcon.colcon_core.environment:checking '/home/yasmin-nunes/ros2-path-planning/install/ros2_path_planning/lib/python3.10/site-packages'
[7.083s] Level 1:colcon.colcon_core.environment:checking '/home/yasmin-nunes/ros2-path-planning/install/ros2_path_planning/bin'
[7.083s] INFO:colcon.colcon_core.shell:Creating package script '/home/yasmin-nunes/ros2-path-planning/install/ros2_path_planning/share/ros2_path_planning/package.ps1'
[7.085s] INFO:colcon.colcon_core.shell:Creating package descriptor '/home/yasmin-nunes/ros2-path-planning/install/ros2_path_planning/share/ros2_path_planning/package.dsv'
[7.086s] INFO:colcon.colcon_core.shell:Creating package script '/home/yasmin-nunes/ros2-path-planning/install/ros2_path_planning/share/ros2_path_planning/package.sh'
[7.087s] INFO:colcon.colcon_core.shell:Creating package script '/home/yasmin-nunes/ros2-path-planning/install/ros2_path_planning/share/ros2_path_planning/package.bash'
[7.103s] INFO:colcon.colcon_core.shell:Creating package script '/home/yasmin-nunes/ros2-path-planning/install/ros2_path_planning/share/ros2_path_planning/package.zsh'
[7.122s] Level 1:colcon.colcon_core.environment:create_file_with_runtime_dependencies(/home/yasmin-nunes/ros2-path-planning/install/ros2_path_planning/share/colcon-core/packages/ros2_path_planning)
[7.148s] Level 1:colcon.colcon_core.environment:create_environment_scripts_only(ros2_path_planning)
[7.148s] Level 1:colcon.colcon_core.environment:checking '/home/yasmin-nunes/ros2-path-planning/install/ros2_path_planning' for CMake module files
[7.149s] Level 1:colcon.colcon_core.environment:checking '/home/yasmin-nunes/ros2-path-planning/install/ros2_path_planning' for CMake config files
[7.149s] Level 1:colcon.colcon_core.shell:create_environment_hook('ros2_path_planning', 'cmake_prefix_path')
[7.150s] INFO:colcon.colcon_core.shell:Creating environment hook '/home/yasmin-nunes/ros2-path-planning/install/ros2_path_planning/share/ros2_path_planning/hook/cmake_prefix_path.ps1'
[7.150s] INFO:colcon.colcon_core.shell:Creating environment descriptor '/home/yasmin-nunes/ros2-path-planning/install/ros2_path_planning/share/ros2_path_planning/hook/cmake_prefix_path.dsv'
[7.151s] INFO:colcon.colcon_core.shell:Creating environment hook '/home/yasmin-nunes/ros2-path-planning/install/ros2_path_planning/share/ros2_path_planning/hook/cmake_prefix_path.sh'
[7.151s] Level 1:colcon.colcon_core.environment:checking '/home/yasmin-nunes/ros2-path-planning/install/ros2_path_planning/lib'
[7.152s] Level 1:colcon.colcon_core.environment:checking '/home/yasmin-nunes/ros2-path-planning/install/ros2_path_planning/bin'
[7.152s] Level 1:colcon.colcon_core.environment:checking '/home/yasmin-nunes/ros2-path-planning/install/ros2_path_planning/lib/pkgconfig/ros2_path_planning.pc'
[7.152s] Level 1:colcon.colcon_core.environment:checking '/home/yasmin-nunes/ros2-path-planning/install/ros2_path_planning/lib/python3.10/site-packages'
[7.152s] Level 1:colcon.colcon_core.environment:checking '/home/yasmin-nunes/ros2-path-planning/install/ros2_path_planning/bin'
[7.153s] INFO:colcon.colcon_core.shell:Creating package script '/home/yasmin-nunes/ros2-path-planning/install/ros2_path_planning/share/ros2_path_planning/package.ps1'
[7.154s] INFO:colcon.colcon_core.shell:Creating package descriptor '/home/yasmin-nunes/ros2-path-planning/install/ros2_path_planning/share/ros2_path_planning/package.dsv'
[7.154s] INFO:colcon.colcon_core.shell:Creating package script '/home/yasmin-nunes/ros2-path-planning/install/ros2_path_planning/share/ros2_path_planning/package.sh'
[7.155s] INFO:colcon.colcon_core.shell:Creating package script '/home/yasmin-nunes/ros2-path-planning/install/ros2_path_planning/share/ros2_path_planning/package.bash'
[7.156s] INFO:colcon.colcon_core.shell:Creating package script '/home/yasmin-nunes/ros2-path-planning/install/ros2_path_planning/share/ros2_path_planning/package.zsh'
[7.157s] Level 1:colcon.colcon_core.environment:create_file_with_runtime_dependencies(/home/yasmin-nunes/ros2-path-planning/install/ros2_path_planning/share/colcon-core/packages/ros2_path_planning)
[9.331s] DEBUG:colcon.colcon_core.event_handler.log_command:Invoked command in '/home/yasmin-nunes/ros2-path-planning/build/yolov8_msgs' returned '0': CMAKE_PREFIX_PATH=/opt/ros/humble /usr/bin/cmake /home/yasmin-nunes/ros2-path-planning/src/yolov8_ros/yolov8_msgs -DCMAKE_INSTALL_PREFIX=/home/yasmin-nunes/ros2-path-planning/install/yolov8_msgs
[9.333s] DEBUG:colcon.colcon_core.event_handler.log_command:Invoking command in '/home/yasmin-nunes/ros2-path-planning/build/yolov8_msgs': CMAKE_PREFIX_PATH=/opt/ros/humble /usr/bin/cmake --build /home/yasmin-nunes/ros2-path-planning/build/yolov8_msgs -- -j4 -l4
[30.228s] DEBUG:colcon.colcon_core.event_handler.log_command:Invoked command in '/home/yasmin-nunes/ros2-path-planning/build/yolov8_msgs' returned '0': CMAKE_PREFIX_PATH=/opt/ros/humble /usr/bin/cmake --build /home/yasmin-nunes/ros2-path-planning/build/yolov8_msgs -- -j4 -l4
[30.524s] DEBUG:colcon.colcon_core.event_handler.log_command:Invoking command in '/home/yasmin-nunes/ros2-path-planning/build/yolov8_msgs': CMAKE_PREFIX_PATH=/opt/ros/humble /usr/bin/cmake --install /home/yasmin-nunes/ros2-path-planning/build/yolov8_msgs
[30.663s] Level 1:colcon.colcon_core.environment:create_environment_scripts_only(yolov8_msgs)
[30.664s] Level 1:colcon.colcon_core.environment:checking '/home/yasmin-nunes/ros2-path-planning/install/yolov8_msgs' for CMake module files
[30.664s] DEBUG:colcon.colcon_core.event_handler.log_command:Invoked command in '/home/yasmin-nunes/ros2-path-planning/build/yolov8_msgs' returned '0': CMAKE_PREFIX_PATH=/opt/ros/humble /usr/bin/cmake --install /home/yasmin-nunes/ros2-path-planning/build/yolov8_msgs
[30.665s] Level 1:colcon.colcon_core.environment:checking '/home/yasmin-nunes/ros2-path-planning/install/yolov8_msgs' for CMake config files
[30.666s] Level 1:colcon.colcon_core.shell:create_environment_hook('yolov8_msgs', 'cmake_prefix_path')
[30.667s] INFO:colcon.colcon_core.shell:Creating environment hook '/home/yasmin-nunes/ros2-path-planning/install/yolov8_msgs/share/yolov8_msgs/hook/cmake_prefix_path.ps1'
[30.667s] INFO:colcon.colcon_core.shell:Creating environment descriptor '/home/yasmin-nunes/ros2-path-planning/install/yolov8_msgs/share/yolov8_msgs/hook/cmake_prefix_path.dsv'
[30.668s] INFO:colcon.colcon_core.shell:Creating environment hook '/home/yasmin-nunes/ros2-path-planning/install/yolov8_msgs/share/yolov8_msgs/hook/cmake_prefix_path.sh'
[30.669s] Level 1:colcon.colcon_core.environment:checking '/home/yasmin-nunes/ros2-path-planning/install/yolov8_msgs/lib'
[30.669s] Level 1:colcon.colcon_core.shell:create_environment_hook('yolov8_msgs', 'ld_library_path_lib')
[30.669s] INFO:colcon.colcon_core.shell:Creating environment hook '/home/yasmin-nunes/ros2-path-planning/install/yolov8_msgs/share/yolov8_msgs/hook/ld_library_path_lib.ps1'
[30.670s] INFO:colcon.colcon_core.shell:Creating environment descriptor '/home/yasmin-nunes/ros2-path-planning/install/yolov8_msgs/share/yolov8_msgs/hook/ld_library_path_lib.dsv'
[30.670s] INFO:colcon.colcon_core.shell:Creating environment hook '/home/yasmin-nunes/ros2-path-planning/install/yolov8_msgs/share/yolov8_msgs/hook/ld_library_path_lib.sh'
[30.671s] Level 1:colcon.colcon_core.environment:checking '/home/yasmin-nunes/ros2-path-planning/install/yolov8_msgs/bin'
[30.671s] Level 1:colcon.colcon_core.environment:checking '/home/yasmin-nunes/ros2-path-planning/install/yolov8_msgs/lib/pkgconfig/yolov8_msgs.pc'
[30.671s] Level 1:colcon.colcon_core.environment:checking '/home/yasmin-nunes/ros2-path-planning/install/yolov8_msgs/lib/python3.10/site-packages'
[30.672s] Level 1:colcon.colcon_core.environment:checking '/home/yasmin-nunes/ros2-path-planning/install/yolov8_msgs/bin'
[30.672s] INFO:colcon.colcon_core.shell:Creating package script '/home/yasmin-nunes/ros2-path-planning/install/yolov8_msgs/share/yolov8_msgs/package.ps1'
[30.673s] INFO:colcon.colcon_core.shell:Creating package descriptor '/home/yasmin-nunes/ros2-path-planning/install/yolov8_msgs/share/yolov8_msgs/package.dsv'
[30.674s] INFO:colcon.colcon_core.shell:Creating package script '/home/yasmin-nunes/ros2-path-planning/install/yolov8_msgs/share/yolov8_msgs/package.sh'
[30.674s] INFO:colcon.colcon_core.shell:Creating package script '/home/yasmin-nunes/ros2-path-planning/install/yolov8_msgs/share/yolov8_msgs/package.bash'
[30.675s] INFO:colcon.colcon_core.shell:Creating package script '/home/yasmin-nunes/ros2-path-planning/install/yolov8_msgs/share/yolov8_msgs/package.zsh'
[30.675s] Level 1:colcon.colcon_core.environment:create_file_with_runtime_dependencies(/home/yasmin-nunes/ros2-path-planning/install/yolov8_msgs/share/colcon-core/packages/yolov8_msgs)
[30.971s] Level 1:colcon.colcon_core.environment:create_environment_scripts_only(yolov8_msgs)
[30.972s] Level 1:colcon.colcon_core.environment:checking '/home/yasmin-nunes/ros2-path-planning/install/yolov8_msgs' for CMake module files
[30.972s] Level 1:colcon.colcon_core.environment:checking '/home/yasmin-nunes/ros2-path-planning/install/yolov8_msgs' for CMake config files
[30.973s] Level 1:colcon.colcon_core.shell:create_environment_hook('yolov8_msgs', 'cmake_prefix_path')
[30.973s] INFO:colcon.colcon_core.shell:Creating environment hook '/home/yasmin-nunes/ros2-path-planning/install/yolov8_msgs/share/yolov8_msgs/hook/cmake_prefix_path.ps1'
[30.974s] INFO:colcon.colcon_core.shell:Creating environment descriptor '/home/yasmin-nunes/ros2-path-planning/install/yolov8_msgs/share/yolov8_msgs/hook/cmake_prefix_path.dsv'
[30.974s] INFO:colcon.colcon_core.shell:Creating environment hook '/home/yasmin-nunes/ros2-path-planning/install/yolov8_msgs/share/yolov8_msgs/hook/cmake_prefix_path.sh'
[30.975s] Level 1:colcon.colcon_core.environment:checking '/home/yasmin-nunes/ros2-path-planning/install/yolov8_msgs/lib'
[30.975s] Level 1:colcon.colcon_core.shell:create_environment_hook('yolov8_msgs', 'ld_library_path_lib')
[30.975s] INFO:colcon.colcon_core.shell:Creating environment hook '/home/yasmin-nunes/ros2-path-planning/install/yolov8_msgs/share/yolov8_msgs/hook/ld_library_path_lib.ps1'
[30.976s] INFO:colcon.colcon_core.shell:Creating environment descriptor '/home/yasmin-nunes/ros2-path-planning/install/yolov8_msgs/share/yolov8_msgs/hook/ld_library_path_lib.dsv'
[30.976s] INFO:colcon.colcon_core.shell:Creating environment hook '/home/yasmin-nunes/ros2-path-planning/install/yolov8_msgs/share/yolov8_msgs/hook/ld_library_path_lib.sh'
[30.977s] Level 1:colcon.colcon_core.environment:checking '/home/yasmin-nunes/ros2-path-planning/install/yolov8_msgs/bin'
[30.977s] Level 1:colcon.colcon_core.environment:checking '/home/yasmin-nunes/ros2-path-planning/install/yolov8_msgs/lib/pkgconfig/yolov8_msgs.pc'
[30.977s] Level 1:colcon.colcon_core.environment:checking '/home/yasmin-nunes/ros2-path-planning/install/yolov8_msgs/lib/python3.10/site-packages'
[30.977s] Level 1:colcon.colcon_core.environment:checking '/home/yasmin-nunes/ros2-path-planning/install/yolov8_msgs/bin'
[30.978s] INFO:colcon.colcon_core.shell:Creating package script '/home/yasmin-nunes/ros2-path-planning/install/yolov8_msgs/share/yolov8_msgs/package.ps1'
[30.978s] INFO:colcon.colcon_core.shell:Creating package descriptor '/home/yasmin-nunes/ros2-path-planning/install/yolov8_msgs/share/yolov8_msgs/package.dsv'
[30.979s] INFO:colcon.colcon_core.shell:Creating package script '/home/yasmin-nunes/ros2-path-planning/install/yolov8_msgs/share/yolov8_msgs/package.sh'
[30.979s] INFO:colcon.colcon_core.shell:Creating package script '/home/yasmin-nunes/ros2-path-planning/install/yolov8_msgs/share/yolov8_msgs/package.bash'
[30.980s] INFO:colcon.colcon_core.shell:Creating package script '/home/yasmin-nunes/ros2-path-planning/install/yolov8_msgs/share/yolov8_msgs/package.zsh'
[30.980s] Level 1:colcon.colcon_core.environment:create_file_with_runtime_dependencies(/home/yasmin-nunes/ros2-path-planning/install/yolov8_msgs/share/colcon-core/packages/yolov8_msgs)
[30.981s] INFO:colcon.colcon_ros.task.ament_python.build:Building ROS package in '/home/yasmin-nunes/ros2-path-planning/src/yolov8_ros/yolov8_ros' with build type 'ament_python'
[30.981s] Level 1:colcon.colcon_core.shell:create_environment_hook('yolov8_ros', 'ament_prefix_path')
[30.981s] INFO:colcon.colcon_core.shell:Creating environment hook '/home/yasmin-nunes/ros2-path-planning/install/yolov8_ros/share/yolov8_ros/hook/ament_prefix_path.ps1'
[30.983s] INFO:colcon.colcon_core.shell:Creating environment descriptor '/home/yasmin-nunes/ros2-path-planning/install/yolov8_ros/share/yolov8_ros/hook/ament_prefix_path.dsv'
[30.983s] INFO:colcon.colcon_core.shell:Creating environment hook '/home/yasmin-nunes/ros2-path-planning/install/yolov8_ros/share/yolov8_ros/hook/ament_prefix_path.sh'
[30.984s] INFO:colcon.colcon_core.shell:Skip shell extension 'powershell' for command environment: Not usable outside of PowerShell
[30.984s] DEBUG:colcon.colcon_core.shell:Skip shell extension 'dsv' for command environment
[31.324s] INFO:colcon.colcon_core.task.python.build:Building Python package in '/home/yasmin-nunes/ros2-path-planning/src/yolov8_ros/yolov8_ros'
[31.325s] INFO:colcon.colcon_core.shell:Skip shell extension 'powershell' for command environment: Not usable outside of PowerShell
[31.325s] DEBUG:colcon.colcon_core.shell:Skip shell extension 'dsv' for command environment
[32.300s] DEBUG:colcon.colcon_core.event_handler.log_command:Invoking command in '/home/yasmin-nunes/ros2-path-planning/src/yolov8_ros/yolov8_ros': AMENT_PREFIX_PATH=/home/yasmin-nunes/ros2-path-planning/install/yolov8_msgs:${AMENT_PREFIX_PATH} CMAKE_PREFIX_PATH=/home/yasmin-nunes/ros2-path-planning/install/yolov8_msgs LD_LIBRARY_PATH=/home/yasmin-nunes/ros2-path-planning/install/yolov8_msgs/lib:${LD_LIBRARY_PATH} PYTHONPATH=/home/yasmin-nunes/ros2-path-planning/build/yolov8_ros/prefix_override:/usr/lib/python3/dist-packages/colcon_core/task/python/colcon_distutils_commands:/home/yasmin-nunes/ros2-path-planning/install/yolov8_ros/lib/python3.10/site-packages:/home/yasmin-nunes/ros2-path-planning/install/yolov8_msgs/local/lib/python3.10/dist-packages:${PYTHONPATH} /usr/bin/python3 -W ignore:setup.py install is deprecated setup.py egg_info --egg-base ../../../build/yolov8_ros build --build-base /home/yasmin-nunes/ros2-path-planning/build/yolov8_ros/build install --record /home/yasmin-nunes/ros2-path-planning/build/yolov8_ros/install.log --single-version-externally-managed install_data
[32.702s] Level 1:colcon.colcon_core.environment:checking '/home/yasmin-nunes/ros2-path-planning/install/yolov8_ros' for CMake module files
[32.703s] DEBUG:colcon.colcon_core.event_handler.log_command:Invoked command in '/home/yasmin-nunes/ros2-path-planning/src/yolov8_ros/yolov8_ros' returned '0': AMENT_PREFIX_PATH=/home/yasmin-nunes/ros2-path-planning/install/yolov8_msgs:${AMENT_PREFIX_PATH} CMAKE_PREFIX_PATH=/home/yasmin-nunes/ros2-path-planning/install/yolov8_msgs LD_LIBRARY_PATH=/home/yasmin-nunes/ros2-path-planning/install/yolov8_msgs/lib:${LD_LIBRARY_PATH} PYTHONPATH=/home/yasmin-nunes/ros2-path-planning/build/yolov8_ros/prefix_override:/usr/lib/python3/dist-packages/colcon_core/task/python/colcon_distutils_commands:/home/yasmin-nunes/ros2-path-planning/install/yolov8_ros/lib/python3.10/site-packages:/home/yasmin-nunes/ros2-path-planning/install/yolov8_msgs/local/lib/python3.10/dist-packages:${PYTHONPATH} /usr/bin/python3 -W ignore:setup.py install is deprecated setup.py egg_info --egg-base ../../../build/yolov8_ros build --build-base /home/yasmin-nunes/ros2-path-planning/build/yolov8_ros/build install --record /home/yasmin-nunes/ros2-path-planning/build/yolov8_ros/install.log --single-version-externally-managed install_data
[32.704s] Level 1:colcon.colcon_core.environment:checking '/home/yasmin-nunes/ros2-path-planning/install/yolov8_ros' for CMake config files
[32.705s] Level 1:colcon.colcon_core.environment:checking '/home/yasmin-nunes/ros2-path-planning/install/yolov8_ros/lib'
[32.705s] Level 1:colcon.colcon_core.environment:checking '/home/yasmin-nunes/ros2-path-planning/install/yolov8_ros/bin'
[32.705s] Level 1:colcon.colcon_core.environment:checking '/home/yasmin-nunes/ros2-path-planning/install/yolov8_ros/lib/pkgconfig/yolov8_ros.pc'
[32.706s] Level 1:colcon.colcon_core.environment:checking '/home/yasmin-nunes/ros2-path-planning/install/yolov8_ros/lib/python3.10/site-packages'
[32.706s] Level 1:colcon.colcon_core.shell:create_environment_hook('yolov8_ros', 'pythonpath')
[32.707s] INFO:colcon.colcon_core.shell:Creating environment hook '/home/yasmin-nunes/ros2-path-planning/install/yolov8_ros/share/yolov8_ros/hook/pythonpath.ps1'
[32.707s] INFO:colcon.colcon_core.shell:Creating environment descriptor '/home/yasmin-nunes/ros2-path-planning/install/yolov8_ros/share/yolov8_ros/hook/pythonpath.dsv'
[32.708s] INFO:colcon.colcon_core.shell:Creating environment hook '/home/yasmin-nunes/ros2-path-planning/install/yolov8_ros/share/yolov8_ros/hook/pythonpath.sh'
[32.709s] Level 1:colcon.colcon_core.environment:checking '/home/yasmin-nunes/ros2-path-planning/install/yolov8_ros/bin'
[32.709s] Level 1:colcon.colcon_core.environment:create_environment_scripts_only(yolov8_ros)
[32.710s] INFO:colcon.colcon_core.shell:Creating package script '/home/yasmin-nunes/ros2-path-planning/install/yolov8_ros/share/yolov8_ros/package.ps1'
[32.711s] INFO:colcon.colcon_core.shell:Creating package descriptor '/home/yasmin-nunes/ros2-path-planning/install/yolov8_ros/share/yolov8_ros/package.dsv'
[32.712s] INFO:colcon.colcon_core.shell:Creating package script '/home/yasmin-nunes/ros2-path-planning/install/yolov8_ros/share/yolov8_ros/package.sh'
[32.713s] INFO:colcon.colcon_core.shell:Creating package script '/home/yasmin-nunes/ros2-path-planning/install/yolov8_ros/share/yolov8_ros/package.bash'
[32.714s] INFO:colcon.colcon_core.shell:Creating package script '/home/yasmin-nunes/ros2-path-planning/install/yolov8_ros/share/yolov8_ros/package.zsh'
[32.715s] Level 1:colcon.colcon_core.environment:create_file_with_runtime_dependencies(/home/yasmin-nunes/ros2-path-planning/install/yolov8_ros/share/colcon-core/packages/yolov8_ros)
[32.715s] INFO:colcon.colcon_ros.task.ament_cmake.build:Building ROS package in '/home/yasmin-nunes/ros2-path-planning/src/yolov8_ros/yolov8_bringup' with build type 'ament_cmake'
[32.716s] INFO:colcon.colcon_cmake.task.cmake.build:Building CMake package in '/home/yasmin-nunes/ros2-path-planning/src/yolov8_ros/yolov8_bringup'
[32.716s] INFO:colcon.colcon_core.shell:Skip shell extension 'powershell' for command environment: Not usable outside of PowerShell
[32.716s] DEBUG:colcon.colcon_core.shell:Skip shell extension 'dsv' for command environment
[32.731s] DEBUG:colcon.colcon_core.event_handler.log_command:Invoking command in '/home/yasmin-nunes/ros2-path-planning/build/yolov8_bringup': AMENT_PREFIX_PATH=/home/yasmin-nunes/ros2-path-planning/install/yolov8_ros:/home/yasmin-nunes/ros2-path-planning/install/yolov8_msgs:${AMENT_PREFIX_PATH} CMAKE_PREFIX_PATH=/home/yasmin-nunes/ros2-path-planning/install/yolov8_msgs:/opt/ros/humble LD_LIBRARY_PATH=/home/yasmin-nunes/ros2-path-planning/install/yolov8_msgs/lib:${LD_LIBRARY_PATH} PYTHONPATH=/home/yasmin-nunes/ros2-path-planning/install/yolov8_ros/lib/python3.10/site-packages:/home/yasmin-nunes/ros2-path-planning/install/yolov8_msgs/local/lib/python3.10/dist-packages:${PYTHONPATH} /usr/bin/cmake /home/yasmin-nunes/ros2-path-planning/src/yolov8_ros/yolov8_bringup -DCMAKE_INSTALL_PREFIX=/home/yasmin-nunes/ros2-path-planning/install/yolov8_bringup
[33.525s] DEBUG:colcon.colcon_core.event_handler.log_command:Invoked command in '/home/yasmin-nunes/ros2-path-planning/build/yolov8_bringup' returned '0': AMENT_PREFIX_PATH=/home/yasmin-nunes/ros2-path-planning/install/yolov8_ros:/home/yasmin-nunes/ros2-path-planning/install/yolov8_msgs:${AMENT_PREFIX_PATH} CMAKE_PREFIX_PATH=/home/yasmin-nunes/ros2-path-planning/install/yolov8_msgs:/opt/ros/humble LD_LIBRARY_PATH=/home/yasmin-nunes/ros2-path-planning/install/yolov8_msgs/lib:${LD_LIBRARY_PATH} PYTHONPATH=/home/yasmin-nunes/ros2-path-planning/install/yolov8_ros/lib/python3.10/site-packages:/home/yasmin-nunes/ros2-path-planning/install/yolov8_msgs/local/lib/python3.10/dist-packages:${PYTHONPATH} /usr/bin/cmake /home/yasmin-nunes/ros2-path-planning/src/yolov8_ros/yolov8_bringup -DCMAKE_INSTALL_PREFIX=/home/yasmin-nunes/ros2-path-planning/install/yolov8_bringup
[33.527s] DEBUG:colcon.colcon_core.event_handler.log_command:Invoking command in '/home/yasmin-nunes/ros2-path-planning/build/yolov8_bringup': AMENT_PREFIX_PATH=/home/yasmin-nunes/ros2-path-planning/install/yolov8_ros:/home/yasmin-nunes/ros2-path-planning/install/yolov8_msgs:${AMENT_PREFIX_PATH} CMAKE_PREFIX_PATH=/home/yasmin-nunes/ros2-path-planning/install/yolov8_msgs:/opt/ros/humble LD_LIBRARY_PATH=/home/yasmin-nunes/ros2-path-planning/install/yolov8_msgs/lib:${LD_LIBRARY_PATH} PYTHONPATH=/home/yasmin-nunes/ros2-path-planning/install/yolov8_ros/lib/python3.10/site-packages:/home/yasmin-nunes/ros2-path-planning/install/yolov8_msgs/local/lib/python3.10/dist-packages:${PYTHONPATH} /usr/bin/cmake --build /home/yasmin-nunes/ros2-path-planning/build/yolov8_bringup -- -j4 -l4
[33.578s] DEBUG:colcon.colcon_core.event_handler.log_command:Invoked command in '/home/yasmin-nunes/ros2-path-planning/build/yolov8_bringup' returned '0': AMENT_PREFIX_PATH=/home/yasmin-nunes/ros2-path-planning/install/yolov8_ros:/home/yasmin-nunes/ros2-path-planning/install/yolov8_msgs:${AMENT_PREFIX_PATH} CMAKE_PREFIX_PATH=/home/yasmin-nunes/ros2-path-planning/install/yolov8_msgs:/opt/ros/humble LD_LIBRARY_PATH=/home/yasmin-nunes/ros2-path-planning/install/yolov8_msgs/lib:${LD_LIBRARY_PATH} PYTHONPATH=/home/yasmin-nunes/ros2-path-planning/install/yolov8_ros/lib/python3.10/site-packages:/home/yasmin-nunes/ros2-path-planning/install/yolov8_msgs/local/lib/python3.10/dist-packages:${PYTHONPATH} /usr/bin/cmake --build /home/yasmin-nunes/ros2-path-planning/build/yolov8_bringup -- -j4 -l4
[33.608s] DEBUG:colcon.colcon_core.event_handler.log_command:Invoking command in '/home/yasmin-nunes/ros2-path-planning/build/yolov8_bringup': AMENT_PREFIX_PATH=/home/yasmin-nunes/ros2-path-planning/install/yolov8_ros:/home/yasmin-nunes/ros2-path-planning/install/yolov8_msgs:${AMENT_PREFIX_PATH} CMAKE_PREFIX_PATH=/home/yasmin-nunes/ros2-path-planning/install/yolov8_msgs:/opt/ros/humble LD_LIBRARY_PATH=/home/yasmin-nunes/ros2-path-planning/install/yolov8_msgs/lib:${LD_LIBRARY_PATH} PYTHONPATH=/home/yasmin-nunes/ros2-path-planning/install/yolov8_ros/lib/python3.10/site-packages:/home/yasmin-nunes/ros2-path-planning/install/yolov8_msgs/local/lib/python3.10/dist-packages:${PYTHONPATH} /usr/bin/cmake --install /home/yasmin-nunes/ros2-path-planning/build/yolov8_bringup
[33.623s] Level 1:colcon.colcon_core.environment:create_environment_scripts_only(yolov8_bringup)
[33.624s] Level 1:colcon.colcon_core.environment:checking '/home/yasmin-nunes/ros2-path-planning/install/yolov8_bringup' for CMake module files
[33.625s] DEBUG:colcon.colcon_core.event_handler.log_command:Invoked command in '/home/yasmin-nunes/ros2-path-planning/build/yolov8_bringup' returned '0': AMENT_PREFIX_PATH=/home/yasmin-nunes/ros2-path-planning/install/yolov8_ros:/home/yasmin-nunes/ros2-path-planning/install/yolov8_msgs:${AMENT_PREFIX_PATH} CMAKE_PREFIX_PATH=/home/yasmin-nunes/ros2-path-planning/install/yolov8_msgs:/opt/ros/humble LD_LIBRARY_PATH=/home/yasmin-nunes/ros2-path-planning/install/yolov8_msgs/lib:${LD_LIBRARY_PATH} PYTHONPATH=/home/yasmin-nunes/ros2-path-planning/install/yolov8_ros/lib/python3.10/site-packages:/home/yasmin-nunes/ros2-path-planning/install/yolov8_msgs/local/lib/python3.10/dist-packages:${PYTHONPATH} /usr/bin/cmake --install /home/yasmin-nunes/ros2-path-planning/build/yolov8_bringup
[33.625s] Level 1:colcon.colcon_core.environment:checking '/home/yasmin-nunes/ros2-path-planning/install/yolov8_bringup' for CMake config files
[33.626s] Level 1:colcon.colcon_core.shell:create_environment_hook('yolov8_bringup', 'cmake_prefix_path')
[33.626s] INFO:colcon.colcon_core.shell:Creating environment hook '/home/yasmin-nunes/ros2-path-planning/install/yolov8_bringup/share/yolov8_bringup/hook/cmake_prefix_path.ps1'
[33.627s] INFO:colcon.colcon_core.shell:Creating environment descriptor '/home/yasmin-nunes/ros2-path-planning/install/yolov8_bringup/share/yolov8_bringup/hook/cmake_prefix_path.dsv'
[33.627s] INFO:colcon.colcon_core.shell:Creating environment hook '/home/yasmin-nunes/ros2-path-planning/install/yolov8_bringup/share/yolov8_bringup/hook/cmake_prefix_path.sh'
[33.628s] Level 1:colcon.colcon_core.environment:checking '/home/yasmin-nunes/ros2-path-planning/install/yolov8_bringup/bin'
[33.628s] Level 1:colcon.colcon_core.environment:checking '/home/yasmin-nunes/ros2-path-planning/install/yolov8_bringup/lib/pkgconfig/yolov8_bringup.pc'
[33.629s] Level 1:colcon.colcon_core.environment:checking '/home/yasmin-nunes/ros2-path-planning/install/yolov8_bringup/lib/python3.10/site-packages'
[33.629s] Level 1:colcon.colcon_core.environment:checking '/home/yasmin-nunes/ros2-path-planning/install/yolov8_bringup/bin'
[33.630s] INFO:colcon.colcon_core.shell:Creating package script '/home/yasmin-nunes/ros2-path-planning/install/yolov8_bringup/share/yolov8_bringup/package.ps1'
[33.630s] INFO:colcon.colcon_core.shell:Creating package descriptor '/home/yasmin-nunes/ros2-path-planning/install/yolov8_bringup/share/yolov8_bringup/package.dsv'
[33.631s] INFO:colcon.colcon_core.shell:Creating package script '/home/yasmin-nunes/ros2-path-planning/install/yolov8_bringup/share/yolov8_bringup/package.sh'
[33.632s] INFO:colcon.colcon_core.shell:Creating package script '/home/yasmin-nunes/ros2-path-planning/install/yolov8_bringup/share/yolov8_bringup/package.bash'
[33.632s] INFO:colcon.colcon_core.shell:Creating package script '/home/yasmin-nunes/ros2-path-planning/install/yolov8_bringup/share/yolov8_bringup/package.zsh'
[33.633s] Level 1:colcon.colcon_core.environment:create_file_with_runtime_dependencies(/home/yasmin-nunes/ros2-path-planning/install/yolov8_bringup/share/colcon-core/packages/yolov8_bringup)
[33.665s] Level 1:colcon.colcon_core.environment:create_environment_scripts_only(yolov8_bringup)
[33.665s] Level 1:colcon.colcon_core.environment:checking '/home/yasmin-nunes/ros2-path-planning/install/yolov8_bringup' for CMake module files
[33.666s] Level 1:colcon.colcon_core.environment:checking '/home/yasmin-nunes/ros2-path-planning/install/yolov8_bringup' for CMake config files
[33.667s] Level 1:colcon.colcon_core.shell:create_environment_hook('yolov8_bringup', 'cmake_prefix_path')
[33.667s] INFO:colcon.colcon_core.shell:Creating environment hook '/home/yasmin-nunes/ros2-path-planning/install/yolov8_bringup/share/yolov8_bringup/hook/cmake_prefix_path.ps1'
[33.668s] INFO:colcon.colcon_core.shell:Creating environment descriptor '/home/yasmin-nunes/ros2-path-planning/install/yolov8_bringup/share/yolov8_bringup/hook/cmake_prefix_path.dsv'
[33.668s] INFO:colcon.colcon_core.shell:Creating environment hook '/home/yasmin-nunes/ros2-path-planning/install/yolov8_bringup/share/yolov8_bringup/hook/cmake_prefix_path.sh'
[33.669s] Level 1:colcon.colcon_core.environment:checking '/home/yasmin-nunes/ros2-path-planning/install/yolov8_bringup/bin'
[33.669s] Level 1:colcon.colcon_core.environment:checking '/home/yasmin-nunes/ros2-path-planning/install/yolov8_bringup/lib/pkgconfig/yolov8_bringup.pc'
[33.670s] Level 1:colcon.colcon_core.environment:checking '/home/yasmin-nunes/ros2-path-planning/install/yolov8_bringup/lib/python3.10/site-packages'
[33.670s] Level 1:colcon.colcon_core.environment:checking '/home/yasmin-nunes/ros2-path-planning/install/yolov8_bringup/bin'
[33.671s] INFO:colcon.colcon_core.shell:Creating package script '/home/yasmin-nunes/ros2-path-planning/install/yolov8_bringup/share/yolov8_bringup/package.ps1'
[33.672s] INFO:colcon.colcon_core.shell:Creating package descriptor '/home/yasmin-nunes/ros2-path-planning/install/yolov8_bringup/share/yolov8_bringup/package.dsv'
[33.672s] INFO:colcon.colcon_core.shell:Creating package script '/home/yasmin-nunes/ros2-path-planning/install/yolov8_bringup/share/yolov8_bringup/package.sh'
[33.673s] INFO:colcon.colcon_core.shell:Creating package script '/home/yasmin-nunes/ros2-path-planning/install/yolov8_bringup/share/yolov8_bringup/package.bash'
[33.674s] INFO:colcon.colcon_core.shell:Creating package script '/home/yasmin-nunes/ros2-path-planning/install/yolov8_bringup/share/yolov8_bringup/package.zsh'
[33.675s] Level 1:colcon.colcon_core.environment:create_file_with_runtime_dependencies(/home/yasmin-nunes/ros2-path-planning/install/yolov8_bringup/share/colcon-core/packages/yolov8_bringup)
[33.675s] DEBUG:colcon.colcon_parallel_executor.executor.parallel:closing loop
[33.676s] DEBUG:colcon.colcon_parallel_executor.executor.parallel:loop closed
[33.676s] DEBUG:colcon.colcon_parallel_executor.executor.parallel:run_until_complete finished with '0'
[33.676s] DEBUG:colcon.colcon_core.event_reactor:joining thread
[33.714s] INFO:colcon.colcon_core.plugin_system:Skipping extension 'colcon_notification.desktop_notification.terminal_notifier': Not used on non-Darwin systems
[33.714s] INFO:colcon.colcon_core.plugin_system:Skipping extension 'colcon_notification.desktop_notification.win32': Not used on non-Windows systems
[33.714s] INFO:colcon.colcon_notification.desktop_notification:Sending desktop notification using 'notify2'
[33.734s] DEBUG:colcon.colcon_core.event_reactor:joined thread
[33.735s] INFO:colcon.colcon_core.shell:Creating prefix script '/home/yasmin-nunes/ros2-path-planning/install/local_setup.ps1'
[33.758s] INFO:colcon.colcon_core.shell:Creating prefix util module '/home/yasmin-nunes/ros2-path-planning/install/_local_setup_util_ps1.py'
[33.773s] INFO:colcon.colcon_core.shell:Creating prefix chain script '/home/yasmin-nunes/ros2-path-planning/install/setup.ps1'
[33.783s] INFO:colcon.colcon_core.shell:Creating prefix script '/home/yasmin-nunes/ros2-path-planning/install/local_setup.sh'
[33.791s] INFO:colcon.colcon_core.shell:Creating prefix util module '/home/yasmin-nunes/ros2-path-planning/install/_local_setup_util_sh.py'
[33.792s] INFO:colcon.colcon_core.shell:Creating prefix chain script '/home/yasmin-nunes/ros2-path-planning/install/setup.sh'
[33.793s] INFO:colcon.colcon_core.shell:Creating prefix script '/home/yasmin-nunes/ros2-path-planning/install/local_setup.bash'
[33.836s] INFO:colcon.colcon_core.shell:Creating prefix chain script '/home/yasmin-nunes/ros2-path-planning/install/setup.bash'
[33.849s] INFO:colcon.colcon_core.shell:Creating prefix script '/home/yasmin-nunes/ros2-path-planning/install/local_setup.zsh'
[33.866s] INFO:colcon.colcon_core.shell:Creating prefix chain script '/home/yasmin-nunes/ros2-path-planning/install/setup.zsh'
