[0.108s] Invoking command in '/home/yasmin-nunes/ros2-path-planning/build/fs_msgs': /usr/bin/cmake /home/yasmin-nunes/ros2-path-planning/src/fs_msgs -DCATKIN_INSTALL_INTO_PREFIX_ROOT=0 -DCMAKE_INSTALL_PREFIX=/home/yasmin-nunes/ros2-path-planning/install/fs_msgs
[0.564s] -- Found ament_cmake: 1.3.10 (/opt/ros/humble/share/ament_cmake/cmake)
[1.250s] -- Found geometry_msgs: 4.2.4 (/opt/ros/humble/share/geometry_msgs/cmake)
[1.551s] -- Found rosidl_generator_c: 3.1.5 (/opt/ros/humble/share/rosidl_generator_c/cmake)
[1.570s] -- Found rosidl_adapter: 3.1.5 (/opt/ros/humble/share/rosidl_adapter/cmake)
[1.619s] -- Found rosidl_generator_cpp: 3.1.5 (/opt/ros/humble/share/rosidl_generator_cpp/cmake)
[1.745s] -- Using all available rosidl_typesupport_c: rosidl_typesupport_fastrtps_c;rosidl_typesupport_introspection_c
[1.837s] -- Using all available rosidl_typesupport_cpp: rosidl_typesupport_fastrtps_cpp;rosidl_typesupport_introspection_cpp
[1.932s] -- Found rosidl_default_generators: 1.2.0 (/opt/ros/humble/share/rosidl_default_generators/cmake)
[2.387s] [31mCMake Error at /opt/ros/humble/share/rosidl_adapter/cmake/rosidl_adapt_interfaces.cmake:59 (message):
[2.388s]   execute_process(/usr/bin/python3 -m rosidl_adapter --package-name fs_msgs
[2.388s]   --arguments-file
[2.388s]   /home/yasmin-nunes/ros2-path-planning/build/fs_msgs/rosidl_adapter__arguments__fs_msgs.json
[2.388s]   --output-dir
[2.388s]   /home/yasmin-nunes/ros2-path-planning/build/fs_msgs/rosidl_adapter/fs_msgs
[2.388s]   --output-file
[2.388s]   /home/yasmin-nunes/ros2-path-planning/build/fs_msgs/rosidl_adapter/fs_msgs.idls)
[2.388s]   returned error code 1:
[2.388s] 
[2.388s]   Error processing 'bool waitOnLastTask' of 'fs_msgs/Reset_Request':
[2.388s]   ''waitOnLastTask' is an invalid field name.  It should have the pattern
[2.388s]   '^(?!.*__)(?!.*_$)[a-z][a-z0-9_]*$''
[2.389s] 
[2.389s]   Traceback (most recent call last):
[2.389s] 
[2.389s]     File "/usr/lib/python3.10/runpy.py", line 196, in _run_module_as_main
[2.389s]       return _run_code(code, main_globals, None,
[2.389s]     File "/usr/lib/python3.10/runpy.py", line 86, in _run_code
[2.389s]       exec(code, run_globals)
[2.389s]     File "/opt/ros/humble/local/lib/python3.10/dist-packages/rosidl_adapter/__main__.py", line 19, in <module>
[2.389s]       sys.exit(main())
[2.389s]     File "/opt/ros/humble/local/lib/python3.10/dist-packages/rosidl_adapter/main.py", line 53, in main
[2.389s]       abs_idl_file = convert_to_idl(
[2.389s]     File "/opt/ros/humble/local/lib/python3.10/dist-packages/rosidl_adapter/__init__.py", line 24, in convert_to_idl
[2.389s]       return convert_srv_to_idl(
[2.389s]     File "/opt/ros/humble/local/lib/python3.10/dist-packages/rosidl_adapter/srv/__init__.py", line 28, in convert_srv_to_idl
[2.390s]       srv = parse_service_string(package_name, input_file.stem, content)
[2.390s]     File "/opt/ros/humble/local/lib/python3.10/dist-packages/rosidl_adapter/parser.py", line 859, in parse_service_string
[2.390s]       request_message = parse_message_string(
[2.390s]     File "/opt/ros/humble/local/lib/python3.10/dist-packages/rosidl_adapter/parser.py", line 519, in parse_message_string
[2.390s]       fields.append(Field(
[2.390s]     File "/opt/ros/humble/local/lib/python3.10/dist-packages/rosidl_adapter/parser.py", line 354, in __init__
[2.390s]       raise NameError(
[2.390s] 
[2.390s]   NameError: 'waitOnLastTask' is an invalid field name.  It should have the
[2.390s]   pattern '^(?!.*__)(?!.*_$)[a-z][a-z0-9_]*$'
[2.390s] 
[2.390s] Call Stack (most recent call first):
[2.390s]   /opt/ros/humble/share/rosidl_cmake/cmake/rosidl_generate_interfaces.cmake:130 (rosidl_adapt_interfaces)
[2.391s]   CMakeLists.txt:23 (rosidl_generate_interfaces)
[2.391s] 
[2.391s] [0m
[2.391s] -- Configuring incomplete, errors occurred!
[2.391s] See also "/home/yasmin-nunes/ros2-path-planning/build/fs_msgs/CMakeFiles/CMakeOutput.log".
[2.397s] Invoked command in '/home/yasmin-nunes/ros2-path-planning/build/fs_msgs' returned '1': /usr/bin/cmake /home/yasmin-nunes/ros2-path-planning/src/fs_msgs -DCATKIN_INSTALL_INTO_PREFIX_ROOT=0 -DCMAKE_INSTALL_PREFIX=/home/yasmin-nunes/ros2-path-planning/install/fs_msgs
