-- Install configuration: ""
-- Up-to-date: /home/yasmin-nunes/ros2-path-planning/install/ros2_path_planning/lib/ros2_path_planning/path_publisher.py
-- Up-to-date: /home/yasmin-nunes/ros2-path-planning/install/ros2_path_planning/path_planning/ros2_path_planning/bayesian_inference
-- Up-to-date: /home/yasmin-nunes/ros2-path-planning/install/ros2_path_planning/path_planning/ros2_path_planning/bayesian_inference/__init__.py
-- Up-to-date: /home/yasmin-nunes/ros2-path-planning/install/ros2_path_planning/path_planning/ros2_path_planning/bayesian_inference/bayesian_inference_planner.py
-- Up-to-date: /home/yasmin-nunes/ros2-path-planning/install/ros2_path_planning/share/ament_index/resource_index/package_run_dependencies/ros2_path_planning
-- Up-to-date: /home/yasmin-nunes/ros2-path-planning/install/ros2_path_planning/share/ament_index/resource_index/parent_prefix_path/ros2_path_planning
-- Up-to-date: /home/yasmin-nunes/ros2-path-planning/install/ros2_path_planning/share/ros2_path_planning/environment/ament_prefix_path.sh
-- Up-to-date: /home/yasmin-nunes/ros2-path-planning/install/ros2_path_planning/share/ros2_path_planning/environment/ament_prefix_path.dsv
-- Up-to-date: /home/yasmin-nunes/ros2-path-planning/install/ros2_path_planning/share/ros2_path_planning/environment/path.sh
-- Up-to-date: /home/yasmin-nunes/ros2-path-planning/install/ros2_path_planning/share/ros2_path_planning/environment/path.dsv
-- Up-to-date: /home/yasmin-nunes/ros2-path-planning/install/ros2_path_planning/share/ros2_path_planning/local_setup.bash
-- Up-to-date: /home/yasmin-nunes/ros2-path-planning/install/ros2_path_planning/share/ros2_path_planning/local_setup.sh
-- Up-to-date: /home/yasmin-nunes/ros2-path-planning/install/ros2_path_planning/share/ros2_path_planning/local_setup.zsh
-- Up-to-date: /home/yasmin-nunes/ros2-path-planning/install/ros2_path_planning/share/ros2_path_planning/local_setup.dsv
-- Installing: /home/yasmin-nunes/ros2-path-planning/install/ros2_path_planning/share/ros2_path_planning/package.dsv
-- Up-to-date: /home/yasmin-nunes/ros2-path-planning/install/ros2_path_planning/share/ament_index/resource_index/packages/ros2_path_planning
-- Up-to-date: /home/yasmin-nunes/ros2-path-planning/install/ros2_path_planning/share/ros2_path_planning/cmake/ros2_path_planningConfig.cmake
-- Up-to-date: /home/yasmin-nunes/ros2-path-planning/install/ros2_path_planning/share/ros2_path_planning/cmake/ros2_path_planningConfig-version.cmake
-- Up-to-date: /home/yasmin-nunes/ros2-path-planning/install/ros2_path_planning/share/ros2_path_planning/package.xml
