[0.019s] Invoking command in '/home/yasmin-nunes/ros2-path-planning/build/fs_msgs': CMAKE_PREFIX_PATH=/opt/ros/humble:${CMAKE_PREFIX_PATH} /usr/bin/cmake --build /home/yasmin-nunes/ros2-path-planning/build/fs_msgs -- -j4 -l4
[0.083s] [35m[1mConsolidate compiler generated dependencies of target fs_msgs__rosidl_generator_c[0m
[0.113s] [  1%] Built target fs_msgs__cpp
[0.113s] [ 12%] Built target fs_msgs__rosidl_generator_c
[0.123s] [ 12%] Built target ament_cmake_python_copy_fs_msgs
[0.141s] [35m[1mConsolidate compiler generated dependencies of target fs_msgs__rosidl_typesupport_introspection_c[0m
[0.145s] [35m[1mConsolidate compiler generated dependencies of target fs_msgs__rosidl_typesupport_c[0m
[0.156s] [35m[1mConsolidate compiler generated dependencies of target fs_msgs__rosidl_typesupport_fastrtps_c[0m
[0.157s] [35m[1mConsolidate compiler generated dependencies of target fs_msgs__rosidl_typesupport_introspection_cpp[0m
[0.178s] [ 24%] Built target fs_msgs__rosidl_typesupport_c
[0.185s] [ 35%] Built target fs_msgs__rosidl_typesupport_introspection_c
[0.200s] [ 47%] Built target fs_msgs__rosidl_typesupport_fastrtps_c
[0.211s] [ 58%] Built target fs_msgs__rosidl_typesupport_introspection_cpp
[0.231s] [35m[1mConsolidate compiler generated dependencies of target fs_msgs__rosidl_typesupport_cpp[0m
[0.232s] [35m[1mConsolidate compiler generated dependencies of target fs_msgs__rosidl_typesupport_fastrtps_cpp[0m
[0.282s] [ 70%] Built target fs_msgs__rosidl_typesupport_cpp
[0.292s] [ 81%] Built target fs_msgs__rosidl_typesupport_fastrtps_cpp
[0.342s] [ 81%] Built target fs_msgs
[0.387s] [ 82%] Built target fs_msgs__py
[0.418s] [35m[1mConsolidate compiler generated dependencies of target fs_msgs__rosidl_generator_py[0m
[0.470s] [ 93%] Built target fs_msgs__rosidl_generator_py
[0.508s] [35m[1mConsolidate compiler generated dependencies of target fs_msgs__rosidl_typesupport_c__pyext[0m
[0.529s] [35m[1mConsolidate compiler generated dependencies of target fs_msgs__rosidl_typesupport_introspection_c__pyext[0m
[0.536s] [35m[1mConsolidate compiler generated dependencies of target fs_msgs__rosidl_typesupport_fastrtps_c__pyext[0m
[0.568s] [ 95%] Built target fs_msgs__rosidl_typesupport_c__pyext
[0.584s] [ 97%] Built target fs_msgs__rosidl_typesupport_introspection_c__pyext
[0.589s] [100%] Built target fs_msgs__rosidl_typesupport_fastrtps_c__pyext
[0.821s] running egg_info
[0.823s] writing fs_msgs.egg-info/PKG-INFO
[0.823s] writing dependency_links to fs_msgs.egg-info/dependency_links.txt
[0.824s] writing top-level names to fs_msgs.egg-info/top_level.txt
[0.829s] reading manifest file 'fs_msgs.egg-info/SOURCES.txt'
[0.830s] writing manifest file 'fs_msgs.egg-info/SOURCES.txt'
[0.874s] [100%] Built target ament_cmake_python_build_fs_msgs_egg
[0.892s] Invoked command in '/home/yasmin-nunes/ros2-path-planning/build/fs_msgs' returned '0': CMAKE_PREFIX_PATH=/opt/ros/humble:${CMAKE_PREFIX_PATH} /usr/bin/cmake --build /home/yasmin-nunes/ros2-path-planning/build/fs_msgs -- -j4 -l4
[1.149s] Invoking command in '/home/yasmin-nunes/ros2-path-planning/build/fs_msgs': CMAKE_PREFIX_PATH=/opt/ros/humble:${CMAKE_PREFIX_PATH} /usr/bin/cmake --install /home/yasmin-nunes/ros2-path-planning/build/fs_msgs
[1.158s] -- Install configuration: ""
[1.158s] -- Up-to-date: /home/yasmin-nunes/ros2-path-planning/install/fs_msgs/share/ament_index/resource_index/rosidl_interfaces/fs_msgs
[1.158s] -- Up-to-date: /home/yasmin-nunes/ros2-path-planning/install/fs_msgs/include/fs_msgs/fs_msgs
[1.159s] -- Up-to-date: /home/yasmin-nunes/ros2-path-planning/install/fs_msgs/include/fs_msgs/fs_msgs/srv
[1.159s] -- Up-to-date: /home/yasmin-nunes/ros2-path-planning/install/fs_msgs/include/fs_msgs/fs_msgs/srv/reset.h
[1.159s] -- Up-to-date: /home/yasmin-nunes/ros2-path-planning/install/fs_msgs/include/fs_msgs/fs_msgs/srv/detail
[1.160s] -- Up-to-date: /home/yasmin-nunes/ros2-path-planning/install/fs_msgs/include/fs_msgs/fs_msgs/srv/detail/reset__struct.h
[1.160s] -- Up-to-date: /home/yasmin-nunes/ros2-path-planning/install/fs_msgs/include/fs_msgs/fs_msgs/srv/detail/reset__type_support.h
[1.160s] -- Up-to-date: /home/yasmin-nunes/ros2-path-planning/install/fs_msgs/include/fs_msgs/fs_msgs/srv/detail/reset__functions.c
[1.160s] -- Up-to-date: /home/yasmin-nunes/ros2-path-planning/install/fs_msgs/include/fs_msgs/fs_msgs/srv/detail/reset__functions.h
[1.160s] -- Up-to-date: /home/yasmin-nunes/ros2-path-planning/install/fs_msgs/include/fs_msgs/fs_msgs/msg
[1.160s] -- Up-to-date: /home/yasmin-nunes/ros2-path-planning/install/fs_msgs/include/fs_msgs/fs_msgs/msg/go_signal.h
[1.161s] -- Up-to-date: /home/yasmin-nunes/ros2-path-planning/install/fs_msgs/include/fs_msgs/fs_msgs/msg/cone.h
[1.161s] -- Up-to-date: /home/yasmin-nunes/ros2-path-planning/install/fs_msgs/include/fs_msgs/fs_msgs/msg/rosidl_generator_c__visibility_control.h
[1.161s] -- Up-to-date: /home/yasmin-nunes/ros2-path-planning/install/fs_msgs/include/fs_msgs/fs_msgs/msg/finished_signal.h
[1.161s] -- Up-to-date: /home/yasmin-nunes/ros2-path-planning/install/fs_msgs/include/fs_msgs/fs_msgs/msg/wheel_states.h
[1.161s] -- Up-to-date: /home/yasmin-nunes/ros2-path-planning/install/fs_msgs/include/fs_msgs/fs_msgs/msg/extra_info.h
[1.162s] -- Up-to-date: /home/yasmin-nunes/ros2-path-planning/install/fs_msgs/include/fs_msgs/fs_msgs/msg/detail
[1.162s] -- Up-to-date: /home/yasmin-nunes/ros2-path-planning/install/fs_msgs/include/fs_msgs/fs_msgs/msg/detail/cone__type_support.h
[1.162s] -- Up-to-date: /home/yasmin-nunes/ros2-path-planning/install/fs_msgs/include/fs_msgs/fs_msgs/msg/detail/cone__functions.h
[1.162s] -- Up-to-date: /home/yasmin-nunes/ros2-path-planning/install/fs_msgs/include/fs_msgs/fs_msgs/msg/detail/wheel_states__type_support.h
[1.162s] -- Up-to-date: /home/yasmin-nunes/ros2-path-planning/install/fs_msgs/include/fs_msgs/fs_msgs/msg/detail/control_command__functions.c
[1.163s] -- Up-to-date: /home/yasmin-nunes/ros2-path-planning/install/fs_msgs/include/fs_msgs/fs_msgs/msg/detail/track__functions.h
[1.163s] -- Up-to-date: /home/yasmin-nunes/ros2-path-planning/install/fs_msgs/include/fs_msgs/fs_msgs/msg/detail/extra_info__struct.h
[1.163s] -- Up-to-date: /home/yasmin-nunes/ros2-path-planning/install/fs_msgs/include/fs_msgs/fs_msgs/msg/detail/control_command__type_support.h
[1.163s] -- Up-to-date: /home/yasmin-nunes/ros2-path-planning/install/fs_msgs/include/fs_msgs/fs_msgs/msg/detail/finished_signal__struct.h
[1.163s] -- Up-to-date: /home/yasmin-nunes/ros2-path-planning/install/fs_msgs/include/fs_msgs/fs_msgs/msg/detail/finished_signal__functions.c
[1.164s] -- Up-to-date: /home/yasmin-nunes/ros2-path-planning/install/fs_msgs/include/fs_msgs/fs_msgs/msg/detail/control_command__struct.h
[1.164s] -- Up-to-date: /home/yasmin-nunes/ros2-path-planning/install/fs_msgs/include/fs_msgs/fs_msgs/msg/detail/go_signal__functions.h
[1.164s] -- Up-to-date: /home/yasmin-nunes/ros2-path-planning/install/fs_msgs/include/fs_msgs/fs_msgs/msg/detail/go_signal__functions.c
[1.164s] -- Up-to-date: /home/yasmin-nunes/ros2-path-planning/install/fs_msgs/include/fs_msgs/fs_msgs/msg/detail/wheel_states__struct.h
[1.164s] -- Up-to-date: /home/yasmin-nunes/ros2-path-planning/install/fs_msgs/include/fs_msgs/fs_msgs/msg/detail/track__struct.h
[1.164s] -- Up-to-date: /home/yasmin-nunes/ros2-path-planning/install/fs_msgs/include/fs_msgs/fs_msgs/msg/detail/track__functions.c
[1.165s] -- Up-to-date: /home/yasmin-nunes/ros2-path-planning/install/fs_msgs/include/fs_msgs/fs_msgs/msg/detail/track__type_support.h
[1.165s] -- Up-to-date: /home/yasmin-nunes/ros2-path-planning/install/fs_msgs/include/fs_msgs/fs_msgs/msg/detail/extra_info__functions.c
[1.165s] -- Up-to-date: /home/yasmin-nunes/ros2-path-planning/install/fs_msgs/include/fs_msgs/fs_msgs/msg/detail/wheel_states__functions.c
[1.165s] -- Up-to-date: /home/yasmin-nunes/ros2-path-planning/install/fs_msgs/include/fs_msgs/fs_msgs/msg/detail/cone__struct.h
[1.166s] -- Up-to-date: /home/yasmin-nunes/ros2-path-planning/install/fs_msgs/include/fs_msgs/fs_msgs/msg/detail/control_command__functions.h
[1.166s] -- Up-to-date: /home/yasmin-nunes/ros2-path-planning/install/fs_msgs/include/fs_msgs/fs_msgs/msg/detail/finished_signal__type_support.h
[1.166s] -- Up-to-date: /home/yasmin-nunes/ros2-path-planning/install/fs_msgs/include/fs_msgs/fs_msgs/msg/detail/go_signal__type_support.h
[1.166s] -- Up-to-date: /home/yasmin-nunes/ros2-path-planning/install/fs_msgs/include/fs_msgs/fs_msgs/msg/detail/extra_info__type_support.h
[1.166s] -- Up-to-date: /home/yasmin-nunes/ros2-path-planning/install/fs_msgs/include/fs_msgs/fs_msgs/msg/detail/cone__functions.c
[1.167s] -- Up-to-date: /home/yasmin-nunes/ros2-path-planning/install/fs_msgs/include/fs_msgs/fs_msgs/msg/detail/wheel_states__functions.h
[1.167s] -- Up-to-date: /home/yasmin-nunes/ros2-path-planning/install/fs_msgs/include/fs_msgs/fs_msgs/msg/detail/go_signal__struct.h
[1.167s] -- Up-to-date: /home/yasmin-nunes/ros2-path-planning/install/fs_msgs/include/fs_msgs/fs_msgs/msg/detail/extra_info__functions.h
[1.167s] -- Up-to-date: /home/yasmin-nunes/ros2-path-planning/install/fs_msgs/include/fs_msgs/fs_msgs/msg/detail/finished_signal__functions.h
[1.167s] -- Up-to-date: /home/yasmin-nunes/ros2-path-planning/install/fs_msgs/include/fs_msgs/fs_msgs/msg/track.h
[1.167s] -- Up-to-date: /home/yasmin-nunes/ros2-path-planning/install/fs_msgs/include/fs_msgs/fs_msgs/msg/control_command.h
[1.168s] -- Up-to-date: /home/yasmin-nunes/ros2-path-planning/install/fs_msgs/share/fs_msgs/environment/library_path.sh
[1.168s] -- Up-to-date: /home/yasmin-nunes/ros2-path-planning/install/fs_msgs/share/fs_msgs/environment/library_path.dsv
[1.168s] -- Up-to-date: /home/yasmin-nunes/ros2-path-planning/install/fs_msgs/lib/libfs_msgs__rosidl_generator_c.so
[1.168s] -- Up-to-date: /home/yasmin-nunes/ros2-path-planning/install/fs_msgs/include/fs_msgs/fs_msgs
[1.169s] -- Up-to-date: /home/yasmin-nunes/ros2-path-planning/install/fs_msgs/include/fs_msgs/fs_msgs/srv
[1.169s] -- Up-to-date: /home/yasmin-nunes/ros2-path-planning/install/fs_msgs/include/fs_msgs/fs_msgs/srv/detail
[1.169s] -- Up-to-date: /home/yasmin-nunes/ros2-path-planning/install/fs_msgs/include/fs_msgs/fs_msgs/srv/detail/reset__rosidl_typesupport_fastrtps_c.h
[1.169s] -- Up-to-date: /home/yasmin-nunes/ros2-path-planning/install/fs_msgs/include/fs_msgs/fs_msgs/msg
[1.169s] -- Up-to-date: /home/yasmin-nunes/ros2-path-planning/install/fs_msgs/include/fs_msgs/fs_msgs/msg/detail
[1.169s] -- Up-to-date: /home/yasmin-nunes/ros2-path-planning/install/fs_msgs/include/fs_msgs/fs_msgs/msg/detail/track__rosidl_typesupport_fastrtps_c.h
[1.170s] -- Up-to-date: /home/yasmin-nunes/ros2-path-planning/install/fs_msgs/include/fs_msgs/fs_msgs/msg/detail/wheel_states__rosidl_typesupport_fastrtps_c.h
[1.170s] -- Up-to-date: /home/yasmin-nunes/ros2-path-planning/install/fs_msgs/include/fs_msgs/fs_msgs/msg/detail/control_command__rosidl_typesupport_fastrtps_c.h
[1.170s] -- Up-to-date: /home/yasmin-nunes/ros2-path-planning/install/fs_msgs/include/fs_msgs/fs_msgs/msg/detail/extra_info__rosidl_typesupport_fastrtps_c.h
[1.170s] -- Up-to-date: /home/yasmin-nunes/ros2-path-planning/install/fs_msgs/include/fs_msgs/fs_msgs/msg/detail/finished_signal__rosidl_typesupport_fastrtps_c.h
[1.170s] -- Up-to-date: /home/yasmin-nunes/ros2-path-planning/install/fs_msgs/include/fs_msgs/fs_msgs/msg/detail/cone__rosidl_typesupport_fastrtps_c.h
[1.171s] -- Up-to-date: /home/yasmin-nunes/ros2-path-planning/install/fs_msgs/include/fs_msgs/fs_msgs/msg/detail/go_signal__rosidl_typesupport_fastrtps_c.h
[1.171s] -- Up-to-date: /home/yasmin-nunes/ros2-path-planning/install/fs_msgs/include/fs_msgs/fs_msgs/msg/rosidl_typesupport_fastrtps_c__visibility_control.h
[1.171s] -- Up-to-date: /home/yasmin-nunes/ros2-path-planning/install/fs_msgs/lib/libfs_msgs__rosidl_typesupport_fastrtps_c.so
[1.171s] -- Up-to-date: /home/yasmin-nunes/ros2-path-planning/install/fs_msgs/include/fs_msgs/fs_msgs
[1.171s] -- Up-to-date: /home/yasmin-nunes/ros2-path-planning/install/fs_msgs/include/fs_msgs/fs_msgs/srv
[1.172s] -- Up-to-date: /home/yasmin-nunes/ros2-path-planning/install/fs_msgs/include/fs_msgs/fs_msgs/srv/reset.hpp
[1.172s] -- Up-to-date: /home/yasmin-nunes/ros2-path-planning/install/fs_msgs/include/fs_msgs/fs_msgs/srv/detail
[1.172s] -- Up-to-date: /home/yasmin-nunes/ros2-path-planning/install/fs_msgs/include/fs_msgs/fs_msgs/srv/detail/reset__builder.hpp
[1.172s] -- Up-to-date: /home/yasmin-nunes/ros2-path-planning/install/fs_msgs/include/fs_msgs/fs_msgs/srv/detail/reset__struct.hpp
[1.172s] -- Up-to-date: /home/yasmin-nunes/ros2-path-planning/install/fs_msgs/include/fs_msgs/fs_msgs/srv/detail/reset__traits.hpp
[1.172s] -- Up-to-date: /home/yasmin-nunes/ros2-path-planning/install/fs_msgs/include/fs_msgs/fs_msgs/msg
[1.173s] -- Up-to-date: /home/yasmin-nunes/ros2-path-planning/install/fs_msgs/include/fs_msgs/fs_msgs/msg/finished_signal.hpp
[1.173s] -- Up-to-date: /home/yasmin-nunes/ros2-path-planning/install/fs_msgs/include/fs_msgs/fs_msgs/msg/wheel_states.hpp
[1.173s] -- Up-to-date: /home/yasmin-nunes/ros2-path-planning/install/fs_msgs/include/fs_msgs/fs_msgs/msg/track.hpp
[1.173s] -- Up-to-date: /home/yasmin-nunes/ros2-path-planning/install/fs_msgs/include/fs_msgs/fs_msgs/msg/go_signal.hpp
[1.173s] -- Up-to-date: /home/yasmin-nunes/ros2-path-planning/install/fs_msgs/include/fs_msgs/fs_msgs/msg/detail
[1.173s] -- Up-to-date: /home/yasmin-nunes/ros2-path-planning/install/fs_msgs/include/fs_msgs/fs_msgs/msg/detail/finished_signal__traits.hpp
[1.173s] -- Up-to-date: /home/yasmin-nunes/ros2-path-planning/install/fs_msgs/include/fs_msgs/fs_msgs/msg/detail/control_command__traits.hpp
[1.173s] -- Up-to-date: /home/yasmin-nunes/ros2-path-planning/install/fs_msgs/include/fs_msgs/fs_msgs/msg/detail/go_signal__struct.hpp
[1.174s] -- Up-to-date: /home/yasmin-nunes/ros2-path-planning/install/fs_msgs/include/fs_msgs/fs_msgs/msg/detail/track__builder.hpp
[1.174s] -- Up-to-date: /home/yasmin-nunes/ros2-path-planning/install/fs_msgs/include/fs_msgs/fs_msgs/msg/detail/cone__struct.hpp
[1.174s] -- Up-to-date: /home/yasmin-nunes/ros2-path-planning/install/fs_msgs/include/fs_msgs/fs_msgs/msg/detail/wheel_states__builder.hpp
[1.174s] -- Up-to-date: /home/yasmin-nunes/ros2-path-planning/install/fs_msgs/include/fs_msgs/fs_msgs/msg/detail/extra_info__builder.hpp
[1.174s] -- Up-to-date: /home/yasmin-nunes/ros2-path-planning/install/fs_msgs/include/fs_msgs/fs_msgs/msg/detail/extra_info__traits.hpp
[1.174s] -- Up-to-date: /home/yasmin-nunes/ros2-path-planning/install/fs_msgs/include/fs_msgs/fs_msgs/msg/detail/cone__builder.hpp
[1.174s] -- Up-to-date: /home/yasmin-nunes/ros2-path-planning/install/fs_msgs/include/fs_msgs/fs_msgs/msg/detail/track__traits.hpp
[1.174s] -- Up-to-date: /home/yasmin-nunes/ros2-path-planning/install/fs_msgs/include/fs_msgs/fs_msgs/msg/detail/go_signal__builder.hpp
[1.174s] -- Up-to-date: /home/yasmin-nunes/ros2-path-planning/install/fs_msgs/include/fs_msgs/fs_msgs/msg/detail/cone__traits.hpp
[1.174s] -- Up-to-date: /home/yasmin-nunes/ros2-path-planning/install/fs_msgs/include/fs_msgs/fs_msgs/msg/detail/finished_signal__struct.hpp
[1.174s] -- Up-to-date: /home/yasmin-nunes/ros2-path-planning/install/fs_msgs/include/fs_msgs/fs_msgs/msg/detail/control_command__builder.hpp
[1.174s] -- Up-to-date: /home/yasmin-nunes/ros2-path-planning/install/fs_msgs/include/fs_msgs/fs_msgs/msg/detail/go_signal__traits.hpp
[1.174s] -- Up-to-date: /home/yasmin-nunes/ros2-path-planning/install/fs_msgs/include/fs_msgs/fs_msgs/msg/detail/wheel_states__struct.hpp
[1.174s] -- Up-to-date: /home/yasmin-nunes/ros2-path-planning/install/fs_msgs/include/fs_msgs/fs_msgs/msg/detail/control_command__struct.hpp
[1.174s] -- Up-to-date: /home/yasmin-nunes/ros2-path-planning/install/fs_msgs/include/fs_msgs/fs_msgs/msg/detail/wheel_states__traits.hpp
[1.175s] -- Up-to-date: /home/yasmin-nunes/ros2-path-planning/install/fs_msgs/include/fs_msgs/fs_msgs/msg/detail/extra_info__struct.hpp
[1.175s] -- Up-to-date: /home/yasmin-nunes/ros2-path-planning/install/fs_msgs/include/fs_msgs/fs_msgs/msg/detail/finished_signal__builder.hpp
[1.175s] -- Up-to-date: /home/yasmin-nunes/ros2-path-planning/install/fs_msgs/include/fs_msgs/fs_msgs/msg/detail/track__struct.hpp
[1.175s] -- Up-to-date: /home/yasmin-nunes/ros2-path-planning/install/fs_msgs/include/fs_msgs/fs_msgs/msg/extra_info.hpp
[1.175s] -- Up-to-date: /home/yasmin-nunes/ros2-path-planning/install/fs_msgs/include/fs_msgs/fs_msgs/msg/cone.hpp
[1.175s] -- Up-to-date: /home/yasmin-nunes/ros2-path-planning/install/fs_msgs/include/fs_msgs/fs_msgs/msg/control_command.hpp
[1.175s] -- Up-to-date: /home/yasmin-nunes/ros2-path-planning/install/fs_msgs/include/fs_msgs/fs_msgs
[1.175s] -- Up-to-date: /home/yasmin-nunes/ros2-path-planning/install/fs_msgs/include/fs_msgs/fs_msgs/srv
[1.175s] -- Up-to-date: /home/yasmin-nunes/ros2-path-planning/install/fs_msgs/include/fs_msgs/fs_msgs/srv/detail
[1.175s] -- Up-to-date: /home/yasmin-nunes/ros2-path-planning/install/fs_msgs/include/fs_msgs/fs_msgs/srv/detail/dds_fastrtps
[1.175s] -- Up-to-date: /home/yasmin-nunes/ros2-path-planning/install/fs_msgs/include/fs_msgs/fs_msgs/srv/detail/reset__rosidl_typesupport_fastrtps_cpp.hpp
[1.175s] -- Up-to-date: /home/yasmin-nunes/ros2-path-planning/install/fs_msgs/include/fs_msgs/fs_msgs/msg
[1.175s] -- Up-to-date: /home/yasmin-nunes/ros2-path-planning/install/fs_msgs/include/fs_msgs/fs_msgs/msg/rosidl_typesupport_fastrtps_cpp__visibility_control.h
[1.175s] -- Up-to-date: /home/yasmin-nunes/ros2-path-planning/install/fs_msgs/include/fs_msgs/fs_msgs/msg/detail
[1.175s] -- Up-to-date: /home/yasmin-nunes/ros2-path-planning/install/fs_msgs/include/fs_msgs/fs_msgs/msg/detail/control_command__rosidl_typesupport_fastrtps_cpp.hpp
[1.176s] -- Up-to-date: /home/yasmin-nunes/ros2-path-planning/install/fs_msgs/include/fs_msgs/fs_msgs/msg/detail/wheel_states__rosidl_typesupport_fastrtps_cpp.hpp
[1.176s] -- Up-to-date: /home/yasmin-nunes/ros2-path-planning/install/fs_msgs/include/fs_msgs/fs_msgs/msg/detail/track__rosidl_typesupport_fastrtps_cpp.hpp
[1.176s] -- Up-to-date: /home/yasmin-nunes/ros2-path-planning/install/fs_msgs/include/fs_msgs/fs_msgs/msg/detail/dds_fastrtps
[1.176s] -- Up-to-date: /home/yasmin-nunes/ros2-path-planning/install/fs_msgs/include/fs_msgs/fs_msgs/msg/detail/cone__rosidl_typesupport_fastrtps_cpp.hpp
[1.176s] -- Up-to-date: /home/yasmin-nunes/ros2-path-planning/install/fs_msgs/include/fs_msgs/fs_msgs/msg/detail/extra_info__rosidl_typesupport_fastrtps_cpp.hpp
[1.176s] -- Up-to-date: /home/yasmin-nunes/ros2-path-planning/install/fs_msgs/include/fs_msgs/fs_msgs/msg/detail/go_signal__rosidl_typesupport_fastrtps_cpp.hpp
[1.176s] -- Up-to-date: /home/yasmin-nunes/ros2-path-planning/install/fs_msgs/include/fs_msgs/fs_msgs/msg/detail/finished_signal__rosidl_typesupport_fastrtps_cpp.hpp
[1.176s] -- Up-to-date: /home/yasmin-nunes/ros2-path-planning/install/fs_msgs/lib/libfs_msgs__rosidl_typesupport_fastrtps_cpp.so
[1.176s] -- Up-to-date: /home/yasmin-nunes/ros2-path-planning/install/fs_msgs/include/fs_msgs/fs_msgs
[1.176s] -- Up-to-date: /home/yasmin-nunes/ros2-path-planning/install/fs_msgs/include/fs_msgs/fs_msgs/srv
[1.176s] -- Up-to-date: /home/yasmin-nunes/ros2-path-planning/install/fs_msgs/include/fs_msgs/fs_msgs/srv/detail
[1.176s] -- Up-to-date: /home/yasmin-nunes/ros2-path-planning/install/fs_msgs/include/fs_msgs/fs_msgs/srv/detail/reset__type_support.c
[1.176s] -- Up-to-date: /home/yasmin-nunes/ros2-path-planning/install/fs_msgs/include/fs_msgs/fs_msgs/srv/detail/reset__rosidl_typesupport_introspection_c.h
[1.176s] -- Up-to-date: /home/yasmin-nunes/ros2-path-planning/install/fs_msgs/include/fs_msgs/fs_msgs/msg
[1.176s] -- Up-to-date: /home/yasmin-nunes/ros2-path-planning/install/fs_msgs/include/fs_msgs/fs_msgs/msg/detail
[1.177s] -- Up-to-date: /home/yasmin-nunes/ros2-path-planning/install/fs_msgs/include/fs_msgs/fs_msgs/msg/detail/wheel_states__type_support.c
[1.177s] -- Up-to-date: /home/yasmin-nunes/ros2-path-planning/install/fs_msgs/include/fs_msgs/fs_msgs/msg/detail/go_signal__type_support.c
[1.177s] -- Up-to-date: /home/yasmin-nunes/ros2-path-planning/install/fs_msgs/include/fs_msgs/fs_msgs/msg/detail/track__type_support.c
[1.177s] -- Up-to-date: /home/yasmin-nunes/ros2-path-planning/install/fs_msgs/include/fs_msgs/fs_msgs/msg/detail/extra_info__rosidl_typesupport_introspection_c.h
[1.177s] -- Up-to-date: /home/yasmin-nunes/ros2-path-planning/install/fs_msgs/include/fs_msgs/fs_msgs/msg/detail/track__rosidl_typesupport_introspection_c.h
[1.177s] -- Up-to-date: /home/yasmin-nunes/ros2-path-planning/install/fs_msgs/include/fs_msgs/fs_msgs/msg/detail/cone__type_support.c
[1.177s] -- Up-to-date: /home/yasmin-nunes/ros2-path-planning/install/fs_msgs/include/fs_msgs/fs_msgs/msg/detail/control_command__type_support.c
[1.177s] -- Up-to-date: /home/yasmin-nunes/ros2-path-planning/install/fs_msgs/include/fs_msgs/fs_msgs/msg/detail/wheel_states__rosidl_typesupport_introspection_c.h
[1.177s] -- Up-to-date: /home/yasmin-nunes/ros2-path-planning/install/fs_msgs/include/fs_msgs/fs_msgs/msg/detail/finished_signal__type_support.c
[1.177s] -- Up-to-date: /home/yasmin-nunes/ros2-path-planning/install/fs_msgs/include/fs_msgs/fs_msgs/msg/detail/go_signal__rosidl_typesupport_introspection_c.h
[1.177s] -- Up-to-date: /home/yasmin-nunes/ros2-path-planning/install/fs_msgs/include/fs_msgs/fs_msgs/msg/detail/extra_info__type_support.c
[1.177s] -- Up-to-date: /home/yasmin-nunes/ros2-path-planning/install/fs_msgs/include/fs_msgs/fs_msgs/msg/detail/finished_signal__rosidl_typesupport_introspection_c.h
[1.177s] -- Up-to-date: /home/yasmin-nunes/ros2-path-planning/install/fs_msgs/include/fs_msgs/fs_msgs/msg/detail/cone__rosidl_typesupport_introspection_c.h
[1.177s] -- Up-to-date: /home/yasmin-nunes/ros2-path-planning/install/fs_msgs/include/fs_msgs/fs_msgs/msg/detail/control_command__rosidl_typesupport_introspection_c.h
[1.177s] -- Up-to-date: /home/yasmin-nunes/ros2-path-planning/install/fs_msgs/include/fs_msgs/fs_msgs/msg/rosidl_typesupport_introspection_c__visibility_control.h
[1.177s] -- Up-to-date: /home/yasmin-nunes/ros2-path-planning/install/fs_msgs/lib/libfs_msgs__rosidl_typesupport_introspection_c.so
[1.178s] -- Up-to-date: /home/yasmin-nunes/ros2-path-planning/install/fs_msgs/lib/libfs_msgs__rosidl_typesupport_c.so
[1.178s] -- Up-to-date: /home/yasmin-nunes/ros2-path-planning/install/fs_msgs/include/fs_msgs/fs_msgs
[1.178s] -- Up-to-date: /home/yasmin-nunes/ros2-path-planning/install/fs_msgs/include/fs_msgs/fs_msgs/srv
[1.178s] -- Up-to-date: /home/yasmin-nunes/ros2-path-planning/install/fs_msgs/include/fs_msgs/fs_msgs/srv/detail
[1.178s] -- Up-to-date: /home/yasmin-nunes/ros2-path-planning/install/fs_msgs/include/fs_msgs/fs_msgs/srv/detail/reset__type_support.cpp
[1.178s] -- Up-to-date: /home/yasmin-nunes/ros2-path-planning/install/fs_msgs/include/fs_msgs/fs_msgs/srv/detail/reset__rosidl_typesupport_introspection_cpp.hpp
[1.178s] -- Up-to-date: /home/yasmin-nunes/ros2-path-planning/install/fs_msgs/include/fs_msgs/fs_msgs/msg
[1.178s] -- Up-to-date: /home/yasmin-nunes/ros2-path-planning/install/fs_msgs/include/fs_msgs/fs_msgs/msg/detail
[1.178s] -- Up-to-date: /home/yasmin-nunes/ros2-path-planning/install/fs_msgs/include/fs_msgs/fs_msgs/msg/detail/cone__type_support.cpp
[1.178s] -- Up-to-date: /home/yasmin-nunes/ros2-path-planning/install/fs_msgs/include/fs_msgs/fs_msgs/msg/detail/go_signal__rosidl_typesupport_introspection_cpp.hpp
[1.178s] -- Up-to-date: /home/yasmin-nunes/ros2-path-planning/install/fs_msgs/include/fs_msgs/fs_msgs/msg/detail/finished_signal__type_support.cpp
[1.178s] -- Up-to-date: /home/yasmin-nunes/ros2-path-planning/install/fs_msgs/include/fs_msgs/fs_msgs/msg/detail/go_signal__type_support.cpp
[1.178s] -- Up-to-date: /home/yasmin-nunes/ros2-path-planning/install/fs_msgs/include/fs_msgs/fs_msgs/msg/detail/wheel_states__type_support.cpp
[1.178s] -- Up-to-date: /home/yasmin-nunes/ros2-path-planning/install/fs_msgs/include/fs_msgs/fs_msgs/msg/detail/extra_info__rosidl_typesupport_introspection_cpp.hpp
[1.178s] -- Up-to-date: /home/yasmin-nunes/ros2-path-planning/install/fs_msgs/include/fs_msgs/fs_msgs/msg/detail/extra_info__type_support.cpp
[1.178s] -- Up-to-date: /home/yasmin-nunes/ros2-path-planning/install/fs_msgs/include/fs_msgs/fs_msgs/msg/detail/cone__rosidl_typesupport_introspection_cpp.hpp
[1.179s] -- Up-to-date: /home/yasmin-nunes/ros2-path-planning/install/fs_msgs/include/fs_msgs/fs_msgs/msg/detail/wheel_states__rosidl_typesupport_introspection_cpp.hpp
[1.179s] -- Up-to-date: /home/yasmin-nunes/ros2-path-planning/install/fs_msgs/include/fs_msgs/fs_msgs/msg/detail/control_command__rosidl_typesupport_introspection_cpp.hpp
[1.179s] -- Up-to-date: /home/yasmin-nunes/ros2-path-planning/install/fs_msgs/include/fs_msgs/fs_msgs/msg/detail/track__type_support.cpp
[1.179s] -- Up-to-date: /home/yasmin-nunes/ros2-path-planning/install/fs_msgs/include/fs_msgs/fs_msgs/msg/detail/control_command__type_support.cpp
[1.179s] -- Up-to-date: /home/yasmin-nunes/ros2-path-planning/install/fs_msgs/include/fs_msgs/fs_msgs/msg/detail/finished_signal__rosidl_typesupport_introspection_cpp.hpp
[1.179s] -- Up-to-date: /home/yasmin-nunes/ros2-path-planning/install/fs_msgs/include/fs_msgs/fs_msgs/msg/detail/track__rosidl_typesupport_introspection_cpp.hpp
[1.179s] -- Up-to-date: /home/yasmin-nunes/ros2-path-planning/install/fs_msgs/lib/libfs_msgs__rosidl_typesupport_introspection_cpp.so
[1.179s] -- Up-to-date: /home/yasmin-nunes/ros2-path-planning/install/fs_msgs/lib/libfs_msgs__rosidl_typesupport_cpp.so
[1.179s] -- Up-to-date: /home/yasmin-nunes/ros2-path-planning/install/fs_msgs/share/fs_msgs/environment/pythonpath.sh
[1.179s] -- Up-to-date: /home/yasmin-nunes/ros2-path-planning/install/fs_msgs/share/fs_msgs/environment/pythonpath.dsv
[1.179s] -- Up-to-date: /home/yasmin-nunes/ros2-path-planning/install/fs_msgs/local/lib/python3.10/dist-packages/fs_msgs-0.1.1-py3.10.egg-info
[1.179s] -- Installing: /home/yasmin-nunes/ros2-path-planning/install/fs_msgs/local/lib/python3.10/dist-packages/fs_msgs-0.1.1-py3.10.egg-info/top_level.txt
[1.179s] -- Installing: /home/yasmin-nunes/ros2-path-planning/install/fs_msgs/local/lib/python3.10/dist-packages/fs_msgs-0.1.1-py3.10.egg-info/SOURCES.txt
[1.179s] -- Installing: /home/yasmin-nunes/ros2-path-planning/install/fs_msgs/local/lib/python3.10/dist-packages/fs_msgs-0.1.1-py3.10.egg-info/dependency_links.txt
[1.179s] -- Installing: /home/yasmin-nunes/ros2-path-planning/install/fs_msgs/local/lib/python3.10/dist-packages/fs_msgs-0.1.1-py3.10.egg-info/PKG-INFO
[1.180s] -- Up-to-date: /home/yasmin-nunes/ros2-path-planning/install/fs_msgs/local/lib/python3.10/dist-packages/fs_msgs
[1.180s] -- Up-to-date: /home/yasmin-nunes/ros2-path-planning/install/fs_msgs/local/lib/python3.10/dist-packages/fs_msgs/fs_msgs_s__rosidl_typesupport_fastrtps_c.cpython-310-x86_64-linux-gnu.so
[1.180s] -- Up-to-date: /home/yasmin-nunes/ros2-path-planning/install/fs_msgs/local/lib/python3.10/dist-packages/fs_msgs/srv
[1.180s] -- Up-to-date: /home/yasmin-nunes/ros2-path-planning/install/fs_msgs/local/lib/python3.10/dist-packages/fs_msgs/srv/_reset.py
[1.180s] -- Up-to-date: /home/yasmin-nunes/ros2-path-planning/install/fs_msgs/local/lib/python3.10/dist-packages/fs_msgs/srv/__init__.py
[1.180s] -- Up-to-date: /home/yasmin-nunes/ros2-path-planning/install/fs_msgs/local/lib/python3.10/dist-packages/fs_msgs/srv/_reset_s.c
[1.180s] -- Up-to-date: /home/yasmin-nunes/ros2-path-planning/install/fs_msgs/local/lib/python3.10/dist-packages/fs_msgs/__init__.py
[1.180s] -- Up-to-date: /home/yasmin-nunes/ros2-path-planning/install/fs_msgs/local/lib/python3.10/dist-packages/fs_msgs/msg
[1.180s] -- Up-to-date: /home/yasmin-nunes/ros2-path-planning/install/fs_msgs/local/lib/python3.10/dist-packages/fs_msgs/msg/_cone_s.c
[1.180s] -- Up-to-date: /home/yasmin-nunes/ros2-path-planning/install/fs_msgs/local/lib/python3.10/dist-packages/fs_msgs/msg/_go_signal_s.c
[1.180s] -- Up-to-date: /home/yasmin-nunes/ros2-path-planning/install/fs_msgs/local/lib/python3.10/dist-packages/fs_msgs/msg/_go_signal.py
[1.180s] -- Up-to-date: /home/yasmin-nunes/ros2-path-planning/install/fs_msgs/local/lib/python3.10/dist-packages/fs_msgs/msg/__init__.py
[1.180s] -- Up-to-date: /home/yasmin-nunes/ros2-path-planning/install/fs_msgs/local/lib/python3.10/dist-packages/fs_msgs/msg/_extra_info.py
[1.180s] -- Up-to-date: /home/yasmin-nunes/ros2-path-planning/install/fs_msgs/local/lib/python3.10/dist-packages/fs_msgs/msg/_track_s.c
[1.180s] -- Up-to-date: /home/yasmin-nunes/ros2-path-planning/install/fs_msgs/local/lib/python3.10/dist-packages/fs_msgs/msg/_cone.py
[1.180s] -- Up-to-date: /home/yasmin-nunes/ros2-path-planning/install/fs_msgs/local/lib/python3.10/dist-packages/fs_msgs/msg/_wheel_states_s.c
[1.181s] -- Up-to-date: /home/yasmin-nunes/ros2-path-planning/install/fs_msgs/local/lib/python3.10/dist-packages/fs_msgs/msg/_extra_info_s.c
[1.181s] -- Up-to-date: /home/yasmin-nunes/ros2-path-planning/install/fs_msgs/local/lib/python3.10/dist-packages/fs_msgs/msg/_finished_signal.py
[1.181s] -- Up-to-date: /home/yasmin-nunes/ros2-path-planning/install/fs_msgs/local/lib/python3.10/dist-packages/fs_msgs/msg/_control_command.py
[1.181s] -- Up-to-date: /home/yasmin-nunes/ros2-path-planning/install/fs_msgs/local/lib/python3.10/dist-packages/fs_msgs/msg/_wheel_states.py
[1.181s] -- Up-to-date: /home/yasmin-nunes/ros2-path-planning/install/fs_msgs/local/lib/python3.10/dist-packages/fs_msgs/msg/_track.py
[1.181s] -- Up-to-date: /home/yasmin-nunes/ros2-path-planning/install/fs_msgs/local/lib/python3.10/dist-packages/fs_msgs/msg/_finished_signal_s.c
[1.181s] -- Up-to-date: /home/yasmin-nunes/ros2-path-planning/install/fs_msgs/local/lib/python3.10/dist-packages/fs_msgs/msg/_control_command_s.c
[1.181s] -- Up-to-date: /home/yasmin-nunes/ros2-path-planning/install/fs_msgs/local/lib/python3.10/dist-packages/fs_msgs/libfs_msgs__rosidl_generator_py.so
[1.181s] -- Up-to-date: /home/yasmin-nunes/ros2-path-planning/install/fs_msgs/local/lib/python3.10/dist-packages/fs_msgs/_fs_msgs_s.ep.rosidl_typesupport_fastrtps_c.c
[1.181s] -- Up-to-date: /home/yasmin-nunes/ros2-path-planning/install/fs_msgs/local/lib/python3.10/dist-packages/fs_msgs/fs_msgs_s__rosidl_typesupport_c.cpython-310-x86_64-linux-gnu.so
[1.181s] -- Up-to-date: /home/yasmin-nunes/ros2-path-planning/install/fs_msgs/local/lib/python3.10/dist-packages/fs_msgs/fs_msgs_s__rosidl_typesupport_introspection_c.cpython-310-x86_64-linux-gnu.so
[1.181s] -- Up-to-date: /home/yasmin-nunes/ros2-path-planning/install/fs_msgs/local/lib/python3.10/dist-packages/fs_msgs/_fs_msgs_s.ep.rosidl_typesupport_c.c
[1.181s] -- Up-to-date: /home/yasmin-nunes/ros2-path-planning/install/fs_msgs/local/lib/python3.10/dist-packages/fs_msgs/_fs_msgs_s.ep.rosidl_typesupport_introspection_c.c
[1.228s] Listing '/home/yasmin-nunes/ros2-path-planning/install/fs_msgs/local/lib/python3.10/dist-packages/fs_msgs'...
[1.228s] Listing '/home/yasmin-nunes/ros2-path-planning/install/fs_msgs/local/lib/python3.10/dist-packages/fs_msgs/msg'...
[1.228s] Listing '/home/yasmin-nunes/ros2-path-planning/install/fs_msgs/local/lib/python3.10/dist-packages/fs_msgs/srv'...
[1.236s] -- Up-to-date: /home/yasmin-nunes/ros2-path-planning/install/fs_msgs/local/lib/python3.10/dist-packages/fs_msgs/fs_msgs_s__rosidl_typesupport_fastrtps_c.cpython-310-x86_64-linux-gnu.so
[1.237s] -- Up-to-date: /home/yasmin-nunes/ros2-path-planning/install/fs_msgs/local/lib/python3.10/dist-packages/fs_msgs/fs_msgs_s__rosidl_typesupport_introspection_c.cpython-310-x86_64-linux-gnu.so
[1.237s] -- Up-to-date: /home/yasmin-nunes/ros2-path-planning/install/fs_msgs/local/lib/python3.10/dist-packages/fs_msgs/fs_msgs_s__rosidl_typesupport_c.cpython-310-x86_64-linux-gnu.so
[1.238s] -- Up-to-date: /home/yasmin-nunes/ros2-path-planning/install/fs_msgs/lib/libfs_msgs__rosidl_generator_py.so
[1.238s] -- Up-to-date: /home/yasmin-nunes/ros2-path-planning/install/fs_msgs/share/fs_msgs/msg/ControlCommand.idl
[1.239s] -- Up-to-date: /home/yasmin-nunes/ros2-path-planning/install/fs_msgs/share/fs_msgs/msg/FinishedSignal.idl
[1.239s] -- Up-to-date: /home/yasmin-nunes/ros2-path-planning/install/fs_msgs/share/fs_msgs/msg/GoSignal.idl
[1.239s] -- Up-to-date: /home/yasmin-nunes/ros2-path-planning/install/fs_msgs/share/fs_msgs/msg/Track.idl
[1.239s] -- Up-to-date: /home/yasmin-nunes/ros2-path-planning/install/fs_msgs/share/fs_msgs/msg/Cone.idl
[1.240s] -- Up-to-date: /home/yasmin-nunes/ros2-path-planning/install/fs_msgs/share/fs_msgs/msg/ExtraInfo.idl
[1.240s] -- Up-to-date: /home/yasmin-nunes/ros2-path-planning/install/fs_msgs/share/fs_msgs/msg/WheelStates.idl
[1.240s] -- Up-to-date: /home/yasmin-nunes/ros2-path-planning/install/fs_msgs/share/fs_msgs/srv/Reset.idl
[1.240s] -- Up-to-date: /home/yasmin-nunes/ros2-path-planning/install/fs_msgs/share/fs_msgs/msg/ControlCommand.msg
[1.241s] -- Up-to-date: /home/yasmin-nunes/ros2-path-planning/install/fs_msgs/share/fs_msgs/msg/FinishedSignal.msg
[1.241s] -- Up-to-date: /home/yasmin-nunes/ros2-path-planning/install/fs_msgs/share/fs_msgs/msg/GoSignal.msg
[1.241s] -- Up-to-date: /home/yasmin-nunes/ros2-path-planning/install/fs_msgs/share/fs_msgs/msg/Track.msg
[1.241s] -- Up-to-date: /home/yasmin-nunes/ros2-path-planning/install/fs_msgs/share/fs_msgs/msg/Cone.msg
[1.241s] -- Up-to-date: /home/yasmin-nunes/ros2-path-planning/install/fs_msgs/share/fs_msgs/msg/ExtraInfo.msg
[1.241s] -- Up-to-date: /home/yasmin-nunes/ros2-path-planning/install/fs_msgs/share/fs_msgs/msg/WheelStates.msg
[1.241s] -- Up-to-date: /home/yasmin-nunes/ros2-path-planning/install/fs_msgs/share/fs_msgs/srv/Reset.srv
[1.242s] -- Up-to-date: /home/yasmin-nunes/ros2-path-planning/install/fs_msgs/share/fs_msgs/srv/Reset_Request.msg
[1.242s] -- Up-to-date: /home/yasmin-nunes/ros2-path-planning/install/fs_msgs/share/fs_msgs/srv/Reset_Response.msg
[1.242s] -- Up-to-date: /home/yasmin-nunes/ros2-path-planning/install/fs_msgs/share/ament_index/resource_index/package_run_dependencies/fs_msgs
[1.242s] -- Up-to-date: /home/yasmin-nunes/ros2-path-planning/install/fs_msgs/share/ament_index/resource_index/parent_prefix_path/fs_msgs
[1.243s] -- Up-to-date: /home/yasmin-nunes/ros2-path-planning/install/fs_msgs/share/fs_msgs/environment/ament_prefix_path.sh
[1.243s] -- Up-to-date: /home/yasmin-nunes/ros2-path-planning/install/fs_msgs/share/fs_msgs/environment/ament_prefix_path.dsv
[1.243s] -- Up-to-date: /home/yasmin-nunes/ros2-path-planning/install/fs_msgs/share/fs_msgs/environment/path.sh
[1.243s] -- Up-to-date: /home/yasmin-nunes/ros2-path-planning/install/fs_msgs/share/fs_msgs/environment/path.dsv
[1.244s] -- Up-to-date: /home/yasmin-nunes/ros2-path-planning/install/fs_msgs/share/fs_msgs/local_setup.bash
[1.244s] -- Up-to-date: /home/yasmin-nunes/ros2-path-planning/install/fs_msgs/share/fs_msgs/local_setup.sh
[1.244s] -- Up-to-date: /home/yasmin-nunes/ros2-path-planning/install/fs_msgs/share/fs_msgs/local_setup.zsh
[1.244s] -- Up-to-date: /home/yasmin-nunes/ros2-path-planning/install/fs_msgs/share/fs_msgs/local_setup.dsv
[1.244s] -- Installing: /home/yasmin-nunes/ros2-path-planning/install/fs_msgs/share/fs_msgs/package.dsv
[1.244s] -- Up-to-date: /home/yasmin-nunes/ros2-path-planning/install/fs_msgs/share/ament_index/resource_index/packages/fs_msgs
[1.245s] -- Up-to-date: /home/yasmin-nunes/ros2-path-planning/install/fs_msgs/share/fs_msgs/cmake/export_fs_msgs__rosidl_generator_cExport.cmake
[1.245s] -- Up-to-date: /home/yasmin-nunes/ros2-path-planning/install/fs_msgs/share/fs_msgs/cmake/export_fs_msgs__rosidl_generator_cExport-noconfig.cmake
[1.245s] -- Up-to-date: /home/yasmin-nunes/ros2-path-planning/install/fs_msgs/share/fs_msgs/cmake/export_fs_msgs__rosidl_typesupport_fastrtps_cExport.cmake
[1.245s] -- Up-to-date: /home/yasmin-nunes/ros2-path-planning/install/fs_msgs/share/fs_msgs/cmake/export_fs_msgs__rosidl_typesupport_fastrtps_cExport-noconfig.cmake
[1.245s] -- Up-to-date: /home/yasmin-nunes/ros2-path-planning/install/fs_msgs/share/fs_msgs/cmake/export_fs_msgs__rosidl_generator_cppExport.cmake
[1.245s] -- Up-to-date: /home/yasmin-nunes/ros2-path-planning/install/fs_msgs/share/fs_msgs/cmake/export_fs_msgs__rosidl_typesupport_fastrtps_cppExport.cmake
[1.245s] -- Up-to-date: /home/yasmin-nunes/ros2-path-planning/install/fs_msgs/share/fs_msgs/cmake/export_fs_msgs__rosidl_typesupport_fastrtps_cppExport-noconfig.cmake
[1.246s] -- Up-to-date: /home/yasmin-nunes/ros2-path-planning/install/fs_msgs/share/fs_msgs/cmake/fs_msgs__rosidl_typesupport_introspection_cExport.cmake
[1.246s] -- Up-to-date: /home/yasmin-nunes/ros2-path-planning/install/fs_msgs/share/fs_msgs/cmake/fs_msgs__rosidl_typesupport_introspection_cExport-noconfig.cmake
[1.246s] -- Up-to-date: /home/yasmin-nunes/ros2-path-planning/install/fs_msgs/share/fs_msgs/cmake/fs_msgs__rosidl_typesupport_cExport.cmake
[1.246s] -- Up-to-date: /home/yasmin-nunes/ros2-path-planning/install/fs_msgs/share/fs_msgs/cmake/fs_msgs__rosidl_typesupport_cExport-noconfig.cmake
[1.246s] -- Up-to-date: /home/yasmin-nunes/ros2-path-planning/install/fs_msgs/share/fs_msgs/cmake/fs_msgs__rosidl_typesupport_introspection_cppExport.cmake
[1.246s] -- Up-to-date: /home/yasmin-nunes/ros2-path-planning/install/fs_msgs/share/fs_msgs/cmake/fs_msgs__rosidl_typesupport_introspection_cppExport-noconfig.cmake
[1.246s] -- Up-to-date: /home/yasmin-nunes/ros2-path-planning/install/fs_msgs/share/fs_msgs/cmake/fs_msgs__rosidl_typesupport_cppExport.cmake
[1.247s] -- Up-to-date: /home/yasmin-nunes/ros2-path-planning/install/fs_msgs/share/fs_msgs/cmake/fs_msgs__rosidl_typesupport_cppExport-noconfig.cmake
[1.247s] -- Up-to-date: /home/yasmin-nunes/ros2-path-planning/install/fs_msgs/share/fs_msgs/cmake/export_fs_msgs__rosidl_generator_pyExport.cmake
[1.247s] -- Up-to-date: /home/yasmin-nunes/ros2-path-planning/install/fs_msgs/share/fs_msgs/cmake/export_fs_msgs__rosidl_generator_pyExport-noconfig.cmake
[1.247s] -- Up-to-date: /home/yasmin-nunes/ros2-path-planning/install/fs_msgs/share/fs_msgs/cmake/rosidl_cmake-extras.cmake
[1.247s] -- Up-to-date: /home/yasmin-nunes/ros2-path-planning/install/fs_msgs/share/fs_msgs/cmake/ament_cmake_export_dependencies-extras.cmake
[1.248s] -- Up-to-date: /home/yasmin-nunes/ros2-path-planning/install/fs_msgs/share/fs_msgs/cmake/ament_cmake_export_include_directories-extras.cmake
[1.248s] -- Up-to-date: /home/yasmin-nunes/ros2-path-planning/install/fs_msgs/share/fs_msgs/cmake/ament_cmake_export_libraries-extras.cmake
[1.248s] -- Up-to-date: /home/yasmin-nunes/ros2-path-planning/install/fs_msgs/share/fs_msgs/cmake/ament_cmake_export_targets-extras.cmake
[1.249s] -- Up-to-date: /home/yasmin-nunes/ros2-path-planning/install/fs_msgs/share/fs_msgs/cmake/rosidl_cmake_export_typesupport_targets-extras.cmake
[1.249s] -- Up-to-date: /home/yasmin-nunes/ros2-path-planning/install/fs_msgs/share/fs_msgs/cmake/rosidl_cmake_export_typesupport_libraries-extras.cmake
[1.249s] -- Up-to-date: /home/yasmin-nunes/ros2-path-planning/install/fs_msgs/share/fs_msgs/cmake/fs_msgsConfig.cmake
[1.249s] -- Up-to-date: /home/yasmin-nunes/ros2-path-planning/install/fs_msgs/share/fs_msgs/cmake/fs_msgsConfig-version.cmake
[1.249s] -- Up-to-date: /home/yasmin-nunes/ros2-path-planning/install/fs_msgs/share/fs_msgs/package.xml
[1.250s] Invoked command in '/home/yasmin-nunes/ros2-path-planning/build/fs_msgs' returned '0': CMAKE_PREFIX_PATH=/opt/ros/humble:${CMAKE_PREFIX_PATH} /usr/bin/cmake --install /home/yasmin-nunes/ros2-path-planning/build/fs_msgs
