[ 11%] Built target fs_msgs__rosidl_generator_c
[ 12%] Built target fs_msgs__cpp
[ 12%] Built target ament_cmake_python_copy_fs_msgs
[ 24%] Built target fs_msgs__rosidl_typesupport_introspection_c
[ 35%] Built target fs_msgs__rosidl_typesupport_c
[ 47%] Built target fs_msgs__rosidl_typesupport_fastrtps_c
[ 58%] Built target fs_msgs__rosidl_typesupport_introspection_cpp
[ 70%] Built target fs_msgs__rosidl_typesupport_cpp
[ 81%] Built target fs_msgs__rosidl_typesupport_fastrtps_cpp
[ 81%] Built target fs_msgs
[ 82%] Built target fs_msgs__py
[ 93%] Built target fs_msgs__rosidl_generator_py
[ 95%] Built target fs_msgs__rosidl_typesupport_fastrtps_c__pyext
[ 97%] Built target fs_msgs__rosidl_typesupport_introspection_c__pyext
[100%] Built target fs_msgs__rosidl_typesupport_c__pyext
running egg_info
writing fs_msgs.egg-info/PKG-INFO
writing dependency_links to fs_msgs.egg-info/dependency_links.txt
writing top-level names to fs_msgs.egg-info/top_level.txt
reading manifest file 'fs_msgs.egg-info/SOURCES.txt'
writing manifest file 'fs_msgs.egg-info/SOURCES.txt'
[100%] Built target ament_cmake_python_build_fs_msgs_egg
-- Install configuration: ""
-- Up-to-date: /home/yasmin-nunes/ros2-path-planning/install/fs_msgs/share/ament_index/resource_index/rosidl_interfaces/fs_msgs
-- Up-to-date: /home/yasmin-nunes/ros2-path-planning/install/fs_msgs/include/fs_msgs/fs_msgs
-- Up-to-date: /home/yasmin-nunes/ros2-path-planning/install/fs_msgs/include/fs_msgs/fs_msgs/srv
-- Up-to-date: /home/yasmin-nunes/ros2-path-planning/install/fs_msgs/include/fs_msgs/fs_msgs/srv/reset.h
-- Up-to-date: /home/yasmin-nunes/ros2-path-planning/install/fs_msgs/include/fs_msgs/fs_msgs/srv/detail
-- Up-to-date: /home/yasmin-nunes/ros2-path-planning/install/fs_msgs/include/fs_msgs/fs_msgs/srv/detail/reset__struct.h
-- Up-to-date: /home/yasmin-nunes/ros2-path-planning/install/fs_msgs/include/fs_msgs/fs_msgs/srv/detail/reset__type_support.h
-- Up-to-date: /home/yasmin-nunes/ros2-path-planning/install/fs_msgs/include/fs_msgs/fs_msgs/srv/detail/reset__functions.c
-- Up-to-date: /home/yasmin-nunes/ros2-path-planning/install/fs_msgs/include/fs_msgs/fs_msgs/srv/detail/reset__functions.h
-- Up-to-date: /home/yasmin-nunes/ros2-path-planning/install/fs_msgs/include/fs_msgs/fs_msgs/msg
-- Up-to-date: /home/yasmin-nunes/ros2-path-planning/install/fs_msgs/include/fs_msgs/fs_msgs/msg/go_signal.h
-- Up-to-date: /home/yasmin-nunes/ros2-path-planning/install/fs_msgs/include/fs_msgs/fs_msgs/msg/cone.h
-- Up-to-date: /home/yasmin-nunes/ros2-path-planning/install/fs_msgs/include/fs_msgs/fs_msgs/msg/rosidl_generator_c__visibility_control.h
-- Up-to-date: /home/yasmin-nunes/ros2-path-planning/install/fs_msgs/include/fs_msgs/fs_msgs/msg/finished_signal.h
-- Up-to-date: /home/yasmin-nunes/ros2-path-planning/install/fs_msgs/include/fs_msgs/fs_msgs/msg/wheel_states.h
-- Up-to-date: /home/yasmin-nunes/ros2-path-planning/install/fs_msgs/include/fs_msgs/fs_msgs/msg/extra_info.h
-- Up-to-date: /home/yasmin-nunes/ros2-path-planning/install/fs_msgs/include/fs_msgs/fs_msgs/msg/detail
-- Up-to-date: /home/yasmin-nunes/ros2-path-planning/install/fs_msgs/include/fs_msgs/fs_msgs/msg/detail/cone__type_support.h
-- Up-to-date: /home/yasmin-nunes/ros2-path-planning/install/fs_msgs/include/fs_msgs/fs_msgs/msg/detail/cone__functions.h
-- Up-to-date: /home/yasmin-nunes/ros2-path-planning/install/fs_msgs/include/fs_msgs/fs_msgs/msg/detail/wheel_states__type_support.h
-- Up-to-date: /home/yasmin-nunes/ros2-path-planning/install/fs_msgs/include/fs_msgs/fs_msgs/msg/detail/control_command__functions.c
-- Up-to-date: /home/yasmin-nunes/ros2-path-planning/install/fs_msgs/include/fs_msgs/fs_msgs/msg/detail/track__functions.h
-- Up-to-date: /home/yasmin-nunes/ros2-path-planning/install/fs_msgs/include/fs_msgs/fs_msgs/msg/detail/extra_info__struct.h
-- Up-to-date: /home/yasmin-nunes/ros2-path-planning/install/fs_msgs/include/fs_msgs/fs_msgs/msg/detail/control_command__type_support.h
-- Up-to-date: /home/yasmin-nunes/ros2-path-planning/install/fs_msgs/include/fs_msgs/fs_msgs/msg/detail/finished_signal__struct.h
-- Up-to-date: /home/yasmin-nunes/ros2-path-planning/install/fs_msgs/include/fs_msgs/fs_msgs/msg/detail/finished_signal__functions.c
-- Up-to-date: /home/yasmin-nunes/ros2-path-planning/install/fs_msgs/include/fs_msgs/fs_msgs/msg/detail/control_command__struct.h
-- Up-to-date: /home/yasmin-nunes/ros2-path-planning/install/fs_msgs/include/fs_msgs/fs_msgs/msg/detail/go_signal__functions.h
-- Up-to-date: /home/yasmin-nunes/ros2-path-planning/install/fs_msgs/include/fs_msgs/fs_msgs/msg/detail/go_signal__functions.c
-- Up-to-date: /home/yasmin-nunes/ros2-path-planning/install/fs_msgs/include/fs_msgs/fs_msgs/msg/detail/wheel_states__struct.h
-- Up-to-date: /home/yasmin-nunes/ros2-path-planning/install/fs_msgs/include/fs_msgs/fs_msgs/msg/detail/track__struct.h
-- Up-to-date: /home/yasmin-nunes/ros2-path-planning/install/fs_msgs/include/fs_msgs/fs_msgs/msg/detail/track__functions.c
-- Up-to-date: /home/yasmin-nunes/ros2-path-planning/install/fs_msgs/include/fs_msgs/fs_msgs/msg/detail/track__type_support.h
-- Up-to-date: /home/yasmin-nunes/ros2-path-planning/install/fs_msgs/include/fs_msgs/fs_msgs/msg/detail/extra_info__functions.c
-- Up-to-date: /home/yasmin-nunes/ros2-path-planning/install/fs_msgs/include/fs_msgs/fs_msgs/msg/detail/wheel_states__functions.c
-- Up-to-date: /home/yasmin-nunes/ros2-path-planning/install/fs_msgs/include/fs_msgs/fs_msgs/msg/detail/cone__struct.h
-- Up-to-date: /home/yasmin-nunes/ros2-path-planning/install/fs_msgs/include/fs_msgs/fs_msgs/msg/detail/control_command__functions.h
-- Up-to-date: /home/yasmin-nunes/ros2-path-planning/install/fs_msgs/include/fs_msgs/fs_msgs/msg/detail/finished_signal__type_support.h
-- Up-to-date: /home/yasmin-nunes/ros2-path-planning/install/fs_msgs/include/fs_msgs/fs_msgs/msg/detail/go_signal__type_support.h
-- Up-to-date: /home/yasmin-nunes/ros2-path-planning/install/fs_msgs/include/fs_msgs/fs_msgs/msg/detail/extra_info__type_support.h
-- Up-to-date: /home/yasmin-nunes/ros2-path-planning/install/fs_msgs/include/fs_msgs/fs_msgs/msg/detail/cone__functions.c
-- Up-to-date: /home/yasmin-nunes/ros2-path-planning/install/fs_msgs/include/fs_msgs/fs_msgs/msg/detail/wheel_states__functions.h
-- Up-to-date: /home/yasmin-nunes/ros2-path-planning/install/fs_msgs/include/fs_msgs/fs_msgs/msg/detail/go_signal__struct.h
-- Up-to-date: /home/yasmin-nunes/ros2-path-planning/install/fs_msgs/include/fs_msgs/fs_msgs/msg/detail/extra_info__functions.h
-- Up-to-date: /home/yasmin-nunes/ros2-path-planning/install/fs_msgs/include/fs_msgs/fs_msgs/msg/detail/finished_signal__functions.h
-- Up-to-date: /home/yasmin-nunes/ros2-path-planning/install/fs_msgs/include/fs_msgs/fs_msgs/msg/track.h
-- Up-to-date: /home/yasmin-nunes/ros2-path-planning/install/fs_msgs/include/fs_msgs/fs_msgs/msg/control_command.h
-- Up-to-date: /home/yasmin-nunes/ros2-path-planning/install/fs_msgs/share/fs_msgs/environment/library_path.sh
-- Up-to-date: /home/yasmin-nunes/ros2-path-planning/install/fs_msgs/share/fs_msgs/environment/library_path.dsv
-- Up-to-date: /home/yasmin-nunes/ros2-path-planning/install/fs_msgs/lib/libfs_msgs__rosidl_generator_c.so
-- Up-to-date: /home/yasmin-nunes/ros2-path-planning/install/fs_msgs/include/fs_msgs/fs_msgs
-- Up-to-date: /home/yasmin-nunes/ros2-path-planning/install/fs_msgs/include/fs_msgs/fs_msgs/srv
-- Up-to-date: /home/yasmin-nunes/ros2-path-planning/install/fs_msgs/include/fs_msgs/fs_msgs/srv/detail
-- Up-to-date: /home/yasmin-nunes/ros2-path-planning/install/fs_msgs/include/fs_msgs/fs_msgs/srv/detail/reset__rosidl_typesupport_fastrtps_c.h
-- Up-to-date: /home/yasmin-nunes/ros2-path-planning/install/fs_msgs/include/fs_msgs/fs_msgs/msg
-- Up-to-date: /home/yasmin-nunes/ros2-path-planning/install/fs_msgs/include/fs_msgs/fs_msgs/msg/detail
-- Up-to-date: /home/yasmin-nunes/ros2-path-planning/install/fs_msgs/include/fs_msgs/fs_msgs/msg/detail/track__rosidl_typesupport_fastrtps_c.h
-- Up-to-date: /home/yasmin-nunes/ros2-path-planning/install/fs_msgs/include/fs_msgs/fs_msgs/msg/detail/wheel_states__rosidl_typesupport_fastrtps_c.h
-- Up-to-date: /home/yasmin-nunes/ros2-path-planning/install/fs_msgs/include/fs_msgs/fs_msgs/msg/detail/control_command__rosidl_typesupport_fastrtps_c.h
-- Up-to-date: /home/yasmin-nunes/ros2-path-planning/install/fs_msgs/include/fs_msgs/fs_msgs/msg/detail/extra_info__rosidl_typesupport_fastrtps_c.h
-- Up-to-date: /home/yasmin-nunes/ros2-path-planning/install/fs_msgs/include/fs_msgs/fs_msgs/msg/detail/finished_signal__rosidl_typesupport_fastrtps_c.h
-- Up-to-date: /home/yasmin-nunes/ros2-path-planning/install/fs_msgs/include/fs_msgs/fs_msgs/msg/detail/cone__rosidl_typesupport_fastrtps_c.h
-- Up-to-date: /home/yasmin-nunes/ros2-path-planning/install/fs_msgs/include/fs_msgs/fs_msgs/msg/detail/go_signal__rosidl_typesupport_fastrtps_c.h
-- Up-to-date: /home/yasmin-nunes/ros2-path-planning/install/fs_msgs/include/fs_msgs/fs_msgs/msg/rosidl_typesupport_fastrtps_c__visibility_control.h
-- Up-to-date: /home/yasmin-nunes/ros2-path-planning/install/fs_msgs/lib/libfs_msgs__rosidl_typesupport_fastrtps_c.so
-- Up-to-date: /home/yasmin-nunes/ros2-path-planning/install/fs_msgs/include/fs_msgs/fs_msgs
-- Up-to-date: /home/yasmin-nunes/ros2-path-planning/install/fs_msgs/include/fs_msgs/fs_msgs/srv
-- Up-to-date: /home/yasmin-nunes/ros2-path-planning/install/fs_msgs/include/fs_msgs/fs_msgs/srv/reset.hpp
-- Up-to-date: /home/yasmin-nunes/ros2-path-planning/install/fs_msgs/include/fs_msgs/fs_msgs/srv/detail
-- Up-to-date: /home/yasmin-nunes/ros2-path-planning/install/fs_msgs/include/fs_msgs/fs_msgs/srv/detail/reset__builder.hpp
-- Up-to-date: /home/yasmin-nunes/ros2-path-planning/install/fs_msgs/include/fs_msgs/fs_msgs/srv/detail/reset__struct.hpp
-- Up-to-date: /home/yasmin-nunes/ros2-path-planning/install/fs_msgs/include/fs_msgs/fs_msgs/srv/detail/reset__traits.hpp
-- Up-to-date: /home/yasmin-nunes/ros2-path-planning/install/fs_msgs/include/fs_msgs/fs_msgs/msg
-- Up-to-date: /home/yasmin-nunes/ros2-path-planning/install/fs_msgs/include/fs_msgs/fs_msgs/msg/finished_signal.hpp
-- Up-to-date: /home/yasmin-nunes/ros2-path-planning/install/fs_msgs/include/fs_msgs/fs_msgs/msg/wheel_states.hpp
-- Up-to-date: /home/yasmin-nunes/ros2-path-planning/install/fs_msgs/include/fs_msgs/fs_msgs/msg/track.hpp
-- Up-to-date: /home/yasmin-nunes/ros2-path-planning/install/fs_msgs/include/fs_msgs/fs_msgs/msg/go_signal.hpp
-- Up-to-date: /home/yasmin-nunes/ros2-path-planning/install/fs_msgs/include/fs_msgs/fs_msgs/msg/detail
-- Up-to-date: /home/yasmin-nunes/ros2-path-planning/install/fs_msgs/include/fs_msgs/fs_msgs/msg/detail/finished_signal__traits.hpp
-- Up-to-date: /home/yasmin-nunes/ros2-path-planning/install/fs_msgs/include/fs_msgs/fs_msgs/msg/detail/control_command__traits.hpp
-- Up-to-date: /home/yasmin-nunes/ros2-path-planning/install/fs_msgs/include/fs_msgs/fs_msgs/msg/detail/go_signal__struct.hpp
-- Up-to-date: /home/yasmin-nunes/ros2-path-planning/install/fs_msgs/include/fs_msgs/fs_msgs/msg/detail/track__builder.hpp
-- Up-to-date: /home/yasmin-nunes/ros2-path-planning/install/fs_msgs/include/fs_msgs/fs_msgs/msg/detail/cone__struct.hpp
-- Up-to-date: /home/yasmin-nunes/ros2-path-planning/install/fs_msgs/include/fs_msgs/fs_msgs/msg/detail/wheel_states__builder.hpp
-- Up-to-date: /home/yasmin-nunes/ros2-path-planning/install/fs_msgs/include/fs_msgs/fs_msgs/msg/detail/extra_info__builder.hpp
-- Up-to-date: /home/yasmin-nunes/ros2-path-planning/install/fs_msgs/include/fs_msgs/fs_msgs/msg/detail/extra_info__traits.hpp
-- Up-to-date: /home/yasmin-nunes/ros2-path-planning/install/fs_msgs/include/fs_msgs/fs_msgs/msg/detail/cone__builder.hpp
-- Up-to-date: /home/yasmin-nunes/ros2-path-planning/install/fs_msgs/include/fs_msgs/fs_msgs/msg/detail/track__traits.hpp
-- Up-to-date: /home/yasmin-nunes/ros2-path-planning/install/fs_msgs/include/fs_msgs/fs_msgs/msg/detail/go_signal__builder.hpp
-- Up-to-date: /home/yasmin-nunes/ros2-path-planning/install/fs_msgs/include/fs_msgs/fs_msgs/msg/detail/cone__traits.hpp
-- Up-to-date: /home/yasmin-nunes/ros2-path-planning/install/fs_msgs/include/fs_msgs/fs_msgs/msg/detail/finished_signal__struct.hpp
-- Up-to-date: /home/yasmin-nunes/ros2-path-planning/install/fs_msgs/include/fs_msgs/fs_msgs/msg/detail/control_command__builder.hpp
-- Up-to-date: /home/yasmin-nunes/ros2-path-planning/install/fs_msgs/include/fs_msgs/fs_msgs/msg/detail/go_signal__traits.hpp
-- Up-to-date: /home/yasmin-nunes/ros2-path-planning/install/fs_msgs/include/fs_msgs/fs_msgs/msg/detail/wheel_states__struct.hpp
-- Up-to-date: /home/yasmin-nunes/ros2-path-planning/install/fs_msgs/include/fs_msgs/fs_msgs/msg/detail/control_command__struct.hpp
-- Up-to-date: /home/yasmin-nunes/ros2-path-planning/install/fs_msgs/include/fs_msgs/fs_msgs/msg/detail/wheel_states__traits.hpp
-- Up-to-date: /home/yasmin-nunes/ros2-path-planning/install/fs_msgs/include/fs_msgs/fs_msgs/msg/detail/extra_info__struct.hpp
-- Up-to-date: /home/yasmin-nunes/ros2-path-planning/install/fs_msgs/include/fs_msgs/fs_msgs/msg/detail/finished_signal__builder.hpp
-- Up-to-date: /home/yasmin-nunes/ros2-path-planning/install/fs_msgs/include/fs_msgs/fs_msgs/msg/detail/track__struct.hpp
-- Up-to-date: /home/yasmin-nunes/ros2-path-planning/install/fs_msgs/include/fs_msgs/fs_msgs/msg/extra_info.hpp
-- Up-to-date: /home/yasmin-nunes/ros2-path-planning/install/fs_msgs/include/fs_msgs/fs_msgs/msg/cone.hpp
-- Up-to-date: /home/yasmin-nunes/ros2-path-planning/install/fs_msgs/include/fs_msgs/fs_msgs/msg/control_command.hpp
-- Up-to-date: /home/yasmin-nunes/ros2-path-planning/install/fs_msgs/include/fs_msgs/fs_msgs
-- Up-to-date: /home/yasmin-nunes/ros2-path-planning/install/fs_msgs/include/fs_msgs/fs_msgs/srv
-- Up-to-date: /home/yasmin-nunes/ros2-path-planning/install/fs_msgs/include/fs_msgs/fs_msgs/srv/detail
-- Up-to-date: /home/yasmin-nunes/ros2-path-planning/install/fs_msgs/include/fs_msgs/fs_msgs/srv/detail/dds_fastrtps
-- Up-to-date: /home/yasmin-nunes/ros2-path-planning/install/fs_msgs/include/fs_msgs/fs_msgs/srv/detail/reset__rosidl_typesupport_fastrtps_cpp.hpp
-- Up-to-date: /home/yasmin-nunes/ros2-path-planning/install/fs_msgs/include/fs_msgs/fs_msgs/msg
-- Up-to-date: /home/yasmin-nunes/ros2-path-planning/install/fs_msgs/include/fs_msgs/fs_msgs/msg/rosidl_typesupport_fastrtps_cpp__visibility_control.h
-- Up-to-date: /home/yasmin-nunes/ros2-path-planning/install/fs_msgs/include/fs_msgs/fs_msgs/msg/detail
-- Up-to-date: /home/yasmin-nunes/ros2-path-planning/install/fs_msgs/include/fs_msgs/fs_msgs/msg/detail/control_command__rosidl_typesupport_fastrtps_cpp.hpp
-- Up-to-date: /home/yasmin-nunes/ros2-path-planning/install/fs_msgs/include/fs_msgs/fs_msgs/msg/detail/wheel_states__rosidl_typesupport_fastrtps_cpp.hpp
-- Up-to-date: /home/yasmin-nunes/ros2-path-planning/install/fs_msgs/include/fs_msgs/fs_msgs/msg/detail/track__rosidl_typesupport_fastrtps_cpp.hpp
-- Up-to-date: /home/yasmin-nunes/ros2-path-planning/install/fs_msgs/include/fs_msgs/fs_msgs/msg/detail/dds_fastrtps
-- Up-to-date: /home/yasmin-nunes/ros2-path-planning/install/fs_msgs/include/fs_msgs/fs_msgs/msg/detail/cone__rosidl_typesupport_fastrtps_cpp.hpp
-- Up-to-date: /home/yasmin-nunes/ros2-path-planning/install/fs_msgs/include/fs_msgs/fs_msgs/msg/detail/extra_info__rosidl_typesupport_fastrtps_cpp.hpp
-- Up-to-date: /home/yasmin-nunes/ros2-path-planning/install/fs_msgs/include/fs_msgs/fs_msgs/msg/detail/go_signal__rosidl_typesupport_fastrtps_cpp.hpp
-- Up-to-date: /home/yasmin-nunes/ros2-path-planning/install/fs_msgs/include/fs_msgs/fs_msgs/msg/detail/finished_signal__rosidl_typesupport_fastrtps_cpp.hpp
-- Up-to-date: /home/yasmin-nunes/ros2-path-planning/install/fs_msgs/lib/libfs_msgs__rosidl_typesupport_fastrtps_cpp.so
-- Up-to-date: /home/yasmin-nunes/ros2-path-planning/install/fs_msgs/include/fs_msgs/fs_msgs
-- Up-to-date: /home/yasmin-nunes/ros2-path-planning/install/fs_msgs/include/fs_msgs/fs_msgs/srv
-- Up-to-date: /home/yasmin-nunes/ros2-path-planning/install/fs_msgs/include/fs_msgs/fs_msgs/srv/detail
-- Up-to-date: /home/yasmin-nunes/ros2-path-planning/install/fs_msgs/include/fs_msgs/fs_msgs/srv/detail/reset__type_support.c
-- Up-to-date: /home/yasmin-nunes/ros2-path-planning/install/fs_msgs/include/fs_msgs/fs_msgs/srv/detail/reset__rosidl_typesupport_introspection_c.h
-- Up-to-date: /home/yasmin-nunes/ros2-path-planning/install/fs_msgs/include/fs_msgs/fs_msgs/msg
-- Up-to-date: /home/yasmin-nunes/ros2-path-planning/install/fs_msgs/include/fs_msgs/fs_msgs/msg/detail
-- Up-to-date: /home/yasmin-nunes/ros2-path-planning/install/fs_msgs/include/fs_msgs/fs_msgs/msg/detail/wheel_states__type_support.c
-- Up-to-date: /home/yasmin-nunes/ros2-path-planning/install/fs_msgs/include/fs_msgs/fs_msgs/msg/detail/go_signal__type_support.c
-- Up-to-date: /home/yasmin-nunes/ros2-path-planning/install/fs_msgs/include/fs_msgs/fs_msgs/msg/detail/track__type_support.c
-- Up-to-date: /home/yasmin-nunes/ros2-path-planning/install/fs_msgs/include/fs_msgs/fs_msgs/msg/detail/extra_info__rosidl_typesupport_introspection_c.h
-- Up-to-date: /home/yasmin-nunes/ros2-path-planning/install/fs_msgs/include/fs_msgs/fs_msgs/msg/detail/track__rosidl_typesupport_introspection_c.h
-- Up-to-date: /home/yasmin-nunes/ros2-path-planning/install/fs_msgs/include/fs_msgs/fs_msgs/msg/detail/cone__type_support.c
-- Up-to-date: /home/yasmin-nunes/ros2-path-planning/install/fs_msgs/include/fs_msgs/fs_msgs/msg/detail/control_command__type_support.c
-- Up-to-date: /home/yasmin-nunes/ros2-path-planning/install/fs_msgs/include/fs_msgs/fs_msgs/msg/detail/wheel_states__rosidl_typesupport_introspection_c.h
-- Up-to-date: /home/yasmin-nunes/ros2-path-planning/install/fs_msgs/include/fs_msgs/fs_msgs/msg/detail/finished_signal__type_support.c
-- Up-to-date: /home/yasmin-nunes/ros2-path-planning/install/fs_msgs/include/fs_msgs/fs_msgs/msg/detail/go_signal__rosidl_typesupport_introspection_c.h
-- Up-to-date: /home/yasmin-nunes/ros2-path-planning/install/fs_msgs/include/fs_msgs/fs_msgs/msg/detail/extra_info__type_support.c
-- Up-to-date: /home/yasmin-nunes/ros2-path-planning/install/fs_msgs/include/fs_msgs/fs_msgs/msg/detail/finished_signal__rosidl_typesupport_introspection_c.h
-- Up-to-date: /home/yasmin-nunes/ros2-path-planning/install/fs_msgs/include/fs_msgs/fs_msgs/msg/detail/cone__rosidl_typesupport_introspection_c.h
-- Up-to-date: /home/yasmin-nunes/ros2-path-planning/install/fs_msgs/include/fs_msgs/fs_msgs/msg/detail/control_command__rosidl_typesupport_introspection_c.h
-- Up-to-date: /home/yasmin-nunes/ros2-path-planning/install/fs_msgs/include/fs_msgs/fs_msgs/msg/rosidl_typesupport_introspection_c__visibility_control.h
-- Up-to-date: /home/yasmin-nunes/ros2-path-planning/install/fs_msgs/lib/libfs_msgs__rosidl_typesupport_introspection_c.so
-- Up-to-date: /home/yasmin-nunes/ros2-path-planning/install/fs_msgs/lib/libfs_msgs__rosidl_typesupport_c.so
-- Up-to-date: /home/yasmin-nunes/ros2-path-planning/install/fs_msgs/include/fs_msgs/fs_msgs
-- Up-to-date: /home/yasmin-nunes/ros2-path-planning/install/fs_msgs/include/fs_msgs/fs_msgs/srv
-- Up-to-date: /home/yasmin-nunes/ros2-path-planning/install/fs_msgs/include/fs_msgs/fs_msgs/srv/detail
-- Up-to-date: /home/yasmin-nunes/ros2-path-planning/install/fs_msgs/include/fs_msgs/fs_msgs/srv/detail/reset__type_support.cpp
-- Up-to-date: /home/yasmin-nunes/ros2-path-planning/install/fs_msgs/include/fs_msgs/fs_msgs/srv/detail/reset__rosidl_typesupport_introspection_cpp.hpp
-- Up-to-date: /home/yasmin-nunes/ros2-path-planning/install/fs_msgs/include/fs_msgs/fs_msgs/msg
-- Up-to-date: /home/yasmin-nunes/ros2-path-planning/install/fs_msgs/include/fs_msgs/fs_msgs/msg/detail
-- Up-to-date: /home/yasmin-nunes/ros2-path-planning/install/fs_msgs/include/fs_msgs/fs_msgs/msg/detail/cone__type_support.cpp
-- Up-to-date: /home/yasmin-nunes/ros2-path-planning/install/fs_msgs/include/fs_msgs/fs_msgs/msg/detail/go_signal__rosidl_typesupport_introspection_cpp.hpp
-- Up-to-date: /home/yasmin-nunes/ros2-path-planning/install/fs_msgs/include/fs_msgs/fs_msgs/msg/detail/finished_signal__type_support.cpp
-- Up-to-date: /home/yasmin-nunes/ros2-path-planning/install/fs_msgs/include/fs_msgs/fs_msgs/msg/detail/go_signal__type_support.cpp
-- Up-to-date: /home/yasmin-nunes/ros2-path-planning/install/fs_msgs/include/fs_msgs/fs_msgs/msg/detail/wheel_states__type_support.cpp
-- Up-to-date: /home/yasmin-nunes/ros2-path-planning/install/fs_msgs/include/fs_msgs/fs_msgs/msg/detail/extra_info__rosidl_typesupport_introspection_cpp.hpp
-- Up-to-date: /home/yasmin-nunes/ros2-path-planning/install/fs_msgs/include/fs_msgs/fs_msgs/msg/detail/extra_info__type_support.cpp
-- Up-to-date: /home/yasmin-nunes/ros2-path-planning/install/fs_msgs/include/fs_msgs/fs_msgs/msg/detail/cone__rosidl_typesupport_introspection_cpp.hpp
-- Up-to-date: /home/yasmin-nunes/ros2-path-planning/install/fs_msgs/include/fs_msgs/fs_msgs/msg/detail/wheel_states__rosidl_typesupport_introspection_cpp.hpp
-- Up-to-date: /home/yasmin-nunes/ros2-path-planning/install/fs_msgs/include/fs_msgs/fs_msgs/msg/detail/control_command__rosidl_typesupport_introspection_cpp.hpp
-- Up-to-date: /home/yasmin-nunes/ros2-path-planning/install/fs_msgs/include/fs_msgs/fs_msgs/msg/detail/track__type_support.cpp
-- Up-to-date: /home/yasmin-nunes/ros2-path-planning/install/fs_msgs/include/fs_msgs/fs_msgs/msg/detail/control_command__type_support.cpp
-- Up-to-date: /home/yasmin-nunes/ros2-path-planning/install/fs_msgs/include/fs_msgs/fs_msgs/msg/detail/finished_signal__rosidl_typesupport_introspection_cpp.hpp
-- Up-to-date: /home/yasmin-nunes/ros2-path-planning/install/fs_msgs/include/fs_msgs/fs_msgs/msg/detail/track__rosidl_typesupport_introspection_cpp.hpp
-- Up-to-date: /home/yasmin-nunes/ros2-path-planning/install/fs_msgs/lib/libfs_msgs__rosidl_typesupport_introspection_cpp.so
-- Up-to-date: /home/yasmin-nunes/ros2-path-planning/install/fs_msgs/lib/libfs_msgs__rosidl_typesupport_cpp.so
-- Up-to-date: /home/yasmin-nunes/ros2-path-planning/install/fs_msgs/share/fs_msgs/environment/pythonpath.sh
-- Up-to-date: /home/yasmin-nunes/ros2-path-planning/install/fs_msgs/share/fs_msgs/environment/pythonpath.dsv
-- Up-to-date: /home/yasmin-nunes/ros2-path-planning/install/fs_msgs/local/lib/python3.10/dist-packages/fs_msgs-0.1.1-py3.10.egg-info
-- Installing: /home/yasmin-nunes/ros2-path-planning/install/fs_msgs/local/lib/python3.10/dist-packages/fs_msgs-0.1.1-py3.10.egg-info/top_level.txt
-- Installing: /home/yasmin-nunes/ros2-path-planning/install/fs_msgs/local/lib/python3.10/dist-packages/fs_msgs-0.1.1-py3.10.egg-info/SOURCES.txt
-- Installing: /home/yasmin-nunes/ros2-path-planning/install/fs_msgs/local/lib/python3.10/dist-packages/fs_msgs-0.1.1-py3.10.egg-info/dependency_links.txt
-- Installing: /home/yasmin-nunes/ros2-path-planning/install/fs_msgs/local/lib/python3.10/dist-packages/fs_msgs-0.1.1-py3.10.egg-info/PKG-INFO
-- Up-to-date: /home/yasmin-nunes/ros2-path-planning/install/fs_msgs/local/lib/python3.10/dist-packages/fs_msgs
-- Up-to-date: /home/yasmin-nunes/ros2-path-planning/install/fs_msgs/local/lib/python3.10/dist-packages/fs_msgs/fs_msgs_s__rosidl_typesupport_fastrtps_c.cpython-310-x86_64-linux-gnu.so
-- Up-to-date: /home/yasmin-nunes/ros2-path-planning/install/fs_msgs/local/lib/python3.10/dist-packages/fs_msgs/srv
-- Up-to-date: /home/yasmin-nunes/ros2-path-planning/install/fs_msgs/local/lib/python3.10/dist-packages/fs_msgs/srv/_reset.py
-- Up-to-date: /home/yasmin-nunes/ros2-path-planning/install/fs_msgs/local/lib/python3.10/dist-packages/fs_msgs/srv/__init__.py
-- Up-to-date: /home/yasmin-nunes/ros2-path-planning/install/fs_msgs/local/lib/python3.10/dist-packages/fs_msgs/srv/_reset_s.c
-- Up-to-date: /home/yasmin-nunes/ros2-path-planning/install/fs_msgs/local/lib/python3.10/dist-packages/fs_msgs/__init__.py
-- Up-to-date: /home/yasmin-nunes/ros2-path-planning/install/fs_msgs/local/lib/python3.10/dist-packages/fs_msgs/msg
-- Up-to-date: /home/yasmin-nunes/ros2-path-planning/install/fs_msgs/local/lib/python3.10/dist-packages/fs_msgs/msg/_cone_s.c
-- Up-to-date: /home/yasmin-nunes/ros2-path-planning/install/fs_msgs/local/lib/python3.10/dist-packages/fs_msgs/msg/_go_signal_s.c
-- Up-to-date: /home/yasmin-nunes/ros2-path-planning/install/fs_msgs/local/lib/python3.10/dist-packages/fs_msgs/msg/_go_signal.py
-- Up-to-date: /home/yasmin-nunes/ros2-path-planning/install/fs_msgs/local/lib/python3.10/dist-packages/fs_msgs/msg/__init__.py
-- Up-to-date: /home/yasmin-nunes/ros2-path-planning/install/fs_msgs/local/lib/python3.10/dist-packages/fs_msgs/msg/_extra_info.py
-- Up-to-date: /home/yasmin-nunes/ros2-path-planning/install/fs_msgs/local/lib/python3.10/dist-packages/fs_msgs/msg/_track_s.c
-- Up-to-date: /home/yasmin-nunes/ros2-path-planning/install/fs_msgs/local/lib/python3.10/dist-packages/fs_msgs/msg/_cone.py
-- Up-to-date: /home/yasmin-nunes/ros2-path-planning/install/fs_msgs/local/lib/python3.10/dist-packages/fs_msgs/msg/_wheel_states_s.c
-- Up-to-date: /home/yasmin-nunes/ros2-path-planning/install/fs_msgs/local/lib/python3.10/dist-packages/fs_msgs/msg/_extra_info_s.c
-- Up-to-date: /home/yasmin-nunes/ros2-path-planning/install/fs_msgs/local/lib/python3.10/dist-packages/fs_msgs/msg/_finished_signal.py
-- Up-to-date: /home/yasmin-nunes/ros2-path-planning/install/fs_msgs/local/lib/python3.10/dist-packages/fs_msgs/msg/_control_command.py
-- Up-to-date: /home/yasmin-nunes/ros2-path-planning/install/fs_msgs/local/lib/python3.10/dist-packages/fs_msgs/msg/_wheel_states.py
-- Up-to-date: /home/yasmin-nunes/ros2-path-planning/install/fs_msgs/local/lib/python3.10/dist-packages/fs_msgs/msg/_track.py
-- Up-to-date: /home/yasmin-nunes/ros2-path-planning/install/fs_msgs/local/lib/python3.10/dist-packages/fs_msgs/msg/_finished_signal_s.c
-- Up-to-date: /home/yasmin-nunes/ros2-path-planning/install/fs_msgs/local/lib/python3.10/dist-packages/fs_msgs/msg/_control_command_s.c
-- Up-to-date: /home/yasmin-nunes/ros2-path-planning/install/fs_msgs/local/lib/python3.10/dist-packages/fs_msgs/libfs_msgs__rosidl_generator_py.so
-- Up-to-date: /home/yasmin-nunes/ros2-path-planning/install/fs_msgs/local/lib/python3.10/dist-packages/fs_msgs/_fs_msgs_s.ep.rosidl_typesupport_fastrtps_c.c
-- Up-to-date: /home/yasmin-nunes/ros2-path-planning/install/fs_msgs/local/lib/python3.10/dist-packages/fs_msgs/fs_msgs_s__rosidl_typesupport_c.cpython-310-x86_64-linux-gnu.so
-- Up-to-date: /home/yasmin-nunes/ros2-path-planning/install/fs_msgs/local/lib/python3.10/dist-packages/fs_msgs/fs_msgs_s__rosidl_typesupport_introspection_c.cpython-310-x86_64-linux-gnu.so
-- Up-to-date: /home/yasmin-nunes/ros2-path-planning/install/fs_msgs/local/lib/python3.10/dist-packages/fs_msgs/_fs_msgs_s.ep.rosidl_typesupport_c.c
-- Up-to-date: /home/yasmin-nunes/ros2-path-planning/install/fs_msgs/local/lib/python3.10/dist-packages/fs_msgs/_fs_msgs_s.ep.rosidl_typesupport_introspection_c.c
Listing '/home/yasmin-nunes/ros2-path-planning/install/fs_msgs/local/lib/python3.10/dist-packages/fs_msgs'...
Listing '/home/yasmin-nunes/ros2-path-planning/install/fs_msgs/local/lib/python3.10/dist-packages/fs_msgs/msg'...
Listing '/home/yasmin-nunes/ros2-path-planning/install/fs_msgs/local/lib/python3.10/dist-packages/fs_msgs/srv'...
-- Up-to-date: /home/yasmin-nunes/ros2-path-planning/install/fs_msgs/local/lib/python3.10/dist-packages/fs_msgs/fs_msgs_s__rosidl_typesupport_fastrtps_c.cpython-310-x86_64-linux-gnu.so
-- Up-to-date: /home/yasmin-nunes/ros2-path-planning/install/fs_msgs/local/lib/python3.10/dist-packages/fs_msgs/fs_msgs_s__rosidl_typesupport_introspection_c.cpython-310-x86_64-linux-gnu.so
-- Up-to-date: /home/yasmin-nunes/ros2-path-planning/install/fs_msgs/local/lib/python3.10/dist-packages/fs_msgs/fs_msgs_s__rosidl_typesupport_c.cpython-310-x86_64-linux-gnu.so
-- Up-to-date: /home/yasmin-nunes/ros2-path-planning/install/fs_msgs/lib/libfs_msgs__rosidl_generator_py.so
-- Up-to-date: /home/yasmin-nunes/ros2-path-planning/install/fs_msgs/share/fs_msgs/msg/ControlCommand.idl
-- Up-to-date: /home/yasmin-nunes/ros2-path-planning/install/fs_msgs/share/fs_msgs/msg/FinishedSignal.idl
-- Up-to-date: /home/yasmin-nunes/ros2-path-planning/install/fs_msgs/share/fs_msgs/msg/GoSignal.idl
-- Up-to-date: /home/yasmin-nunes/ros2-path-planning/install/fs_msgs/share/fs_msgs/msg/Track.idl
-- Up-to-date: /home/yasmin-nunes/ros2-path-planning/install/fs_msgs/share/fs_msgs/msg/Cone.idl
-- Up-to-date: /home/yasmin-nunes/ros2-path-planning/install/fs_msgs/share/fs_msgs/msg/ExtraInfo.idl
-- Up-to-date: /home/yasmin-nunes/ros2-path-planning/install/fs_msgs/share/fs_msgs/msg/WheelStates.idl
-- Up-to-date: /home/yasmin-nunes/ros2-path-planning/install/fs_msgs/share/fs_msgs/srv/Reset.idl
-- Up-to-date: /home/yasmin-nunes/ros2-path-planning/install/fs_msgs/share/fs_msgs/msg/ControlCommand.msg
-- Up-to-date: /home/yasmin-nunes/ros2-path-planning/install/fs_msgs/share/fs_msgs/msg/FinishedSignal.msg
-- Up-to-date: /home/yasmin-nunes/ros2-path-planning/install/fs_msgs/share/fs_msgs/msg/GoSignal.msg
-- Up-to-date: /home/yasmin-nunes/ros2-path-planning/install/fs_msgs/share/fs_msgs/msg/Track.msg
-- Up-to-date: /home/yasmin-nunes/ros2-path-planning/install/fs_msgs/share/fs_msgs/msg/Cone.msg
-- Up-to-date: /home/yasmin-nunes/ros2-path-planning/install/fs_msgs/share/fs_msgs/msg/ExtraInfo.msg
-- Up-to-date: /home/yasmin-nunes/ros2-path-planning/install/fs_msgs/share/fs_msgs/msg/WheelStates.msg
-- Up-to-date: /home/yasmin-nunes/ros2-path-planning/install/fs_msgs/share/fs_msgs/srv/Reset.srv
-- Up-to-date: /home/yasmin-nunes/ros2-path-planning/install/fs_msgs/share/fs_msgs/srv/Reset_Request.msg
-- Up-to-date: /home/yasmin-nunes/ros2-path-planning/install/fs_msgs/share/fs_msgs/srv/Reset_Response.msg
-- Up-to-date: /home/yasmin-nunes/ros2-path-planning/install/fs_msgs/share/ament_index/resource_index/package_run_dependencies/fs_msgs
-- Up-to-date: /home/yasmin-nunes/ros2-path-planning/install/fs_msgs/share/ament_index/resource_index/parent_prefix_path/fs_msgs
-- Up-to-date: /home/yasmin-nunes/ros2-path-planning/install/fs_msgs/share/fs_msgs/environment/ament_prefix_path.sh
-- Up-to-date: /home/yasmin-nunes/ros2-path-planning/install/fs_msgs/share/fs_msgs/environment/ament_prefix_path.dsv
-- Up-to-date: /home/yasmin-nunes/ros2-path-planning/install/fs_msgs/share/fs_msgs/environment/path.sh
-- Up-to-date: /home/yasmin-nunes/ros2-path-planning/install/fs_msgs/share/fs_msgs/environment/path.dsv
-- Up-to-date: /home/yasmin-nunes/ros2-path-planning/install/fs_msgs/share/fs_msgs/local_setup.bash
-- Up-to-date: /home/yasmin-nunes/ros2-path-planning/install/fs_msgs/share/fs_msgs/local_setup.sh
-- Up-to-date: /home/yasmin-nunes/ros2-path-planning/install/fs_msgs/share/fs_msgs/local_setup.zsh
-- Up-to-date: /home/yasmin-nunes/ros2-path-planning/install/fs_msgs/share/fs_msgs/local_setup.dsv
-- Installing: /home/yasmin-nunes/ros2-path-planning/install/fs_msgs/share/fs_msgs/package.dsv
-- Up-to-date: /home/yasmin-nunes/ros2-path-planning/install/fs_msgs/share/ament_index/resource_index/packages/fs_msgs
-- Up-to-date: /home/yasmin-nunes/ros2-path-planning/install/fs_msgs/share/fs_msgs/cmake/export_fs_msgs__rosidl_generator_cExport.cmake
-- Up-to-date: /home/yasmin-nunes/ros2-path-planning/install/fs_msgs/share/fs_msgs/cmake/export_fs_msgs__rosidl_generator_cExport-noconfig.cmake
-- Up-to-date: /home/yasmin-nunes/ros2-path-planning/install/fs_msgs/share/fs_msgs/cmake/export_fs_msgs__rosidl_typesupport_fastrtps_cExport.cmake
-- Up-to-date: /home/yasmin-nunes/ros2-path-planning/install/fs_msgs/share/fs_msgs/cmake/export_fs_msgs__rosidl_typesupport_fastrtps_cExport-noconfig.cmake
-- Up-to-date: /home/yasmin-nunes/ros2-path-planning/install/fs_msgs/share/fs_msgs/cmake/export_fs_msgs__rosidl_generator_cppExport.cmake
-- Up-to-date: /home/yasmin-nunes/ros2-path-planning/install/fs_msgs/share/fs_msgs/cmake/export_fs_msgs__rosidl_typesupport_fastrtps_cppExport.cmake
-- Up-to-date: /home/yasmin-nunes/ros2-path-planning/install/fs_msgs/share/fs_msgs/cmake/export_fs_msgs__rosidl_typesupport_fastrtps_cppExport-noconfig.cmake
-- Up-to-date: /home/yasmin-nunes/ros2-path-planning/install/fs_msgs/share/fs_msgs/cmake/fs_msgs__rosidl_typesupport_introspection_cExport.cmake
-- Up-to-date: /home/yasmin-nunes/ros2-path-planning/install/fs_msgs/share/fs_msgs/cmake/fs_msgs__rosidl_typesupport_introspection_cExport-noconfig.cmake
-- Up-to-date: /home/yasmin-nunes/ros2-path-planning/install/fs_msgs/share/fs_msgs/cmake/fs_msgs__rosidl_typesupport_cExport.cmake
-- Up-to-date: /home/yasmin-nunes/ros2-path-planning/install/fs_msgs/share/fs_msgs/cmake/fs_msgs__rosidl_typesupport_cExport-noconfig.cmake
-- Up-to-date: /home/yasmin-nunes/ros2-path-planning/install/fs_msgs/share/fs_msgs/cmake/fs_msgs__rosidl_typesupport_introspection_cppExport.cmake
-- Up-to-date: /home/yasmin-nunes/ros2-path-planning/install/fs_msgs/share/fs_msgs/cmake/fs_msgs__rosidl_typesupport_introspection_cppExport-noconfig.cmake
-- Up-to-date: /home/yasmin-nunes/ros2-path-planning/install/fs_msgs/share/fs_msgs/cmake/fs_msgs__rosidl_typesupport_cppExport.cmake
-- Up-to-date: /home/yasmin-nunes/ros2-path-planning/install/fs_msgs/share/fs_msgs/cmake/fs_msgs__rosidl_typesupport_cppExport-noconfig.cmake
-- Up-to-date: /home/yasmin-nunes/ros2-path-planning/install/fs_msgs/share/fs_msgs/cmake/export_fs_msgs__rosidl_generator_pyExport.cmake
-- Up-to-date: /home/yasmin-nunes/ros2-path-planning/install/fs_msgs/share/fs_msgs/cmake/export_fs_msgs__rosidl_generator_pyExport-noconfig.cmake
-- Up-to-date: /home/yasmin-nunes/ros2-path-planning/install/fs_msgs/share/fs_msgs/cmake/rosidl_cmake-extras.cmake
-- Up-to-date: /home/yasmin-nunes/ros2-path-planning/install/fs_msgs/share/fs_msgs/cmake/ament_cmake_export_dependencies-extras.cmake
-- Up-to-date: /home/yasmin-nunes/ros2-path-planning/install/fs_msgs/share/fs_msgs/cmake/ament_cmake_export_include_directories-extras.cmake
-- Up-to-date: /home/yasmin-nunes/ros2-path-planning/install/fs_msgs/share/fs_msgs/cmake/ament_cmake_export_libraries-extras.cmake
-- Up-to-date: /home/yasmin-nunes/ros2-path-planning/install/fs_msgs/share/fs_msgs/cmake/ament_cmake_export_targets-extras.cmake
-- Up-to-date: /home/yasmin-nunes/ros2-path-planning/install/fs_msgs/share/fs_msgs/cmake/rosidl_cmake_export_typesupport_targets-extras.cmake
-- Up-to-date: /home/yasmin-nunes/ros2-path-planning/install/fs_msgs/share/fs_msgs/cmake/rosidl_cmake_export_typesupport_libraries-extras.cmake
-- Up-to-date: /home/yasmin-nunes/ros2-path-planning/install/fs_msgs/share/fs_msgs/cmake/fs_msgsConfig.cmake
-- Up-to-date: /home/yasmin-nunes/ros2-path-planning/install/fs_msgs/share/fs_msgs/cmake/fs_msgsConfig-version.cmake
-- Up-to-date: /home/yasmin-nunes/ros2-path-planning/install/fs_msgs/share/fs_msgs/package.xml
