[0.018s] Invoking command in '/home/yasmin-nunes/ros2-path-planning/build/ros2_path_planning': CMAKE_PREFIX_PATH=${CMAKE_PREFIX_PATH}:/opt/ros/humble /usr/bin/cmake --build /home/yasmin-nunes/ros2-path-planning/build/ros2_path_planning -- -j4 -l4
[0.044s] -- Found ament_cmake: 1.3.10 (/opt/ros/humble/share/ament_cmake/cmake)
[0.193s] -- Found nav_msgs: 4.2.4 (/opt/ros/humble/share/nav_msgs/cmake)
[0.225s] -- Found rosidl_generator_c: 3.1.5 (/opt/ros/humble/share/rosidl_generator_c/cmake)
[0.228s] -- Found rosidl_adapter: 3.1.5 (/opt/ros/humble/share/rosidl_adapter/cmake)
[0.236s] -- Found rosidl_generator_cpp: 3.1.5 (/opt/ros/humble/share/rosidl_generator_cpp/cmake)
[0.248s] -- Using all available rosidl_typesupport_c: rosidl_typesupport_fastrtps_c;rosidl_typesupport_introspection_c
[0.263s] -- Using all available rosidl_typesupport_cpp: rosidl_typesupport_fastrtps_cpp;rosidl_typesupport_introspection_cpp
[0.352s] [31mCMake Error at CMakeLists.txt:12 (find_package):
[0.352s]   By not providing "Findtf_transformations.cmake" in CMAKE_MODULE_PATH this
[0.352s]   project has asked CMake to find a package configuration file provided by
[0.352s]   "tf_transformations", but CMake did not find one.
[0.352s] 
[0.352s]   Could not find a package configuration file provided by
[0.352s]   "tf_transformations" with any of the following names:
[0.352s] 
[0.353s]     tf_transformationsConfig.cmake
[0.353s]     tf_transformations-config.cmake
[0.353s] 
[0.353s]   Add the installation prefix of "tf_transformations" to CMAKE_PREFIX_PATH or
[0.353s]   set "tf_transformations_DIR" to a directory containing one of the above
[0.353s]   files.  If "tf_transformations" provides a separate development package or
[0.353s]   SDK, be sure it has been installed.
[0.353s] 
[0.353s] [0m
[0.353s] -- Configuring incomplete, errors occurred!
[0.354s] See also "/home/yasmin-nunes/ros2-path-planning/build/ros2_path_planning/CMakeFiles/CMakeOutput.log".
[0.356s] gmake: *** [Makefile:226: cmake_check_build_system] Error 1
[0.359s] Invoked command in '/home/yasmin-nunes/ros2-path-planning/build/ros2_path_planning' returned '2': CMAKE_PREFIX_PATH=${CMAKE_PREFIX_PATH}:/opt/ros/humble /usr/bin/cmake --build /home/yasmin-nunes/ros2-path-planning/build/ros2_path_planning -- -j4 -l4
