[0.018s] Invoking command in '/home/yasmin-nunes/ros2-path-planning/build/fs_msgs': CMAKE_PREFIX_PATH=${CMAKE_PREFIX_PATH}:/opt/ros/humble /usr/bin/cmake --build /home/yasmin-nunes/ros2-path-planning/build/fs_msgs -- -j4 -l4
[0.068s] [  1%] [34m[1mGenerating C code for ROS interfaces[0m
[0.085s] [  2%] [34m[1mGenerating C++ code for ROS interfaces[0m
[0.086s] [  2%] Built target ament_cmake_python_copy_fs_msgs
[0.563s] running egg_info
[0.564s] creating fs_msgs.egg-info
[0.565s] writing fs_msgs.egg-info/PKG-INFO
[0.565s] writing dependency_links to fs_msgs.egg-info/dependency_links.txt
[0.565s] writing top-level names to fs_msgs.egg-info/top_level.txt
[0.565s] writing manifest file 'fs_msgs.egg-info/SOURCES.txt'
[0.592s] reading manifest file 'fs_msgs.egg-info/SOURCES.txt'
[0.594s] writing manifest file 'fs_msgs.egg-info/SOURCES.txt'
[0.640s] [  2%] Built target ament_cmake_python_build_fs_msgs_egg
[1.384s] [  3%] [32mBuilding C object CMakeFiles/fs_msgs__rosidl_generator_c.dir/rosidl_generator_c/fs_msgs/msg/detail/control_command__functions.c.o[0m
[1.385s] [  4%] [32mBuilding C object CMakeFiles/fs_msgs__rosidl_generator_c.dir/rosidl_generator_c/fs_msgs/msg/detail/finished_signal__functions.c.o[0m
[1.388s] [  5%] [32mBuilding C object CMakeFiles/fs_msgs__rosidl_generator_c.dir/rosidl_generator_c/fs_msgs/msg/detail/go_signal__functions.c.o[0m
[1.429s] [  5%] Built target fs_msgs__cpp
[1.439s] [  6%] [32mBuilding C object CMakeFiles/fs_msgs__rosidl_generator_c.dir/rosidl_generator_c/fs_msgs/msg/detail/track__functions.c.o[0m
[2.590s] [  8%] [34m[1mGenerating C++ type support dispatch for ROS interfaces[0m
[2.596s] [  9%] [32mBuilding C object CMakeFiles/fs_msgs__rosidl_generator_c.dir/rosidl_generator_c/fs_msgs/msg/detail/extra_info__functions.c.o[0m
[2.597s] [ 11%] [34m[1mGenerating C++ type support for eProsima Fast-RTPS[0m
[2.597s] [ 11%] [32mBuilding C object CMakeFiles/fs_msgs__rosidl_generator_c.dir/rosidl_generator_c/fs_msgs/msg/detail/cone__functions.c.o[0m
[2.768s] [ 12%] [34m[1mGenerating C++ introspection for ROS interfaces[0m
[2.772s] [ 13%] [32mBuilding C object CMakeFiles/fs_msgs__rosidl_generator_c.dir/rosidl_generator_c/fs_msgs/msg/detail/wheel_states__functions.c.o[0m
[2.868s] [ 14%] [32mBuilding C object CMakeFiles/fs_msgs__rosidl_generator_c.dir/rosidl_generator_c/fs_msgs/srv/detail/reset__functions.c.o[0m
[2.972s] [ 16%] [32m[1mLinking C shared library libfs_msgs__rosidl_generator_c.so[0m
[3.491s] [ 16%] Built target fs_msgs__rosidl_generator_c
[3.508s] [ 17%] [34m[1mGenerating C type support for eProsima Fast-RTPS[0m
[3.886s] [ 18%] [32mBuilding CXX object CMakeFiles/fs_msgs__rosidl_typesupport_cpp.dir/rosidl_typesupport_cpp/fs_msgs/msg/control_command__type_support.cpp.o[0m
[4.222s] [ 19%] [32mBuilding CXX object CMakeFiles/fs_msgs__rosidl_typesupport_introspection_cpp.dir/rosidl_typesupport_introspection_cpp/fs_msgs/msg/detail/control_command__type_support.cpp.o[0m
[4.422s] [ 20%] [32mBuilding CXX object CMakeFiles/fs_msgs__rosidl_typesupport_fastrtps_cpp.dir/rosidl_typesupport_fastrtps_cpp/fs_msgs/msg/detail/dds_fastrtps/control_command__type_support.cpp.o[0m
[4.948s] [ 21%] [32mBuilding CXX object CMakeFiles/fs_msgs__rosidl_typesupport_fastrtps_c.dir/rosidl_typesupport_fastrtps_c/fs_msgs/msg/detail/control_command__type_support_c.cpp.o[0m
[5.545s] [ 22%] [32mBuilding CXX object CMakeFiles/fs_msgs__rosidl_typesupport_cpp.dir/rosidl_typesupport_cpp/fs_msgs/msg/finished_signal__type_support.cpp.o[0m
[5.708s] [ 24%] [32mBuilding CXX object CMakeFiles/fs_msgs__rosidl_typesupport_fastrtps_c.dir/rosidl_typesupport_fastrtps_c/fs_msgs/msg/detail/finished_signal__type_support_c.cpp.o[0m
[5.737s] [ 25%] [32mBuilding CXX object CMakeFiles/fs_msgs__rosidl_typesupport_introspection_cpp.dir/rosidl_typesupport_introspection_cpp/fs_msgs/msg/detail/finished_signal__type_support.cpp.o[0m
[5.743s] [ 26%] [32mBuilding CXX object CMakeFiles/fs_msgs__rosidl_typesupport_fastrtps_cpp.dir/rosidl_typesupport_fastrtps_cpp/fs_msgs/msg/detail/dds_fastrtps/finished_signal__type_support.cpp.o[0m
[6.091s] [ 27%] [32mBuilding CXX object CMakeFiles/fs_msgs__rosidl_typesupport_cpp.dir/rosidl_typesupport_cpp/fs_msgs/msg/go_signal__type_support.cpp.o[0m
[6.364s] [ 28%] [32mBuilding CXX object CMakeFiles/fs_msgs__rosidl_typesupport_fastrtps_c.dir/rosidl_typesupport_fastrtps_c/fs_msgs/msg/detail/go_signal__type_support_c.cpp.o[0m
[6.582s] [ 29%] [32mBuilding CXX object CMakeFiles/fs_msgs__rosidl_typesupport_fastrtps_cpp.dir/rosidl_typesupport_fastrtps_cpp/fs_msgs/msg/detail/dds_fastrtps/go_signal__type_support.cpp.o[0m
[6.587s] [ 31%] [32mBuilding CXX object CMakeFiles/fs_msgs__rosidl_typesupport_introspection_cpp.dir/rosidl_typesupport_introspection_cpp/fs_msgs/msg/detail/go_signal__type_support.cpp.o[0m
[6.628s] [ 32%] [32mBuilding CXX object CMakeFiles/fs_msgs__rosidl_typesupport_cpp.dir/rosidl_typesupport_cpp/fs_msgs/msg/track__type_support.cpp.o[0m
[7.048s] [ 33%] [32mBuilding CXX object CMakeFiles/fs_msgs__rosidl_typesupport_fastrtps_c.dir/rosidl_typesupport_fastrtps_c/fs_msgs/msg/detail/track__type_support_c.cpp.o[0m
[7.189s] [ 34%] [32mBuilding CXX object CMakeFiles/fs_msgs__rosidl_typesupport_cpp.dir/rosidl_typesupport_cpp/fs_msgs/msg/cone__type_support.cpp.o[0m
[7.419s] [ 35%] [32mBuilding CXX object CMakeFiles/fs_msgs__rosidl_typesupport_fastrtps_cpp.dir/rosidl_typesupport_fastrtps_cpp/fs_msgs/msg/detail/dds_fastrtps/track__type_support.cpp.o[0m
[7.431s] [ 36%] [32mBuilding CXX object CMakeFiles/fs_msgs__rosidl_typesupport_introspection_cpp.dir/rosidl_typesupport_introspection_cpp/fs_msgs/msg/detail/track__type_support.cpp.o[0m
[7.727s] [ 37%] [32mBuilding CXX object CMakeFiles/fs_msgs__rosidl_typesupport_fastrtps_c.dir/rosidl_typesupport_fastrtps_c/fs_msgs/msg/detail/cone__type_support_c.cpp.o[0m
[7.793s] [ 39%] [32mBuilding CXX object CMakeFiles/fs_msgs__rosidl_typesupport_cpp.dir/rosidl_typesupport_cpp/fs_msgs/msg/extra_info__type_support.cpp.o[0m
[8.324s] [ 41%] [32mBuilding CXX object CMakeFiles/fs_msgs__rosidl_typesupport_introspection_cpp.dir/rosidl_typesupport_introspection_cpp/fs_msgs/msg/detail/cone__type_support.cpp.o[0m
[8.326s] [ 41%] [32mBuilding CXX object CMakeFiles/fs_msgs__rosidl_typesupport_fastrtps_cpp.dir/rosidl_typesupport_fastrtps_cpp/fs_msgs/msg/detail/dds_fastrtps/cone__type_support.cpp.o[0m
[8.355s] [ 42%] [32mBuilding CXX object CMakeFiles/fs_msgs__rosidl_typesupport_cpp.dir/rosidl_typesupport_cpp/fs_msgs/msg/wheel_states__type_support.cpp.o[0m
[8.433s] [ 43%] [32mBuilding CXX object CMakeFiles/fs_msgs__rosidl_typesupport_fastrtps_c.dir/rosidl_typesupport_fastrtps_c/fs_msgs/msg/detail/extra_info__type_support_c.cpp.o[0m
[8.944s] [ 44%] [32mBuilding CXX object CMakeFiles/fs_msgs__rosidl_typesupport_cpp.dir/rosidl_typesupport_cpp/fs_msgs/srv/reset__type_support.cpp.o[0m
[9.088s] [ 45%] [32mBuilding CXX object CMakeFiles/fs_msgs__rosidl_typesupport_fastrtps_c.dir/rosidl_typesupport_fastrtps_c/fs_msgs/msg/detail/wheel_states__type_support_c.cpp.o[0m
[9.135s] [ 47%] [32mBuilding CXX object CMakeFiles/fs_msgs__rosidl_typesupport_introspection_cpp.dir/rosidl_typesupport_introspection_cpp/fs_msgs/msg/detail/extra_info__type_support.cpp.o[0m
[9.173s] [ 48%] [32mBuilding CXX object CMakeFiles/fs_msgs__rosidl_typesupport_fastrtps_cpp.dir/rosidl_typesupport_fastrtps_cpp/fs_msgs/msg/detail/dds_fastrtps/extra_info__type_support.cpp.o[0m
[9.523s] [ 49%] [32m[1mLinking CXX shared library libfs_msgs__rosidl_typesupport_cpp.so[0m
[9.670s] [ 49%] Built target fs_msgs__rosidl_typesupport_cpp
[9.682s] [ 50%] [32mBuilding CXX object CMakeFiles/fs_msgs__rosidl_typesupport_introspection_cpp.dir/rosidl_typesupport_introspection_cpp/fs_msgs/msg/detail/wheel_states__type_support.cpp.o[0m
[9.781s] [ 51%] [32mBuilding CXX object CMakeFiles/fs_msgs__rosidl_typesupport_fastrtps_c.dir/rosidl_typesupport_fastrtps_c/fs_msgs/srv/detail/reset__type_support_c.cpp.o[0m
[9.987s] [ 52%] [32mBuilding CXX object CMakeFiles/fs_msgs__rosidl_typesupport_fastrtps_cpp.dir/rosidl_typesupport_fastrtps_cpp/fs_msgs/msg/detail/dds_fastrtps/wheel_states__type_support.cpp.o[0m
[10.069s] [ 54%] [32mBuilding CXX object CMakeFiles/fs_msgs__rosidl_typesupport_fastrtps_cpp.dir/rosidl_typesupport_fastrtps_cpp/fs_msgs/srv/detail/dds_fastrtps/reset__type_support.cpp.o[0m
[10.495s] [ 55%] [32mBuilding CXX object CMakeFiles/fs_msgs__rosidl_typesupport_introspection_cpp.dir/rosidl_typesupport_introspection_cpp/fs_msgs/srv/detail/reset__type_support.cpp.o[0m
[10.569s] [ 56%] [32m[1mLinking CXX shared library libfs_msgs__rosidl_typesupport_fastrtps_c.so[0m
[10.782s] [ 57%] [34m[1mGenerating C introspection for ROS interfaces[0m
[10.808s] [ 57%] Built target fs_msgs__rosidl_typesupport_fastrtps_c
[10.829s] [ 58%] [34m[1mGenerating C type support dispatch for ROS interfaces[0m
[10.961s] [ 59%] [32m[1mLinking CXX shared library libfs_msgs__rosidl_typesupport_fastrtps_cpp.so[0m
[11.160s] [ 59%] Built target fs_msgs__rosidl_typesupport_fastrtps_cpp
[11.357s] [ 60%] [32m[1mLinking CXX shared library libfs_msgs__rosidl_typesupport_introspection_cpp.so[0m
[11.540s] [ 60%] Built target fs_msgs__rosidl_typesupport_introspection_cpp
[11.772s] [ 62%] [32mBuilding CXX object CMakeFiles/fs_msgs__rosidl_typesupport_c.dir/rosidl_typesupport_c/fs_msgs/msg/finished_signal__type_support.cpp.o[0m
[11.772s] [ 63%] [32mBuilding CXX object CMakeFiles/fs_msgs__rosidl_typesupport_c.dir/rosidl_typesupport_c/fs_msgs/msg/go_signal__type_support.cpp.o[0m
[11.772s] [ 64%] [32mBuilding CXX object CMakeFiles/fs_msgs__rosidl_typesupport_c.dir/rosidl_typesupport_c/fs_msgs/msg/control_command__type_support.cpp.o[0m
[11.919s] [ 66%] [32mBuilding CXX object CMakeFiles/fs_msgs__rosidl_typesupport_c.dir/rosidl_typesupport_c/fs_msgs/msg/cone__type_support.cpp.o[0m
[11.919s] [ 66%] [32mBuilding CXX object CMakeFiles/fs_msgs__rosidl_typesupport_c.dir/rosidl_typesupport_c/fs_msgs/msg/track__type_support.cpp.o[0m
[11.928s] [ 67%] [32mBuilding CXX object CMakeFiles/fs_msgs__rosidl_typesupport_c.dir/rosidl_typesupport_c/fs_msgs/msg/extra_info__type_support.cpp.o[0m
[11.974s] [ 68%] [32mBuilding CXX object CMakeFiles/fs_msgs__rosidl_typesupport_c.dir/rosidl_typesupport_c/fs_msgs/msg/wheel_states__type_support.cpp.o[0m
[11.977s] [ 70%] [32mBuilding CXX object CMakeFiles/fs_msgs__rosidl_typesupport_c.dir/rosidl_typesupport_c/fs_msgs/srv/reset__type_support.cpp.o[0m
[12.042s] [ 71%] [32m[1mLinking CXX shared library libfs_msgs__rosidl_typesupport_c.so[0m
[12.093s] [ 73%] [32mBuilding C object CMakeFiles/fs_msgs__rosidl_typesupport_introspection_c.dir/rosidl_typesupport_introspection_c/fs_msgs/msg/detail/control_command__type_support.c.o[0m
[12.096s] [ 73%] [32mBuilding C object CMakeFiles/fs_msgs__rosidl_typesupport_introspection_c.dir/rosidl_typesupport_introspection_c/fs_msgs/msg/detail/finished_signal__type_support.c.o[0m
[12.098s] [ 74%] [32mBuilding C object CMakeFiles/fs_msgs__rosidl_typesupport_introspection_c.dir/rosidl_typesupport_introspection_c/fs_msgs/msg/detail/go_signal__type_support.c.o[0m
[12.147s] [ 74%] Built target fs_msgs__rosidl_typesupport_c
[12.157s] [ 75%] [32mBuilding C object CMakeFiles/fs_msgs__rosidl_typesupport_introspection_c.dir/rosidl_typesupport_introspection_c/fs_msgs/msg/detail/track__type_support.c.o[0m
[12.188s] [ 77%] [32mBuilding C object CMakeFiles/fs_msgs__rosidl_typesupport_introspection_c.dir/rosidl_typesupport_introspection_c/fs_msgs/msg/detail/cone__type_support.c.o[0m
[12.195s] [ 78%] [32mBuilding C object CMakeFiles/fs_msgs__rosidl_typesupport_introspection_c.dir/rosidl_typesupport_introspection_c/fs_msgs/msg/detail/extra_info__type_support.c.o[0m
[12.215s] [ 79%] [32mBuilding C object CMakeFiles/fs_msgs__rosidl_typesupport_introspection_c.dir/rosidl_typesupport_introspection_c/fs_msgs/msg/detail/wheel_states__type_support.c.o[0m
[12.235s] [ 80%] [32mBuilding C object CMakeFiles/fs_msgs__rosidl_typesupport_introspection_c.dir/rosidl_typesupport_introspection_c/fs_msgs/srv/detail/reset__type_support.c.o[0m
[12.292s] [ 81%] [32m[1mLinking C shared library libfs_msgs__rosidl_typesupport_introspection_c.so[0m
[12.348s] [ 81%] Built target fs_msgs__rosidl_typesupport_introspection_c
[12.372s] [ 81%] Built target fs_msgs
[12.395s] [ 82%] [34m[1mGenerating Python code for ROS interfaces[0m
[13.908s] [ 82%] Built target fs_msgs__py
[13.939s] [ 83%] [32mBuilding C object CMakeFiles/fs_msgs__rosidl_generator_py.dir/rosidl_generator_py/fs_msgs/msg/_go_signal_s.c.o[0m
[13.939s] [ 85%] [32mBuilding C object CMakeFiles/fs_msgs__rosidl_generator_py.dir/rosidl_generator_py/fs_msgs/msg/_control_command_s.c.o[0m
[13.940s] [ 87%] [32mBuilding C object CMakeFiles/fs_msgs__rosidl_generator_py.dir/rosidl_generator_py/fs_msgs/msg/_track_s.c.o[0m
[13.941s] [ 87%] [32mBuilding C object CMakeFiles/fs_msgs__rosidl_generator_py.dir/rosidl_generator_py/fs_msgs/msg/_finished_signal_s.c.o[0m
[14.692s] [ 88%] [32mBuilding C object CMakeFiles/fs_msgs__rosidl_generator_py.dir/rosidl_generator_py/fs_msgs/msg/_cone_s.c.o[0m
[14.712s] [ 89%] [32mBuilding C object CMakeFiles/fs_msgs__rosidl_generator_py.dir/rosidl_generator_py/fs_msgs/msg/_extra_info_s.c.o[0m
[14.713s] [ 90%] [32mBuilding C object CMakeFiles/fs_msgs__rosidl_generator_py.dir/rosidl_generator_py/fs_msgs/msg/_wheel_states_s.c.o[0m
[14.734s] [ 91%] [32mBuilding C object CMakeFiles/fs_msgs__rosidl_generator_py.dir/rosidl_generator_py/fs_msgs/srv/_reset_s.c.o[0m
[15.117s] [ 93%] [32m[1mLinking C shared library rosidl_generator_py/fs_msgs/libfs_msgs__rosidl_generator_py.so[0m
[15.597s] [ 93%] Built target fs_msgs__rosidl_generator_py
[15.638s] [ 94%] [32mBuilding C object CMakeFiles/fs_msgs__rosidl_typesupport_c__pyext.dir/rosidl_generator_py/fs_msgs/_fs_msgs_s.ep.rosidl_typesupport_c.c.o[0m
[15.638s] [ 95%] [32mBuilding C object CMakeFiles/fs_msgs__rosidl_typesupport_fastrtps_c__pyext.dir/rosidl_generator_py/fs_msgs/_fs_msgs_s.ep.rosidl_typesupport_fastrtps_c.c.o[0m
[15.648s] [ 96%] [32mBuilding C object CMakeFiles/fs_msgs__rosidl_typesupport_introspection_c__pyext.dir/rosidl_generator_py/fs_msgs/_fs_msgs_s.ep.rosidl_typesupport_introspection_c.c.o[0m
[16.099s] [ 97%] [32m[1mLinking C shared library rosidl_generator_py/fs_msgs/fs_msgs_s__rosidl_typesupport_fastrtps_c.cpython-310-x86_64-linux-gnu.so[0m
[16.101s] [ 98%] [32m[1mLinking C shared library rosidl_generator_py/fs_msgs/fs_msgs_s__rosidl_typesupport_introspection_c.cpython-310-x86_64-linux-gnu.so[0m
[16.106s] [100%] [32m[1mLinking C shared library rosidl_generator_py/fs_msgs/fs_msgs_s__rosidl_typesupport_c.cpython-310-x86_64-linux-gnu.so[0m
[16.188s] [100%] Built target fs_msgs__rosidl_typesupport_introspection_c__pyext
[16.195s] [100%] Built target fs_msgs__rosidl_typesupport_c__pyext
[16.207s] [100%] Built target fs_msgs__rosidl_typesupport_fastrtps_c__pyext
[16.225s] Invoked command in '/home/yasmin-nunes/ros2-path-planning/build/fs_msgs' returned '0': CMAKE_PREFIX_PATH=${CMAKE_PREFIX_PATH}:/opt/ros/humble /usr/bin/cmake --build /home/yasmin-nunes/ros2-path-planning/build/fs_msgs -- -j4 -l4
[16.508s] Invoking command in '/home/yasmin-nunes/ros2-path-planning/build/fs_msgs': CMAKE_PREFIX_PATH=${CMAKE_PREFIX_PATH}:/opt/ros/humble /usr/bin/cmake --install /home/yasmin-nunes/ros2-path-planning/build/fs_msgs
[16.518s] -- Install configuration: ""
[16.518s] -- Installing: /home/yasmin-nunes/ros2-path-planning/install/fs_msgs/share/ament_index/resource_index/rosidl_interfaces/fs_msgs
[16.519s] -- Installing: /home/yasmin-nunes/ros2-path-planning/install/fs_msgs/include/fs_msgs/fs_msgs
[16.519s] -- Installing: /home/yasmin-nunes/ros2-path-planning/install/fs_msgs/include/fs_msgs/fs_msgs/srv
[16.519s] -- Installing: /home/yasmin-nunes/ros2-path-planning/install/fs_msgs/include/fs_msgs/fs_msgs/srv/reset.h
[16.520s] -- Installing: /home/yasmin-nunes/ros2-path-planning/install/fs_msgs/include/fs_msgs/fs_msgs/srv/detail
[16.520s] -- Installing: /home/yasmin-nunes/ros2-path-planning/install/fs_msgs/include/fs_msgs/fs_msgs/srv/detail/reset__struct.h
[16.520s] -- Installing: /home/yasmin-nunes/ros2-path-planning/install/fs_msgs/include/fs_msgs/fs_msgs/srv/detail/reset__type_support.h
[16.520s] -- Installing: /home/yasmin-nunes/ros2-path-planning/install/fs_msgs/include/fs_msgs/fs_msgs/srv/detail/reset__functions.c
[16.520s] -- Installing: /home/yasmin-nunes/ros2-path-planning/install/fs_msgs/include/fs_msgs/fs_msgs/srv/detail/reset__functions.h
[16.520s] -- Installing: /home/yasmin-nunes/ros2-path-planning/install/fs_msgs/include/fs_msgs/fs_msgs/msg
[16.521s] -- Installing: /home/yasmin-nunes/ros2-path-planning/install/fs_msgs/include/fs_msgs/fs_msgs/msg/go_signal.h
[16.521s] -- Installing: /home/yasmin-nunes/ros2-path-planning/install/fs_msgs/include/fs_msgs/fs_msgs/msg/cone.h
[16.521s] -- Installing: /home/yasmin-nunes/ros2-path-planning/install/fs_msgs/include/fs_msgs/fs_msgs/msg/rosidl_generator_c__visibility_control.h
[16.521s] -- Installing: /home/yasmin-nunes/ros2-path-planning/install/fs_msgs/include/fs_msgs/fs_msgs/msg/finished_signal.h
[16.522s] -- Installing: /home/yasmin-nunes/ros2-path-planning/install/fs_msgs/include/fs_msgs/fs_msgs/msg/wheel_states.h
[16.522s] -- Installing: /home/yasmin-nunes/ros2-path-planning/install/fs_msgs/include/fs_msgs/fs_msgs/msg/extra_info.h
[16.522s] -- Installing: /home/yasmin-nunes/ros2-path-planning/install/fs_msgs/include/fs_msgs/fs_msgs/msg/detail
[16.522s] -- Installing: /home/yasmin-nunes/ros2-path-planning/install/fs_msgs/include/fs_msgs/fs_msgs/msg/detail/cone__type_support.h
[16.523s] -- Installing: /home/yasmin-nunes/ros2-path-planning/install/fs_msgs/include/fs_msgs/fs_msgs/msg/detail/cone__functions.h
[16.523s] -- Installing: /home/yasmin-nunes/ros2-path-planning/install/fs_msgs/include/fs_msgs/fs_msgs/msg/detail/wheel_states__type_support.h
[16.523s] -- Installing: /home/yasmin-nunes/ros2-path-planning/install/fs_msgs/include/fs_msgs/fs_msgs/msg/detail/control_command__functions.c
[16.523s] -- Installing: /home/yasmin-nunes/ros2-path-planning/install/fs_msgs/include/fs_msgs/fs_msgs/msg/detail/track__functions.h
[16.524s] -- Installing: /home/yasmin-nunes/ros2-path-planning/install/fs_msgs/include/fs_msgs/fs_msgs/msg/detail/extra_info__struct.h
[16.524s] -- Installing: /home/yasmin-nunes/ros2-path-planning/install/fs_msgs/include/fs_msgs/fs_msgs/msg/detail/control_command__type_support.h
[16.524s] -- Installing: /home/yasmin-nunes/ros2-path-planning/install/fs_msgs/include/fs_msgs/fs_msgs/msg/detail/finished_signal__struct.h
[16.525s] -- Installing: /home/yasmin-nunes/ros2-path-planning/install/fs_msgs/include/fs_msgs/fs_msgs/msg/detail/finished_signal__functions.c
[16.525s] -- Installing: /home/yasmin-nunes/ros2-path-planning/install/fs_msgs/include/fs_msgs/fs_msgs/msg/detail/control_command__struct.h
[16.525s] -- Installing: /home/yasmin-nunes/ros2-path-planning/install/fs_msgs/include/fs_msgs/fs_msgs/msg/detail/go_signal__functions.h
[16.525s] -- Installing: /home/yasmin-nunes/ros2-path-planning/install/fs_msgs/include/fs_msgs/fs_msgs/msg/detail/go_signal__functions.c
[16.525s] -- Installing: /home/yasmin-nunes/ros2-path-planning/install/fs_msgs/include/fs_msgs/fs_msgs/msg/detail/wheel_states__struct.h
[16.526s] -- Installing: /home/yasmin-nunes/ros2-path-planning/install/fs_msgs/include/fs_msgs/fs_msgs/msg/detail/track__struct.h
[16.526s] -- Installing: /home/yasmin-nunes/ros2-path-planning/install/fs_msgs/include/fs_msgs/fs_msgs/msg/detail/track__functions.c
[16.526s] -- Installing: /home/yasmin-nunes/ros2-path-planning/install/fs_msgs/include/fs_msgs/fs_msgs/msg/detail/track__type_support.h
[16.527s] -- Installing: /home/yasmin-nunes/ros2-path-planning/install/fs_msgs/include/fs_msgs/fs_msgs/msg/detail/extra_info__functions.c
[16.527s] -- Installing: /home/yasmin-nunes/ros2-path-planning/install/fs_msgs/include/fs_msgs/fs_msgs/msg/detail/wheel_states__functions.c
[16.527s] -- Installing: /home/yasmin-nunes/ros2-path-planning/install/fs_msgs/include/fs_msgs/fs_msgs/msg/detail/cone__struct.h
[16.528s] -- Installing: /home/yasmin-nunes/ros2-path-planning/install/fs_msgs/include/fs_msgs/fs_msgs/msg/detail/control_command__functions.h
[16.528s] -- Installing: /home/yasmin-nunes/ros2-path-planning/install/fs_msgs/include/fs_msgs/fs_msgs/msg/detail/finished_signal__type_support.h
[16.528s] -- Installing: /home/yasmin-nunes/ros2-path-planning/install/fs_msgs/include/fs_msgs/fs_msgs/msg/detail/go_signal__type_support.h
[16.528s] -- Installing: /home/yasmin-nunes/ros2-path-planning/install/fs_msgs/include/fs_msgs/fs_msgs/msg/detail/extra_info__type_support.h
[16.528s] -- Installing: /home/yasmin-nunes/ros2-path-planning/install/fs_msgs/include/fs_msgs/fs_msgs/msg/detail/cone__functions.c
[16.529s] -- Installing: /home/yasmin-nunes/ros2-path-planning/install/fs_msgs/include/fs_msgs/fs_msgs/msg/detail/wheel_states__functions.h
[16.529s] -- Installing: /home/yasmin-nunes/ros2-path-planning/install/fs_msgs/include/fs_msgs/fs_msgs/msg/detail/go_signal__struct.h
[16.529s] -- Installing: /home/yasmin-nunes/ros2-path-planning/install/fs_msgs/include/fs_msgs/fs_msgs/msg/detail/extra_info__functions.h
[16.529s] -- Installing: /home/yasmin-nunes/ros2-path-planning/install/fs_msgs/include/fs_msgs/fs_msgs/msg/detail/finished_signal__functions.h
[16.530s] -- Installing: /home/yasmin-nunes/ros2-path-planning/install/fs_msgs/include/fs_msgs/fs_msgs/msg/track.h
[16.530s] -- Installing: /home/yasmin-nunes/ros2-path-planning/install/fs_msgs/include/fs_msgs/fs_msgs/msg/control_command.h
[16.530s] -- Installing: /home/yasmin-nunes/ros2-path-planning/install/fs_msgs/share/fs_msgs/environment/library_path.sh
[16.530s] -- Installing: /home/yasmin-nunes/ros2-path-planning/install/fs_msgs/share/fs_msgs/environment/library_path.dsv
[16.530s] -- Installing: /home/yasmin-nunes/ros2-path-planning/install/fs_msgs/lib/libfs_msgs__rosidl_generator_c.so
[16.531s] -- Set runtime path of "/home/yasmin-nunes/ros2-path-planning/install/fs_msgs/lib/libfs_msgs__rosidl_generator_c.so" to ""
[16.531s] -- Up-to-date: /home/yasmin-nunes/ros2-path-planning/install/fs_msgs/include/fs_msgs/fs_msgs
[16.531s] -- Up-to-date: /home/yasmin-nunes/ros2-path-planning/install/fs_msgs/include/fs_msgs/fs_msgs/srv
[16.531s] -- Up-to-date: /home/yasmin-nunes/ros2-path-planning/install/fs_msgs/include/fs_msgs/fs_msgs/srv/detail
[16.531s] -- Installing: /home/yasmin-nunes/ros2-path-planning/install/fs_msgs/include/fs_msgs/fs_msgs/srv/detail/reset__rosidl_typesupport_fastrtps_c.h
[16.531s] -- Up-to-date: /home/yasmin-nunes/ros2-path-planning/install/fs_msgs/include/fs_msgs/fs_msgs/msg
[16.532s] -- Up-to-date: /home/yasmin-nunes/ros2-path-planning/install/fs_msgs/include/fs_msgs/fs_msgs/msg/detail
[16.532s] -- Installing: /home/yasmin-nunes/ros2-path-planning/install/fs_msgs/include/fs_msgs/fs_msgs/msg/detail/track__rosidl_typesupport_fastrtps_c.h
[16.532s] -- Installing: /home/yasmin-nunes/ros2-path-planning/install/fs_msgs/include/fs_msgs/fs_msgs/msg/detail/wheel_states__rosidl_typesupport_fastrtps_c.h
[16.532s] -- Installing: /home/yasmin-nunes/ros2-path-planning/install/fs_msgs/include/fs_msgs/fs_msgs/msg/detail/control_command__rosidl_typesupport_fastrtps_c.h
[16.532s] -- Installing: /home/yasmin-nunes/ros2-path-planning/install/fs_msgs/include/fs_msgs/fs_msgs/msg/detail/extra_info__rosidl_typesupport_fastrtps_c.h
[16.533s] -- Installing: /home/yasmin-nunes/ros2-path-planning/install/fs_msgs/include/fs_msgs/fs_msgs/msg/detail/finished_signal__rosidl_typesupport_fastrtps_c.h
[16.534s] -- Installing: /home/yasmin-nunes/ros2-path-planning/install/fs_msgs/include/fs_msgs/fs_msgs/msg/detail/cone__rosidl_typesupport_fastrtps_c.h
[16.534s] -- Installing: /home/yasmin-nunes/ros2-path-planning/install/fs_msgs/include/fs_msgs/fs_msgs/msg/detail/go_signal__rosidl_typesupport_fastrtps_c.h
[16.534s] -- Installing: /home/yasmin-nunes/ros2-path-planning/install/fs_msgs/include/fs_msgs/fs_msgs/msg/rosidl_typesupport_fastrtps_c__visibility_control.h
[16.535s] -- Installing: /home/yasmin-nunes/ros2-path-planning/install/fs_msgs/lib/libfs_msgs__rosidl_typesupport_fastrtps_c.so
[16.535s] -- Set runtime path of "/home/yasmin-nunes/ros2-path-planning/install/fs_msgs/lib/libfs_msgs__rosidl_typesupport_fastrtps_c.so" to ""
[16.535s] -- Up-to-date: /home/yasmin-nunes/ros2-path-planning/install/fs_msgs/include/fs_msgs/fs_msgs
[16.535s] -- Up-to-date: /home/yasmin-nunes/ros2-path-planning/install/fs_msgs/include/fs_msgs/fs_msgs/srv
[16.536s] -- Installing: /home/yasmin-nunes/ros2-path-planning/install/fs_msgs/include/fs_msgs/fs_msgs/srv/reset.hpp
[16.536s] -- Up-to-date: /home/yasmin-nunes/ros2-path-planning/install/fs_msgs/include/fs_msgs/fs_msgs/srv/detail
[16.536s] -- Installing: /home/yasmin-nunes/ros2-path-planning/install/fs_msgs/include/fs_msgs/fs_msgs/srv/detail/reset__builder.hpp
[16.536s] -- Installing: /home/yasmin-nunes/ros2-path-planning/install/fs_msgs/include/fs_msgs/fs_msgs/srv/detail/reset__struct.hpp
[16.537s] -- Installing: /home/yasmin-nunes/ros2-path-planning/install/fs_msgs/include/fs_msgs/fs_msgs/srv/detail/reset__traits.hpp
[16.537s] -- Up-to-date: /home/yasmin-nunes/ros2-path-planning/install/fs_msgs/include/fs_msgs/fs_msgs/msg
[16.537s] -- Installing: /home/yasmin-nunes/ros2-path-planning/install/fs_msgs/include/fs_msgs/fs_msgs/msg/finished_signal.hpp
[16.537s] -- Installing: /home/yasmin-nunes/ros2-path-planning/install/fs_msgs/include/fs_msgs/fs_msgs/msg/wheel_states.hpp
[16.538s] -- Installing: /home/yasmin-nunes/ros2-path-planning/install/fs_msgs/include/fs_msgs/fs_msgs/msg/track.hpp
[16.538s] -- Installing: /home/yasmin-nunes/ros2-path-planning/install/fs_msgs/include/fs_msgs/fs_msgs/msg/go_signal.hpp
[16.538s] -- Up-to-date: /home/yasmin-nunes/ros2-path-planning/install/fs_msgs/include/fs_msgs/fs_msgs/msg/detail
[16.539s] -- Installing: /home/yasmin-nunes/ros2-path-planning/install/fs_msgs/include/fs_msgs/fs_msgs/msg/detail/finished_signal__traits.hpp
[16.539s] -- Installing: /home/yasmin-nunes/ros2-path-planning/install/fs_msgs/include/fs_msgs/fs_msgs/msg/detail/control_command__traits.hpp
[16.539s] -- Installing: /home/yasmin-nunes/ros2-path-planning/install/fs_msgs/include/fs_msgs/fs_msgs/msg/detail/go_signal__struct.hpp
[16.539s] -- Installing: /home/yasmin-nunes/ros2-path-planning/install/fs_msgs/include/fs_msgs/fs_msgs/msg/detail/track__builder.hpp
[16.540s] -- Installing: /home/yasmin-nunes/ros2-path-planning/install/fs_msgs/include/fs_msgs/fs_msgs/msg/detail/cone__struct.hpp
[16.540s] -- Installing: /home/yasmin-nunes/ros2-path-planning/install/fs_msgs/include/fs_msgs/fs_msgs/msg/detail/wheel_states__builder.hpp
[16.540s] -- Installing: /home/yasmin-nunes/ros2-path-planning/install/fs_msgs/include/fs_msgs/fs_msgs/msg/detail/extra_info__builder.hpp
[16.541s] -- Installing: /home/yasmin-nunes/ros2-path-planning/install/fs_msgs/include/fs_msgs/fs_msgs/msg/detail/extra_info__traits.hpp
[16.541s] -- Installing: /home/yasmin-nunes/ros2-path-planning/install/fs_msgs/include/fs_msgs/fs_msgs/msg/detail/cone__builder.hpp
[16.542s] -- Installing: /home/yasmin-nunes/ros2-path-planning/install/fs_msgs/include/fs_msgs/fs_msgs/msg/detail/track__traits.hpp
[16.542s] -- Installing: /home/yasmin-nunes/ros2-path-planning/install/fs_msgs/include/fs_msgs/fs_msgs/msg/detail/go_signal__builder.hpp
[16.542s] -- Installing: /home/yasmin-nunes/ros2-path-planning/install/fs_msgs/include/fs_msgs/fs_msgs/msg/detail/cone__traits.hpp
[16.542s] -- Installing: /home/yasmin-nunes/ros2-path-planning/install/fs_msgs/include/fs_msgs/fs_msgs/msg/detail/finished_signal__struct.hpp
[16.543s] -- Installing: /home/yasmin-nunes/ros2-path-planning/install/fs_msgs/include/fs_msgs/fs_msgs/msg/detail/control_command__builder.hpp
[16.543s] -- Installing: /home/yasmin-nunes/ros2-path-planning/install/fs_msgs/include/fs_msgs/fs_msgs/msg/detail/go_signal__traits.hpp
[16.544s] -- Installing: /home/yasmin-nunes/ros2-path-planning/install/fs_msgs/include/fs_msgs/fs_msgs/msg/detail/wheel_states__struct.hpp
[16.544s] -- Installing: /home/yasmin-nunes/ros2-path-planning/install/fs_msgs/include/fs_msgs/fs_msgs/msg/detail/control_command__struct.hpp
[16.544s] -- Installing: /home/yasmin-nunes/ros2-path-planning/install/fs_msgs/include/fs_msgs/fs_msgs/msg/detail/wheel_states__traits.hpp
[16.544s] -- Installing: /home/yasmin-nunes/ros2-path-planning/install/fs_msgs/include/fs_msgs/fs_msgs/msg/detail/extra_info__struct.hpp
[16.544s] -- Installing: /home/yasmin-nunes/ros2-path-planning/install/fs_msgs/include/fs_msgs/fs_msgs/msg/detail/finished_signal__builder.hpp
[16.545s] -- Installing: /home/yasmin-nunes/ros2-path-planning/install/fs_msgs/include/fs_msgs/fs_msgs/msg/detail/track__struct.hpp
[16.545s] -- Installing: /home/yasmin-nunes/ros2-path-planning/install/fs_msgs/include/fs_msgs/fs_msgs/msg/extra_info.hpp
[16.545s] -- Installing: /home/yasmin-nunes/ros2-path-planning/install/fs_msgs/include/fs_msgs/fs_msgs/msg/cone.hpp
[16.545s] -- Installing: /home/yasmin-nunes/ros2-path-planning/install/fs_msgs/include/fs_msgs/fs_msgs/msg/control_command.hpp
[16.545s] -- Up-to-date: /home/yasmin-nunes/ros2-path-planning/install/fs_msgs/include/fs_msgs/fs_msgs
[16.546s] -- Up-to-date: /home/yasmin-nunes/ros2-path-planning/install/fs_msgs/include/fs_msgs/fs_msgs/srv
[16.546s] -- Up-to-date: /home/yasmin-nunes/ros2-path-planning/install/fs_msgs/include/fs_msgs/fs_msgs/srv/detail
[16.546s] -- Installing: /home/yasmin-nunes/ros2-path-planning/install/fs_msgs/include/fs_msgs/fs_msgs/srv/detail/dds_fastrtps
[16.547s] -- Installing: /home/yasmin-nunes/ros2-path-planning/install/fs_msgs/include/fs_msgs/fs_msgs/srv/detail/reset__rosidl_typesupport_fastrtps_cpp.hpp
[16.547s] -- Up-to-date: /home/yasmin-nunes/ros2-path-planning/install/fs_msgs/include/fs_msgs/fs_msgs/msg
[16.547s] -- Installing: /home/yasmin-nunes/ros2-path-planning/install/fs_msgs/include/fs_msgs/fs_msgs/msg/rosidl_typesupport_fastrtps_cpp__visibility_control.h
[16.548s] -- Up-to-date: /home/yasmin-nunes/ros2-path-planning/install/fs_msgs/include/fs_msgs/fs_msgs/msg/detail
[16.548s] -- Installing: /home/yasmin-nunes/ros2-path-planning/install/fs_msgs/include/fs_msgs/fs_msgs/msg/detail/control_command__rosidl_typesupport_fastrtps_cpp.hpp
[16.548s] -- Installing: /home/yasmin-nunes/ros2-path-planning/install/fs_msgs/include/fs_msgs/fs_msgs/msg/detail/wheel_states__rosidl_typesupport_fastrtps_cpp.hpp
[16.548s] -- Installing: /home/yasmin-nunes/ros2-path-planning/install/fs_msgs/include/fs_msgs/fs_msgs/msg/detail/track__rosidl_typesupport_fastrtps_cpp.hpp
[16.548s] -- Installing: /home/yasmin-nunes/ros2-path-planning/install/fs_msgs/include/fs_msgs/fs_msgs/msg/detail/dds_fastrtps
[16.549s] -- Installing: /home/yasmin-nunes/ros2-path-planning/install/fs_msgs/include/fs_msgs/fs_msgs/msg/detail/cone__rosidl_typesupport_fastrtps_cpp.hpp
[16.549s] -- Installing: /home/yasmin-nunes/ros2-path-planning/install/fs_msgs/include/fs_msgs/fs_msgs/msg/detail/extra_info__rosidl_typesupport_fastrtps_cpp.hpp
[16.549s] -- Installing: /home/yasmin-nunes/ros2-path-planning/install/fs_msgs/include/fs_msgs/fs_msgs/msg/detail/go_signal__rosidl_typesupport_fastrtps_cpp.hpp
[16.549s] -- Installing: /home/yasmin-nunes/ros2-path-planning/install/fs_msgs/include/fs_msgs/fs_msgs/msg/detail/finished_signal__rosidl_typesupport_fastrtps_cpp.hpp
[16.550s] -- Installing: /home/yasmin-nunes/ros2-path-planning/install/fs_msgs/lib/libfs_msgs__rosidl_typesupport_fastrtps_cpp.so
[16.550s] -- Set runtime path of "/home/yasmin-nunes/ros2-path-planning/install/fs_msgs/lib/libfs_msgs__rosidl_typesupport_fastrtps_cpp.so" to ""
[16.550s] -- Up-to-date: /home/yasmin-nunes/ros2-path-planning/install/fs_msgs/include/fs_msgs/fs_msgs
[16.550s] -- Up-to-date: /home/yasmin-nunes/ros2-path-planning/install/fs_msgs/include/fs_msgs/fs_msgs/srv
[16.551s] -- Up-to-date: /home/yasmin-nunes/ros2-path-planning/install/fs_msgs/include/fs_msgs/fs_msgs/srv/detail
[16.551s] -- Installing: /home/yasmin-nunes/ros2-path-planning/install/fs_msgs/include/fs_msgs/fs_msgs/srv/detail/reset__type_support.c
[16.551s] -- Installing: /home/yasmin-nunes/ros2-path-planning/install/fs_msgs/include/fs_msgs/fs_msgs/srv/detail/reset__rosidl_typesupport_introspection_c.h
[16.551s] -- Up-to-date: /home/yasmin-nunes/ros2-path-planning/install/fs_msgs/include/fs_msgs/fs_msgs/msg
[16.552s] -- Up-to-date: /home/yasmin-nunes/ros2-path-planning/install/fs_msgs/include/fs_msgs/fs_msgs/msg/detail
[16.552s] -- Installing: /home/yasmin-nunes/ros2-path-planning/install/fs_msgs/include/fs_msgs/fs_msgs/msg/detail/wheel_states__type_support.c
[16.552s] -- Installing: /home/yasmin-nunes/ros2-path-planning/install/fs_msgs/include/fs_msgs/fs_msgs/msg/detail/go_signal__type_support.c
[16.552s] -- Installing: /home/yasmin-nunes/ros2-path-planning/install/fs_msgs/include/fs_msgs/fs_msgs/msg/detail/track__type_support.c
[16.553s] -- Installing: /home/yasmin-nunes/ros2-path-planning/install/fs_msgs/include/fs_msgs/fs_msgs/msg/detail/extra_info__rosidl_typesupport_introspection_c.h
[16.553s] -- Installing: /home/yasmin-nunes/ros2-path-planning/install/fs_msgs/include/fs_msgs/fs_msgs/msg/detail/track__rosidl_typesupport_introspection_c.h
[16.553s] -- Installing: /home/yasmin-nunes/ros2-path-planning/install/fs_msgs/include/fs_msgs/fs_msgs/msg/detail/cone__type_support.c
[16.553s] -- Installing: /home/yasmin-nunes/ros2-path-planning/install/fs_msgs/include/fs_msgs/fs_msgs/msg/detail/control_command__type_support.c
[16.554s] -- Installing: /home/yasmin-nunes/ros2-path-planning/install/fs_msgs/include/fs_msgs/fs_msgs/msg/detail/wheel_states__rosidl_typesupport_introspection_c.h
[16.554s] -- Installing: /home/yasmin-nunes/ros2-path-planning/install/fs_msgs/include/fs_msgs/fs_msgs/msg/detail/finished_signal__type_support.c
[16.554s] -- Installing: /home/yasmin-nunes/ros2-path-planning/install/fs_msgs/include/fs_msgs/fs_msgs/msg/detail/go_signal__rosidl_typesupport_introspection_c.h
[16.554s] -- Installing: /home/yasmin-nunes/ros2-path-planning/install/fs_msgs/include/fs_msgs/fs_msgs/msg/detail/extra_info__type_support.c
[16.555s] -- Installing: /home/yasmin-nunes/ros2-path-planning/install/fs_msgs/include/fs_msgs/fs_msgs/msg/detail/finished_signal__rosidl_typesupport_introspection_c.h
[16.555s] -- Installing: /home/yasmin-nunes/ros2-path-planning/install/fs_msgs/include/fs_msgs/fs_msgs/msg/detail/cone__rosidl_typesupport_introspection_c.h
[16.555s] -- Installing: /home/yasmin-nunes/ros2-path-planning/install/fs_msgs/include/fs_msgs/fs_msgs/msg/detail/control_command__rosidl_typesupport_introspection_c.h
[16.556s] -- Installing: /home/yasmin-nunes/ros2-path-planning/install/fs_msgs/include/fs_msgs/fs_msgs/msg/rosidl_typesupport_introspection_c__visibility_control.h
[16.556s] -- Installing: /home/yasmin-nunes/ros2-path-planning/install/fs_msgs/lib/libfs_msgs__rosidl_typesupport_introspection_c.so
[16.556s] -- Set runtime path of "/home/yasmin-nunes/ros2-path-planning/install/fs_msgs/lib/libfs_msgs__rosidl_typesupport_introspection_c.so" to ""
[16.557s] -- Installing: /home/yasmin-nunes/ros2-path-planning/install/fs_msgs/lib/libfs_msgs__rosidl_typesupport_c.so
[16.557s] -- Set runtime path of "/home/yasmin-nunes/ros2-path-planning/install/fs_msgs/lib/libfs_msgs__rosidl_typesupport_c.so" to ""
[16.558s] -- Up-to-date: /home/yasmin-nunes/ros2-path-planning/install/fs_msgs/include/fs_msgs/fs_msgs
[16.558s] -- Up-to-date: /home/yasmin-nunes/ros2-path-planning/install/fs_msgs/include/fs_msgs/fs_msgs/srv
[16.558s] -- Up-to-date: /home/yasmin-nunes/ros2-path-planning/install/fs_msgs/include/fs_msgs/fs_msgs/srv/detail
[16.559s] -- Installing: /home/yasmin-nunes/ros2-path-planning/install/fs_msgs/include/fs_msgs/fs_msgs/srv/detail/reset__type_support.cpp
[16.559s] -- Installing: /home/yasmin-nunes/ros2-path-planning/install/fs_msgs/include/fs_msgs/fs_msgs/srv/detail/reset__rosidl_typesupport_introspection_cpp.hpp
[16.559s] -- Up-to-date: /home/yasmin-nunes/ros2-path-planning/install/fs_msgs/include/fs_msgs/fs_msgs/msg
[16.559s] -- Up-to-date: /home/yasmin-nunes/ros2-path-planning/install/fs_msgs/include/fs_msgs/fs_msgs/msg/detail
[16.560s] -- Installing: /home/yasmin-nunes/ros2-path-planning/install/fs_msgs/include/fs_msgs/fs_msgs/msg/detail/cone__type_support.cpp
[16.560s] -- Installing: /home/yasmin-nunes/ros2-path-planning/install/fs_msgs/include/fs_msgs/fs_msgs/msg/detail/go_signal__rosidl_typesupport_introspection_cpp.hpp
[16.560s] -- Installing: /home/yasmin-nunes/ros2-path-planning/install/fs_msgs/include/fs_msgs/fs_msgs/msg/detail/finished_signal__type_support.cpp
[16.560s] -- Installing: /home/yasmin-nunes/ros2-path-planning/install/fs_msgs/include/fs_msgs/fs_msgs/msg/detail/go_signal__type_support.cpp
[16.560s] -- Installing: /home/yasmin-nunes/ros2-path-planning/install/fs_msgs/include/fs_msgs/fs_msgs/msg/detail/wheel_states__type_support.cpp
[16.561s] -- Installing: /home/yasmin-nunes/ros2-path-planning/install/fs_msgs/include/fs_msgs/fs_msgs/msg/detail/extra_info__rosidl_typesupport_introspection_cpp.hpp
[16.561s] -- Installing: /home/yasmin-nunes/ros2-path-planning/install/fs_msgs/include/fs_msgs/fs_msgs/msg/detail/extra_info__type_support.cpp
[16.561s] -- Installing: /home/yasmin-nunes/ros2-path-planning/install/fs_msgs/include/fs_msgs/fs_msgs/msg/detail/cone__rosidl_typesupport_introspection_cpp.hpp
[16.561s] -- Installing: /home/yasmin-nunes/ros2-path-planning/install/fs_msgs/include/fs_msgs/fs_msgs/msg/detail/wheel_states__rosidl_typesupport_introspection_cpp.hpp
[16.562s] -- Installing: /home/yasmin-nunes/ros2-path-planning/install/fs_msgs/include/fs_msgs/fs_msgs/msg/detail/control_command__rosidl_typesupport_introspection_cpp.hpp
[16.562s] -- Installing: /home/yasmin-nunes/ros2-path-planning/install/fs_msgs/include/fs_msgs/fs_msgs/msg/detail/track__type_support.cpp
[16.563s] -- Installing: /home/yasmin-nunes/ros2-path-planning/install/fs_msgs/include/fs_msgs/fs_msgs/msg/detail/control_command__type_support.cpp
[16.563s] -- Installing: /home/yasmin-nunes/ros2-path-planning/install/fs_msgs/include/fs_msgs/fs_msgs/msg/detail/finished_signal__rosidl_typesupport_introspection_cpp.hpp
[16.563s] -- Installing: /home/yasmin-nunes/ros2-path-planning/install/fs_msgs/include/fs_msgs/fs_msgs/msg/detail/track__rosidl_typesupport_introspection_cpp.hpp
[16.563s] -- Installing: /home/yasmin-nunes/ros2-path-planning/install/fs_msgs/lib/libfs_msgs__rosidl_typesupport_introspection_cpp.so
[16.563s] -- Set runtime path of "/home/yasmin-nunes/ros2-path-planning/install/fs_msgs/lib/libfs_msgs__rosidl_typesupport_introspection_cpp.so" to ""
[16.564s] -- Installing: /home/yasmin-nunes/ros2-path-planning/install/fs_msgs/lib/libfs_msgs__rosidl_typesupport_cpp.so
[16.564s] -- Set runtime path of "/home/yasmin-nunes/ros2-path-planning/install/fs_msgs/lib/libfs_msgs__rosidl_typesupport_cpp.so" to ""
[16.564s] -- Installing: /home/yasmin-nunes/ros2-path-planning/install/fs_msgs/share/fs_msgs/environment/pythonpath.sh
[16.564s] -- Installing: /home/yasmin-nunes/ros2-path-planning/install/fs_msgs/share/fs_msgs/environment/pythonpath.dsv
[16.564s] -- Installing: /home/yasmin-nunes/ros2-path-planning/install/fs_msgs/local/lib/python3.10/dist-packages/fs_msgs-0.1.1-py3.10.egg-info
[16.565s] -- Installing: /home/yasmin-nunes/ros2-path-planning/install/fs_msgs/local/lib/python3.10/dist-packages/fs_msgs-0.1.1-py3.10.egg-info/top_level.txt
[16.565s] -- Installing: /home/yasmin-nunes/ros2-path-planning/install/fs_msgs/local/lib/python3.10/dist-packages/fs_msgs-0.1.1-py3.10.egg-info/SOURCES.txt
[16.565s] -- Installing: /home/yasmin-nunes/ros2-path-planning/install/fs_msgs/local/lib/python3.10/dist-packages/fs_msgs-0.1.1-py3.10.egg-info/dependency_links.txt
[16.565s] -- Installing: /home/yasmin-nunes/ros2-path-planning/install/fs_msgs/local/lib/python3.10/dist-packages/fs_msgs-0.1.1-py3.10.egg-info/PKG-INFO
[16.566s] -- Installing: /home/yasmin-nunes/ros2-path-planning/install/fs_msgs/local/lib/python3.10/dist-packages/fs_msgs
[16.566s] -- Installing: /home/yasmin-nunes/ros2-path-planning/install/fs_msgs/local/lib/python3.10/dist-packages/fs_msgs/fs_msgs_s__rosidl_typesupport_fastrtps_c.cpython-310-x86_64-linux-gnu.so
[16.566s] -- Installing: /home/yasmin-nunes/ros2-path-planning/install/fs_msgs/local/lib/python3.10/dist-packages/fs_msgs/srv
[16.566s] -- Installing: /home/yasmin-nunes/ros2-path-planning/install/fs_msgs/local/lib/python3.10/dist-packages/fs_msgs/srv/_reset.py
[16.567s] -- Installing: /home/yasmin-nunes/ros2-path-planning/install/fs_msgs/local/lib/python3.10/dist-packages/fs_msgs/srv/__init__.py
[16.567s] -- Installing: /home/yasmin-nunes/ros2-path-planning/install/fs_msgs/local/lib/python3.10/dist-packages/fs_msgs/srv/_reset_s.c
[16.567s] -- Installing: /home/yasmin-nunes/ros2-path-planning/install/fs_msgs/local/lib/python3.10/dist-packages/fs_msgs/__init__.py
[16.567s] -- Installing: /home/yasmin-nunes/ros2-path-planning/install/fs_msgs/local/lib/python3.10/dist-packages/fs_msgs/msg
[16.567s] -- Installing: /home/yasmin-nunes/ros2-path-planning/install/fs_msgs/local/lib/python3.10/dist-packages/fs_msgs/msg/_cone_s.c
[16.568s] -- Installing: /home/yasmin-nunes/ros2-path-planning/install/fs_msgs/local/lib/python3.10/dist-packages/fs_msgs/msg/_go_signal_s.c
[16.568s] -- Installing: /home/yasmin-nunes/ros2-path-planning/install/fs_msgs/local/lib/python3.10/dist-packages/fs_msgs/msg/_go_signal.py
[16.568s] -- Installing: /home/yasmin-nunes/ros2-path-planning/install/fs_msgs/local/lib/python3.10/dist-packages/fs_msgs/msg/__init__.py
[16.568s] -- Installing: /home/yasmin-nunes/ros2-path-planning/install/fs_msgs/local/lib/python3.10/dist-packages/fs_msgs/msg/_extra_info.py
[16.568s] -- Installing: /home/yasmin-nunes/ros2-path-planning/install/fs_msgs/local/lib/python3.10/dist-packages/fs_msgs/msg/_track_s.c
[16.568s] -- Installing: /home/yasmin-nunes/ros2-path-planning/install/fs_msgs/local/lib/python3.10/dist-packages/fs_msgs/msg/_cone.py
[16.569s] -- Installing: /home/yasmin-nunes/ros2-path-planning/install/fs_msgs/local/lib/python3.10/dist-packages/fs_msgs/msg/_wheel_states_s.c
[16.569s] -- Installing: /home/yasmin-nunes/ros2-path-planning/install/fs_msgs/local/lib/python3.10/dist-packages/fs_msgs/msg/_extra_info_s.c
[16.569s] -- Installing: /home/yasmin-nunes/ros2-path-planning/install/fs_msgs/local/lib/python3.10/dist-packages/fs_msgs/msg/_finished_signal.py
[16.569s] -- Installing: /home/yasmin-nunes/ros2-path-planning/install/fs_msgs/local/lib/python3.10/dist-packages/fs_msgs/msg/_control_command.py
[16.569s] -- Installing: /home/yasmin-nunes/ros2-path-planning/install/fs_msgs/local/lib/python3.10/dist-packages/fs_msgs/msg/_wheel_states.py
[16.569s] -- Installing: /home/yasmin-nunes/ros2-path-planning/install/fs_msgs/local/lib/python3.10/dist-packages/fs_msgs/msg/_track.py
[16.570s] -- Installing: /home/yasmin-nunes/ros2-path-planning/install/fs_msgs/local/lib/python3.10/dist-packages/fs_msgs/msg/_finished_signal_s.c
[16.570s] -- Installing: /home/yasmin-nunes/ros2-path-planning/install/fs_msgs/local/lib/python3.10/dist-packages/fs_msgs/msg/_control_command_s.c
[16.570s] -- Installing: /home/yasmin-nunes/ros2-path-planning/install/fs_msgs/local/lib/python3.10/dist-packages/fs_msgs/libfs_msgs__rosidl_generator_py.so
[16.570s] -- Installing: /home/yasmin-nunes/ros2-path-planning/install/fs_msgs/local/lib/python3.10/dist-packages/fs_msgs/_fs_msgs_s.ep.rosidl_typesupport_fastrtps_c.c
[16.570s] -- Installing: /home/yasmin-nunes/ros2-path-planning/install/fs_msgs/local/lib/python3.10/dist-packages/fs_msgs/fs_msgs_s__rosidl_typesupport_c.cpython-310-x86_64-linux-gnu.so
[16.571s] -- Installing: /home/yasmin-nunes/ros2-path-planning/install/fs_msgs/local/lib/python3.10/dist-packages/fs_msgs/fs_msgs_s__rosidl_typesupport_introspection_c.cpython-310-x86_64-linux-gnu.so
[16.571s] -- Installing: /home/yasmin-nunes/ros2-path-planning/install/fs_msgs/local/lib/python3.10/dist-packages/fs_msgs/_fs_msgs_s.ep.rosidl_typesupport_c.c
[16.571s] -- Installing: /home/yasmin-nunes/ros2-path-planning/install/fs_msgs/local/lib/python3.10/dist-packages/fs_msgs/_fs_msgs_s.ep.rosidl_typesupport_introspection_c.c
[16.678s] Listing '/home/yasmin-nunes/ros2-path-planning/install/fs_msgs/local/lib/python3.10/dist-packages/fs_msgs'...
[16.678s] Compiling '/home/yasmin-nunes/ros2-path-planning/install/fs_msgs/local/lib/python3.10/dist-packages/fs_msgs/__init__.py'...
[16.678s] Listing '/home/yasmin-nunes/ros2-path-planning/install/fs_msgs/local/lib/python3.10/dist-packages/fs_msgs/msg'...
[16.678s] Compiling '/home/yasmin-nunes/ros2-path-planning/install/fs_msgs/local/lib/python3.10/dist-packages/fs_msgs/msg/__init__.py'...
[16.679s] Compiling '/home/yasmin-nunes/ros2-path-planning/install/fs_msgs/local/lib/python3.10/dist-packages/fs_msgs/msg/_cone.py'...
[16.679s] Compiling '/home/yasmin-nunes/ros2-path-planning/install/fs_msgs/local/lib/python3.10/dist-packages/fs_msgs/msg/_control_command.py'...
[16.679s] Compiling '/home/yasmin-nunes/ros2-path-planning/install/fs_msgs/local/lib/python3.10/dist-packages/fs_msgs/msg/_extra_info.py'...
[16.679s] Compiling '/home/yasmin-nunes/ros2-path-planning/install/fs_msgs/local/lib/python3.10/dist-packages/fs_msgs/msg/_finished_signal.py'...
[16.679s] Compiling '/home/yasmin-nunes/ros2-path-planning/install/fs_msgs/local/lib/python3.10/dist-packages/fs_msgs/msg/_go_signal.py'...
[16.679s] Compiling '/home/yasmin-nunes/ros2-path-planning/install/fs_msgs/local/lib/python3.10/dist-packages/fs_msgs/msg/_track.py'...
[16.680s] Compiling '/home/yasmin-nunes/ros2-path-planning/install/fs_msgs/local/lib/python3.10/dist-packages/fs_msgs/msg/_wheel_states.py'...
[16.680s] Listing '/home/yasmin-nunes/ros2-path-planning/install/fs_msgs/local/lib/python3.10/dist-packages/fs_msgs/srv'...
[16.680s] Compiling '/home/yasmin-nunes/ros2-path-planning/install/fs_msgs/local/lib/python3.10/dist-packages/fs_msgs/srv/__init__.py'...
[16.680s] Compiling '/home/yasmin-nunes/ros2-path-planning/install/fs_msgs/local/lib/python3.10/dist-packages/fs_msgs/srv/_reset.py'...
[16.687s] -- Installing: /home/yasmin-nunes/ros2-path-planning/install/fs_msgs/local/lib/python3.10/dist-packages/fs_msgs/fs_msgs_s__rosidl_typesupport_fastrtps_c.cpython-310-x86_64-linux-gnu.so
[16.688s] -- Set runtime path of "/home/yasmin-nunes/ros2-path-planning/install/fs_msgs/local/lib/python3.10/dist-packages/fs_msgs/fs_msgs_s__rosidl_typesupport_fastrtps_c.cpython-310-x86_64-linux-gnu.so" to ""
[16.688s] -- Installing: /home/yasmin-nunes/ros2-path-planning/install/fs_msgs/local/lib/python3.10/dist-packages/fs_msgs/fs_msgs_s__rosidl_typesupport_introspection_c.cpython-310-x86_64-linux-gnu.so
[16.689s] -- Set runtime path of "/home/yasmin-nunes/ros2-path-planning/install/fs_msgs/local/lib/python3.10/dist-packages/fs_msgs/fs_msgs_s__rosidl_typesupport_introspection_c.cpython-310-x86_64-linux-gnu.so" to ""
[16.689s] -- Installing: /home/yasmin-nunes/ros2-path-planning/install/fs_msgs/local/lib/python3.10/dist-packages/fs_msgs/fs_msgs_s__rosidl_typesupport_c.cpython-310-x86_64-linux-gnu.so
[16.690s] -- Set runtime path of "/home/yasmin-nunes/ros2-path-planning/install/fs_msgs/local/lib/python3.10/dist-packages/fs_msgs/fs_msgs_s__rosidl_typesupport_c.cpython-310-x86_64-linux-gnu.so" to ""
[16.690s] -- Installing: /home/yasmin-nunes/ros2-path-planning/install/fs_msgs/lib/libfs_msgs__rosidl_generator_py.so
[16.691s] -- Set runtime path of "/home/yasmin-nunes/ros2-path-planning/install/fs_msgs/lib/libfs_msgs__rosidl_generator_py.so" to ""
[16.691s] -- Installing: /home/yasmin-nunes/ros2-path-planning/install/fs_msgs/share/fs_msgs/msg/ControlCommand.idl
[16.692s] -- Installing: /home/yasmin-nunes/ros2-path-planning/install/fs_msgs/share/fs_msgs/msg/FinishedSignal.idl
[16.692s] -- Installing: /home/yasmin-nunes/ros2-path-planning/install/fs_msgs/share/fs_msgs/msg/GoSignal.idl
[16.693s] -- Installing: /home/yasmin-nunes/ros2-path-planning/install/fs_msgs/share/fs_msgs/msg/Track.idl
[16.693s] -- Installing: /home/yasmin-nunes/ros2-path-planning/install/fs_msgs/share/fs_msgs/msg/Cone.idl
[16.693s] -- Installing: /home/yasmin-nunes/ros2-path-planning/install/fs_msgs/share/fs_msgs/msg/ExtraInfo.idl
[16.693s] -- Installing: /home/yasmin-nunes/ros2-path-planning/install/fs_msgs/share/fs_msgs/msg/WheelStates.idl
[16.693s] -- Installing: /home/yasmin-nunes/ros2-path-planning/install/fs_msgs/share/fs_msgs/srv/Reset.idl
[16.694s] -- Installing: /home/yasmin-nunes/ros2-path-planning/install/fs_msgs/share/fs_msgs/msg/ControlCommand.msg
[16.694s] -- Installing: /home/yasmin-nunes/ros2-path-planning/install/fs_msgs/share/fs_msgs/msg/FinishedSignal.msg
[16.694s] -- Installing: /home/yasmin-nunes/ros2-path-planning/install/fs_msgs/share/fs_msgs/msg/GoSignal.msg
[16.694s] -- Installing: /home/yasmin-nunes/ros2-path-planning/install/fs_msgs/share/fs_msgs/msg/Track.msg
[16.695s] -- Installing: /home/yasmin-nunes/ros2-path-planning/install/fs_msgs/share/fs_msgs/msg/Cone.msg
[16.695s] -- Installing: /home/yasmin-nunes/ros2-path-planning/install/fs_msgs/share/fs_msgs/msg/ExtraInfo.msg
[16.695s] -- Installing: /home/yasmin-nunes/ros2-path-planning/install/fs_msgs/share/fs_msgs/msg/WheelStates.msg
[16.695s] -- Installing: /home/yasmin-nunes/ros2-path-planning/install/fs_msgs/share/fs_msgs/srv/Reset.srv
[16.695s] -- Installing: /home/yasmin-nunes/ros2-path-planning/install/fs_msgs/share/fs_msgs/srv/Reset_Request.msg
[16.696s] -- Installing: /home/yasmin-nunes/ros2-path-planning/install/fs_msgs/share/fs_msgs/srv/Reset_Response.msg
[16.696s] -- Installing: /home/yasmin-nunes/ros2-path-planning/install/fs_msgs/share/ament_index/resource_index/package_run_dependencies/fs_msgs
[16.696s] -- Installing: /home/yasmin-nunes/ros2-path-planning/install/fs_msgs/share/ament_index/resource_index/parent_prefix_path/fs_msgs
[16.697s] -- Installing: /home/yasmin-nunes/ros2-path-planning/install/fs_msgs/share/fs_msgs/environment/ament_prefix_path.sh
[16.697s] -- Installing: /home/yasmin-nunes/ros2-path-planning/install/fs_msgs/share/fs_msgs/environment/ament_prefix_path.dsv
[16.697s] -- Installing: /home/yasmin-nunes/ros2-path-planning/install/fs_msgs/share/fs_msgs/environment/path.sh
[16.697s] -- Installing: /home/yasmin-nunes/ros2-path-planning/install/fs_msgs/share/fs_msgs/environment/path.dsv
[16.698s] -- Installing: /home/yasmin-nunes/ros2-path-planning/install/fs_msgs/share/fs_msgs/local_setup.bash
[16.698s] -- Installing: /home/yasmin-nunes/ros2-path-planning/install/fs_msgs/share/fs_msgs/local_setup.sh
[16.698s] -- Installing: /home/yasmin-nunes/ros2-path-planning/install/fs_msgs/share/fs_msgs/local_setup.zsh
[16.698s] -- Installing: /home/yasmin-nunes/ros2-path-planning/install/fs_msgs/share/fs_msgs/local_setup.dsv
[16.699s] -- Installing: /home/yasmin-nunes/ros2-path-planning/install/fs_msgs/share/fs_msgs/package.dsv
[16.699s] -- Installing: /home/yasmin-nunes/ros2-path-planning/install/fs_msgs/share/ament_index/resource_index/packages/fs_msgs
[16.699s] -- Installing: /home/yasmin-nunes/ros2-path-planning/install/fs_msgs/share/fs_msgs/cmake/export_fs_msgs__rosidl_generator_cExport.cmake
[16.699s] -- Installing: /home/yasmin-nunes/ros2-path-planning/install/fs_msgs/share/fs_msgs/cmake/export_fs_msgs__rosidl_generator_cExport-noconfig.cmake
[16.699s] -- Installing: /home/yasmin-nunes/ros2-path-planning/install/fs_msgs/share/fs_msgs/cmake/export_fs_msgs__rosidl_typesupport_fastrtps_cExport.cmake
[16.700s] -- Installing: /home/yasmin-nunes/ros2-path-planning/install/fs_msgs/share/fs_msgs/cmake/export_fs_msgs__rosidl_typesupport_fastrtps_cExport-noconfig.cmake
[16.700s] -- Installing: /home/yasmin-nunes/ros2-path-planning/install/fs_msgs/share/fs_msgs/cmake/export_fs_msgs__rosidl_generator_cppExport.cmake
[16.700s] -- Installing: /home/yasmin-nunes/ros2-path-planning/install/fs_msgs/share/fs_msgs/cmake/export_fs_msgs__rosidl_typesupport_fastrtps_cppExport.cmake
[16.700s] -- Installing: /home/yasmin-nunes/ros2-path-planning/install/fs_msgs/share/fs_msgs/cmake/export_fs_msgs__rosidl_typesupport_fastrtps_cppExport-noconfig.cmake
[16.701s] -- Installing: /home/yasmin-nunes/ros2-path-planning/install/fs_msgs/share/fs_msgs/cmake/fs_msgs__rosidl_typesupport_introspection_cExport.cmake
[16.701s] -- Installing: /home/yasmin-nunes/ros2-path-planning/install/fs_msgs/share/fs_msgs/cmake/fs_msgs__rosidl_typesupport_introspection_cExport-noconfig.cmake
[16.701s] -- Installing: /home/yasmin-nunes/ros2-path-planning/install/fs_msgs/share/fs_msgs/cmake/fs_msgs__rosidl_typesupport_cExport.cmake
[16.702s] -- Installing: /home/yasmin-nunes/ros2-path-planning/install/fs_msgs/share/fs_msgs/cmake/fs_msgs__rosidl_typesupport_cExport-noconfig.cmake
[16.702s] -- Installing: /home/yasmin-nunes/ros2-path-planning/install/fs_msgs/share/fs_msgs/cmake/fs_msgs__rosidl_typesupport_introspection_cppExport.cmake
[16.702s] -- Installing: /home/yasmin-nunes/ros2-path-planning/install/fs_msgs/share/fs_msgs/cmake/fs_msgs__rosidl_typesupport_introspection_cppExport-noconfig.cmake
[16.703s] -- Installing: /home/yasmin-nunes/ros2-path-planning/install/fs_msgs/share/fs_msgs/cmake/fs_msgs__rosidl_typesupport_cppExport.cmake
[16.703s] -- Installing: /home/yasmin-nunes/ros2-path-planning/install/fs_msgs/share/fs_msgs/cmake/fs_msgs__rosidl_typesupport_cppExport-noconfig.cmake
[16.703s] -- Installing: /home/yasmin-nunes/ros2-path-planning/install/fs_msgs/share/fs_msgs/cmake/export_fs_msgs__rosidl_generator_pyExport.cmake
[16.703s] -- Installing: /home/yasmin-nunes/ros2-path-planning/install/fs_msgs/share/fs_msgs/cmake/export_fs_msgs__rosidl_generator_pyExport-noconfig.cmake
[16.704s] -- Installing: /home/yasmin-nunes/ros2-path-planning/install/fs_msgs/share/fs_msgs/cmake/rosidl_cmake-extras.cmake
[16.704s] -- Installing: /home/yasmin-nunes/ros2-path-planning/install/fs_msgs/share/fs_msgs/cmake/ament_cmake_export_dependencies-extras.cmake
[16.704s] -- Installing: /home/yasmin-nunes/ros2-path-planning/install/fs_msgs/share/fs_msgs/cmake/ament_cmake_export_include_directories-extras.cmake
[16.704s] -- Installing: /home/yasmin-nunes/ros2-path-planning/install/fs_msgs/share/fs_msgs/cmake/ament_cmake_export_libraries-extras.cmake
[16.705s] -- Installing: /home/yasmin-nunes/ros2-path-planning/install/fs_msgs/share/fs_msgs/cmake/ament_cmake_export_targets-extras.cmake
[16.705s] -- Installing: /home/yasmin-nunes/ros2-path-planning/install/fs_msgs/share/fs_msgs/cmake/rosidl_cmake_export_typesupport_targets-extras.cmake
[16.705s] -- Installing: /home/yasmin-nunes/ros2-path-planning/install/fs_msgs/share/fs_msgs/cmake/rosidl_cmake_export_typesupport_libraries-extras.cmake
[16.705s] -- Installing: /home/yasmin-nunes/ros2-path-planning/install/fs_msgs/share/fs_msgs/cmake/fs_msgsConfig.cmake
[16.706s] -- Installing: /home/yasmin-nunes/ros2-path-planning/install/fs_msgs/share/fs_msgs/cmake/fs_msgsConfig-version.cmake
[16.706s] -- Installing: /home/yasmin-nunes/ros2-path-planning/install/fs_msgs/share/fs_msgs/package.xml
[16.710s] Invoked command in '/home/yasmin-nunes/ros2-path-planning/build/fs_msgs' returned '0': CMAKE_PREFIX_PATH=${CMAKE_PREFIX_PATH}:/opt/ros/humble /usr/bin/cmake --install /home/yasmin-nunes/ros2-path-planning/build/fs_msgs
