[0.131s] Invoking command in '/home/yasmin-nunes/ros2-path-planning/build/ros2_path_planning': CMAKE_PREFIX_PATH=/opt/ros/humble /usr/bin/cmake --build /home/yasmin-nunes/ros2-path-planning/build/ros2_path_planning -- -j4 -l4
[1.190s] -- Found ament_cmake: 1.3.10 (/opt/ros/humble/share/ament_cmake/cmake)
[1.964s] -- Found nav_msgs: 4.2.4 (/opt/ros/humble/share/nav_msgs/cmake)
[2.478s] -- Found rosidl_generator_c: 3.1.5 (/opt/ros/humble/share/rosidl_generator_c/cmake)
[2.527s] -- Found rosidl_adapter: 3.1.5 (/opt/ros/humble/share/rosidl_adapter/cmake)
[2.606s] -- Found rosidl_generator_cpp: 3.1.5 (/opt/ros/humble/share/rosidl_generator_cpp/cmake)
[2.771s] -- Using all available rosidl_typesupport_c: rosidl_typesupport_fastrtps_c;rosidl_typesupport_introspection_c
[2.856s] -- Using all available rosidl_typesupport_cpp: rosidl_typesupport_fastrtps_cpp;rosidl_typesupport_introspection_cpp
[3.169s] -- Found ament_lint_auto: 0.12.11 (/opt/ros/humble/share/ament_lint_auto/cmake)
[3.460s] -- Added test 'flake8' to check Python code syntax and style conventions
[3.464s] -- Added test 'lint_cmake' to check CMake code style
[3.467s] -- Added test 'pep257' to check Python code against some of the docstring style conventions in PEP 257
[3.475s] -- Added test 'xmllint' to check XML markup files
[3.483s] -- Configuring done
[3.540s] -- Generating done
[3.544s] -- Build files have been written to: /home/yasmin-nunes/ros2-path-planning/build/ros2_path_planning
[3.578s] Invoked command in '/home/yasmin-nunes/ros2-path-planning/build/ros2_path_planning' returned '0': CMAKE_PREFIX_PATH=/opt/ros/humble /usr/bin/cmake --build /home/yasmin-nunes/ros2-path-planning/build/ros2_path_planning -- -j4 -l4
[3.622s] Invoking command in '/home/yasmin-nunes/ros2-path-planning/build/ros2_path_planning': CMAKE_PREFIX_PATH=/opt/ros/humble /usr/bin/cmake --install /home/yasmin-nunes/ros2-path-planning/build/ros2_path_planning
[3.629s] -- Install configuration: ""
[3.629s] -- Installing: /home/yasmin-nunes/ros2-path-planning/install/ros2_path_planning/lib/ros2_path_planning/path_publisher.py
[3.641s] -- Up-to-date: /home/yasmin-nunes/ros2-path-planning/install/ros2_path_planning/path_planning/ros2_path_planning/bayesian_inference
[3.641s] -- Up-to-date: /home/yasmin-nunes/ros2-path-planning/install/ros2_path_planning/path_planning/ros2_path_planning/bayesian_inference/__init__.py
[3.641s] -- Up-to-date: /home/yasmin-nunes/ros2-path-planning/install/ros2_path_planning/path_planning/ros2_path_planning/bayesian_inference/bayesian_inference_planner.py
[3.642s] -- Up-to-date: /home/yasmin-nunes/ros2-path-planning/install/ros2_path_planning/share/ament_index/resource_index/package_run_dependencies/ros2_path_planning
[3.642s] -- Installing: /home/yasmin-nunes/ros2-path-planning/install/ros2_path_planning/share/ament_index/resource_index/parent_prefix_path/ros2_path_planning
[3.642s] -- Up-to-date: /home/yasmin-nunes/ros2-path-planning/install/ros2_path_planning/share/ros2_path_planning/environment/ament_prefix_path.sh
[3.642s] -- Installing: /home/yasmin-nunes/ros2-path-planning/install/ros2_path_planning/share/ros2_path_planning/environment/ament_prefix_path.dsv
[3.643s] -- Up-to-date: /home/yasmin-nunes/ros2-path-planning/install/ros2_path_planning/share/ros2_path_planning/environment/path.sh
[3.643s] -- Installing: /home/yasmin-nunes/ros2-path-planning/install/ros2_path_planning/share/ros2_path_planning/environment/path.dsv
[3.643s] -- Up-to-date: /home/yasmin-nunes/ros2-path-planning/install/ros2_path_planning/share/ros2_path_planning/local_setup.bash
[3.643s] -- Up-to-date: /home/yasmin-nunes/ros2-path-planning/install/ros2_path_planning/share/ros2_path_planning/local_setup.sh
[3.644s] -- Up-to-date: /home/yasmin-nunes/ros2-path-planning/install/ros2_path_planning/share/ros2_path_planning/local_setup.zsh
[3.644s] -- Installing: /home/yasmin-nunes/ros2-path-planning/install/ros2_path_planning/share/ros2_path_planning/local_setup.dsv
[3.644s] -- Installing: /home/yasmin-nunes/ros2-path-planning/install/ros2_path_planning/share/ros2_path_planning/package.dsv
[3.644s] -- Up-to-date: /home/yasmin-nunes/ros2-path-planning/install/ros2_path_planning/share/ament_index/resource_index/packages/ros2_path_planning
[3.644s] -- Up-to-date: /home/yasmin-nunes/ros2-path-planning/install/ros2_path_planning/share/ros2_path_planning/cmake/ros2_path_planningConfig.cmake
[3.644s] -- Up-to-date: /home/yasmin-nunes/ros2-path-planning/install/ros2_path_planning/share/ros2_path_planning/cmake/ros2_path_planningConfig-version.cmake
[3.645s] -- Up-to-date: /home/yasmin-nunes/ros2-path-planning/install/ros2_path_planning/share/ros2_path_planning/package.xml
[3.646s] Invoked command in '/home/yasmin-nunes/ros2-path-planning/build/ros2_path_planning' returned '0': CMAKE_PREFIX_PATH=/opt/ros/humble /usr/bin/cmake --install /home/yasmin-nunes/ros2-path-planning/build/ros2_path_planning
