[0.015s] Invoking command in '/home/yasmin-nunes/ros2-path-planning/build/fs_msgs': CMAKE_PREFIX_PATH=/opt/ros/humble:${CMAKE_PREFIX_PATH} /usr/bin/cmake --build /home/yasmin-nunes/ros2-path-planning/build/fs_msgs -- -j4 -l4
[0.084s] [  1%] Built target fs_msgs__cpp
[0.093s] [ 12%] Built target fs_msgs__rosidl_generator_c
[0.100s] [ 12%] Built target ament_cmake_python_copy_fs_msgs
[0.137s] [ 35%] Built target fs_msgs__rosidl_typesupport_fastrtps_cpp
[0.138s] [ 35%] Built target fs_msgs__rosidl_typesupport_cpp
[0.141s] [ 47%] Built target fs_msgs__rosidl_typesupport_introspection_cpp
[0.147s] [ 58%] Built target fs_msgs__rosidl_typesupport_fastrtps_c
[0.177s] [ 70%] Built target fs_msgs__rosidl_typesupport_introspection_c
[0.179s] [ 81%] Built target fs_msgs__rosidl_typesupport_c
[0.203s] [ 81%] Built target fs_msgs
[0.233s] [ 82%] Built target fs_msgs__py
[0.261s] [ 93%] Built target fs_msgs__rosidl_generator_py
[0.308s] [ 96%] Built target fs_msgs__rosidl_typesupport_fastrtps_c__pyext
[0.308s] [ 97%] Built target fs_msgs__rosidl_typesupport_introspection_c__pyext
[0.316s] [100%] Built target fs_msgs__rosidl_typesupport_c__pyext
[0.482s] running egg_info
[0.483s] writing fs_msgs.egg-info/PKG-INFO
[0.484s] writing dependency_links to fs_msgs.egg-info/dependency_links.txt
[0.484s] writing top-level names to fs_msgs.egg-info/top_level.txt
[0.487s] reading manifest file 'fs_msgs.egg-info/SOURCES.txt'
[0.488s] writing manifest file 'fs_msgs.egg-info/SOURCES.txt'
[0.525s] [100%] Built target ament_cmake_python_build_fs_msgs_egg
[0.543s] Invoked command in '/home/yasmin-nunes/ros2-path-planning/build/fs_msgs' returned '0': CMAKE_PREFIX_PATH=/opt/ros/humble:${CMAKE_PREFIX_PATH} /usr/bin/cmake --build /home/yasmin-nunes/ros2-path-planning/build/fs_msgs -- -j4 -l4
[0.787s] Invoking command in '/home/yasmin-nunes/ros2-path-planning/build/fs_msgs': CMAKE_PREFIX_PATH=/opt/ros/humble:${CMAKE_PREFIX_PATH} /usr/bin/cmake --install /home/yasmin-nunes/ros2-path-planning/build/fs_msgs
[0.796s] -- Install configuration: ""
[0.796s] -- Up-to-date: /home/yasmin-nunes/ros2-path-planning/install/fs_msgs/share/ament_index/resource_index/rosidl_interfaces/fs_msgs
[0.796s] -- Up-to-date: /home/yasmin-nunes/ros2-path-planning/install/fs_msgs/include/fs_msgs/fs_msgs
[0.796s] -- Up-to-date: /home/yasmin-nunes/ros2-path-planning/install/fs_msgs/include/fs_msgs/fs_msgs/srv
[0.797s] -- Up-to-date: /home/yasmin-nunes/ros2-path-planning/install/fs_msgs/include/fs_msgs/fs_msgs/srv/reset.h
[0.797s] -- Up-to-date: /home/yasmin-nunes/ros2-path-planning/install/fs_msgs/include/fs_msgs/fs_msgs/srv/detail
[0.797s] -- Up-to-date: /home/yasmin-nunes/ros2-path-planning/install/fs_msgs/include/fs_msgs/fs_msgs/srv/detail/reset__struct.h
[0.797s] -- Up-to-date: /home/yasmin-nunes/ros2-path-planning/install/fs_msgs/include/fs_msgs/fs_msgs/srv/detail/reset__type_support.h
[0.797s] -- Up-to-date: /home/yasmin-nunes/ros2-path-planning/install/fs_msgs/include/fs_msgs/fs_msgs/srv/detail/reset__functions.c
[0.797s] -- Up-to-date: /home/yasmin-nunes/ros2-path-planning/install/fs_msgs/include/fs_msgs/fs_msgs/srv/detail/reset__functions.h
[0.797s] -- Up-to-date: /home/yasmin-nunes/ros2-path-planning/install/fs_msgs/include/fs_msgs/fs_msgs/msg
[0.797s] -- Up-to-date: /home/yasmin-nunes/ros2-path-planning/install/fs_msgs/include/fs_msgs/fs_msgs/msg/go_signal.h
[0.798s] -- Up-to-date: /home/yasmin-nunes/ros2-path-planning/install/fs_msgs/include/fs_msgs/fs_msgs/msg/cone.h
[0.798s] -- Up-to-date: /home/yasmin-nunes/ros2-path-planning/install/fs_msgs/include/fs_msgs/fs_msgs/msg/rosidl_generator_c__visibility_control.h
[0.798s] -- Up-to-date: /home/yasmin-nunes/ros2-path-planning/install/fs_msgs/include/fs_msgs/fs_msgs/msg/finished_signal.h
[0.798s] -- Up-to-date: /home/yasmin-nunes/ros2-path-planning/install/fs_msgs/include/fs_msgs/fs_msgs/msg/wheel_states.h
[0.798s] -- Up-to-date: /home/yasmin-nunes/ros2-path-planning/install/fs_msgs/include/fs_msgs/fs_msgs/msg/extra_info.h
[0.798s] -- Up-to-date: /home/yasmin-nunes/ros2-path-planning/install/fs_msgs/include/fs_msgs/fs_msgs/msg/detail
[0.799s] -- Up-to-date: /home/yasmin-nunes/ros2-path-planning/install/fs_msgs/include/fs_msgs/fs_msgs/msg/detail/cone__type_support.h
[0.799s] -- Up-to-date: /home/yasmin-nunes/ros2-path-planning/install/fs_msgs/include/fs_msgs/fs_msgs/msg/detail/cone__functions.h
[0.799s] -- Up-to-date: /home/yasmin-nunes/ros2-path-planning/install/fs_msgs/include/fs_msgs/fs_msgs/msg/detail/wheel_states__type_support.h
[0.799s] -- Up-to-date: /home/yasmin-nunes/ros2-path-planning/install/fs_msgs/include/fs_msgs/fs_msgs/msg/detail/control_command__functions.c
[0.799s] -- Up-to-date: /home/yasmin-nunes/ros2-path-planning/install/fs_msgs/include/fs_msgs/fs_msgs/msg/detail/track__functions.h
[0.799s] -- Up-to-date: /home/yasmin-nunes/ros2-path-planning/install/fs_msgs/include/fs_msgs/fs_msgs/msg/detail/extra_info__struct.h
[0.799s] -- Up-to-date: /home/yasmin-nunes/ros2-path-planning/install/fs_msgs/include/fs_msgs/fs_msgs/msg/detail/control_command__type_support.h
[0.800s] -- Up-to-date: /home/yasmin-nunes/ros2-path-planning/install/fs_msgs/include/fs_msgs/fs_msgs/msg/detail/finished_signal__struct.h
[0.800s] -- Up-to-date: /home/yasmin-nunes/ros2-path-planning/install/fs_msgs/include/fs_msgs/fs_msgs/msg/detail/finished_signal__functions.c
[0.800s] -- Up-to-date: /home/yasmin-nunes/ros2-path-planning/install/fs_msgs/include/fs_msgs/fs_msgs/msg/detail/control_command__struct.h
[0.800s] -- Up-to-date: /home/yasmin-nunes/ros2-path-planning/install/fs_msgs/include/fs_msgs/fs_msgs/msg/detail/go_signal__functions.h
[0.800s] -- Up-to-date: /home/yasmin-nunes/ros2-path-planning/install/fs_msgs/include/fs_msgs/fs_msgs/msg/detail/go_signal__functions.c
[0.800s] -- Up-to-date: /home/yasmin-nunes/ros2-path-planning/install/fs_msgs/include/fs_msgs/fs_msgs/msg/detail/wheel_states__struct.h
[0.800s] -- Up-to-date: /home/yasmin-nunes/ros2-path-planning/install/fs_msgs/include/fs_msgs/fs_msgs/msg/detail/track__struct.h
[0.801s] -- Up-to-date: /home/yasmin-nunes/ros2-path-planning/install/fs_msgs/include/fs_msgs/fs_msgs/msg/detail/track__functions.c
[0.801s] -- Up-to-date: /home/yasmin-nunes/ros2-path-planning/install/fs_msgs/include/fs_msgs/fs_msgs/msg/detail/track__type_support.h
[0.801s] -- Up-to-date: /home/yasmin-nunes/ros2-path-planning/install/fs_msgs/include/fs_msgs/fs_msgs/msg/detail/extra_info__functions.c
[0.801s] -- Up-to-date: /home/yasmin-nunes/ros2-path-planning/install/fs_msgs/include/fs_msgs/fs_msgs/msg/detail/wheel_states__functions.c
[0.801s] -- Up-to-date: /home/yasmin-nunes/ros2-path-planning/install/fs_msgs/include/fs_msgs/fs_msgs/msg/detail/cone__struct.h
[0.801s] -- Up-to-date: /home/yasmin-nunes/ros2-path-planning/install/fs_msgs/include/fs_msgs/fs_msgs/msg/detail/control_command__functions.h
[0.802s] -- Up-to-date: /home/yasmin-nunes/ros2-path-planning/install/fs_msgs/include/fs_msgs/fs_msgs/msg/detail/finished_signal__type_support.h
[0.802s] -- Up-to-date: /home/yasmin-nunes/ros2-path-planning/install/fs_msgs/include/fs_msgs/fs_msgs/msg/detail/go_signal__type_support.h
[0.802s] -- Up-to-date: /home/yasmin-nunes/ros2-path-planning/install/fs_msgs/include/fs_msgs/fs_msgs/msg/detail/extra_info__type_support.h
[0.802s] -- Up-to-date: /home/yasmin-nunes/ros2-path-planning/install/fs_msgs/include/fs_msgs/fs_msgs/msg/detail/cone__functions.c
[0.802s] -- Up-to-date: /home/yasmin-nunes/ros2-path-planning/install/fs_msgs/include/fs_msgs/fs_msgs/msg/detail/wheel_states__functions.h
[0.802s] -- Up-to-date: /home/yasmin-nunes/ros2-path-planning/install/fs_msgs/include/fs_msgs/fs_msgs/msg/detail/go_signal__struct.h
[0.803s] -- Up-to-date: /home/yasmin-nunes/ros2-path-planning/install/fs_msgs/include/fs_msgs/fs_msgs/msg/detail/extra_info__functions.h
[0.803s] -- Up-to-date: /home/yasmin-nunes/ros2-path-planning/install/fs_msgs/include/fs_msgs/fs_msgs/msg/detail/finished_signal__functions.h
[0.803s] -- Up-to-date: /home/yasmin-nunes/ros2-path-planning/install/fs_msgs/include/fs_msgs/fs_msgs/msg/track.h
[0.803s] -- Up-to-date: /home/yasmin-nunes/ros2-path-planning/install/fs_msgs/include/fs_msgs/fs_msgs/msg/control_command.h
[0.803s] -- Up-to-date: /home/yasmin-nunes/ros2-path-planning/install/fs_msgs/share/fs_msgs/environment/library_path.sh
[0.803s] -- Up-to-date: /home/yasmin-nunes/ros2-path-planning/install/fs_msgs/share/fs_msgs/environment/library_path.dsv
[0.803s] -- Up-to-date: /home/yasmin-nunes/ros2-path-planning/install/fs_msgs/lib/libfs_msgs__rosidl_generator_c.so
[0.803s] -- Up-to-date: /home/yasmin-nunes/ros2-path-planning/install/fs_msgs/include/fs_msgs/fs_msgs
[0.803s] -- Up-to-date: /home/yasmin-nunes/ros2-path-planning/install/fs_msgs/include/fs_msgs/fs_msgs/srv
[0.804s] -- Up-to-date: /home/yasmin-nunes/ros2-path-planning/install/fs_msgs/include/fs_msgs/fs_msgs/srv/detail
[0.804s] -- Up-to-date: /home/yasmin-nunes/ros2-path-planning/install/fs_msgs/include/fs_msgs/fs_msgs/srv/detail/reset__rosidl_typesupport_fastrtps_c.h
[0.804s] -- Up-to-date: /home/yasmin-nunes/ros2-path-planning/install/fs_msgs/include/fs_msgs/fs_msgs/msg
[0.804s] -- Up-to-date: /home/yasmin-nunes/ros2-path-planning/install/fs_msgs/include/fs_msgs/fs_msgs/msg/detail
[0.804s] -- Up-to-date: /home/yasmin-nunes/ros2-path-planning/install/fs_msgs/include/fs_msgs/fs_msgs/msg/detail/track__rosidl_typesupport_fastrtps_c.h
[0.804s] -- Up-to-date: /home/yasmin-nunes/ros2-path-planning/install/fs_msgs/include/fs_msgs/fs_msgs/msg/detail/wheel_states__rosidl_typesupport_fastrtps_c.h
[0.804s] -- Up-to-date: /home/yasmin-nunes/ros2-path-planning/install/fs_msgs/include/fs_msgs/fs_msgs/msg/detail/control_command__rosidl_typesupport_fastrtps_c.h
[0.805s] -- Up-to-date: /home/yasmin-nunes/ros2-path-planning/install/fs_msgs/include/fs_msgs/fs_msgs/msg/detail/extra_info__rosidl_typesupport_fastrtps_c.h
[0.805s] -- Up-to-date: /home/yasmin-nunes/ros2-path-planning/install/fs_msgs/include/fs_msgs/fs_msgs/msg/detail/finished_signal__rosidl_typesupport_fastrtps_c.h
[0.805s] -- Up-to-date: /home/yasmin-nunes/ros2-path-planning/install/fs_msgs/include/fs_msgs/fs_msgs/msg/detail/cone__rosidl_typesupport_fastrtps_c.h
[0.805s] -- Up-to-date: /home/yasmin-nunes/ros2-path-planning/install/fs_msgs/include/fs_msgs/fs_msgs/msg/detail/go_signal__rosidl_typesupport_fastrtps_c.h
[0.805s] -- Up-to-date: /home/yasmin-nunes/ros2-path-planning/install/fs_msgs/include/fs_msgs/fs_msgs/msg/rosidl_typesupport_fastrtps_c__visibility_control.h
[0.805s] -- Up-to-date: /home/yasmin-nunes/ros2-path-planning/install/fs_msgs/lib/libfs_msgs__rosidl_typesupport_fastrtps_c.so
[0.805s] -- Up-to-date: /home/yasmin-nunes/ros2-path-planning/install/fs_msgs/include/fs_msgs/fs_msgs
[0.805s] -- Up-to-date: /home/yasmin-nunes/ros2-path-planning/install/fs_msgs/include/fs_msgs/fs_msgs/srv
[0.806s] -- Up-to-date: /home/yasmin-nunes/ros2-path-planning/install/fs_msgs/include/fs_msgs/fs_msgs/srv/reset.hpp
[0.806s] -- Up-to-date: /home/yasmin-nunes/ros2-path-planning/install/fs_msgs/include/fs_msgs/fs_msgs/srv/detail
[0.806s] -- Up-to-date: /home/yasmin-nunes/ros2-path-planning/install/fs_msgs/include/fs_msgs/fs_msgs/srv/detail/reset__builder.hpp
[0.806s] -- Up-to-date: /home/yasmin-nunes/ros2-path-planning/install/fs_msgs/include/fs_msgs/fs_msgs/srv/detail/reset__struct.hpp
[0.806s] -- Up-to-date: /home/yasmin-nunes/ros2-path-planning/install/fs_msgs/include/fs_msgs/fs_msgs/srv/detail/reset__traits.hpp
[0.806s] -- Up-to-date: /home/yasmin-nunes/ros2-path-planning/install/fs_msgs/include/fs_msgs/fs_msgs/msg
[0.806s] -- Up-to-date: /home/yasmin-nunes/ros2-path-planning/install/fs_msgs/include/fs_msgs/fs_msgs/msg/finished_signal.hpp
[0.807s] -- Up-to-date: /home/yasmin-nunes/ros2-path-planning/install/fs_msgs/include/fs_msgs/fs_msgs/msg/wheel_states.hpp
[0.807s] -- Up-to-date: /home/yasmin-nunes/ros2-path-planning/install/fs_msgs/include/fs_msgs/fs_msgs/msg/track.hpp
[0.807s] -- Up-to-date: /home/yasmin-nunes/ros2-path-planning/install/fs_msgs/include/fs_msgs/fs_msgs/msg/go_signal.hpp
[0.807s] -- Up-to-date: /home/yasmin-nunes/ros2-path-planning/install/fs_msgs/include/fs_msgs/fs_msgs/msg/detail
[0.807s] -- Up-to-date: /home/yasmin-nunes/ros2-path-planning/install/fs_msgs/include/fs_msgs/fs_msgs/msg/detail/finished_signal__traits.hpp
[0.807s] -- Up-to-date: /home/yasmin-nunes/ros2-path-planning/install/fs_msgs/include/fs_msgs/fs_msgs/msg/detail/control_command__traits.hpp
[0.807s] -- Up-to-date: /home/yasmin-nunes/ros2-path-planning/install/fs_msgs/include/fs_msgs/fs_msgs/msg/detail/go_signal__struct.hpp
[0.807s] -- Up-to-date: /home/yasmin-nunes/ros2-path-planning/install/fs_msgs/include/fs_msgs/fs_msgs/msg/detail/track__builder.hpp
[0.807s] -- Up-to-date: /home/yasmin-nunes/ros2-path-planning/install/fs_msgs/include/fs_msgs/fs_msgs/msg/detail/cone__struct.hpp
[0.808s] -- Up-to-date: /home/yasmin-nunes/ros2-path-planning/install/fs_msgs/include/fs_msgs/fs_msgs/msg/detail/wheel_states__builder.hpp
[0.808s] -- Up-to-date: /home/yasmin-nunes/ros2-path-planning/install/fs_msgs/include/fs_msgs/fs_msgs/msg/detail/extra_info__builder.hpp
[0.808s] -- Up-to-date: /home/yasmin-nunes/ros2-path-planning/install/fs_msgs/include/fs_msgs/fs_msgs/msg/detail/extra_info__traits.hpp
[0.808s] -- Up-to-date: /home/yasmin-nunes/ros2-path-planning/install/fs_msgs/include/fs_msgs/fs_msgs/msg/detail/cone__builder.hpp
[0.808s] -- Up-to-date: /home/yasmin-nunes/ros2-path-planning/install/fs_msgs/include/fs_msgs/fs_msgs/msg/detail/track__traits.hpp
[0.808s] -- Up-to-date: /home/yasmin-nunes/ros2-path-planning/install/fs_msgs/include/fs_msgs/fs_msgs/msg/detail/go_signal__builder.hpp
[0.808s] -- Up-to-date: /home/yasmin-nunes/ros2-path-planning/install/fs_msgs/include/fs_msgs/fs_msgs/msg/detail/cone__traits.hpp
[0.808s] -- Up-to-date: /home/yasmin-nunes/ros2-path-planning/install/fs_msgs/include/fs_msgs/fs_msgs/msg/detail/finished_signal__struct.hpp
[0.808s] -- Up-to-date: /home/yasmin-nunes/ros2-path-planning/install/fs_msgs/include/fs_msgs/fs_msgs/msg/detail/control_command__builder.hpp
[0.809s] -- Up-to-date: /home/yasmin-nunes/ros2-path-planning/install/fs_msgs/include/fs_msgs/fs_msgs/msg/detail/go_signal__traits.hpp
[0.809s] -- Up-to-date: /home/yasmin-nunes/ros2-path-planning/install/fs_msgs/include/fs_msgs/fs_msgs/msg/detail/wheel_states__struct.hpp
[0.809s] -- Up-to-date: /home/yasmin-nunes/ros2-path-planning/install/fs_msgs/include/fs_msgs/fs_msgs/msg/detail/control_command__struct.hpp
[0.809s] -- Up-to-date: /home/yasmin-nunes/ros2-path-planning/install/fs_msgs/include/fs_msgs/fs_msgs/msg/detail/wheel_states__traits.hpp
[0.809s] -- Up-to-date: /home/yasmin-nunes/ros2-path-planning/install/fs_msgs/include/fs_msgs/fs_msgs/msg/detail/extra_info__struct.hpp
[0.809s] -- Up-to-date: /home/yasmin-nunes/ros2-path-planning/install/fs_msgs/include/fs_msgs/fs_msgs/msg/detail/finished_signal__builder.hpp
[0.810s] -- Up-to-date: /home/yasmin-nunes/ros2-path-planning/install/fs_msgs/include/fs_msgs/fs_msgs/msg/detail/track__struct.hpp
[0.810s] -- Up-to-date: /home/yasmin-nunes/ros2-path-planning/install/fs_msgs/include/fs_msgs/fs_msgs/msg/extra_info.hpp
[0.810s] -- Up-to-date: /home/yasmin-nunes/ros2-path-planning/install/fs_msgs/include/fs_msgs/fs_msgs/msg/cone.hpp
[0.810s] -- Up-to-date: /home/yasmin-nunes/ros2-path-planning/install/fs_msgs/include/fs_msgs/fs_msgs/msg/control_command.hpp
[0.811s] -- Up-to-date: /home/yasmin-nunes/ros2-path-planning/install/fs_msgs/include/fs_msgs/fs_msgs
[0.811s] -- Up-to-date: /home/yasmin-nunes/ros2-path-planning/install/fs_msgs/include/fs_msgs/fs_msgs/srv
[0.811s] -- Up-to-date: /home/yasmin-nunes/ros2-path-planning/install/fs_msgs/include/fs_msgs/fs_msgs/srv/detail
[0.811s] -- Up-to-date: /home/yasmin-nunes/ros2-path-planning/install/fs_msgs/include/fs_msgs/fs_msgs/srv/detail/dds_fastrtps
[0.811s] -- Up-to-date: /home/yasmin-nunes/ros2-path-planning/install/fs_msgs/include/fs_msgs/fs_msgs/srv/detail/reset__rosidl_typesupport_fastrtps_cpp.hpp
[0.811s] -- Up-to-date: /home/yasmin-nunes/ros2-path-planning/install/fs_msgs/include/fs_msgs/fs_msgs/msg
[0.811s] -- Up-to-date: /home/yasmin-nunes/ros2-path-planning/install/fs_msgs/include/fs_msgs/fs_msgs/msg/rosidl_typesupport_fastrtps_cpp__visibility_control.h
[0.812s] -- Up-to-date: /home/yasmin-nunes/ros2-path-planning/install/fs_msgs/include/fs_msgs/fs_msgs/msg/detail
[0.812s] -- Up-to-date: /home/yasmin-nunes/ros2-path-planning/install/fs_msgs/include/fs_msgs/fs_msgs/msg/detail/control_command__rosidl_typesupport_fastrtps_cpp.hpp
[0.812s] -- Up-to-date: /home/yasmin-nunes/ros2-path-planning/install/fs_msgs/include/fs_msgs/fs_msgs/msg/detail/wheel_states__rosidl_typesupport_fastrtps_cpp.hpp
[0.812s] -- Up-to-date: /home/yasmin-nunes/ros2-path-planning/install/fs_msgs/include/fs_msgs/fs_msgs/msg/detail/track__rosidl_typesupport_fastrtps_cpp.hpp
[0.812s] -- Up-to-date: /home/yasmin-nunes/ros2-path-planning/install/fs_msgs/include/fs_msgs/fs_msgs/msg/detail/dds_fastrtps
[0.812s] -- Up-to-date: /home/yasmin-nunes/ros2-path-planning/install/fs_msgs/include/fs_msgs/fs_msgs/msg/detail/cone__rosidl_typesupport_fastrtps_cpp.hpp
[0.812s] -- Up-to-date: /home/yasmin-nunes/ros2-path-planning/install/fs_msgs/include/fs_msgs/fs_msgs/msg/detail/extra_info__rosidl_typesupport_fastrtps_cpp.hpp
[0.812s] -- Up-to-date: /home/yasmin-nunes/ros2-path-planning/install/fs_msgs/include/fs_msgs/fs_msgs/msg/detail/go_signal__rosidl_typesupport_fastrtps_cpp.hpp
[0.812s] -- Up-to-date: /home/yasmin-nunes/ros2-path-planning/install/fs_msgs/include/fs_msgs/fs_msgs/msg/detail/finished_signal__rosidl_typesupport_fastrtps_cpp.hpp
[0.813s] -- Up-to-date: /home/yasmin-nunes/ros2-path-planning/install/fs_msgs/lib/libfs_msgs__rosidl_typesupport_fastrtps_cpp.so
[0.813s] -- Up-to-date: /home/yasmin-nunes/ros2-path-planning/install/fs_msgs/include/fs_msgs/fs_msgs
[0.813s] -- Up-to-date: /home/yasmin-nunes/ros2-path-planning/install/fs_msgs/include/fs_msgs/fs_msgs/srv
[0.813s] -- Up-to-date: /home/yasmin-nunes/ros2-path-planning/install/fs_msgs/include/fs_msgs/fs_msgs/srv/detail
[0.813s] -- Up-to-date: /home/yasmin-nunes/ros2-path-planning/install/fs_msgs/include/fs_msgs/fs_msgs/srv/detail/reset__type_support.c
[0.813s] -- Up-to-date: /home/yasmin-nunes/ros2-path-planning/install/fs_msgs/include/fs_msgs/fs_msgs/srv/detail/reset__rosidl_typesupport_introspection_c.h
[0.813s] -- Up-to-date: /home/yasmin-nunes/ros2-path-planning/install/fs_msgs/include/fs_msgs/fs_msgs/msg
[0.813s] -- Up-to-date: /home/yasmin-nunes/ros2-path-planning/install/fs_msgs/include/fs_msgs/fs_msgs/msg/detail
[0.813s] -- Up-to-date: /home/yasmin-nunes/ros2-path-planning/install/fs_msgs/include/fs_msgs/fs_msgs/msg/detail/wheel_states__type_support.c
[0.814s] -- Up-to-date: /home/yasmin-nunes/ros2-path-planning/install/fs_msgs/include/fs_msgs/fs_msgs/msg/detail/go_signal__type_support.c
[0.814s] -- Up-to-date: /home/yasmin-nunes/ros2-path-planning/install/fs_msgs/include/fs_msgs/fs_msgs/msg/detail/track__type_support.c
[0.814s] -- Up-to-date: /home/yasmin-nunes/ros2-path-planning/install/fs_msgs/include/fs_msgs/fs_msgs/msg/detail/extra_info__rosidl_typesupport_introspection_c.h
[0.814s] -- Up-to-date: /home/yasmin-nunes/ros2-path-planning/install/fs_msgs/include/fs_msgs/fs_msgs/msg/detail/track__rosidl_typesupport_introspection_c.h
[0.814s] -- Up-to-date: /home/yasmin-nunes/ros2-path-planning/install/fs_msgs/include/fs_msgs/fs_msgs/msg/detail/cone__type_support.c
[0.814s] -- Up-to-date: /home/yasmin-nunes/ros2-path-planning/install/fs_msgs/include/fs_msgs/fs_msgs/msg/detail/control_command__type_support.c
[0.814s] -- Up-to-date: /home/yasmin-nunes/ros2-path-planning/install/fs_msgs/include/fs_msgs/fs_msgs/msg/detail/wheel_states__rosidl_typesupport_introspection_c.h
[0.814s] -- Up-to-date: /home/yasmin-nunes/ros2-path-planning/install/fs_msgs/include/fs_msgs/fs_msgs/msg/detail/finished_signal__type_support.c
[0.815s] -- Up-to-date: /home/yasmin-nunes/ros2-path-planning/install/fs_msgs/include/fs_msgs/fs_msgs/msg/detail/go_signal__rosidl_typesupport_introspection_c.h
[0.815s] -- Up-to-date: /home/yasmin-nunes/ros2-path-planning/install/fs_msgs/include/fs_msgs/fs_msgs/msg/detail/extra_info__type_support.c
[0.815s] -- Up-to-date: /home/yasmin-nunes/ros2-path-planning/install/fs_msgs/include/fs_msgs/fs_msgs/msg/detail/finished_signal__rosidl_typesupport_introspection_c.h
[0.815s] -- Up-to-date: /home/yasmin-nunes/ros2-path-planning/install/fs_msgs/include/fs_msgs/fs_msgs/msg/detail/cone__rosidl_typesupport_introspection_c.h
[0.815s] -- Up-to-date: /home/yasmin-nunes/ros2-path-planning/install/fs_msgs/include/fs_msgs/fs_msgs/msg/detail/control_command__rosidl_typesupport_introspection_c.h
[0.815s] -- Up-to-date: /home/yasmin-nunes/ros2-path-planning/install/fs_msgs/include/fs_msgs/fs_msgs/msg/rosidl_typesupport_introspection_c__visibility_control.h
[0.815s] -- Up-to-date: /home/yasmin-nunes/ros2-path-planning/install/fs_msgs/lib/libfs_msgs__rosidl_typesupport_introspection_c.so
[0.815s] -- Up-to-date: /home/yasmin-nunes/ros2-path-planning/install/fs_msgs/lib/libfs_msgs__rosidl_typesupport_c.so
[0.815s] -- Up-to-date: /home/yasmin-nunes/ros2-path-planning/install/fs_msgs/include/fs_msgs/fs_msgs
[0.816s] -- Up-to-date: /home/yasmin-nunes/ros2-path-planning/install/fs_msgs/include/fs_msgs/fs_msgs/srv
[0.816s] -- Up-to-date: /home/yasmin-nunes/ros2-path-planning/install/fs_msgs/include/fs_msgs/fs_msgs/srv/detail
[0.817s] -- Up-to-date: /home/yasmin-nunes/ros2-path-planning/install/fs_msgs/include/fs_msgs/fs_msgs/srv/detail/reset__type_support.cpp
[0.817s] -- Up-to-date: /home/yasmin-nunes/ros2-path-planning/install/fs_msgs/include/fs_msgs/fs_msgs/srv/detail/reset__rosidl_typesupport_introspection_cpp.hpp
[0.817s] -- Up-to-date: /home/yasmin-nunes/ros2-path-planning/install/fs_msgs/include/fs_msgs/fs_msgs/msg
[0.817s] -- Up-to-date: /home/yasmin-nunes/ros2-path-planning/install/fs_msgs/include/fs_msgs/fs_msgs/msg/detail
[0.817s] -- Up-to-date: /home/yasmin-nunes/ros2-path-planning/install/fs_msgs/include/fs_msgs/fs_msgs/msg/detail/cone__type_support.cpp
[0.817s] -- Up-to-date: /home/yasmin-nunes/ros2-path-planning/install/fs_msgs/include/fs_msgs/fs_msgs/msg/detail/go_signal__rosidl_typesupport_introspection_cpp.hpp
[0.817s] -- Up-to-date: /home/yasmin-nunes/ros2-path-planning/install/fs_msgs/include/fs_msgs/fs_msgs/msg/detail/finished_signal__type_support.cpp
[0.817s] -- Up-to-date: /home/yasmin-nunes/ros2-path-planning/install/fs_msgs/include/fs_msgs/fs_msgs/msg/detail/go_signal__type_support.cpp
[0.818s] -- Up-to-date: /home/yasmin-nunes/ros2-path-planning/install/fs_msgs/include/fs_msgs/fs_msgs/msg/detail/wheel_states__type_support.cpp
[0.818s] -- Up-to-date: /home/yasmin-nunes/ros2-path-planning/install/fs_msgs/include/fs_msgs/fs_msgs/msg/detail/extra_info__rosidl_typesupport_introspection_cpp.hpp
[0.818s] -- Up-to-date: /home/yasmin-nunes/ros2-path-planning/install/fs_msgs/include/fs_msgs/fs_msgs/msg/detail/extra_info__type_support.cpp
[0.818s] -- Up-to-date: /home/yasmin-nunes/ros2-path-planning/install/fs_msgs/include/fs_msgs/fs_msgs/msg/detail/cone__rosidl_typesupport_introspection_cpp.hpp
[0.819s] -- Up-to-date: /home/yasmin-nunes/ros2-path-planning/install/fs_msgs/include/fs_msgs/fs_msgs/msg/detail/wheel_states__rosidl_typesupport_introspection_cpp.hpp
[0.819s] -- Up-to-date: /home/yasmin-nunes/ros2-path-planning/install/fs_msgs/include/fs_msgs/fs_msgs/msg/detail/control_command__rosidl_typesupport_introspection_cpp.hpp
[0.819s] -- Up-to-date: /home/yasmin-nunes/ros2-path-planning/install/fs_msgs/include/fs_msgs/fs_msgs/msg/detail/track__type_support.cpp
[0.819s] -- Up-to-date: /home/yasmin-nunes/ros2-path-planning/install/fs_msgs/include/fs_msgs/fs_msgs/msg/detail/control_command__type_support.cpp
[0.819s] -- Up-to-date: /home/yasmin-nunes/ros2-path-planning/install/fs_msgs/include/fs_msgs/fs_msgs/msg/detail/finished_signal__rosidl_typesupport_introspection_cpp.hpp
[0.819s] -- Up-to-date: /home/yasmin-nunes/ros2-path-planning/install/fs_msgs/include/fs_msgs/fs_msgs/msg/detail/track__rosidl_typesupport_introspection_cpp.hpp
[0.819s] -- Up-to-date: /home/yasmin-nunes/ros2-path-planning/install/fs_msgs/lib/libfs_msgs__rosidl_typesupport_introspection_cpp.so
[0.819s] -- Up-to-date: /home/yasmin-nunes/ros2-path-planning/install/fs_msgs/lib/libfs_msgs__rosidl_typesupport_cpp.so
[0.819s] -- Up-to-date: /home/yasmin-nunes/ros2-path-planning/install/fs_msgs/share/fs_msgs/environment/pythonpath.sh
[0.820s] -- Up-to-date: /home/yasmin-nunes/ros2-path-planning/install/fs_msgs/share/fs_msgs/environment/pythonpath.dsv
[0.820s] -- Up-to-date: /home/yasmin-nunes/ros2-path-planning/install/fs_msgs/local/lib/python3.10/dist-packages/fs_msgs-0.1.1-py3.10.egg-info
[0.820s] -- Installing: /home/yasmin-nunes/ros2-path-planning/install/fs_msgs/local/lib/python3.10/dist-packages/fs_msgs-0.1.1-py3.10.egg-info/top_level.txt
[0.820s] -- Installing: /home/yasmin-nunes/ros2-path-planning/install/fs_msgs/local/lib/python3.10/dist-packages/fs_msgs-0.1.1-py3.10.egg-info/SOURCES.txt
[0.820s] -- Installing: /home/yasmin-nunes/ros2-path-planning/install/fs_msgs/local/lib/python3.10/dist-packages/fs_msgs-0.1.1-py3.10.egg-info/dependency_links.txt
[0.820s] -- Installing: /home/yasmin-nunes/ros2-path-planning/install/fs_msgs/local/lib/python3.10/dist-packages/fs_msgs-0.1.1-py3.10.egg-info/PKG-INFO
[0.820s] -- Up-to-date: /home/yasmin-nunes/ros2-path-planning/install/fs_msgs/local/lib/python3.10/dist-packages/fs_msgs
[0.820s] -- Up-to-date: /home/yasmin-nunes/ros2-path-planning/install/fs_msgs/local/lib/python3.10/dist-packages/fs_msgs/fs_msgs_s__rosidl_typesupport_fastrtps_c.cpython-310-x86_64-linux-gnu.so
[0.820s] -- Up-to-date: /home/yasmin-nunes/ros2-path-planning/install/fs_msgs/local/lib/python3.10/dist-packages/fs_msgs/srv
[0.821s] -- Up-to-date: /home/yasmin-nunes/ros2-path-planning/install/fs_msgs/local/lib/python3.10/dist-packages/fs_msgs/srv/_reset.py
[0.821s] -- Up-to-date: /home/yasmin-nunes/ros2-path-planning/install/fs_msgs/local/lib/python3.10/dist-packages/fs_msgs/srv/__init__.py
[0.821s] -- Up-to-date: /home/yasmin-nunes/ros2-path-planning/install/fs_msgs/local/lib/python3.10/dist-packages/fs_msgs/srv/_reset_s.c
[0.821s] -- Up-to-date: /home/yasmin-nunes/ros2-path-planning/install/fs_msgs/local/lib/python3.10/dist-packages/fs_msgs/__init__.py
[0.821s] -- Up-to-date: /home/yasmin-nunes/ros2-path-planning/install/fs_msgs/local/lib/python3.10/dist-packages/fs_msgs/msg
[0.821s] -- Up-to-date: /home/yasmin-nunes/ros2-path-planning/install/fs_msgs/local/lib/python3.10/dist-packages/fs_msgs/msg/_cone_s.c
[0.821s] -- Up-to-date: /home/yasmin-nunes/ros2-path-planning/install/fs_msgs/local/lib/python3.10/dist-packages/fs_msgs/msg/_go_signal_s.c
[0.821s] -- Up-to-date: /home/yasmin-nunes/ros2-path-planning/install/fs_msgs/local/lib/python3.10/dist-packages/fs_msgs/msg/_go_signal.py
[0.821s] -- Up-to-date: /home/yasmin-nunes/ros2-path-planning/install/fs_msgs/local/lib/python3.10/dist-packages/fs_msgs/msg/__init__.py
[0.822s] -- Up-to-date: /home/yasmin-nunes/ros2-path-planning/install/fs_msgs/local/lib/python3.10/dist-packages/fs_msgs/msg/_extra_info.py
[0.822s] -- Up-to-date: /home/yasmin-nunes/ros2-path-planning/install/fs_msgs/local/lib/python3.10/dist-packages/fs_msgs/msg/_track_s.c
[0.822s] -- Up-to-date: /home/yasmin-nunes/ros2-path-planning/install/fs_msgs/local/lib/python3.10/dist-packages/fs_msgs/msg/_cone.py
[0.822s] -- Up-to-date: /home/yasmin-nunes/ros2-path-planning/install/fs_msgs/local/lib/python3.10/dist-packages/fs_msgs/msg/_wheel_states_s.c
[0.822s] -- Up-to-date: /home/yasmin-nunes/ros2-path-planning/install/fs_msgs/local/lib/python3.10/dist-packages/fs_msgs/msg/_extra_info_s.c
[0.822s] -- Up-to-date: /home/yasmin-nunes/ros2-path-planning/install/fs_msgs/local/lib/python3.10/dist-packages/fs_msgs/msg/_finished_signal.py
[0.822s] -- Up-to-date: /home/yasmin-nunes/ros2-path-planning/install/fs_msgs/local/lib/python3.10/dist-packages/fs_msgs/msg/_control_command.py
[0.822s] -- Up-to-date: /home/yasmin-nunes/ros2-path-planning/install/fs_msgs/local/lib/python3.10/dist-packages/fs_msgs/msg/_wheel_states.py
[0.822s] -- Up-to-date: /home/yasmin-nunes/ros2-path-planning/install/fs_msgs/local/lib/python3.10/dist-packages/fs_msgs/msg/_track.py
[0.822s] -- Up-to-date: /home/yasmin-nunes/ros2-path-planning/install/fs_msgs/local/lib/python3.10/dist-packages/fs_msgs/msg/_finished_signal_s.c
[0.823s] -- Up-to-date: /home/yasmin-nunes/ros2-path-planning/install/fs_msgs/local/lib/python3.10/dist-packages/fs_msgs/msg/_control_command_s.c
[0.823s] -- Up-to-date: /home/yasmin-nunes/ros2-path-planning/install/fs_msgs/local/lib/python3.10/dist-packages/fs_msgs/libfs_msgs__rosidl_generator_py.so
[0.823s] -- Up-to-date: /home/yasmin-nunes/ros2-path-planning/install/fs_msgs/local/lib/python3.10/dist-packages/fs_msgs/_fs_msgs_s.ep.rosidl_typesupport_fastrtps_c.c
[0.823s] -- Up-to-date: /home/yasmin-nunes/ros2-path-planning/install/fs_msgs/local/lib/python3.10/dist-packages/fs_msgs/fs_msgs_s__rosidl_typesupport_c.cpython-310-x86_64-linux-gnu.so
[0.823s] -- Up-to-date: /home/yasmin-nunes/ros2-path-planning/install/fs_msgs/local/lib/python3.10/dist-packages/fs_msgs/fs_msgs_s__rosidl_typesupport_introspection_c.cpython-310-x86_64-linux-gnu.so
[0.823s] -- Up-to-date: /home/yasmin-nunes/ros2-path-planning/install/fs_msgs/local/lib/python3.10/dist-packages/fs_msgs/_fs_msgs_s.ep.rosidl_typesupport_c.c
[0.823s] -- Up-to-date: /home/yasmin-nunes/ros2-path-planning/install/fs_msgs/local/lib/python3.10/dist-packages/fs_msgs/_fs_msgs_s.ep.rosidl_typesupport_introspection_c.c
[0.852s] Listing '/home/yasmin-nunes/ros2-path-planning/install/fs_msgs/local/lib/python3.10/dist-packages/fs_msgs'...
[0.852s] Listing '/home/yasmin-nunes/ros2-path-planning/install/fs_msgs/local/lib/python3.10/dist-packages/fs_msgs/msg'...
[0.852s] Listing '/home/yasmin-nunes/ros2-path-planning/install/fs_msgs/local/lib/python3.10/dist-packages/fs_msgs/srv'...
[0.857s] -- Up-to-date: /home/yasmin-nunes/ros2-path-planning/install/fs_msgs/local/lib/python3.10/dist-packages/fs_msgs/fs_msgs_s__rosidl_typesupport_fastrtps_c.cpython-310-x86_64-linux-gnu.so
[0.858s] -- Up-to-date: /home/yasmin-nunes/ros2-path-planning/install/fs_msgs/local/lib/python3.10/dist-packages/fs_msgs/fs_msgs_s__rosidl_typesupport_introspection_c.cpython-310-x86_64-linux-gnu.so
[0.858s] -- Up-to-date: /home/yasmin-nunes/ros2-path-planning/install/fs_msgs/local/lib/python3.10/dist-packages/fs_msgs/fs_msgs_s__rosidl_typesupport_c.cpython-310-x86_64-linux-gnu.so
[0.859s] -- Up-to-date: /home/yasmin-nunes/ros2-path-planning/install/fs_msgs/lib/libfs_msgs__rosidl_generator_py.so
[0.859s] -- Up-to-date: /home/yasmin-nunes/ros2-path-planning/install/fs_msgs/share/fs_msgs/msg/ControlCommand.idl
[0.860s] -- Up-to-date: /home/yasmin-nunes/ros2-path-planning/install/fs_msgs/share/fs_msgs/msg/FinishedSignal.idl
[0.860s] -- Up-to-date: /home/yasmin-nunes/ros2-path-planning/install/fs_msgs/share/fs_msgs/msg/GoSignal.idl
[0.860s] -- Up-to-date: /home/yasmin-nunes/ros2-path-planning/install/fs_msgs/share/fs_msgs/msg/Track.idl
[0.860s] -- Up-to-date: /home/yasmin-nunes/ros2-path-planning/install/fs_msgs/share/fs_msgs/msg/Cone.idl
[0.860s] -- Up-to-date: /home/yasmin-nunes/ros2-path-planning/install/fs_msgs/share/fs_msgs/msg/ExtraInfo.idl
[0.860s] -- Up-to-date: /home/yasmin-nunes/ros2-path-planning/install/fs_msgs/share/fs_msgs/msg/WheelStates.idl
[0.860s] -- Up-to-date: /home/yasmin-nunes/ros2-path-planning/install/fs_msgs/share/fs_msgs/srv/Reset.idl
[0.861s] -- Up-to-date: /home/yasmin-nunes/ros2-path-planning/install/fs_msgs/share/fs_msgs/msg/ControlCommand.msg
[0.861s] -- Up-to-date: /home/yasmin-nunes/ros2-path-planning/install/fs_msgs/share/fs_msgs/msg/FinishedSignal.msg
[0.861s] -- Up-to-date: /home/yasmin-nunes/ros2-path-planning/install/fs_msgs/share/fs_msgs/msg/GoSignal.msg
[0.861s] -- Up-to-date: /home/yasmin-nunes/ros2-path-planning/install/fs_msgs/share/fs_msgs/msg/Track.msg
[0.862s] -- Up-to-date: /home/yasmin-nunes/ros2-path-planning/install/fs_msgs/share/fs_msgs/msg/Cone.msg
[0.862s] -- Up-to-date: /home/yasmin-nunes/ros2-path-planning/install/fs_msgs/share/fs_msgs/msg/ExtraInfo.msg
[0.862s] -- Up-to-date: /home/yasmin-nunes/ros2-path-planning/install/fs_msgs/share/fs_msgs/msg/WheelStates.msg
[0.862s] -- Up-to-date: /home/yasmin-nunes/ros2-path-planning/install/fs_msgs/share/fs_msgs/srv/Reset.srv
[0.862s] -- Up-to-date: /home/yasmin-nunes/ros2-path-planning/install/fs_msgs/share/fs_msgs/srv/Reset_Request.msg
[0.862s] -- Up-to-date: /home/yasmin-nunes/ros2-path-planning/install/fs_msgs/share/fs_msgs/srv/Reset_Response.msg
[0.863s] -- Up-to-date: /home/yasmin-nunes/ros2-path-planning/install/fs_msgs/share/ament_index/resource_index/package_run_dependencies/fs_msgs
[0.863s] -- Up-to-date: /home/yasmin-nunes/ros2-path-planning/install/fs_msgs/share/ament_index/resource_index/parent_prefix_path/fs_msgs
[0.863s] -- Up-to-date: /home/yasmin-nunes/ros2-path-planning/install/fs_msgs/share/fs_msgs/environment/ament_prefix_path.sh
[0.863s] -- Up-to-date: /home/yasmin-nunes/ros2-path-planning/install/fs_msgs/share/fs_msgs/environment/ament_prefix_path.dsv
[0.863s] -- Up-to-date: /home/yasmin-nunes/ros2-path-planning/install/fs_msgs/share/fs_msgs/environment/path.sh
[0.863s] -- Up-to-date: /home/yasmin-nunes/ros2-path-planning/install/fs_msgs/share/fs_msgs/environment/path.dsv
[0.863s] -- Up-to-date: /home/yasmin-nunes/ros2-path-planning/install/fs_msgs/share/fs_msgs/local_setup.bash
[0.864s] -- Up-to-date: /home/yasmin-nunes/ros2-path-planning/install/fs_msgs/share/fs_msgs/local_setup.sh
[0.864s] -- Up-to-date: /home/yasmin-nunes/ros2-path-planning/install/fs_msgs/share/fs_msgs/local_setup.zsh
[0.864s] -- Up-to-date: /home/yasmin-nunes/ros2-path-planning/install/fs_msgs/share/fs_msgs/local_setup.dsv
[0.864s] -- Installing: /home/yasmin-nunes/ros2-path-planning/install/fs_msgs/share/fs_msgs/package.dsv
[0.864s] -- Up-to-date: /home/yasmin-nunes/ros2-path-planning/install/fs_msgs/share/ament_index/resource_index/packages/fs_msgs
[0.864s] -- Up-to-date: /home/yasmin-nunes/ros2-path-planning/install/fs_msgs/share/fs_msgs/cmake/export_fs_msgs__rosidl_generator_cExport.cmake
[0.864s] -- Up-to-date: /home/yasmin-nunes/ros2-path-planning/install/fs_msgs/share/fs_msgs/cmake/export_fs_msgs__rosidl_generator_cExport-noconfig.cmake
[0.865s] -- Up-to-date: /home/yasmin-nunes/ros2-path-planning/install/fs_msgs/share/fs_msgs/cmake/export_fs_msgs__rosidl_typesupport_fastrtps_cExport.cmake
[0.865s] -- Up-to-date: /home/yasmin-nunes/ros2-path-planning/install/fs_msgs/share/fs_msgs/cmake/export_fs_msgs__rosidl_typesupport_fastrtps_cExport-noconfig.cmake
[0.865s] -- Up-to-date: /home/yasmin-nunes/ros2-path-planning/install/fs_msgs/share/fs_msgs/cmake/export_fs_msgs__rosidl_generator_cppExport.cmake
[0.865s] -- Up-to-date: /home/yasmin-nunes/ros2-path-planning/install/fs_msgs/share/fs_msgs/cmake/export_fs_msgs__rosidl_typesupport_fastrtps_cppExport.cmake
[0.865s] -- Up-to-date: /home/yasmin-nunes/ros2-path-planning/install/fs_msgs/share/fs_msgs/cmake/export_fs_msgs__rosidl_typesupport_fastrtps_cppExport-noconfig.cmake
[0.865s] -- Up-to-date: /home/yasmin-nunes/ros2-path-planning/install/fs_msgs/share/fs_msgs/cmake/fs_msgs__rosidl_typesupport_introspection_cExport.cmake
[0.865s] -- Up-to-date: /home/yasmin-nunes/ros2-path-planning/install/fs_msgs/share/fs_msgs/cmake/fs_msgs__rosidl_typesupport_introspection_cExport-noconfig.cmake
[0.865s] -- Up-to-date: /home/yasmin-nunes/ros2-path-planning/install/fs_msgs/share/fs_msgs/cmake/fs_msgs__rosidl_typesupport_cExport.cmake
[0.865s] -- Up-to-date: /home/yasmin-nunes/ros2-path-planning/install/fs_msgs/share/fs_msgs/cmake/fs_msgs__rosidl_typesupport_cExport-noconfig.cmake
[0.866s] -- Up-to-date: /home/yasmin-nunes/ros2-path-planning/install/fs_msgs/share/fs_msgs/cmake/fs_msgs__rosidl_typesupport_introspection_cppExport.cmake
[0.866s] -- Up-to-date: /home/yasmin-nunes/ros2-path-planning/install/fs_msgs/share/fs_msgs/cmake/fs_msgs__rosidl_typesupport_introspection_cppExport-noconfig.cmake
[0.866s] -- Up-to-date: /home/yasmin-nunes/ros2-path-planning/install/fs_msgs/share/fs_msgs/cmake/fs_msgs__rosidl_typesupport_cppExport.cmake
[0.866s] -- Up-to-date: /home/yasmin-nunes/ros2-path-planning/install/fs_msgs/share/fs_msgs/cmake/fs_msgs__rosidl_typesupport_cppExport-noconfig.cmake
[0.866s] -- Up-to-date: /home/yasmin-nunes/ros2-path-planning/install/fs_msgs/share/fs_msgs/cmake/export_fs_msgs__rosidl_generator_pyExport.cmake
[0.866s] -- Up-to-date: /home/yasmin-nunes/ros2-path-planning/install/fs_msgs/share/fs_msgs/cmake/export_fs_msgs__rosidl_generator_pyExport-noconfig.cmake
[0.866s] -- Up-to-date: /home/yasmin-nunes/ros2-path-planning/install/fs_msgs/share/fs_msgs/cmake/rosidl_cmake-extras.cmake
[0.866s] -- Up-to-date: /home/yasmin-nunes/ros2-path-planning/install/fs_msgs/share/fs_msgs/cmake/ament_cmake_export_dependencies-extras.cmake
[0.867s] -- Up-to-date: /home/yasmin-nunes/ros2-path-planning/install/fs_msgs/share/fs_msgs/cmake/ament_cmake_export_include_directories-extras.cmake
[0.867s] -- Up-to-date: /home/yasmin-nunes/ros2-path-planning/install/fs_msgs/share/fs_msgs/cmake/ament_cmake_export_libraries-extras.cmake
[0.868s] -- Up-to-date: /home/yasmin-nunes/ros2-path-planning/install/fs_msgs/share/fs_msgs/cmake/ament_cmake_export_targets-extras.cmake
[0.868s] -- Up-to-date: /home/yasmin-nunes/ros2-path-planning/install/fs_msgs/share/fs_msgs/cmake/rosidl_cmake_export_typesupport_targets-extras.cmake
[0.868s] -- Up-to-date: /home/yasmin-nunes/ros2-path-planning/install/fs_msgs/share/fs_msgs/cmake/rosidl_cmake_export_typesupport_libraries-extras.cmake
[0.868s] -- Up-to-date: /home/yasmin-nunes/ros2-path-planning/install/fs_msgs/share/fs_msgs/cmake/fs_msgsConfig.cmake
[0.869s] -- Up-to-date: /home/yasmin-nunes/ros2-path-planning/install/fs_msgs/share/fs_msgs/cmake/fs_msgsConfig-version.cmake
[0.869s] -- Up-to-date: /home/yasmin-nunes/ros2-path-planning/install/fs_msgs/share/fs_msgs/package.xml
[0.869s] Invoked command in '/home/yasmin-nunes/ros2-path-planning/build/fs_msgs' returned '0': CMAKE_PREFIX_PATH=/opt/ros/humble:${CMAKE_PREFIX_PATH} /usr/bin/cmake --install /home/yasmin-nunes/ros2-path-planning/build/fs_msgs
