[0.019s] Invoking command in '/home/yasmin-nunes/ros2-path-planning/build/fs_msgs': /usr/bin/cmake /home/yasmin-nunes/ros2-path-planning/src/fs_msgs -DCATKIN_INSTALL_INTO_PREFIX_ROOT=0 -DCMAKE_INSTALL_PREFIX=/home/yasmin-nunes/ros2-path-planning/install/fs_msgs
[0.041s] -- Found ament_cmake: 1.3.10 (/opt/ros/humble/share/ament_cmake/cmake)
[0.215s] -- Found geometry_msgs: 4.2.4 (/opt/ros/humble/share/geometry_msgs/cmake)
[0.257s] -- Found rosidl_generator_c: 3.1.5 (/opt/ros/humble/share/rosidl_generator_c/cmake)
[0.263s] -- Found rosidl_adapter: 3.1.5 (/opt/ros/humble/share/rosidl_adapter/cmake)
[0.273s] -- Found rosidl_generator_cpp: 3.1.5 (/opt/ros/humble/share/rosidl_generator_cpp/cmake)
[0.294s] -- Using all available rosidl_typesupport_c: rosidl_typesupport_fastrtps_c;rosidl_typesupport_introspection_c
[0.315s] -- Using all available rosidl_typesupport_cpp: rosidl_typesupport_fastrtps_cpp;rosidl_typesupport_introspection_cpp
[0.373s] -- Found rosidl_default_generators: 1.2.0 (/opt/ros/humble/share/rosidl_default_generators/cmake)
[0.668s] [31mCMake Error at /opt/ros/humble/share/rosidl_adapter/cmake/rosidl_adapt_interfaces.cmake:59 (message):
[0.668s]   execute_process(/usr/bin/python3 -m rosidl_adapter --package-name fs_msgs
[0.669s]   --arguments-file
[0.669s]   /home/yasmin-nunes/ros2-path-planning/build/fs_msgs/rosidl_adapter__arguments__fs_msgs.json
[0.669s]   --output-dir
[0.669s]   /home/yasmin-nunes/ros2-path-planning/build/fs_msgs/rosidl_adapter/fs_msgs
[0.669s]   --output-file
[0.669s]   /home/yasmin-nunes/ros2-path-planning/build/fs_msgs/rosidl_adapter/fs_msgs.idls)
[0.669s]   returned error code 1:
[0.670s] 
[0.670s]   Error processing 'bool waitOnLastTask' of 'fs_msgs/Reset_Request':
[0.670s]   ''waitOnLastTask' is an invalid field name.  It should have the pattern
[0.670s]   '^(?!.*__)(?!.*_$)[a-z][a-z0-9_]*$''
[0.670s] 
[0.670s]   Traceback (most recent call last):
[0.670s] 
[0.670s]     File "/usr/lib/python3.10/runpy.py", line 196, in _run_module_as_main
[0.671s]       return _run_code(code, main_globals, None,
[0.671s]     File "/usr/lib/python3.10/runpy.py", line 86, in _run_code
[0.671s]       exec(code, run_globals)
[0.671s]     File "/opt/ros/humble/local/lib/python3.10/dist-packages/rosidl_adapter/__main__.py", line 19, in <module>
[0.671s]       sys.exit(main())
[0.671s]     File "/opt/ros/humble/local/lib/python3.10/dist-packages/rosidl_adapter/main.py", line 53, in main
[0.671s]       abs_idl_file = convert_to_idl(
[0.671s]     File "/opt/ros/humble/local/lib/python3.10/dist-packages/rosidl_adapter/__init__.py", line 24, in convert_to_idl
[0.671s]       return convert_srv_to_idl(
[0.672s]     File "/opt/ros/humble/local/lib/python3.10/dist-packages/rosidl_adapter/srv/__init__.py", line 28, in convert_srv_to_idl
[0.672s]       srv = parse_service_string(package_name, input_file.stem, content)
[0.672s]     File "/opt/ros/humble/local/lib/python3.10/dist-packages/rosidl_adapter/parser.py", line 859, in parse_service_string
[0.672s]       request_message = parse_message_string(
[0.672s]     File "/opt/ros/humble/local/lib/python3.10/dist-packages/rosidl_adapter/parser.py", line 519, in parse_message_string
[0.672s]       fields.append(Field(
[0.672s]     File "/opt/ros/humble/local/lib/python3.10/dist-packages/rosidl_adapter/parser.py", line 354, in __init__
[0.672s]       raise NameError(
[0.672s] 
[0.672s]   NameError: 'waitOnLastTask' is an invalid field name.  It should have the
[0.673s]   pattern '^(?!.*__)(?!.*_$)[a-z][a-z0-9_]*$'
[0.673s] 
[0.673s] Call Stack (most recent call first):
[0.673s]   /opt/ros/humble/share/rosidl_cmake/cmake/rosidl_generate_interfaces.cmake:130 (rosidl_adapt_interfaces)
[0.673s]   CMakeLists.txt:25 (rosidl_generate_interfaces)
[0.673s] 
[0.673s] [0m
[0.673s] -- Configuring incomplete, errors occurred!
[0.674s] See also "/home/yasmin-nunes/ros2-path-planning/build/fs_msgs/CMakeFiles/CMakeOutput.log".
[0.677s] Invoked command in '/home/yasmin-nunes/ros2-path-planning/build/fs_msgs' returned '1': /usr/bin/cmake /home/yasmin-nunes/ros2-path-planning/src/fs_msgs -DCATKIN_INSTALL_INTO_PREFIX_ROOT=0 -DCMAKE_INSTALL_PREFIX=/home/yasmin-nunes/ros2-path-planning/install/fs_msgs
