[0.013s] Invoking command in '/home/yasmin-nunes/ros2-path-planning/build/ros2_path_planning': CMAKE_PREFIX_PATH=/opt/ros/humble /usr/bin/cmake --build /home/yasmin-nunes/ros2-path-planning/build/ros2_path_planning -- -j4 -l4
[0.020s] [0mCMake Error: The current CMakeCache.txt directory /home/yasmin-nunes/ros2-path-planning/build/ros2_path_planning/CMakeCache.txt is different than the directory /home/yasmin-nunes/ros2_path_planning/build/ros2_path_planning where CMakeCache.txt was created. This may result in binaries being created in the wrong place. If you are not sure, reedit the CMakeCache.txt[0m
[0.037s] -- Found ament_cmake: 1.3.10 (/opt/ros/humble/share/ament_cmake/cmake)
[0.183s] -- Found ament_lint_auto: 0.12.11 (/opt/ros/humble/share/ament_lint_auto/cmake)
[0.183s] [0mCMake Error: File /home/yasmin-nunes/ros2_path_planning/src/path_planning/package.xml does not exist.[0m
[0.184s] [31mCMake Error at /opt/ros/humble/share/ament_cmake_core/cmake/core/stamp.cmake:24 (configure_file):
[0.184s]   configure_file Problem configuring file
[0.184s] Call Stack (most recent call first):
[0.184s]   /opt/ros/humble/share/ament_cmake_core/cmake/core/ament_package_xml.cmake:73 (stamp)
[0.184s]   /opt/ros/humble/share/ament_cmake_core/cmake/core/ament_package_xml.cmake:49 (_ament_package_xml)
[0.184s]   /opt/ros/humble/share/ament_lint_auto/cmake/ament_lint_auto_find_test_dependencies.cmake:31 (ament_package_xml)
[0.184s]   CMakeLists.txt:42 (ament_lint_auto_find_test_dependencies)
[0.185s] 
[0.185s] [0m
[0.185s] [0mCMake Error: File /home/yasmin-nunes/ros2_path_planning/src/path_planning/package.xml does not exist.[0m
[0.185s] [31mCMake Error at /opt/ros/humble/share/ament_cmake_core/cmake/core/stamp.cmake:24 (configure_file):
[0.185s]   configure_file Problem configuring file
[0.185s] Call Stack (most recent call first):
[0.185s]   /opt/ros/humble/share/ament_cmake_core/cmake/core/ament_package_xml.cmake:73 (stamp)
[0.186s]   /opt/ros/humble/share/ament_cmake_core/cmake/core/ament_package_xml.cmake:49 (_ament_package_xml)
[0.186s]   /opt/ros/humble/share/ament_cmake_core/cmake/core/ament_package.cmake:63 (ament_package_xml)
[0.186s]   CMakeLists.txt:45 (ament_package)
[0.186s] 
[0.186s] [0m
[0.188s] -- Configuring incomplete, errors occurred!
[0.188s] See also "/home/yasmin-nunes/ros2_path_planning/build/ros2_path_planning/CMakeFiles/CMakeOutput.log".
[0.191s] gmake: *** [Makefile:226: cmake_check_build_system] Error 1
[0.193s] Invoked command in '/home/yasmin-nunes/ros2-path-planning/build/ros2_path_planning' returned '2': CMAKE_PREFIX_PATH=/opt/ros/humble /usr/bin/cmake --build /home/yasmin-nunes/ros2-path-planning/build/ros2_path_planning -- -j4 -l4
