[0.016s] Invoking command in '/home/yasmin-nunes/ros2-path-planning/build/ros2_path_planning': CMAKE_PREFIX_PATH=${CMAKE_PREFIX_PATH}:/opt/ros/humble /usr/bin/cmake --build /home/yasmin-nunes/ros2-path-planning/build/ros2_path_planning -- -j4 -l4
[0.060s] Invoked command in '/home/yasmin-nunes/ros2-path-planning/build/ros2_path_planning' returned '0': CMAKE_PREFIX_PATH=${CMAKE_PREFIX_PATH}:/opt/ros/humble /usr/bin/cmake --build /home/yasmin-nunes/ros2-path-planning/build/ros2_path_planning -- -j4 -l4
[0.094s] Invoking command in '/home/yasmin-nunes/ros2-path-planning/build/ros2_path_planning': CMAKE_PREFIX_PATH=${CMAKE_PREFIX_PATH}:/opt/ros/humble /usr/bin/cmake --install /home/yasmin-nunes/ros2-path-planning/build/ros2_path_planning
[0.103s] -- Install configuration: ""
[0.103s] -- Installing: /home/yasmin-nunes/ros2-path-planning/install/ros2_path_planning/lib/ros2_path_planning/path_publisher.py
[0.103s] -- Up-to-date: /home/yasmin-nunes/ros2-path-planning/install/ros2_path_planning/path_planning/ros2_path_planning/bayesian_inference
[0.104s] -- Up-to-date: /home/yasmin-nunes/ros2-path-planning/install/ros2_path_planning/path_planning/ros2_path_planning/bayesian_inference/__init__.py
[0.104s] -- Up-to-date: /home/yasmin-nunes/ros2-path-planning/install/ros2_path_planning/path_planning/ros2_path_planning/bayesian_inference/bayesian_inference_planner.py
[0.104s] -- Up-to-date: /home/yasmin-nunes/ros2-path-planning/install/ros2_path_planning/share/ament_index/resource_index/package_run_dependencies/ros2_path_planning
[0.104s] -- Up-to-date: /home/yasmin-nunes/ros2-path-planning/install/ros2_path_planning/share/ament_index/resource_index/parent_prefix_path/ros2_path_planning
[0.104s] -- Up-to-date: /home/yasmin-nunes/ros2-path-planning/install/ros2_path_planning/share/ros2_path_planning/environment/ament_prefix_path.sh
[0.104s] -- Up-to-date: /home/yasmin-nunes/ros2-path-planning/install/ros2_path_planning/share/ros2_path_planning/environment/ament_prefix_path.dsv
[0.104s] -- Up-to-date: /home/yasmin-nunes/ros2-path-planning/install/ros2_path_planning/share/ros2_path_planning/environment/path.sh
[0.105s] -- Up-to-date: /home/yasmin-nunes/ros2-path-planning/install/ros2_path_planning/share/ros2_path_planning/environment/path.dsv
[0.105s] -- Up-to-date: /home/yasmin-nunes/ros2-path-planning/install/ros2_path_planning/share/ros2_path_planning/local_setup.bash
[0.105s] -- Up-to-date: /home/yasmin-nunes/ros2-path-planning/install/ros2_path_planning/share/ros2_path_planning/local_setup.sh
[0.105s] -- Up-to-date: /home/yasmin-nunes/ros2-path-planning/install/ros2_path_planning/share/ros2_path_planning/local_setup.zsh
[0.106s] -- Up-to-date: /home/yasmin-nunes/ros2-path-planning/install/ros2_path_planning/share/ros2_path_planning/local_setup.dsv
[0.106s] -- Installing: /home/yasmin-nunes/ros2-path-planning/install/ros2_path_planning/share/ros2_path_planning/package.dsv
[0.106s] -- Up-to-date: /home/yasmin-nunes/ros2-path-planning/install/ros2_path_planning/share/ament_index/resource_index/packages/ros2_path_planning
[0.106s] -- Up-to-date: /home/yasmin-nunes/ros2-path-planning/install/ros2_path_planning/share/ros2_path_planning/cmake/ros2_path_planningConfig.cmake
[0.107s] -- Up-to-date: /home/yasmin-nunes/ros2-path-planning/install/ros2_path_planning/share/ros2_path_planning/cmake/ros2_path_planningConfig-version.cmake
[0.108s] -- Up-to-date: /home/yasmin-nunes/ros2-path-planning/install/ros2_path_planning/share/ros2_path_planning/package.xml
[0.108s] Invoked command in '/home/yasmin-nunes/ros2-path-planning/build/ros2_path_planning' returned '0': CMAKE_PREFIX_PATH=${CMAKE_PREFIX_PATH}:/opt/ros/humble /usr/bin/cmake --install /home/yasmin-nunes/ros2-path-planning/build/ros2_path_planning
