[0.014s] Invoking command in '/home/yasmin-nunes/ros2-path-planning/build/yolov8_bringup': AMENT_PREFIX_PATH=/home/yasmin-nunes/ros2-path-planning/install/yolov8_ros:/home/yasmin-nunes/ros2-path-planning/install/yolov8_msgs:${AMENT_PREFIX_PATH} CMAKE_PREFIX_PATH=/home/yasmin-nunes/ros2-path-planning/install/yolov8_msgs:/opt/ros/humble LD_LIBRARY_PATH=/home/yasmin-nunes/ros2-path-planning/install/yolov8_msgs/lib:${LD_LIBRARY_PATH} PYTHONPATH=/home/yasmin-nunes/ros2-path-planning/install/yolov8_ros/lib/python3.10/site-packages:/home/yasmin-nunes/ros2-path-planning/install/yolov8_msgs/local/lib/python3.10/dist-packages:${PYTHONPATH} /usr/bin/cmake /home/yasmin-nunes/ros2-path-planning/src/yolov8_ros/yolov8_bringup -DCMAKE_INSTALL_PREFIX=/home/yasmin-nunes/ros2-path-planning/install/yolov8_bringup
[0.084s] -- The C compiler identification is GNU 11.4.0
[0.167s] -- The CXX compiler identification is GNU 11.4.0
[0.177s] -- Detecting C compiler ABI info
[0.261s] -- Detecting C compiler ABI info - done
[0.271s] -- Check for working C compiler: /usr/bin/cc - skipped
[0.271s] -- Detecting C compile features
[0.271s] -- Detecting C compile features - done
[0.275s] -- Detecting CXX compiler ABI info
[0.377s] -- Detecting CXX compiler ABI info - done
[0.387s] -- Check for working CXX compiler: /usr/bin/c++ - skipped
[0.388s] -- Detecting CXX compile features
[0.389s] -- Detecting CXX compile features - done
[0.392s] -- Found ament_cmake: 1.3.10 (/opt/ros/humble/share/ament_cmake/cmake)
[0.607s] -- Found Python3: /usr/bin/python3 (found version "3.10.12") found components: Interpreter 
[0.795s] -- Configuring done
[0.799s] -- Generating done
[0.800s] -- Build files have been written to: /home/yasmin-nunes/ros2-path-planning/build/yolov8_bringup
[0.807s] Invoked command in '/home/yasmin-nunes/ros2-path-planning/build/yolov8_bringup' returned '0': AMENT_PREFIX_PATH=/home/yasmin-nunes/ros2-path-planning/install/yolov8_ros:/home/yasmin-nunes/ros2-path-planning/install/yolov8_msgs:${AMENT_PREFIX_PATH} CMAKE_PREFIX_PATH=/home/yasmin-nunes/ros2-path-planning/install/yolov8_msgs:/opt/ros/humble LD_LIBRARY_PATH=/home/yasmin-nunes/ros2-path-planning/install/yolov8_msgs/lib:${LD_LIBRARY_PATH} PYTHONPATH=/home/yasmin-nunes/ros2-path-planning/install/yolov8_ros/lib/python3.10/site-packages:/home/yasmin-nunes/ros2-path-planning/install/yolov8_msgs/local/lib/python3.10/dist-packages:${PYTHONPATH} /usr/bin/cmake /home/yasmin-nunes/ros2-path-planning/src/yolov8_ros/yolov8_bringup -DCMAKE_INSTALL_PREFIX=/home/yasmin-nunes/ros2-path-planning/install/yolov8_bringup
[0.810s] Invoking command in '/home/yasmin-nunes/ros2-path-planning/build/yolov8_bringup': AMENT_PREFIX_PATH=/home/yasmin-nunes/ros2-path-planning/install/yolov8_ros:/home/yasmin-nunes/ros2-path-planning/install/yolov8_msgs:${AMENT_PREFIX_PATH} CMAKE_PREFIX_PATH=/home/yasmin-nunes/ros2-path-planning/install/yolov8_msgs:/opt/ros/humble LD_LIBRARY_PATH=/home/yasmin-nunes/ros2-path-planning/install/yolov8_msgs/lib:${LD_LIBRARY_PATH} PYTHONPATH=/home/yasmin-nunes/ros2-path-planning/install/yolov8_ros/lib/python3.10/site-packages:/home/yasmin-nunes/ros2-path-planning/install/yolov8_msgs/local/lib/python3.10/dist-packages:${PYTHONPATH} /usr/bin/cmake --build /home/yasmin-nunes/ros2-path-planning/build/yolov8_bringup -- -j4 -l4
[0.860s] Invoked command in '/home/yasmin-nunes/ros2-path-planning/build/yolov8_bringup' returned '0': AMENT_PREFIX_PATH=/home/yasmin-nunes/ros2-path-planning/install/yolov8_ros:/home/yasmin-nunes/ros2-path-planning/install/yolov8_msgs:${AMENT_PREFIX_PATH} CMAKE_PREFIX_PATH=/home/yasmin-nunes/ros2-path-planning/install/yolov8_msgs:/opt/ros/humble LD_LIBRARY_PATH=/home/yasmin-nunes/ros2-path-planning/install/yolov8_msgs/lib:${LD_LIBRARY_PATH} PYTHONPATH=/home/yasmin-nunes/ros2-path-planning/install/yolov8_ros/lib/python3.10/site-packages:/home/yasmin-nunes/ros2-path-planning/install/yolov8_msgs/local/lib/python3.10/dist-packages:${PYTHONPATH} /usr/bin/cmake --build /home/yasmin-nunes/ros2-path-planning/build/yolov8_bringup -- -j4 -l4
[0.890s] Invoking command in '/home/yasmin-nunes/ros2-path-planning/build/yolov8_bringup': AMENT_PREFIX_PATH=/home/yasmin-nunes/ros2-path-planning/install/yolov8_ros:/home/yasmin-nunes/ros2-path-planning/install/yolov8_msgs:${AMENT_PREFIX_PATH} CMAKE_PREFIX_PATH=/home/yasmin-nunes/ros2-path-planning/install/yolov8_msgs:/opt/ros/humble LD_LIBRARY_PATH=/home/yasmin-nunes/ros2-path-planning/install/yolov8_msgs/lib:${LD_LIBRARY_PATH} PYTHONPATH=/home/yasmin-nunes/ros2-path-planning/install/yolov8_ros/lib/python3.10/site-packages:/home/yasmin-nunes/ros2-path-planning/install/yolov8_msgs/local/lib/python3.10/dist-packages:${PYTHONPATH} /usr/bin/cmake --install /home/yasmin-nunes/ros2-path-planning/build/yolov8_bringup
[0.899s] -- Install configuration: ""
[0.900s] -- Installing: /home/yasmin-nunes/ros2-path-planning/install/yolov8_bringup/share/yolov8_bringup//launch
[0.900s] -- Installing: /home/yasmin-nunes/ros2-path-planning/install/yolov8_bringup/share/yolov8_bringup//launch/yolov5.launch.py
[0.900s] -- Installing: /home/yasmin-nunes/ros2-path-planning/install/yolov8_bringup/share/yolov8_bringup//launch/yolov9.launch.py
[0.901s] -- Installing: /home/yasmin-nunes/ros2-path-planning/install/yolov8_bringup/share/yolov8_bringup//launch/yolov8.launch.py
[0.901s] -- Installing: /home/yasmin-nunes/ros2-path-planning/install/yolov8_bringup/share/yolov8_bringup//launch/yolo-nas.launch.py
[0.901s] -- Installing: /home/yasmin-nunes/ros2-path-planning/install/yolov8_bringup/share/yolov8_bringup//launch/yolov8_3d.launch.py
[0.901s] -- Installing: /home/yasmin-nunes/ros2-path-planning/install/yolov8_bringup/share/yolov8_bringup//launch/yolov10.launch.py
[0.901s] -- Installing: /home/yasmin-nunes/ros2-path-planning/install/yolov8_bringup/share/yolov8_bringup//launch/yolov11.launch.py
[0.901s] -- Installing: /home/yasmin-nunes/ros2-path-planning/install/yolov8_bringup/share/ament_index/resource_index/package_run_dependencies/yolov8_bringup
[0.901s] -- Installing: /home/yasmin-nunes/ros2-path-planning/install/yolov8_bringup/share/ament_index/resource_index/parent_prefix_path/yolov8_bringup
[0.902s] -- Installing: /home/yasmin-nunes/ros2-path-planning/install/yolov8_bringup/share/yolov8_bringup/environment/ament_prefix_path.sh
[0.902s] -- Installing: /home/yasmin-nunes/ros2-path-planning/install/yolov8_bringup/share/yolov8_bringup/environment/ament_prefix_path.dsv
[0.903s] -- Installing: /home/yasmin-nunes/ros2-path-planning/install/yolov8_bringup/share/yolov8_bringup/environment/path.sh
[0.903s] -- Installing: /home/yasmin-nunes/ros2-path-planning/install/yolov8_bringup/share/yolov8_bringup/environment/path.dsv
[0.903s] -- Installing: /home/yasmin-nunes/ros2-path-planning/install/yolov8_bringup/share/yolov8_bringup/local_setup.bash
[0.903s] -- Installing: /home/yasmin-nunes/ros2-path-planning/install/yolov8_bringup/share/yolov8_bringup/local_setup.sh
[0.903s] -- Installing: /home/yasmin-nunes/ros2-path-planning/install/yolov8_bringup/share/yolov8_bringup/local_setup.zsh
[0.904s] -- Installing: /home/yasmin-nunes/ros2-path-planning/install/yolov8_bringup/share/yolov8_bringup/local_setup.dsv
[0.904s] -- Installing: /home/yasmin-nunes/ros2-path-planning/install/yolov8_bringup/share/yolov8_bringup/package.dsv
[0.904s] -- Installing: /home/yasmin-nunes/ros2-path-planning/install/yolov8_bringup/share/ament_index/resource_index/packages/yolov8_bringup
[0.904s] -- Installing: /home/yasmin-nunes/ros2-path-planning/install/yolov8_bringup/share/yolov8_bringup/cmake/yolov8_bringupConfig.cmake
[0.904s] -- Installing: /home/yasmin-nunes/ros2-path-planning/install/yolov8_bringup/share/yolov8_bringup/cmake/yolov8_bringupConfig-version.cmake
[0.905s] -- Installing: /home/yasmin-nunes/ros2-path-planning/install/yolov8_bringup/share/yolov8_bringup/package.xml
[0.907s] Invoked command in '/home/yasmin-nunes/ros2-path-planning/build/yolov8_bringup' returned '0': AMENT_PREFIX_PATH=/home/yasmin-nunes/ros2-path-planning/install/yolov8_ros:/home/yasmin-nunes/ros2-path-planning/install/yolov8_msgs:${AMENT_PREFIX_PATH} CMAKE_PREFIX_PATH=/home/yasmin-nunes/ros2-path-planning/install/yolov8_msgs:/opt/ros/humble LD_LIBRARY_PATH=/home/yasmin-nunes/ros2-path-planning/install/yolov8_msgs/lib:${LD_LIBRARY_PATH} PYTHONPATH=/home/yasmin-nunes/ros2-path-planning/install/yolov8_ros/lib/python3.10/site-packages:/home/yasmin-nunes/ros2-path-planning/install/yolov8_msgs/local/lib/python3.10/dist-packages:${PYTHONPATH} /usr/bin/cmake --install /home/yasmin-nunes/ros2-path-planning/build/yolov8_bringup
