[0.126s] DEBUG:colcon:Command line arguments: ['/usr/bin/colcon', 'build']
[0.126s] DEBUG:colcon:Parsed command line arguments: Namespace(log_base=None, log_level=None, verb_name='build', build_base='build', install_base='install', merge_install=False, symlink_install=False, test_result_base=None, continue_on_error=False, executor='parallel', parallel_workers=4, event_handlers=None, ignore_user_meta=False, metas=['./colcon.meta'], base_paths=['.'], packages_ignore=None, packages_ignore_regex=None, paths=None, packages_up_to=None, packages_up_to_regex=None, packages_above=None, packages_above_and_dependencies=None, packages_above_depth=None, packages_select_by_dep=None, packages_skip_by_dep=None, packages_skip_up_to=None, packages_select_build_failed=False, packages_skip_build_finished=False, packages_select_test_failures=False, packages_skip_test_passed=False, packages_select=None, packages_skip=None, packages_select_regex=None, packages_skip_regex=None, packages_start=None, packages_end=None, allow_overriding=[], cmake_args=None, cmake_target=None, cmake_target_skip_unavailable=False, cmake_clean_cache=False, cmake_clean_first=False, cmake_force_configure=False, ament_cmake_args=None, catkin_cmake_args=None, catkin_skip_building_tests=False, verb_parser=<colcon_defaults.argument_parser.defaults.DefaultArgumentsDecorator object at 0x7573e1750640>, verb_extension=<colcon_core.verb.build.BuildVerb object at 0x7573e184d2d0>, main=<bound method BuildVerb.main of <colcon_core.verb.build.BuildVerb object at 0x7573e184d2d0>>)
[0.316s] Level 1:colcon.colcon_core.package_discovery:discover_packages(colcon_meta) check parameters
[0.316s] Level 1:colcon.colcon_core.package_discovery:discover_packages(recursive) check parameters
[0.316s] Level 1:colcon.colcon_core.package_discovery:discover_packages(ignore) check parameters
[0.316s] Level 1:colcon.colcon_core.package_discovery:discover_packages(path) check parameters
[0.316s] Level 1:colcon.colcon_core.package_discovery:discover_packages(colcon_meta) discover
[0.316s] Level 1:colcon.colcon_core.package_discovery:discover_packages(recursive) discover
[0.316s] INFO:colcon.colcon_core.package_discovery:Crawling recursively for packages in '/home/yasmin-nunes/ros2-path-planning'
[0.317s] Level 1:colcon.colcon_core.package_identification:_identify(.) by extensions ['ignore', 'ignore_ament_install']
[0.317s] Level 1:colcon.colcon_core.package_identification:_identify(.) by extension 'ignore'
[0.317s] Level 1:colcon.colcon_core.package_identification:_identify(.) by extension 'ignore_ament_install'
[0.317s] Level 1:colcon.colcon_core.package_identification:_identify(.) by extensions ['colcon_pkg']
[0.317s] Level 1:colcon.colcon_core.package_identification:_identify(.) by extension 'colcon_pkg'
[0.317s] Level 1:colcon.colcon_core.package_identification:_identify(.) by extensions ['colcon_meta']
[0.317s] Level 1:colcon.colcon_core.package_identification:_identify(.) by extension 'colcon_meta'
[0.317s] Level 1:colcon.colcon_core.package_identification:_identify(.) by extensions ['ros']
[0.317s] Level 1:colcon.colcon_core.package_identification:_identify(.) by extension 'ros'
[0.330s] Level 1:colcon.colcon_core.package_identification:_identify(.) by extensions ['cmake', 'python']
[0.330s] Level 1:colcon.colcon_core.package_identification:_identify(.) by extension 'cmake'
[0.330s] Level 1:colcon.colcon_core.package_identification:_identify(.) by extension 'python'
[0.330s] Level 1:colcon.colcon_core.package_identification:_identify(.) by extensions ['python_setup_py']
[0.330s] Level 1:colcon.colcon_core.package_identification:_identify(.) by extension 'python_setup_py'
[0.331s] Level 1:colcon.colcon_core.package_identification:_identify(build) by extensions ['ignore', 'ignore_ament_install']
[0.331s] Level 1:colcon.colcon_core.package_identification:_identify(build) by extension 'ignore'
[0.331s] Level 1:colcon.colcon_core.package_identification:_identify(build) ignored
[0.331s] Level 1:colcon.colcon_core.package_identification:_identify(install) by extensions ['ignore', 'ignore_ament_install']
[0.331s] Level 1:colcon.colcon_core.package_identification:_identify(install) by extension 'ignore'
[0.331s] Level 1:colcon.colcon_core.package_identification:_identify(install) ignored
[0.331s] Level 1:colcon.colcon_core.package_identification:_identify(log) by extensions ['ignore', 'ignore_ament_install']
[0.331s] Level 1:colcon.colcon_core.package_identification:_identify(log) by extension 'ignore'
[0.331s] Level 1:colcon.colcon_core.package_identification:_identify(log) ignored
[0.331s] Level 1:colcon.colcon_core.package_identification:_identify(src) by extensions ['ignore', 'ignore_ament_install']
[0.331s] Level 1:colcon.colcon_core.package_identification:_identify(src) by extension 'ignore'
[0.332s] Level 1:colcon.colcon_core.package_identification:_identify(src) by extension 'ignore_ament_install'
[0.332s] Level 1:colcon.colcon_core.package_identification:_identify(src) by extensions ['colcon_pkg']
[0.332s] Level 1:colcon.colcon_core.package_identification:_identify(src) by extension 'colcon_pkg'
[0.332s] Level 1:colcon.colcon_core.package_identification:_identify(src) by extensions ['colcon_meta']
[0.332s] Level 1:colcon.colcon_core.package_identification:_identify(src) by extension 'colcon_meta'
[0.332s] Level 1:colcon.colcon_core.package_identification:_identify(src) by extensions ['ros']
[0.332s] Level 1:colcon.colcon_core.package_identification:_identify(src) by extension 'ros'
[0.332s] Level 1:colcon.colcon_core.package_identification:_identify(src) by extensions ['cmake', 'python']
[0.332s] Level 1:colcon.colcon_core.package_identification:_identify(src) by extension 'cmake'
[0.332s] Level 1:colcon.colcon_core.package_identification:_identify(src) by extension 'python'
[0.332s] Level 1:colcon.colcon_core.package_identification:_identify(src) by extensions ['python_setup_py']
[0.332s] Level 1:colcon.colcon_core.package_identification:_identify(src) by extension 'python_setup_py'
[0.332s] Level 1:colcon.colcon_core.package_identification:_identify(src/fs_msgs) by extensions ['ignore', 'ignore_ament_install']
[0.332s] Level 1:colcon.colcon_core.package_identification:_identify(src/fs_msgs) by extension 'ignore'
[0.332s] Level 1:colcon.colcon_core.package_identification:_identify(src/fs_msgs) by extension 'ignore_ament_install'
[0.332s] Level 1:colcon.colcon_core.package_identification:_identify(src/fs_msgs) by extensions ['colcon_pkg']
[0.332s] Level 1:colcon.colcon_core.package_identification:_identify(src/fs_msgs) by extension 'colcon_pkg'
[0.333s] Level 1:colcon.colcon_core.package_identification:_identify(src/fs_msgs) by extensions ['colcon_meta']
[0.333s] Level 1:colcon.colcon_core.package_identification:_identify(src/fs_msgs) by extension 'colcon_meta'
[0.333s] Level 1:colcon.colcon_core.package_identification:_identify(src/fs_msgs) by extensions ['ros']
[0.333s] Level 1:colcon.colcon_core.package_identification:_identify(src/fs_msgs) by extension 'ros'
[0.336s] DEBUG:colcon.colcon_core.package_identification:Package 'src/fs_msgs' with type 'ros.ament_cmake' and name 'fs_msgs'
[0.336s] Level 1:colcon.colcon_core.package_identification:_identify(src/path_planning) by extensions ['ignore', 'ignore_ament_install']
[0.336s] Level 1:colcon.colcon_core.package_identification:_identify(src/path_planning) by extension 'ignore'
[0.336s] Level 1:colcon.colcon_core.package_identification:_identify(src/path_planning) by extension 'ignore_ament_install'
[0.336s] Level 1:colcon.colcon_core.package_identification:_identify(src/path_planning) by extensions ['colcon_pkg']
[0.336s] Level 1:colcon.colcon_core.package_identification:_identify(src/path_planning) by extension 'colcon_pkg'
[0.336s] Level 1:colcon.colcon_core.package_identification:_identify(src/path_planning) by extensions ['colcon_meta']
[0.336s] Level 1:colcon.colcon_core.package_identification:_identify(src/path_planning) by extension 'colcon_meta'
[0.336s] Level 1:colcon.colcon_core.package_identification:_identify(src/path_planning) by extensions ['ros']
[0.336s] Level 1:colcon.colcon_core.package_identification:_identify(src/path_planning) by extension 'ros'
[0.337s] DEBUG:colcon.colcon_core.package_identification:Package 'src/path_planning' with type 'ros.ament_cmake' and name 'ros2_path_planning'
[0.337s] Level 1:colcon.colcon_core.package_discovery:discover_packages(recursive) using defaults
[0.337s] Level 1:colcon.colcon_core.package_discovery:discover_packages(ignore) discover
[0.337s] Level 1:colcon.colcon_core.package_discovery:discover_packages(ignore) using defaults
[0.337s] Level 1:colcon.colcon_core.package_discovery:discover_packages(path) discover
[0.337s] Level 1:colcon.colcon_core.package_discovery:discover_packages(path) using defaults
[0.361s] Level 1:colcon.colcon_core.package_discovery:discover_packages(prefix_path) check parameters
[0.361s] Level 1:colcon.colcon_core.package_discovery:discover_packages(prefix_path) discover
[0.363s] DEBUG:colcon.colcon_installed_package_information.package_discovery:Found 2 installed packages in /home/yasmin-nunes/ros2-path-planning/install
[0.365s] DEBUG:colcon.colcon_installed_package_information.package_discovery:Found 272 installed packages in /opt/ros/humble
[0.376s] Level 1:colcon.colcon_core.package_discovery:discover_packages(prefix_path) using defaults
[0.419s] Level 5:colcon.colcon_core.verb:set package 'fs_msgs' build argument 'cmake_args' from command line to 'None'
[0.419s] Level 5:colcon.colcon_core.verb:set package 'fs_msgs' build argument 'cmake_target' from command line to 'None'
[0.419s] Level 5:colcon.colcon_core.verb:set package 'fs_msgs' build argument 'cmake_target_skip_unavailable' from command line to 'False'
[0.419s] Level 5:colcon.colcon_core.verb:set package 'fs_msgs' build argument 'cmake_clean_cache' from command line to 'False'
[0.419s] Level 5:colcon.colcon_core.verb:set package 'fs_msgs' build argument 'cmake_clean_first' from command line to 'False'
[0.419s] Level 5:colcon.colcon_core.verb:set package 'fs_msgs' build argument 'cmake_force_configure' from command line to 'False'
[0.419s] Level 5:colcon.colcon_core.verb:set package 'fs_msgs' build argument 'ament_cmake_args' from command line to 'None'
[0.419s] Level 5:colcon.colcon_core.verb:set package 'fs_msgs' build argument 'catkin_cmake_args' from command line to 'None'
[0.419s] Level 5:colcon.colcon_core.verb:set package 'fs_msgs' build argument 'catkin_skip_building_tests' from command line to 'False'
[0.419s] DEBUG:colcon.colcon_core.verb:Building package 'fs_msgs' with the following arguments: {'ament_cmake_args': None, 'build_base': '/home/yasmin-nunes/ros2-path-planning/build/fs_msgs', 'catkin_cmake_args': None, 'catkin_skip_building_tests': False, 'cmake_args': None, 'cmake_clean_cache': False, 'cmake_clean_first': False, 'cmake_force_configure': False, 'cmake_target': None, 'cmake_target_skip_unavailable': False, 'install_base': '/home/yasmin-nunes/ros2-path-planning/install/fs_msgs', 'merge_install': False, 'path': '/home/yasmin-nunes/ros2-path-planning/src/fs_msgs', 'symlink_install': False, 'test_result_base': None}
[0.420s] Level 5:colcon.colcon_core.verb:set package 'ros2_path_planning' build argument 'cmake_args' from command line to 'None'
[0.420s] Level 5:colcon.colcon_core.verb:set package 'ros2_path_planning' build argument 'cmake_target' from command line to 'None'
[0.420s] Level 5:colcon.colcon_core.verb:set package 'ros2_path_planning' build argument 'cmake_target_skip_unavailable' from command line to 'False'
[0.420s] Level 5:colcon.colcon_core.verb:set package 'ros2_path_planning' build argument 'cmake_clean_cache' from command line to 'False'
[0.420s] Level 5:colcon.colcon_core.verb:set package 'ros2_path_planning' build argument 'cmake_clean_first' from command line to 'False'
[0.420s] Level 5:colcon.colcon_core.verb:set package 'ros2_path_planning' build argument 'cmake_force_configure' from command line to 'False'
[0.420s] Level 5:colcon.colcon_core.verb:set package 'ros2_path_planning' build argument 'ament_cmake_args' from command line to 'None'
[0.420s] Level 5:colcon.colcon_core.verb:set package 'ros2_path_planning' build argument 'catkin_cmake_args' from command line to 'None'
[0.420s] Level 5:colcon.colcon_core.verb:set package 'ros2_path_planning' build argument 'catkin_skip_building_tests' from command line to 'False'
[0.420s] DEBUG:colcon.colcon_core.verb:Building package 'ros2_path_planning' with the following arguments: {'ament_cmake_args': None, 'build_base': '/home/yasmin-nunes/ros2-path-planning/build/ros2_path_planning', 'catkin_cmake_args': None, 'catkin_skip_building_tests': False, 'cmake_args': None, 'cmake_clean_cache': False, 'cmake_clean_first': False, 'cmake_force_configure': False, 'cmake_target': None, 'cmake_target_skip_unavailable': False, 'install_base': '/home/yasmin-nunes/ros2-path-planning/install/ros2_path_planning', 'merge_install': False, 'path': '/home/yasmin-nunes/ros2-path-planning/src/path_planning', 'symlink_install': False, 'test_result_base': None}
[0.420s] INFO:colcon.colcon_core.executor:Executing jobs using 'parallel' executor
[0.421s] DEBUG:colcon.colcon_parallel_executor.executor.parallel:run_until_complete
[0.421s] INFO:colcon.colcon_ros.task.ament_cmake.build:Building ROS package in '/home/yasmin-nunes/ros2-path-planning/src/fs_msgs' with build type 'ament_cmake'
[0.421s] INFO:colcon.colcon_cmake.task.cmake.build:Building CMake package in '/home/yasmin-nunes/ros2-path-planning/src/fs_msgs'
[0.425s] INFO:colcon.colcon_core.plugin_system:Skipping extension 'colcon_core.shell.bat': Not used on non-Windows systems
[0.425s] INFO:colcon.colcon_core.shell:Skip shell extension 'powershell' for command environment: Not usable outside of PowerShell
[0.425s] DEBUG:colcon.colcon_core.shell:Skip shell extension 'dsv' for command environment
[0.439s] DEBUG:colcon.colcon_core.event_handler.log_command:Invoking command in '/home/yasmin-nunes/ros2-path-planning/build/fs_msgs': CMAKE_PREFIX_PATH=/opt/ros/humble:${CMAKE_PREFIX_PATH} /usr/bin/cmake --build /home/yasmin-nunes/ros2-path-planning/build/fs_msgs -- -j4 -l4
[0.962s] DEBUG:colcon.colcon_core.event_handler.log_command:Invoked command in '/home/yasmin-nunes/ros2-path-planning/build/fs_msgs' returned '0': CMAKE_PREFIX_PATH=/opt/ros/humble:${CMAKE_PREFIX_PATH} /usr/bin/cmake --build /home/yasmin-nunes/ros2-path-planning/build/fs_msgs -- -j4 -l4
[1.203s] DEBUG:colcon.colcon_core.event_handler.log_command:Invoking command in '/home/yasmin-nunes/ros2-path-planning/build/fs_msgs': CMAKE_PREFIX_PATH=/opt/ros/humble:${CMAKE_PREFIX_PATH} /usr/bin/cmake --install /home/yasmin-nunes/ros2-path-planning/build/fs_msgs
[1.284s] Level 1:colcon.colcon_core.environment:create_environment_scripts_only(fs_msgs)
[1.285s] DEBUG:colcon.colcon_core.event_handler.log_command:Invoked command in '/home/yasmin-nunes/ros2-path-planning/build/fs_msgs' returned '0': CMAKE_PREFIX_PATH=/opt/ros/humble:${CMAKE_PREFIX_PATH} /usr/bin/cmake --install /home/yasmin-nunes/ros2-path-planning/build/fs_msgs
[1.288s] Level 1:colcon.colcon_core.environment:checking '/home/yasmin-nunes/ros2-path-planning/install/fs_msgs' for CMake module files
[1.288s] Level 1:colcon.colcon_core.environment:checking '/home/yasmin-nunes/ros2-path-planning/install/fs_msgs' for CMake config files
[1.289s] Level 1:colcon.colcon_core.shell:create_environment_hook('fs_msgs', 'cmake_prefix_path')
[1.290s] INFO:colcon.colcon_core.shell:Creating environment hook '/home/yasmin-nunes/ros2-path-planning/install/fs_msgs/share/fs_msgs/hook/cmake_prefix_path.ps1'
[1.290s] INFO:colcon.colcon_core.shell:Creating environment descriptor '/home/yasmin-nunes/ros2-path-planning/install/fs_msgs/share/fs_msgs/hook/cmake_prefix_path.dsv'
[1.291s] INFO:colcon.colcon_core.shell:Creating environment hook '/home/yasmin-nunes/ros2-path-planning/install/fs_msgs/share/fs_msgs/hook/cmake_prefix_path.sh'
[1.292s] Level 1:colcon.colcon_core.environment:checking '/home/yasmin-nunes/ros2-path-planning/install/fs_msgs/lib'
[1.292s] Level 1:colcon.colcon_core.shell:create_environment_hook('fs_msgs', 'ld_library_path_lib')
[1.292s] INFO:colcon.colcon_core.shell:Creating environment hook '/home/yasmin-nunes/ros2-path-planning/install/fs_msgs/share/fs_msgs/hook/ld_library_path_lib.ps1'
[1.293s] INFO:colcon.colcon_core.shell:Creating environment descriptor '/home/yasmin-nunes/ros2-path-planning/install/fs_msgs/share/fs_msgs/hook/ld_library_path_lib.dsv'
[1.293s] INFO:colcon.colcon_core.shell:Creating environment hook '/home/yasmin-nunes/ros2-path-planning/install/fs_msgs/share/fs_msgs/hook/ld_library_path_lib.sh'
[1.294s] Level 1:colcon.colcon_core.environment:checking '/home/yasmin-nunes/ros2-path-planning/install/fs_msgs/bin'
[1.294s] Level 1:colcon.colcon_core.environment:checking '/home/yasmin-nunes/ros2-path-planning/install/fs_msgs/lib/pkgconfig/fs_msgs.pc'
[1.294s] Level 1:colcon.colcon_core.environment:checking '/home/yasmin-nunes/ros2-path-planning/install/fs_msgs/lib/python3.10/site-packages'
[1.294s] Level 1:colcon.colcon_core.environment:checking '/home/yasmin-nunes/ros2-path-planning/install/fs_msgs/bin'
[1.295s] INFO:colcon.colcon_core.shell:Creating package script '/home/yasmin-nunes/ros2-path-planning/install/fs_msgs/share/fs_msgs/package.ps1'
[1.295s] INFO:colcon.colcon_core.shell:Creating package descriptor '/home/yasmin-nunes/ros2-path-planning/install/fs_msgs/share/fs_msgs/package.dsv'
[1.296s] INFO:colcon.colcon_core.shell:Creating package script '/home/yasmin-nunes/ros2-path-planning/install/fs_msgs/share/fs_msgs/package.sh'
[1.297s] INFO:colcon.colcon_core.shell:Creating package script '/home/yasmin-nunes/ros2-path-planning/install/fs_msgs/share/fs_msgs/package.bash'
[1.298s] INFO:colcon.colcon_core.shell:Creating package script '/home/yasmin-nunes/ros2-path-planning/install/fs_msgs/share/fs_msgs/package.zsh'
[1.299s] Level 1:colcon.colcon_core.environment:create_file_with_runtime_dependencies(/home/yasmin-nunes/ros2-path-planning/install/fs_msgs/share/colcon-core/packages/fs_msgs)
[1.535s] Level 1:colcon.colcon_core.environment:create_environment_scripts_only(fs_msgs)
[1.535s] Level 1:colcon.colcon_core.environment:checking '/home/yasmin-nunes/ros2-path-planning/install/fs_msgs' for CMake module files
[1.536s] Level 1:colcon.colcon_core.environment:checking '/home/yasmin-nunes/ros2-path-planning/install/fs_msgs' for CMake config files
[1.538s] Level 1:colcon.colcon_core.shell:create_environment_hook('fs_msgs', 'cmake_prefix_path')
[1.538s] INFO:colcon.colcon_core.shell:Creating environment hook '/home/yasmin-nunes/ros2-path-planning/install/fs_msgs/share/fs_msgs/hook/cmake_prefix_path.ps1'
[1.539s] INFO:colcon.colcon_core.shell:Creating environment descriptor '/home/yasmin-nunes/ros2-path-planning/install/fs_msgs/share/fs_msgs/hook/cmake_prefix_path.dsv'
[1.539s] INFO:colcon.colcon_core.shell:Creating environment hook '/home/yasmin-nunes/ros2-path-planning/install/fs_msgs/share/fs_msgs/hook/cmake_prefix_path.sh'
[1.540s] Level 1:colcon.colcon_core.environment:checking '/home/yasmin-nunes/ros2-path-planning/install/fs_msgs/lib'
[1.540s] Level 1:colcon.colcon_core.shell:create_environment_hook('fs_msgs', 'ld_library_path_lib')
[1.540s] INFO:colcon.colcon_core.shell:Creating environment hook '/home/yasmin-nunes/ros2-path-planning/install/fs_msgs/share/fs_msgs/hook/ld_library_path_lib.ps1'
[1.541s] INFO:colcon.colcon_core.shell:Creating environment descriptor '/home/yasmin-nunes/ros2-path-planning/install/fs_msgs/share/fs_msgs/hook/ld_library_path_lib.dsv'
[1.541s] INFO:colcon.colcon_core.shell:Creating environment hook '/home/yasmin-nunes/ros2-path-planning/install/fs_msgs/share/fs_msgs/hook/ld_library_path_lib.sh'
[1.541s] Level 1:colcon.colcon_core.environment:checking '/home/yasmin-nunes/ros2-path-planning/install/fs_msgs/bin'
[1.542s] Level 1:colcon.colcon_core.environment:checking '/home/yasmin-nunes/ros2-path-planning/install/fs_msgs/lib/pkgconfig/fs_msgs.pc'
[1.542s] Level 1:colcon.colcon_core.environment:checking '/home/yasmin-nunes/ros2-path-planning/install/fs_msgs/lib/python3.10/site-packages'
[1.542s] Level 1:colcon.colcon_core.environment:checking '/home/yasmin-nunes/ros2-path-planning/install/fs_msgs/bin'
[1.543s] INFO:colcon.colcon_core.shell:Creating package script '/home/yasmin-nunes/ros2-path-planning/install/fs_msgs/share/fs_msgs/package.ps1'
[1.544s] INFO:colcon.colcon_core.shell:Creating package descriptor '/home/yasmin-nunes/ros2-path-planning/install/fs_msgs/share/fs_msgs/package.dsv'
[1.546s] INFO:colcon.colcon_core.shell:Creating package script '/home/yasmin-nunes/ros2-path-planning/install/fs_msgs/share/fs_msgs/package.sh'
[1.546s] INFO:colcon.colcon_core.shell:Creating package script '/home/yasmin-nunes/ros2-path-planning/install/fs_msgs/share/fs_msgs/package.bash'
[1.547s] INFO:colcon.colcon_core.shell:Creating package script '/home/yasmin-nunes/ros2-path-planning/install/fs_msgs/share/fs_msgs/package.zsh'
[1.548s] Level 1:colcon.colcon_core.environment:create_file_with_runtime_dependencies(/home/yasmin-nunes/ros2-path-planning/install/fs_msgs/share/colcon-core/packages/fs_msgs)
[1.548s] INFO:colcon.colcon_ros.task.ament_cmake.build:Building ROS package in '/home/yasmin-nunes/ros2-path-planning/src/path_planning' with build type 'ament_cmake'
[1.549s] INFO:colcon.colcon_cmake.task.cmake.build:Building CMake package in '/home/yasmin-nunes/ros2-path-planning/src/path_planning'
[1.549s] INFO:colcon.colcon_core.shell:Skip shell extension 'powershell' for command environment: Not usable outside of PowerShell
[1.549s] DEBUG:colcon.colcon_core.shell:Skip shell extension 'dsv' for command environment
[1.564s] DEBUG:colcon.colcon_core.event_handler.log_command:Invoking command in '/home/yasmin-nunes/ros2-path-planning/build/ros2_path_planning': CMAKE_PREFIX_PATH=/opt/ros/humble:${CMAKE_PREFIX_PATH} /usr/bin/cmake --build /home/yasmin-nunes/ros2-path-planning/build/ros2_path_planning -- -j4 -l4
[2.006s] DEBUG:colcon.colcon_core.event_handler.log_command:Invoked command in '/home/yasmin-nunes/ros2-path-planning/build/ros2_path_planning' returned '0': CMAKE_PREFIX_PATH=/opt/ros/humble:${CMAKE_PREFIX_PATH} /usr/bin/cmake --build /home/yasmin-nunes/ros2-path-planning/build/ros2_path_planning -- -j4 -l4
[2.032s] DEBUG:colcon.colcon_core.event_handler.log_command:Invoking command in '/home/yasmin-nunes/ros2-path-planning/build/ros2_path_planning': CMAKE_PREFIX_PATH=/opt/ros/humble:${CMAKE_PREFIX_PATH} /usr/bin/cmake --install /home/yasmin-nunes/ros2-path-planning/build/ros2_path_planning
[2.047s] DEBUG:colcon.colcon_core.event_handler.log_command:Invoked command in '/home/yasmin-nunes/ros2-path-planning/build/ros2_path_planning' returned '1': CMAKE_PREFIX_PATH=/opt/ros/humble:${CMAKE_PREFIX_PATH} /usr/bin/cmake --install /home/yasmin-nunes/ros2-path-planning/build/ros2_path_planning
[2.070s] Level 1:colcon.colcon_core.environment:create_environment_scripts_only(ros2_path_planning)
[2.071s] Level 1:colcon.colcon_core.environment:checking '/home/yasmin-nunes/ros2-path-planning/install/ros2_path_planning' for CMake module files
[2.071s] Level 1:colcon.colcon_core.environment:checking '/home/yasmin-nunes/ros2-path-planning/install/ros2_path_planning' for CMake config files
[2.072s] Level 1:colcon.colcon_core.shell:create_environment_hook('ros2_path_planning', 'cmake_prefix_path')
[2.072s] INFO:colcon.colcon_core.shell:Creating environment hook '/home/yasmin-nunes/ros2-path-planning/install/ros2_path_planning/share/ros2_path_planning/hook/cmake_prefix_path.ps1'
[2.073s] INFO:colcon.colcon_core.shell:Creating environment descriptor '/home/yasmin-nunes/ros2-path-planning/install/ros2_path_planning/share/ros2_path_planning/hook/cmake_prefix_path.dsv'
[2.073s] INFO:colcon.colcon_core.shell:Creating environment hook '/home/yasmin-nunes/ros2-path-planning/install/ros2_path_planning/share/ros2_path_planning/hook/cmake_prefix_path.sh'
[2.074s] Level 1:colcon.colcon_core.environment:checking '/home/yasmin-nunes/ros2-path-planning/install/ros2_path_planning/lib'
[2.074s] Level 1:colcon.colcon_core.environment:checking '/home/yasmin-nunes/ros2-path-planning/install/ros2_path_planning/bin'
[2.074s] Level 1:colcon.colcon_core.environment:checking '/home/yasmin-nunes/ros2-path-planning/install/ros2_path_planning/lib/pkgconfig/ros2_path_planning.pc'
[2.074s] Level 1:colcon.colcon_core.environment:checking '/home/yasmin-nunes/ros2-path-planning/install/ros2_path_planning/lib/python3.10/site-packages'
[2.075s] Level 1:colcon.colcon_core.environment:checking '/home/yasmin-nunes/ros2-path-planning/install/ros2_path_planning/bin'
[2.075s] INFO:colcon.colcon_core.shell:Creating package script '/home/yasmin-nunes/ros2-path-planning/install/ros2_path_planning/share/ros2_path_planning/package.ps1'
[2.076s] INFO:colcon.colcon_core.shell:Creating package descriptor '/home/yasmin-nunes/ros2-path-planning/install/ros2_path_planning/share/ros2_path_planning/package.dsv'
[2.077s] INFO:colcon.colcon_core.shell:Creating package script '/home/yasmin-nunes/ros2-path-planning/install/ros2_path_planning/share/ros2_path_planning/package.sh'
[2.077s] INFO:colcon.colcon_core.shell:Creating package script '/home/yasmin-nunes/ros2-path-planning/install/ros2_path_planning/share/ros2_path_planning/package.bash'
[2.078s] INFO:colcon.colcon_core.shell:Creating package script '/home/yasmin-nunes/ros2-path-planning/install/ros2_path_planning/share/ros2_path_planning/package.zsh'
[2.078s] Level 1:colcon.colcon_core.environment:create_file_with_runtime_dependencies(/home/yasmin-nunes/ros2-path-planning/install/ros2_path_planning/share/colcon-core/packages/ros2_path_planning)
[2.089s] DEBUG:colcon.colcon_parallel_executor.executor.parallel:closing loop
[2.089s] DEBUG:colcon.colcon_parallel_executor.executor.parallel:loop closed
[2.089s] DEBUG:colcon.colcon_parallel_executor.executor.parallel:run_until_complete finished with '1'
[2.089s] DEBUG:colcon.colcon_core.event_reactor:joining thread
[2.096s] INFO:colcon.colcon_core.plugin_system:Skipping extension 'colcon_notification.desktop_notification.terminal_notifier': Not used on non-Darwin systems
[2.096s] INFO:colcon.colcon_core.plugin_system:Skipping extension 'colcon_notification.desktop_notification.win32': Not used on non-Windows systems
[2.096s] INFO:colcon.colcon_notification.desktop_notification:Sending desktop notification using 'notify2'
[2.116s] DEBUG:colcon.colcon_core.event_reactor:joined thread
[2.117s] INFO:colcon.colcon_core.shell:Creating prefix script '/home/yasmin-nunes/ros2-path-planning/install/local_setup.ps1'
[2.119s] INFO:colcon.colcon_core.shell:Creating prefix util module '/home/yasmin-nunes/ros2-path-planning/install/_local_setup_util_ps1.py'
[2.122s] INFO:colcon.colcon_core.shell:Creating prefix chain script '/home/yasmin-nunes/ros2-path-planning/install/setup.ps1'
[2.124s] INFO:colcon.colcon_core.shell:Creating prefix script '/home/yasmin-nunes/ros2-path-planning/install/local_setup.sh'
[2.125s] INFO:colcon.colcon_core.shell:Creating prefix util module '/home/yasmin-nunes/ros2-path-planning/install/_local_setup_util_sh.py'
[2.126s] INFO:colcon.colcon_core.shell:Creating prefix chain script '/home/yasmin-nunes/ros2-path-planning/install/setup.sh'
[2.128s] INFO:colcon.colcon_core.shell:Creating prefix script '/home/yasmin-nunes/ros2-path-planning/install/local_setup.bash'
[2.129s] INFO:colcon.colcon_core.shell:Creating prefix chain script '/home/yasmin-nunes/ros2-path-planning/install/setup.bash'
[2.131s] INFO:colcon.colcon_core.shell:Creating prefix script '/home/yasmin-nunes/ros2-path-planning/install/local_setup.zsh'
[2.133s] INFO:colcon.colcon_core.shell:Creating prefix chain script '/home/yasmin-nunes/ros2-path-planning/install/setup.zsh'
