[0.013s] Invoking command in '/home/yasmin-nunes/ros2-path-planning/build/ros2_path_planning': CMAKE_PREFIX_PATH=/opt/ros/humble:${CMAKE_PREFIX_PATH} /usr/bin/cmake --build /home/yasmin-nunes/ros2-path-planning/build/ros2_path_planning -- -j4 -l4
[0.042s] -- Found ament_cmake: 1.3.10 (/opt/ros/humble/share/ament_cmake/cmake)
[0.216s] -- Found nav_msgs: 4.2.4 (/opt/ros/humble/share/nav_msgs/cmake)
[0.256s] -- Found rosidl_generator_c: 3.1.5 (/opt/ros/humble/share/rosidl_generator_c/cmake)
[0.259s] -- Found rosidl_adapter: 3.1.5 (/opt/ros/humble/share/rosidl_adapter/cmake)
[0.266s] -- Found rosidl_generator_cpp: 3.1.5 (/opt/ros/humble/share/rosidl_generator_cpp/cmake)
[0.281s] -- Using all available rosidl_typesupport_c: rosidl_typesupport_fastrtps_c;rosidl_typesupport_introspection_c
[0.300s] -- Using all available rosidl_typesupport_cpp: rosidl_typesupport_fastrtps_cpp;rosidl_typesupport_introspection_cpp
[0.413s] -- Found fs_msgs: 0.1.1 (/home/yasmin-nunes/ros2-path-planning/install/fs_msgs/share/fs_msgs/cmake)
[0.447s] -- Found ament_lint_auto: 0.12.11 (/opt/ros/humble/share/ament_lint_auto/cmake)
[0.538s] -- Added test 'flake8' to check Python code syntax and style conventions
[0.539s] -- Added test 'lint_cmake' to check CMake code style
[0.539s] -- Added test 'pep257' to check Python code against some of the docstring style conventions in PEP 257
[0.541s] -- Added test 'xmllint' to check XML markup files
[0.542s] -- Configuring done
[0.548s] -- Generating done
[0.551s] -- Build files have been written to: /home/yasmin-nunes/ros2-path-planning/build/ros2_path_planning
[0.585s] Invoked command in '/home/yasmin-nunes/ros2-path-planning/build/ros2_path_planning' returned '0': CMAKE_PREFIX_PATH=/opt/ros/humble:${CMAKE_PREFIX_PATH} /usr/bin/cmake --build /home/yasmin-nunes/ros2-path-planning/build/ros2_path_planning -- -j4 -l4
[0.623s] Invoking command in '/home/yasmin-nunes/ros2-path-planning/build/ros2_path_planning': CMAKE_PREFIX_PATH=/opt/ros/humble:${CMAKE_PREFIX_PATH} /usr/bin/cmake --install /home/yasmin-nunes/ros2-path-planning/build/ros2_path_planning
[0.635s] -- Install configuration: ""
[0.635s] -- Up-to-date: /home/yasmin-nunes/ros2-path-planning/install/ros2_path_planning/lib/ros2_path_planning/path_publisher.py
[0.635s] -- Up-to-date: /home/yasmin-nunes/ros2-path-planning/install/ros2_path_planning/path_planning/ros2_path_planning/bayesian_inference
[0.635s] -- Up-to-date: /home/yasmin-nunes/ros2-path-planning/install/ros2_path_planning/path_planning/ros2_path_planning/bayesian_inference/__init__.py
[0.635s] -- Up-to-date: /home/yasmin-nunes/ros2-path-planning/install/ros2_path_planning/path_planning/ros2_path_planning/bayesian_inference/bayesian_inference_planner.py
[0.636s] -- Installing: /home/yasmin-nunes/ros2-path-planning/install/ros2_path_planning/share/ament_index/resource_index/package_run_dependencies/ros2_path_planning
[0.637s] -- Installing: /home/yasmin-nunes/ros2-path-planning/install/ros2_path_planning/share/ament_index/resource_index/parent_prefix_path/ros2_path_planning
[0.637s] -- Up-to-date: /home/yasmin-nunes/ros2-path-planning/install/ros2_path_planning/share/ros2_path_planning/environment/ament_prefix_path.sh
[0.640s] -- Installing: /home/yasmin-nunes/ros2-path-planning/install/ros2_path_planning/share/ros2_path_planning/environment/ament_prefix_path.dsv
[0.641s] -- Up-to-date: /home/yasmin-nunes/ros2-path-planning/install/ros2_path_planning/share/ros2_path_planning/environment/path.sh
[0.641s] -- Installing: /home/yasmin-nunes/ros2-path-planning/install/ros2_path_planning/share/ros2_path_planning/environment/path.dsv
[0.641s] -- Up-to-date: /home/yasmin-nunes/ros2-path-planning/install/ros2_path_planning/share/ros2_path_planning/local_setup.bash
[0.641s] -- Up-to-date: /home/yasmin-nunes/ros2-path-planning/install/ros2_path_planning/share/ros2_path_planning/local_setup.sh
[0.641s] -- Up-to-date: /home/yasmin-nunes/ros2-path-planning/install/ros2_path_planning/share/ros2_path_planning/local_setup.zsh
[0.641s] -- Installing: /home/yasmin-nunes/ros2-path-planning/install/ros2_path_planning/share/ros2_path_planning/local_setup.dsv
[0.641s] -- Installing: /home/yasmin-nunes/ros2-path-planning/install/ros2_path_planning/share/ros2_path_planning/package.dsv
[0.641s] -- Up-to-date: /home/yasmin-nunes/ros2-path-planning/install/ros2_path_planning/share/ament_index/resource_index/packages/ros2_path_planning
[0.642s] -- Up-to-date: /home/yasmin-nunes/ros2-path-planning/install/ros2_path_planning/share/ros2_path_planning/cmake/ros2_path_planningConfig.cmake
[0.642s] -- Up-to-date: /home/yasmin-nunes/ros2-path-planning/install/ros2_path_planning/share/ros2_path_planning/cmake/ros2_path_planningConfig-version.cmake
[0.642s] -- Installing: /home/yasmin-nunes/ros2-path-planning/install/ros2_path_planning/share/ros2_path_planning/package.xml
[0.651s] Invoked command in '/home/yasmin-nunes/ros2-path-planning/build/ros2_path_planning' returned '0': CMAKE_PREFIX_PATH=/opt/ros/humble:${CMAKE_PREFIX_PATH} /usr/bin/cmake --install /home/yasmin-nunes/ros2-path-planning/build/ros2_path_planning
