[0.128s] DEBUG:colcon:Command line arguments: ['/usr/bin/colcon', 'build']
[0.128s] DEBUG:colcon:Parsed command line arguments: Namespace(log_base=None, log_level=None, verb_name='build', build_base='build', install_base='install', merge_install=False, symlink_install=False, test_result_base=None, continue_on_error=False, executor='parallel', parallel_workers=4, event_handlers=None, ignore_user_meta=False, metas=['./colcon.meta'], base_paths=['.'], packages_ignore=None, packages_ignore_regex=None, paths=None, packages_up_to=None, packages_up_to_regex=None, packages_above=None, packages_above_and_dependencies=None, packages_above_depth=None, packages_select_by_dep=None, packages_skip_by_dep=None, packages_skip_up_to=None, packages_select_build_failed=False, packages_skip_build_finished=False, packages_select_test_failures=False, packages_skip_test_passed=False, packages_select=None, packages_skip=None, packages_select_regex=None, packages_skip_regex=None, packages_start=None, packages_end=None, allow_overriding=[], cmake_args=None, cmake_target=None, cmake_target_skip_unavailable=False, cmake_clean_cache=False, cmake_clean_first=False, cmake_force_configure=False, ament_cmake_args=None, catkin_cmake_args=None, catkin_skip_building_tests=False, verb_parser=<colcon_defaults.argument_parser.defaults.DefaultArgumentsDecorator object at 0x737beee04940>, verb_extension=<colcon_core.verb.build.BuildVerb object at 0x737beee04370>, main=<bound method BuildVerb.main of <colcon_core.verb.build.BuildVerb object at 0x737beee04370>>)
[0.323s] Level 1:colcon.colcon_core.package_discovery:discover_packages(colcon_meta) check parameters
[0.323s] Level 1:colcon.colcon_core.package_discovery:discover_packages(recursive) check parameters
[0.323s] Level 1:colcon.colcon_core.package_discovery:discover_packages(ignore) check parameters
[0.323s] Level 1:colcon.colcon_core.package_discovery:discover_packages(path) check parameters
[0.323s] Level 1:colcon.colcon_core.package_discovery:discover_packages(colcon_meta) discover
[0.323s] Level 1:colcon.colcon_core.package_discovery:discover_packages(recursive) discover
[0.323s] INFO:colcon.colcon_core.package_discovery:Crawling recursively for packages in '/home/yasmin-nunes/ros2-path-planning'
[0.324s] Level 1:colcon.colcon_core.package_identification:_identify(.) by extensions ['ignore', 'ignore_ament_install']
[0.324s] Level 1:colcon.colcon_core.package_identification:_identify(.) by extension 'ignore'
[0.324s] Level 1:colcon.colcon_core.package_identification:_identify(.) by extension 'ignore_ament_install'
[0.324s] Level 1:colcon.colcon_core.package_identification:_identify(.) by extensions ['colcon_pkg']
[0.324s] Level 1:colcon.colcon_core.package_identification:_identify(.) by extension 'colcon_pkg'
[0.324s] Level 1:colcon.colcon_core.package_identification:_identify(.) by extensions ['colcon_meta']
[0.324s] Level 1:colcon.colcon_core.package_identification:_identify(.) by extension 'colcon_meta'
[0.324s] Level 1:colcon.colcon_core.package_identification:_identify(.) by extensions ['ros']
[0.324s] Level 1:colcon.colcon_core.package_identification:_identify(.) by extension 'ros'
[0.338s] Level 1:colcon.colcon_core.package_identification:_identify(.) by extensions ['cmake', 'python']
[0.338s] Level 1:colcon.colcon_core.package_identification:_identify(.) by extension 'cmake'
[0.338s] Level 1:colcon.colcon_core.package_identification:_identify(.) by extension 'python'
[0.338s] Level 1:colcon.colcon_core.package_identification:_identify(.) by extensions ['python_setup_py']
[0.338s] Level 1:colcon.colcon_core.package_identification:_identify(.) by extension 'python_setup_py'
[0.338s] Level 1:colcon.colcon_core.package_identification:_identify(build) by extensions ['ignore', 'ignore_ament_install']
[0.338s] Level 1:colcon.colcon_core.package_identification:_identify(build) by extension 'ignore'
[0.338s] Level 1:colcon.colcon_core.package_identification:_identify(build) ignored
[0.339s] Level 1:colcon.colcon_core.package_identification:_identify(install) by extensions ['ignore', 'ignore_ament_install']
[0.339s] Level 1:colcon.colcon_core.package_identification:_identify(install) by extension 'ignore'
[0.339s] Level 1:colcon.colcon_core.package_identification:_identify(install) ignored
[0.339s] Level 1:colcon.colcon_core.package_identification:_identify(log) by extensions ['ignore', 'ignore_ament_install']
[0.339s] Level 1:colcon.colcon_core.package_identification:_identify(log) by extension 'ignore'
[0.339s] Level 1:colcon.colcon_core.package_identification:_identify(log) ignored
[0.339s] Level 1:colcon.colcon_core.package_identification:_identify(src) by extensions ['ignore', 'ignore_ament_install']
[0.339s] Level 1:colcon.colcon_core.package_identification:_identify(src) by extension 'ignore'
[0.339s] Level 1:colcon.colcon_core.package_identification:_identify(src) by extension 'ignore_ament_install'
[0.339s] Level 1:colcon.colcon_core.package_identification:_identify(src) by extensions ['colcon_pkg']
[0.339s] Level 1:colcon.colcon_core.package_identification:_identify(src) by extension 'colcon_pkg'
[0.339s] Level 1:colcon.colcon_core.package_identification:_identify(src) by extensions ['colcon_meta']
[0.339s] Level 1:colcon.colcon_core.package_identification:_identify(src) by extension 'colcon_meta'
[0.340s] Level 1:colcon.colcon_core.package_identification:_identify(src) by extensions ['ros']
[0.340s] Level 1:colcon.colcon_core.package_identification:_identify(src) by extension 'ros'
[0.340s] Level 1:colcon.colcon_core.package_identification:_identify(src) by extensions ['cmake', 'python']
[0.340s] Level 1:colcon.colcon_core.package_identification:_identify(src) by extension 'cmake'
[0.340s] Level 1:colcon.colcon_core.package_identification:_identify(src) by extension 'python'
[0.340s] Level 1:colcon.colcon_core.package_identification:_identify(src) by extensions ['python_setup_py']
[0.340s] Level 1:colcon.colcon_core.package_identification:_identify(src) by extension 'python_setup_py'
[0.340s] Level 1:colcon.colcon_core.package_identification:_identify(src/fs_msgs) by extensions ['ignore', 'ignore_ament_install']
[0.340s] Level 1:colcon.colcon_core.package_identification:_identify(src/fs_msgs) by extension 'ignore'
[0.340s] Level 1:colcon.colcon_core.package_identification:_identify(src/fs_msgs) by extension 'ignore_ament_install'
[0.340s] Level 1:colcon.colcon_core.package_identification:_identify(src/fs_msgs) by extensions ['colcon_pkg']
[0.340s] Level 1:colcon.colcon_core.package_identification:_identify(src/fs_msgs) by extension 'colcon_pkg'
[0.340s] Level 1:colcon.colcon_core.package_identification:_identify(src/fs_msgs) by extensions ['colcon_meta']
[0.340s] Level 1:colcon.colcon_core.package_identification:_identify(src/fs_msgs) by extension 'colcon_meta'
[0.340s] Level 1:colcon.colcon_core.package_identification:_identify(src/fs_msgs) by extensions ['ros']
[0.340s] Level 1:colcon.colcon_core.package_identification:_identify(src/fs_msgs) by extension 'ros'
[0.343s] DEBUG:colcon.colcon_core.package_identification:Package 'src/fs_msgs' with type 'ros.catkin' and name 'fs_msgs'
[0.344s] Level 1:colcon.colcon_core.package_identification:_identify(src/path_planning) by extensions ['ignore', 'ignore_ament_install']
[0.344s] Level 1:colcon.colcon_core.package_identification:_identify(src/path_planning) by extension 'ignore'
[0.344s] Level 1:colcon.colcon_core.package_identification:_identify(src/path_planning) by extension 'ignore_ament_install'
[0.344s] Level 1:colcon.colcon_core.package_identification:_identify(src/path_planning) by extensions ['colcon_pkg']
[0.344s] Level 1:colcon.colcon_core.package_identification:_identify(src/path_planning) by extension 'colcon_pkg'
[0.344s] Level 1:colcon.colcon_core.package_identification:_identify(src/path_planning) by extensions ['colcon_meta']
[0.344s] Level 1:colcon.colcon_core.package_identification:_identify(src/path_planning) by extension 'colcon_meta'
[0.344s] Level 1:colcon.colcon_core.package_identification:_identify(src/path_planning) by extensions ['ros']
[0.344s] Level 1:colcon.colcon_core.package_identification:_identify(src/path_planning) by extension 'ros'
[0.345s] DEBUG:colcon.colcon_core.package_identification:Package 'src/path_planning' with type 'ros.ament_cmake' and name 'ros2_path_planning'
[0.345s] Level 1:colcon.colcon_core.package_discovery:discover_packages(recursive) using defaults
[0.345s] Level 1:colcon.colcon_core.package_discovery:discover_packages(ignore) discover
[0.345s] Level 1:colcon.colcon_core.package_discovery:discover_packages(ignore) using defaults
[0.345s] Level 1:colcon.colcon_core.package_discovery:discover_packages(path) discover
[0.345s] Level 1:colcon.colcon_core.package_discovery:discover_packages(path) using defaults
[0.368s] Level 1:colcon.colcon_core.package_discovery:discover_packages(prefix_path) check parameters
[0.369s] Level 1:colcon.colcon_core.package_discovery:discover_packages(prefix_path) discover
[0.370s] WARNING:colcon.colcon_ros.prefix_path.ament:The path '/home/yasmin-nunes/ros2-path-planning/install/yolov8_bringup' in the environment variable AMENT_PREFIX_PATH doesn't exist
[0.370s] WARNING:colcon.colcon_ros.prefix_path.ament:The path '/home/yasmin-nunes/ros2-path-planning/install/yolov8_ros' in the environment variable AMENT_PREFIX_PATH doesn't exist
[0.370s] WARNING:colcon.colcon_ros.prefix_path.ament:The path '/home/yasmin-nunes/ros2-path-planning/install/yolov8_msgs' in the environment variable AMENT_PREFIX_PATH doesn't exist
[0.370s] WARNING:colcon.colcon_ros.prefix_path.catkin:The path '/home/yasmin-nunes/ros2-path-planning/install/yolov8_bringup' in the environment variable CMAKE_PREFIX_PATH doesn't exist
[0.370s] WARNING:colcon.colcon_ros.prefix_path.catkin:The path '/home/yasmin-nunes/ros2-path-planning/install/yolov8_msgs' in the environment variable CMAKE_PREFIX_PATH doesn't exist
[0.371s] DEBUG:colcon.colcon_installed_package_information.package_discovery:Found 2 installed packages in /home/yasmin-nunes/ros2-path-planning/install
[0.373s] DEBUG:colcon.colcon_installed_package_information.package_discovery:Found 272 installed packages in /opt/ros/humble
[0.392s] Level 1:colcon.colcon_core.package_discovery:discover_packages(prefix_path) using defaults
[0.439s] Level 5:colcon.colcon_core.verb:set package 'fs_msgs' build argument 'cmake_args' from command line to 'None'
[0.439s] Level 5:colcon.colcon_core.verb:set package 'fs_msgs' build argument 'cmake_target' from command line to 'None'
[0.439s] Level 5:colcon.colcon_core.verb:set package 'fs_msgs' build argument 'cmake_target_skip_unavailable' from command line to 'False'
[0.439s] Level 5:colcon.colcon_core.verb:set package 'fs_msgs' build argument 'cmake_clean_cache' from command line to 'False'
[0.439s] Level 5:colcon.colcon_core.verb:set package 'fs_msgs' build argument 'cmake_clean_first' from command line to 'False'
[0.439s] Level 5:colcon.colcon_core.verb:set package 'fs_msgs' build argument 'cmake_force_configure' from command line to 'False'
[0.440s] Level 5:colcon.colcon_core.verb:set package 'fs_msgs' build argument 'ament_cmake_args' from command line to 'None'
[0.440s] Level 5:colcon.colcon_core.verb:set package 'fs_msgs' build argument 'catkin_cmake_args' from command line to 'None'
[0.440s] Level 5:colcon.colcon_core.verb:set package 'fs_msgs' build argument 'catkin_skip_building_tests' from command line to 'False'
[0.440s] DEBUG:colcon.colcon_core.verb:Building package 'fs_msgs' with the following arguments: {'ament_cmake_args': None, 'build_base': '/home/yasmin-nunes/ros2-path-planning/build/fs_msgs', 'catkin_cmake_args': None, 'catkin_skip_building_tests': False, 'cmake_args': None, 'cmake_clean_cache': False, 'cmake_clean_first': False, 'cmake_force_configure': False, 'cmake_target': None, 'cmake_target_skip_unavailable': False, 'install_base': '/home/yasmin-nunes/ros2-path-planning/install/fs_msgs', 'merge_install': False, 'path': '/home/yasmin-nunes/ros2-path-planning/src/fs_msgs', 'symlink_install': False, 'test_result_base': None}
[0.440s] Level 5:colcon.colcon_core.verb:set package 'ros2_path_planning' build argument 'cmake_args' from command line to 'None'
[0.440s] Level 5:colcon.colcon_core.verb:set package 'ros2_path_planning' build argument 'cmake_target' from command line to 'None'
[0.440s] Level 5:colcon.colcon_core.verb:set package 'ros2_path_planning' build argument 'cmake_target_skip_unavailable' from command line to 'False'
[0.440s] Level 5:colcon.colcon_core.verb:set package 'ros2_path_planning' build argument 'cmake_clean_cache' from command line to 'False'
[0.440s] Level 5:colcon.colcon_core.verb:set package 'ros2_path_planning' build argument 'cmake_clean_first' from command line to 'False'
[0.441s] Level 5:colcon.colcon_core.verb:set package 'ros2_path_planning' build argument 'cmake_force_configure' from command line to 'False'
[0.441s] Level 5:colcon.colcon_core.verb:set package 'ros2_path_planning' build argument 'ament_cmake_args' from command line to 'None'
[0.441s] Level 5:colcon.colcon_core.verb:set package 'ros2_path_planning' build argument 'catkin_cmake_args' from command line to 'None'
[0.441s] Level 5:colcon.colcon_core.verb:set package 'ros2_path_planning' build argument 'catkin_skip_building_tests' from command line to 'False'
[0.441s] DEBUG:colcon.colcon_core.verb:Building package 'ros2_path_planning' with the following arguments: {'ament_cmake_args': None, 'build_base': '/home/yasmin-nunes/ros2-path-planning/build/ros2_path_planning', 'catkin_cmake_args': None, 'catkin_skip_building_tests': False, 'cmake_args': None, 'cmake_clean_cache': False, 'cmake_clean_first': False, 'cmake_force_configure': False, 'cmake_target': None, 'cmake_target_skip_unavailable': False, 'install_base': '/home/yasmin-nunes/ros2-path-planning/install/ros2_path_planning', 'merge_install': False, 'path': '/home/yasmin-nunes/ros2-path-planning/src/path_planning', 'symlink_install': False, 'test_result_base': None}
[0.441s] INFO:colcon.colcon_core.executor:Executing jobs using 'parallel' executor
[0.442s] DEBUG:colcon.colcon_parallel_executor.executor.parallel:run_until_complete
[0.443s] INFO:colcon.colcon_ros.task.catkin.build:Building ROS package in '/home/yasmin-nunes/ros2-path-planning/src/fs_msgs' with build type 'catkin'
[0.443s] INFO:colcon.colcon_cmake.task.cmake.build:Building CMake package in '/home/yasmin-nunes/ros2-path-planning/src/fs_msgs'
[0.445s] INFO:colcon.colcon_core.plugin_system:Skipping extension 'colcon_core.shell.bat': Not used on non-Windows systems
[0.445s] INFO:colcon.colcon_core.shell:Skip shell extension 'powershell' for command environment: Not usable outside of PowerShell
[0.445s] DEBUG:colcon.colcon_core.shell:Skip shell extension 'dsv' for command environment
[0.450s] INFO:colcon.colcon_ros.task.ament_cmake.build:Building ROS package in '/home/yasmin-nunes/ros2-path-planning/src/path_planning' with build type 'ament_cmake'
[0.451s] INFO:colcon.colcon_cmake.task.cmake.build:Building CMake package in '/home/yasmin-nunes/ros2-path-planning/src/path_planning'
[0.451s] INFO:colcon.colcon_core.shell:Skip shell extension 'powershell' for command environment: Not usable outside of PowerShell
[0.451s] DEBUG:colcon.colcon_core.shell:Skip shell extension 'dsv' for command environment
[0.467s] DEBUG:colcon.colcon_core.event_handler.log_command:Invoking command in '/home/yasmin-nunes/ros2-path-planning/build/fs_msgs': /usr/bin/cmake /home/yasmin-nunes/ros2-path-planning/src/fs_msgs -DCATKIN_INSTALL_INTO_PREFIX_ROOT=0 -DCMAKE_INSTALL_PREFIX=/home/yasmin-nunes/ros2-path-planning/install/fs_msgs
[0.473s] DEBUG:colcon.colcon_core.event_handler.log_command:Invoking command in '/home/yasmin-nunes/ros2-path-planning/build/ros2_path_planning': CMAKE_PREFIX_PATH=${CMAKE_PREFIX_PATH}:/home/yasmin-nunes/ros2-path-planning/install/yolov8_ros:/opt/ros/humble /usr/bin/cmake --build /home/yasmin-nunes/ros2-path-planning/build/ros2_path_planning -- -j4 -l4
[0.522s] DEBUG:colcon.colcon_core.event_handler.log_command:Invoked command in '/home/yasmin-nunes/ros2-path-planning/build/ros2_path_planning' returned '0': CMAKE_PREFIX_PATH=${CMAKE_PREFIX_PATH}:/home/yasmin-nunes/ros2-path-planning/install/yolov8_ros:/opt/ros/humble /usr/bin/cmake --build /home/yasmin-nunes/ros2-path-planning/build/ros2_path_planning -- -j4 -l4
[0.567s] DEBUG:colcon.colcon_core.event_handler.log_command:Invoking command in '/home/yasmin-nunes/ros2-path-planning/build/ros2_path_planning': CMAKE_PREFIX_PATH=${CMAKE_PREFIX_PATH}:/home/yasmin-nunes/ros2-path-planning/install/yolov8_ros:/opt/ros/humble /usr/bin/cmake --install /home/yasmin-nunes/ros2-path-planning/build/ros2_path_planning
[0.580s] Level 1:colcon.colcon_core.environment:create_environment_scripts_only(ros2_path_planning)
[0.586s] DEBUG:colcon.colcon_core.event_handler.log_command:Invoked command in '/home/yasmin-nunes/ros2-path-planning/build/ros2_path_planning' returned '0': CMAKE_PREFIX_PATH=${CMAKE_PREFIX_PATH}:/home/yasmin-nunes/ros2-path-planning/install/yolov8_ros:/opt/ros/humble /usr/bin/cmake --install /home/yasmin-nunes/ros2-path-planning/build/ros2_path_planning
[0.588s] Level 1:colcon.colcon_core.environment:checking '/home/yasmin-nunes/ros2-path-planning/install/ros2_path_planning' for CMake module files
[0.589s] Level 1:colcon.colcon_core.environment:checking '/home/yasmin-nunes/ros2-path-planning/install/ros2_path_planning' for CMake config files
[0.589s] Level 1:colcon.colcon_core.shell:create_environment_hook('ros2_path_planning', 'cmake_prefix_path')
[0.590s] INFO:colcon.colcon_core.shell:Creating environment hook '/home/yasmin-nunes/ros2-path-planning/install/ros2_path_planning/share/ros2_path_planning/hook/cmake_prefix_path.ps1'
[0.591s] INFO:colcon.colcon_core.shell:Creating environment descriptor '/home/yasmin-nunes/ros2-path-planning/install/ros2_path_planning/share/ros2_path_planning/hook/cmake_prefix_path.dsv'
[0.592s] INFO:colcon.colcon_core.shell:Creating environment hook '/home/yasmin-nunes/ros2-path-planning/install/ros2_path_planning/share/ros2_path_planning/hook/cmake_prefix_path.sh'
[0.594s] Level 1:colcon.colcon_core.environment:checking '/home/yasmin-nunes/ros2-path-planning/install/ros2_path_planning/lib'
[0.594s] Level 1:colcon.colcon_core.environment:checking '/home/yasmin-nunes/ros2-path-planning/install/ros2_path_planning/bin'
[0.594s] Level 1:colcon.colcon_core.environment:checking '/home/yasmin-nunes/ros2-path-planning/install/ros2_path_planning/lib/pkgconfig/ros2_path_planning.pc'
[0.595s] Level 1:colcon.colcon_core.environment:checking '/home/yasmin-nunes/ros2-path-planning/install/ros2_path_planning/lib/python3.10/site-packages'
[0.595s] Level 1:colcon.colcon_core.environment:checking '/home/yasmin-nunes/ros2-path-planning/install/ros2_path_planning/bin'
[0.596s] INFO:colcon.colcon_core.shell:Creating package script '/home/yasmin-nunes/ros2-path-planning/install/ros2_path_planning/share/ros2_path_planning/package.ps1'
[0.597s] INFO:colcon.colcon_core.shell:Creating package descriptor '/home/yasmin-nunes/ros2-path-planning/install/ros2_path_planning/share/ros2_path_planning/package.dsv'
[0.598s] INFO:colcon.colcon_core.shell:Creating package script '/home/yasmin-nunes/ros2-path-planning/install/ros2_path_planning/share/ros2_path_planning/package.sh'
[0.600s] INFO:colcon.colcon_core.shell:Creating package script '/home/yasmin-nunes/ros2-path-planning/install/ros2_path_planning/share/ros2_path_planning/package.bash'
[0.602s] INFO:colcon.colcon_core.shell:Creating package script '/home/yasmin-nunes/ros2-path-planning/install/ros2_path_planning/share/ros2_path_planning/package.zsh'
[0.603s] Level 1:colcon.colcon_core.environment:create_file_with_runtime_dependencies(/home/yasmin-nunes/ros2-path-planning/install/ros2_path_planning/share/colcon-core/packages/ros2_path_planning)
[0.629s] Level 1:colcon.colcon_core.environment:create_environment_scripts_only(ros2_path_planning)
[0.630s] Level 1:colcon.colcon_core.environment:checking '/home/yasmin-nunes/ros2-path-planning/install/ros2_path_planning' for CMake module files
[0.630s] Level 1:colcon.colcon_core.environment:checking '/home/yasmin-nunes/ros2-path-planning/install/ros2_path_planning' for CMake config files
[0.631s] Level 1:colcon.colcon_core.shell:create_environment_hook('ros2_path_planning', 'cmake_prefix_path')
[0.631s] INFO:colcon.colcon_core.shell:Creating environment hook '/home/yasmin-nunes/ros2-path-planning/install/ros2_path_planning/share/ros2_path_planning/hook/cmake_prefix_path.ps1'
[0.632s] INFO:colcon.colcon_core.shell:Creating environment descriptor '/home/yasmin-nunes/ros2-path-planning/install/ros2_path_planning/share/ros2_path_planning/hook/cmake_prefix_path.dsv'
[0.633s] INFO:colcon.colcon_core.shell:Creating environment hook '/home/yasmin-nunes/ros2-path-planning/install/ros2_path_planning/share/ros2_path_planning/hook/cmake_prefix_path.sh'
[0.634s] Level 1:colcon.colcon_core.environment:checking '/home/yasmin-nunes/ros2-path-planning/install/ros2_path_planning/lib'
[0.634s] Level 1:colcon.colcon_core.environment:checking '/home/yasmin-nunes/ros2-path-planning/install/ros2_path_planning/bin'
[0.634s] Level 1:colcon.colcon_core.environment:checking '/home/yasmin-nunes/ros2-path-planning/install/ros2_path_planning/lib/pkgconfig/ros2_path_planning.pc'
[0.635s] Level 1:colcon.colcon_core.environment:checking '/home/yasmin-nunes/ros2-path-planning/install/ros2_path_planning/lib/python3.10/site-packages'
[0.635s] Level 1:colcon.colcon_core.environment:checking '/home/yasmin-nunes/ros2-path-planning/install/ros2_path_planning/bin'
[0.636s] INFO:colcon.colcon_core.shell:Creating package script '/home/yasmin-nunes/ros2-path-planning/install/ros2_path_planning/share/ros2_path_planning/package.ps1'
[0.637s] INFO:colcon.colcon_core.shell:Creating package descriptor '/home/yasmin-nunes/ros2-path-planning/install/ros2_path_planning/share/ros2_path_planning/package.dsv'
[0.638s] INFO:colcon.colcon_core.shell:Creating package script '/home/yasmin-nunes/ros2-path-planning/install/ros2_path_planning/share/ros2_path_planning/package.sh'
[0.638s] INFO:colcon.colcon_core.shell:Creating package script '/home/yasmin-nunes/ros2-path-planning/install/ros2_path_planning/share/ros2_path_planning/package.bash'
[0.639s] INFO:colcon.colcon_core.shell:Creating package script '/home/yasmin-nunes/ros2-path-planning/install/ros2_path_planning/share/ros2_path_planning/package.zsh'
[0.640s] Level 1:colcon.colcon_core.environment:create_file_with_runtime_dependencies(/home/yasmin-nunes/ros2-path-planning/install/ros2_path_planning/share/colcon-core/packages/ros2_path_planning)
[1.055s] DEBUG:colcon.colcon_core.event_handler.log_command:Invoked command in '/home/yasmin-nunes/ros2-path-planning/build/fs_msgs' returned '1': /usr/bin/cmake /home/yasmin-nunes/ros2-path-planning/src/fs_msgs -DCATKIN_INSTALL_INTO_PREFIX_ROOT=0 -DCMAKE_INSTALL_PREFIX=/home/yasmin-nunes/ros2-path-planning/install/fs_msgs
[1.071s] Level 1:colcon.colcon_core.environment:create_environment_scripts_only(fs_msgs)
[1.071s] Level 1:colcon.colcon_core.environment:checking '/home/yasmin-nunes/ros2-path-planning/install/fs_msgs' for CMake module files
[1.072s] Level 1:colcon.colcon_core.environment:checking '/home/yasmin-nunes/ros2-path-planning/install/fs_msgs' for CMake config files
[1.073s] Level 1:colcon.colcon_core.environment:checking '/home/yasmin-nunes/ros2-path-planning/install/fs_msgs/bin'
[1.073s] Level 1:colcon.colcon_core.environment:checking '/home/yasmin-nunes/ros2-path-planning/install/fs_msgs/lib/pkgconfig/fs_msgs.pc'
[1.073s] Level 1:colcon.colcon_core.environment:checking '/home/yasmin-nunes/ros2-path-planning/install/fs_msgs/lib/python3.10/site-packages'
[1.074s] Level 1:colcon.colcon_core.environment:checking '/home/yasmin-nunes/ros2-path-planning/install/fs_msgs/bin'
[1.074s] INFO:colcon.colcon_core.shell:Creating package script '/home/yasmin-nunes/ros2-path-planning/install/fs_msgs/share/fs_msgs/package.ps1'
[1.075s] INFO:colcon.colcon_core.shell:Creating package descriptor '/home/yasmin-nunes/ros2-path-planning/install/fs_msgs/share/fs_msgs/package.dsv'
[1.075s] INFO:colcon.colcon_core.shell:Creating package script '/home/yasmin-nunes/ros2-path-planning/install/fs_msgs/share/fs_msgs/package.sh'
[1.076s] INFO:colcon.colcon_core.shell:Creating package script '/home/yasmin-nunes/ros2-path-planning/install/fs_msgs/share/fs_msgs/package.bash'
[1.076s] INFO:colcon.colcon_core.shell:Creating package script '/home/yasmin-nunes/ros2-path-planning/install/fs_msgs/share/fs_msgs/package.zsh'
[1.077s] Level 1:colcon.colcon_core.environment:create_file_with_runtime_dependencies(/home/yasmin-nunes/ros2-path-planning/install/fs_msgs/share/colcon-core/packages/fs_msgs)
[1.087s] DEBUG:colcon.colcon_parallel_executor.executor.parallel:closing loop
[1.088s] DEBUG:colcon.colcon_parallel_executor.executor.parallel:loop closed
[1.088s] DEBUG:colcon.colcon_parallel_executor.executor.parallel:run_until_complete finished with '1'
[1.088s] DEBUG:colcon.colcon_core.event_reactor:joining thread
[1.097s] INFO:colcon.colcon_core.plugin_system:Skipping extension 'colcon_notification.desktop_notification.terminal_notifier': Not used on non-Darwin systems
[1.097s] INFO:colcon.colcon_core.plugin_system:Skipping extension 'colcon_notification.desktop_notification.win32': Not used on non-Windows systems
[1.097s] INFO:colcon.colcon_notification.desktop_notification:Sending desktop notification using 'notify2'
[1.115s] DEBUG:colcon.colcon_core.event_reactor:joined thread
[1.116s] INFO:colcon.colcon_core.shell:Creating prefix script '/home/yasmin-nunes/ros2-path-planning/install/local_setup.ps1'
[1.118s] INFO:colcon.colcon_core.shell:Creating prefix util module '/home/yasmin-nunes/ros2-path-planning/install/_local_setup_util_ps1.py'
[1.121s] INFO:colcon.colcon_core.shell:Creating prefix chain script '/home/yasmin-nunes/ros2-path-planning/install/setup.ps1'
[1.123s] INFO:colcon.colcon_core.shell:Creating prefix script '/home/yasmin-nunes/ros2-path-planning/install/local_setup.sh'
[1.123s] INFO:colcon.colcon_core.shell:Creating prefix util module '/home/yasmin-nunes/ros2-path-planning/install/_local_setup_util_sh.py'
[1.124s] INFO:colcon.colcon_core.shell:Creating prefix chain script '/home/yasmin-nunes/ros2-path-planning/install/setup.sh'
[1.126s] INFO:colcon.colcon_core.shell:Creating prefix script '/home/yasmin-nunes/ros2-path-planning/install/local_setup.bash'
[1.127s] INFO:colcon.colcon_core.shell:Creating prefix chain script '/home/yasmin-nunes/ros2-path-planning/install/setup.bash'
[1.129s] INFO:colcon.colcon_core.shell:Creating prefix script '/home/yasmin-nunes/ros2-path-planning/install/local_setup.zsh'
[1.130s] INFO:colcon.colcon_core.shell:Creating prefix chain script '/home/yasmin-nunes/ros2-path-planning/install/setup.zsh'
