[0.050s] Invoking command in '/home/yasmin-nunes/ros2-path-planning/build/yolov8_msgs': CMAKE_PREFIX_PATH=/opt/ros/humble /usr/bin/cmake /home/yasmin-nunes/ros2-path-planning/src/yolov8_ros/yolov8_msgs -DCMAKE_INSTALL_PREFIX=/home/yasmin-nunes/ros2-path-planning/install/yolov8_msgs
[2.028s] -- The C compiler identification is GNU 11.4.0
[2.865s] -- The CXX compiler identification is GNU 11.4.0
[2.892s] -- Detecting C compiler ABI info
[3.093s] -- Detecting C compiler ABI info - done
[3.111s] -- Check for working C compiler: /usr/bin/cc - skipped
[3.112s] -- Detecting C compile features
[3.127s] -- Detecting C compile features - done
[3.139s] -- Detecting CXX compiler ABI info
[3.296s] -- Detecting CXX compiler ABI info - done
[3.306s] -- Check for working CXX compiler: /usr/bin/c++ - skipped
[3.307s] -- Detecting CXX compile features
[3.307s] -- Detecting CXX compile features - done
[3.449s] -- Found ament_cmake: 1.3.10 (/opt/ros/humble/share/ament_cmake/cmake)
[3.757s] -- Found Python3: /usr/bin/python3 (found version "3.10.12") found components: Interpreter 
[3.943s] -- Found rosidl_default_generators: 1.2.0 (/opt/ros/humble/share/rosidl_default_generators/cmake)
[3.969s] -- Using all available rosidl_typesupport_c: rosidl_typesupport_fastrtps_c;rosidl_typesupport_introspection_c
[4.009s] -- Found rosidl_adapter: 3.1.5 (/opt/ros/humble/share/rosidl_adapter/cmake)
[4.079s] -- Using all available rosidl_typesupport_cpp: rosidl_typesupport_fastrtps_cpp;rosidl_typesupport_introspection_cpp
[4.136s] -- Found std_msgs: 4.2.4 (/opt/ros/humble/share/std_msgs/cmake)
[4.171s] -- Found geometry_msgs: 4.2.4 (/opt/ros/humble/share/geometry_msgs/cmake)
[4.649s] -- Found ament_cmake_ros: 0.10.0 (/opt/ros/humble/share/ament_cmake_ros/cmake)
[4.991s] -- Using all available rosidl_typesupport_c: rosidl_typesupport_fastrtps_c;rosidl_typesupport_introspection_c
[5.433s] -- Using all available rosidl_typesupport_cpp: rosidl_typesupport_fastrtps_cpp;rosidl_typesupport_introspection_cpp
[5.501s] -- Found PythonInterp: /usr/bin/python3 (found suitable version "3.10.12", minimum required is "3.6") 
[5.522s] -- Found python_cmake_module: 0.10.0 (/opt/ros/humble/share/python_cmake_module/cmake)
[5.631s] -- Found PythonLibs: /usr/lib/x86_64-linux-gnu/libpython3.10.so (found suitable version "3.10.12", minimum required is "3.5") 
[5.634s] -- Using PYTHON_EXECUTABLE: /usr/bin/python3
[5.635s] -- Using PYTHON_INCLUDE_DIRS: /usr/include/python3.10
[5.635s] -- Using PYTHON_LIBRARIES: /usr/lib/x86_64-linux-gnu/libpython3.10.so
[5.695s] -- Found PythonExtra: .so  
[5.841s] -- Configuring done
[5.999s] -- Generating done
[6.002s] -- Build files have been written to: /home/yasmin-nunes/ros2-path-planning/build/yolov8_msgs
[6.012s] Invoked command in '/home/yasmin-nunes/ros2-path-planning/build/yolov8_msgs' returned '0': CMAKE_PREFIX_PATH=/opt/ros/humble /usr/bin/cmake /home/yasmin-nunes/ros2-path-planning/src/yolov8_ros/yolov8_msgs -DCMAKE_INSTALL_PREFIX=/home/yasmin-nunes/ros2-path-planning/install/yolov8_msgs
[6.014s] Invoking command in '/home/yasmin-nunes/ros2-path-planning/build/yolov8_msgs': CMAKE_PREFIX_PATH=/opt/ros/humble /usr/bin/cmake --build /home/yasmin-nunes/ros2-path-planning/build/yolov8_msgs -- -j4 -l4
[6.065s] [  1%] [34m[1mGenerating C code for ROS interfaces[0m
[6.081s] [  1%] [34m[1mGenerating C++ code for ROS interfaces[0m
[6.096s] [  1%] Built target ament_cmake_python_copy_yolov8_msgs
[6.598s] running egg_info
[6.601s] creating yolov8_msgs.egg-info
[6.601s] writing yolov8_msgs.egg-info/PKG-INFO
[6.602s] writing dependency_links to yolov8_msgs.egg-info/dependency_links.txt
[6.602s] writing top-level names to yolov8_msgs.egg-info/top_level.txt
[6.602s] writing manifest file 'yolov8_msgs.egg-info/SOURCES.txt'
[6.608s] reading manifest file 'yolov8_msgs.egg-info/SOURCES.txt'
[6.609s] writing manifest file 'yolov8_msgs.egg-info/SOURCES.txt'
[6.650s] [  1%] Built target ament_cmake_python_build_yolov8_msgs_egg
[8.907s] [  1%] Built target yolov8_msgs__cpp
[8.935s] [  2%] [34m[1mGenerating C++ type support dispatch for ROS interfaces[0m
[8.970s] [  2%] [34m[1mGenerating C++ type support for eProsima Fast-RTPS[0m
[8.971s] [  3%] [34m[1mGenerating C++ introspection for ROS interfaces[0m
[9.597s] [  4%] [32mBuilding C object CMakeFiles/yolov8_msgs__rosidl_generator_c.dir/rosidl_generator_c/yolov8_msgs/msg/detail/point2_d__functions.c.o[0m
[9.870s] [  5%] [32mBuilding C object CMakeFiles/yolov8_msgs__rosidl_generator_c.dir/rosidl_generator_c/yolov8_msgs/msg/detail/vector2__functions.c.o[0m
[9.951s] [  6%] [32mBuilding C object CMakeFiles/yolov8_msgs__rosidl_generator_c.dir/rosidl_generator_c/yolov8_msgs/msg/detail/pose2_d__functions.c.o[0m
[10.035s] [  6%] [32mBuilding C object CMakeFiles/yolov8_msgs__rosidl_generator_c.dir/rosidl_generator_c/yolov8_msgs/msg/detail/bounding_box2_d__functions.c.o[0m
[10.125s] [  7%] [32mBuilding C object CMakeFiles/yolov8_msgs__rosidl_generator_c.dir/rosidl_generator_c/yolov8_msgs/msg/detail/bounding_box3_d__functions.c.o[0m
[10.244s] [  8%] [32mBuilding C object CMakeFiles/yolov8_msgs__rosidl_generator_c.dir/rosidl_generator_c/yolov8_msgs/msg/detail/mask__functions.c.o[0m
[10.327s] [  9%] [32mBuilding C object CMakeFiles/yolov8_msgs__rosidl_generator_c.dir/rosidl_generator_c/yolov8_msgs/msg/detail/key_point2_d__functions.c.o[0m
[10.411s] [ 10%] [32mBuilding C object CMakeFiles/yolov8_msgs__rosidl_generator_c.dir/rosidl_generator_c/yolov8_msgs/msg/detail/key_point2_d_array__functions.c.o[0m
[10.493s] [ 11%] [32mBuilding C object CMakeFiles/yolov8_msgs__rosidl_generator_c.dir/rosidl_generator_c/yolov8_msgs/msg/detail/key_point3_d__functions.c.o[0m
[10.666s] [ 11%] [32mBuilding C object CMakeFiles/yolov8_msgs__rosidl_generator_c.dir/rosidl_generator_c/yolov8_msgs/msg/detail/key_point3_d_array__functions.c.o[0m
[10.840s] [ 12%] [32mBuilding C object CMakeFiles/yolov8_msgs__rosidl_generator_c.dir/rosidl_generator_c/yolov8_msgs/msg/detail/detection__functions.c.o[0m
[10.949s] [ 13%] [32mBuilding C object CMakeFiles/yolov8_msgs__rosidl_generator_c.dir/rosidl_generator_c/yolov8_msgs/msg/detail/detection_array__functions.c.o[0m
[10.986s] [ 14%] [32mBuilding CXX object CMakeFiles/yolov8_msgs__rosidl_typesupport_cpp.dir/rosidl_typesupport_cpp/yolov8_msgs/msg/point2_d__type_support.cpp.o[0m
[11.157s] [ 15%] [32m[1mLinking C shared library libyolov8_msgs__rosidl_generator_c.so[0m
[11.394s] [ 15%] [32mBuilding CXX object CMakeFiles/yolov8_msgs__rosidl_typesupport_introspection_cpp.dir/rosidl_typesupport_introspection_cpp/yolov8_msgs/msg/detail/point2_d__type_support.cpp.o[0m
[11.482s] [ 15%] Built target yolov8_msgs__rosidl_generator_c
[11.526s] [ 16%] [34m[1mGenerating C type support for eProsima Fast-RTPS[0m
[11.685s] [ 17%] [32mBuilding CXX object CMakeFiles/yolov8_msgs__rosidl_typesupport_fastrtps_cpp.dir/rosidl_typesupport_fastrtps_cpp/yolov8_msgs/msg/detail/dds_fastrtps/point2_d__type_support.cpp.o[0m
[12.671s] [ 18%] [32mBuilding CXX object CMakeFiles/yolov8_msgs__rosidl_typesupport_cpp.dir/rosidl_typesupport_cpp/yolov8_msgs/msg/vector2__type_support.cpp.o[0m
[12.854s] [ 19%] [32mBuilding CXX object CMakeFiles/yolov8_msgs__rosidl_typesupport_introspection_cpp.dir/rosidl_typesupport_introspection_cpp/yolov8_msgs/msg/detail/vector2__type_support.cpp.o[0m
[12.892s] [ 20%] [32mBuilding CXX object CMakeFiles/yolov8_msgs__rosidl_typesupport_fastrtps_cpp.dir/rosidl_typesupport_fastrtps_cpp/yolov8_msgs/msg/detail/dds_fastrtps/vector2__type_support.cpp.o[0m
[13.169s] [ 21%] [32mBuilding CXX object CMakeFiles/yolov8_msgs__rosidl_typesupport_cpp.dir/rosidl_typesupport_cpp/yolov8_msgs/msg/pose2_d__type_support.cpp.o[0m
[13.584s] [ 22%] [32mBuilding CXX object CMakeFiles/yolov8_msgs__rosidl_typesupport_introspection_cpp.dir/rosidl_typesupport_introspection_cpp/yolov8_msgs/msg/detail/pose2_d__type_support.cpp.o[0m
[13.644s] [ 23%] [32mBuilding CXX object CMakeFiles/yolov8_msgs__rosidl_typesupport_fastrtps_cpp.dir/rosidl_typesupport_fastrtps_cpp/yolov8_msgs/msg/detail/dds_fastrtps/pose2_d__type_support.cpp.o[0m
[13.695s] [ 24%] [32mBuilding CXX object CMakeFiles/yolov8_msgs__rosidl_typesupport_cpp.dir/rosidl_typesupport_cpp/yolov8_msgs/msg/bounding_box2_d__type_support.cpp.o[0m
[14.036s] [ 25%] [32mBuilding CXX object CMakeFiles/yolov8_msgs__rosidl_typesupport_fastrtps_c.dir/rosidl_typesupport_fastrtps_c/yolov8_msgs/msg/detail/point2_d__type_support_c.cpp.o[0m
[14.262s] [ 25%] [32mBuilding CXX object CMakeFiles/yolov8_msgs__rosidl_typesupport_cpp.dir/rosidl_typesupport_cpp/yolov8_msgs/msg/bounding_box3_d__type_support.cpp.o[0m
[14.378s] [ 26%] [32mBuilding CXX object CMakeFiles/yolov8_msgs__rosidl_typesupport_introspection_cpp.dir/rosidl_typesupport_introspection_cpp/yolov8_msgs/msg/detail/bounding_box2_d__type_support.cpp.o[0m
[14.409s] [ 27%] [32mBuilding CXX object CMakeFiles/yolov8_msgs__rosidl_typesupport_fastrtps_cpp.dir/rosidl_typesupport_fastrtps_cpp/yolov8_msgs/msg/detail/dds_fastrtps/bounding_box2_d__type_support.cpp.o[0m
[14.696s] [ 28%] [32mBuilding CXX object CMakeFiles/yolov8_msgs__rosidl_typesupport_fastrtps_c.dir/rosidl_typesupport_fastrtps_c/yolov8_msgs/msg/detail/vector2__type_support_c.cpp.o[0m
[14.796s] [ 29%] [32mBuilding CXX object CMakeFiles/yolov8_msgs__rosidl_typesupport_cpp.dir/rosidl_typesupport_cpp/yolov8_msgs/msg/mask__type_support.cpp.o[0m
[15.129s] [ 30%] [32mBuilding CXX object CMakeFiles/yolov8_msgs__rosidl_typesupport_introspection_cpp.dir/rosidl_typesupport_introspection_cpp/yolov8_msgs/msg/detail/bounding_box3_d__type_support.cpp.o[0m
[15.165s] [ 31%] [32mBuilding CXX object CMakeFiles/yolov8_msgs__rosidl_typesupport_fastrtps_cpp.dir/rosidl_typesupport_fastrtps_cpp/yolov8_msgs/msg/detail/dds_fastrtps/bounding_box3_d__type_support.cpp.o[0m
[15.332s] [ 32%] [32mBuilding CXX object CMakeFiles/yolov8_msgs__rosidl_typesupport_cpp.dir/rosidl_typesupport_cpp/yolov8_msgs/msg/key_point2_d__type_support.cpp.o[0m
[15.341s] [ 32%] [32mBuilding CXX object CMakeFiles/yolov8_msgs__rosidl_typesupport_fastrtps_c.dir/rosidl_typesupport_fastrtps_c/yolov8_msgs/msg/detail/pose2_d__type_support_c.cpp.o[0m
[15.868s] [ 33%] [32mBuilding CXX object CMakeFiles/yolov8_msgs__rosidl_typesupport_cpp.dir/rosidl_typesupport_cpp/yolov8_msgs/msg/key_point2_d_array__type_support.cpp.o[0m
[15.885s] [ 34%] [32mBuilding CXX object CMakeFiles/yolov8_msgs__rosidl_typesupport_introspection_cpp.dir/rosidl_typesupport_introspection_cpp/yolov8_msgs/msg/detail/mask__type_support.cpp.o[0m
[15.938s] [ 34%] [32mBuilding CXX object CMakeFiles/yolov8_msgs__rosidl_typesupport_fastrtps_cpp.dir/rosidl_typesupport_fastrtps_cpp/yolov8_msgs/msg/detail/dds_fastrtps/mask__type_support.cpp.o[0m
[15.984s] [ 35%] [32mBuilding CXX object CMakeFiles/yolov8_msgs__rosidl_typesupport_fastrtps_c.dir/rosidl_typesupport_fastrtps_c/yolov8_msgs/msg/detail/bounding_box2_d__type_support_c.cpp.o[0m
[16.427s] [ 36%] [32mBuilding CXX object CMakeFiles/yolov8_msgs__rosidl_typesupport_cpp.dir/rosidl_typesupport_cpp/yolov8_msgs/msg/key_point3_d__type_support.cpp.o[0m
[16.657s] [ 37%] [32mBuilding CXX object CMakeFiles/yolov8_msgs__rosidl_typesupport_fastrtps_c.dir/rosidl_typesupport_fastrtps_c/yolov8_msgs/msg/detail/bounding_box3_d__type_support_c.cpp.o[0m
[16.723s] [ 37%] [32mBuilding CXX object CMakeFiles/yolov8_msgs__rosidl_typesupport_introspection_cpp.dir/rosidl_typesupport_introspection_cpp/yolov8_msgs/msg/detail/key_point2_d__type_support.cpp.o[0m
[16.786s] [ 38%] [32mBuilding CXX object CMakeFiles/yolov8_msgs__rosidl_typesupport_fastrtps_cpp.dir/rosidl_typesupport_fastrtps_cpp/yolov8_msgs/msg/detail/dds_fastrtps/key_point2_d__type_support.cpp.o[0m
[16.956s] [ 39%] [32mBuilding CXX object CMakeFiles/yolov8_msgs__rosidl_typesupport_cpp.dir/rosidl_typesupport_cpp/yolov8_msgs/msg/key_point3_d_array__type_support.cpp.o[0m
[17.360s] [ 40%] [32mBuilding CXX object CMakeFiles/yolov8_msgs__rosidl_typesupport_fastrtps_c.dir/rosidl_typesupport_fastrtps_c/yolov8_msgs/msg/detail/mask__type_support_c.cpp.o[0m
[17.458s] [ 41%] [32mBuilding CXX object CMakeFiles/yolov8_msgs__rosidl_typesupport_introspection_cpp.dir/rosidl_typesupport_introspection_cpp/yolov8_msgs/msg/detail/key_point2_d_array__type_support.cpp.o[0m
[17.463s] [ 41%] [32mBuilding CXX object CMakeFiles/yolov8_msgs__rosidl_typesupport_cpp.dir/rosidl_typesupport_cpp/yolov8_msgs/msg/detection__type_support.cpp.o[0m
[17.599s] [ 42%] [32mBuilding CXX object CMakeFiles/yolov8_msgs__rosidl_typesupport_fastrtps_cpp.dir/rosidl_typesupport_fastrtps_cpp/yolov8_msgs/msg/detail/dds_fastrtps/key_point2_d_array__type_support.cpp.o[0m
[18.007s] [ 43%] [32mBuilding CXX object CMakeFiles/yolov8_msgs__rosidl_typesupport_cpp.dir/rosidl_typesupport_cpp/yolov8_msgs/msg/detection_array__type_support.cpp.o[0m
[18.025s] [ 44%] [32mBuilding CXX object CMakeFiles/yolov8_msgs__rosidl_typesupport_fastrtps_c.dir/rosidl_typesupport_fastrtps_c/yolov8_msgs/msg/detail/key_point2_d__type_support_c.cpp.o[0m
[18.283s] [ 45%] [32mBuilding CXX object CMakeFiles/yolov8_msgs__rosidl_typesupport_introspection_cpp.dir/rosidl_typesupport_introspection_cpp/yolov8_msgs/msg/detail/key_point3_d__type_support.cpp.o[0m
[18.466s] [ 46%] [32mBuilding CXX object CMakeFiles/yolov8_msgs__rosidl_typesupport_fastrtps_cpp.dir/rosidl_typesupport_fastrtps_cpp/yolov8_msgs/msg/detail/dds_fastrtps/key_point3_d__type_support.cpp.o[0m
[18.560s] [ 47%] [32m[1mLinking CXX shared library libyolov8_msgs__rosidl_typesupport_cpp.so[0m
[18.671s] [ 48%] [32mBuilding CXX object CMakeFiles/yolov8_msgs__rosidl_typesupport_fastrtps_c.dir/rosidl_typesupport_fastrtps_c/yolov8_msgs/msg/detail/key_point2_d_array__type_support_c.cpp.o[0m
[18.673s] [ 48%] Built target yolov8_msgs__rosidl_typesupport_cpp
[18.687s] [ 49%] [32mBuilding CXX object CMakeFiles/yolov8_msgs__rosidl_typesupport_introspection_cpp.dir/rosidl_typesupport_introspection_cpp/yolov8_msgs/msg/detail/key_point3_d_array__type_support.cpp.o[0m
[19.036s] [ 50%] [32mBuilding CXX object CMakeFiles/yolov8_msgs__rosidl_typesupport_fastrtps_cpp.dir/rosidl_typesupport_fastrtps_cpp/yolov8_msgs/msg/detail/dds_fastrtps/key_point3_d_array__type_support.cpp.o[0m
[19.250s] [ 50%] [32mBuilding CXX object CMakeFiles/yolov8_msgs__rosidl_typesupport_fastrtps_c.dir/rosidl_typesupport_fastrtps_c/yolov8_msgs/msg/detail/key_point3_d__type_support_c.cpp.o[0m
[19.317s] [ 51%] [34m[1mGenerating C introspection for ROS interfaces[0m
[19.516s] [ 52%] [32mBuilding CXX object CMakeFiles/yolov8_msgs__rosidl_typesupport_introspection_cpp.dir/rosidl_typesupport_introspection_cpp/yolov8_msgs/msg/detail/detection__type_support.cpp.o[0m
[19.874s] [ 53%] [32mBuilding CXX object CMakeFiles/yolov8_msgs__rosidl_typesupport_fastrtps_c.dir/rosidl_typesupport_fastrtps_c/yolov8_msgs/msg/detail/key_point3_d_array__type_support_c.cpp.o[0m
[19.917s] [ 54%] [32mBuilding CXX object CMakeFiles/yolov8_msgs__rosidl_typesupport_fastrtps_cpp.dir/rosidl_typesupport_fastrtps_cpp/yolov8_msgs/msg/detail/dds_fastrtps/detection__type_support.cpp.o[0m
[20.376s] [ 55%] [32mBuilding CXX object CMakeFiles/yolov8_msgs__rosidl_typesupport_introspection_cpp.dir/rosidl_typesupport_introspection_cpp/yolov8_msgs/msg/detail/detection_array__type_support.cpp.o[0m
[20.505s] [ 56%] [32mBuilding CXX object CMakeFiles/yolov8_msgs__rosidl_typesupport_fastrtps_c.dir/rosidl_typesupport_fastrtps_c/yolov8_msgs/msg/detail/detection__type_support_c.cpp.o[0m
[20.732s] [ 56%] [32mBuilding CXX object CMakeFiles/yolov8_msgs__rosidl_typesupport_fastrtps_cpp.dir/rosidl_typesupport_fastrtps_cpp/yolov8_msgs/msg/detail/dds_fastrtps/detection_array__type_support.cpp.o[0m
[21.165s] [ 57%] [32mBuilding CXX object CMakeFiles/yolov8_msgs__rosidl_typesupport_fastrtps_c.dir/rosidl_typesupport_fastrtps_c/yolov8_msgs/msg/detail/detection_array__type_support_c.cpp.o[0m
[21.554s] [ 58%] [32m[1mLinking CXX shared library libyolov8_msgs__rosidl_typesupport_introspection_cpp.so[0m
[21.575s] [ 59%] [32mBuilding C object CMakeFiles/yolov8_msgs__rosidl_typesupport_introspection_c.dir/rosidl_typesupport_introspection_c/yolov8_msgs/msg/detail/point2_d__type_support.c.o[0m
[21.647s] [ 60%] [32mBuilding C object CMakeFiles/yolov8_msgs__rosidl_typesupport_introspection_c.dir/rosidl_typesupport_introspection_c/yolov8_msgs/msg/detail/vector2__type_support.c.o[0m
[21.711s] [ 61%] [32mBuilding C object CMakeFiles/yolov8_msgs__rosidl_typesupport_introspection_c.dir/rosidl_typesupport_introspection_c/yolov8_msgs/msg/detail/pose2_d__type_support.c.o[0m
[21.728s] [ 62%] [32m[1mLinking CXX shared library libyolov8_msgs__rosidl_typesupport_fastrtps_cpp.so[0m
[21.760s] [ 62%] Built target yolov8_msgs__rosidl_typesupport_introspection_cpp
[21.772s] [ 62%] [32mBuilding C object CMakeFiles/yolov8_msgs__rosidl_typesupport_introspection_c.dir/rosidl_typesupport_introspection_c/yolov8_msgs/msg/detail/bounding_box2_d__type_support.c.o[0m
[21.773s] [ 63%] [32mBuilding C object CMakeFiles/yolov8_msgs__rosidl_typesupport_introspection_c.dir/rosidl_typesupport_introspection_c/yolov8_msgs/msg/detail/bounding_box3_d__type_support.c.o[0m
[21.840s] [ 64%] [32mBuilding C object CMakeFiles/yolov8_msgs__rosidl_typesupport_introspection_c.dir/rosidl_typesupport_introspection_c/yolov8_msgs/msg/detail/mask__type_support.c.o[0m
[21.857s] [ 65%] [32m[1mLinking CXX shared library libyolov8_msgs__rosidl_typesupport_fastrtps_c.so[0m
[21.862s] [ 66%] [34m[1mGenerating C type support dispatch for ROS interfaces[0m
[21.909s] [ 67%] [32mBuilding C object CMakeFiles/yolov8_msgs__rosidl_typesupport_introspection_c.dir/rosidl_typesupport_introspection_c/yolov8_msgs/msg/detail/key_point2_d__type_support.c.o[0m
[21.918s] [ 67%] Built target yolov8_msgs__rosidl_typesupport_fastrtps_cpp
[21.933s] [ 68%] [32mBuilding C object CMakeFiles/yolov8_msgs__rosidl_typesupport_introspection_c.dir/rosidl_typesupport_introspection_c/yolov8_msgs/msg/detail/key_point2_d_array__type_support.c.o[0m
[21.967s] [ 69%] [32mBuilding C object CMakeFiles/yolov8_msgs__rosidl_typesupport_introspection_c.dir/rosidl_typesupport_introspection_c/yolov8_msgs/msg/detail/key_point3_d__type_support.c.o[0m
[22.002s] [ 70%] [32mBuilding C object CMakeFiles/yolov8_msgs__rosidl_typesupport_introspection_c.dir/rosidl_typesupport_introspection_c/yolov8_msgs/msg/detail/key_point3_d_array__type_support.c.o[0m
[22.030s] [ 70%] [32mBuilding C object CMakeFiles/yolov8_msgs__rosidl_typesupport_introspection_c.dir/rosidl_typesupport_introspection_c/yolov8_msgs/msg/detail/detection__type_support.c.o[0m
[22.058s] [ 70%] Built target yolov8_msgs__rosidl_typesupport_fastrtps_c
[22.066s] [ 71%] [32mBuilding C object CMakeFiles/yolov8_msgs__rosidl_typesupport_introspection_c.dir/rosidl_typesupport_introspection_c/yolov8_msgs/msg/detail/detection_array__type_support.c.o[0m
[22.156s] [ 72%] [32m[1mLinking C shared library libyolov8_msgs__rosidl_typesupport_introspection_c.so[0m
[22.210s] [ 72%] Built target yolov8_msgs__rosidl_typesupport_introspection_c
[22.813s] [ 74%] [32mBuilding CXX object CMakeFiles/yolov8_msgs__rosidl_typesupport_c.dir/rosidl_typesupport_c/yolov8_msgs/msg/point2_d__type_support.cpp.o[0m
[22.813s] [ 75%] [32mBuilding CXX object CMakeFiles/yolov8_msgs__rosidl_typesupport_c.dir/rosidl_typesupport_c/yolov8_msgs/msg/bounding_box2_d__type_support.cpp.o[0m
[22.813s] [ 75%] [32mBuilding CXX object CMakeFiles/yolov8_msgs__rosidl_typesupport_c.dir/rosidl_typesupport_c/yolov8_msgs/msg/vector2__type_support.cpp.o[0m
[22.813s] [ 74%] [32mBuilding CXX object CMakeFiles/yolov8_msgs__rosidl_typesupport_c.dir/rosidl_typesupport_c/yolov8_msgs/msg/pose2_d__type_support.cpp.o[0m
[22.885s] [ 77%] [32mBuilding CXX object CMakeFiles/yolov8_msgs__rosidl_typesupport_c.dir/rosidl_typesupport_c/yolov8_msgs/msg/bounding_box3_d__type_support.cpp.o[0m
[22.885s] [ 78%] [32mBuilding CXX object CMakeFiles/yolov8_msgs__rosidl_typesupport_c.dir/rosidl_typesupport_c/yolov8_msgs/msg/key_point2_d__type_support.cpp.o[0m
[22.885s] [ 78%] [32mBuilding CXX object CMakeFiles/yolov8_msgs__rosidl_typesupport_c.dir/rosidl_typesupport_c/yolov8_msgs/msg/key_point2_d_array__type_support.cpp.o[0m
[22.886s] [ 78%] [32mBuilding CXX object CMakeFiles/yolov8_msgs__rosidl_typesupport_c.dir/rosidl_typesupport_c/yolov8_msgs/msg/mask__type_support.cpp.o[0m
[22.941s] [ 79%] [32mBuilding CXX object CMakeFiles/yolov8_msgs__rosidl_typesupport_c.dir/rosidl_typesupport_c/yolov8_msgs/msg/key_point3_d__type_support.cpp.o[0m
[22.941s] [ 80%] [32mBuilding CXX object CMakeFiles/yolov8_msgs__rosidl_typesupport_c.dir/rosidl_typesupport_c/yolov8_msgs/msg/key_point3_d_array__type_support.cpp.o[0m
[22.944s] [ 81%] [32mBuilding CXX object CMakeFiles/yolov8_msgs__rosidl_typesupport_c.dir/rosidl_typesupport_c/yolov8_msgs/msg/detection__type_support.cpp.o[0m
[22.948s] [ 82%] [32mBuilding CXX object CMakeFiles/yolov8_msgs__rosidl_typesupport_c.dir/rosidl_typesupport_c/yolov8_msgs/msg/detection_array__type_support.cpp.o[0m
[23.002s] [ 83%] [32m[1mLinking CXX shared library libyolov8_msgs__rosidl_typesupport_c.so[0m
[23.054s] [ 83%] Built target yolov8_msgs__rosidl_typesupport_c
[23.077s] [ 83%] Built target yolov8_msgs
[23.101s] [ 84%] [34m[1mGenerating Python code for ROS interfaces[0m
[25.225s] [ 84%] Built target yolov8_msgs__py
[25.253s] [ 86%] [32mBuilding C object CMakeFiles/yolov8_msgs__rosidl_generator_py.dir/rosidl_generator_py/yolov8_msgs/msg/_vector2_s.c.o[0m
[25.253s] [ 86%] [32mBuilding C object CMakeFiles/yolov8_msgs__rosidl_generator_py.dir/rosidl_generator_py/yolov8_msgs/msg/_point2_d_s.c.o[0m
[25.253s] [ 86%] [32mBuilding C object CMakeFiles/yolov8_msgs__rosidl_generator_py.dir/rosidl_generator_py/yolov8_msgs/msg/_pose2_d_s.c.o[0m
[25.254s] [ 87%] [32mBuilding C object CMakeFiles/yolov8_msgs__rosidl_generator_py.dir/rosidl_generator_py/yolov8_msgs/msg/_bounding_box2_d_s.c.o[0m
[26.055s] [ 88%] [32mBuilding C object CMakeFiles/yolov8_msgs__rosidl_generator_py.dir/rosidl_generator_py/yolov8_msgs/msg/_bounding_box3_d_s.c.o[0m
[26.057s] [ 89%] [32mBuilding C object CMakeFiles/yolov8_msgs__rosidl_generator_py.dir/rosidl_generator_py/yolov8_msgs/msg/_mask_s.c.o[0m
[26.057s] [ 90%] [32mBuilding C object CMakeFiles/yolov8_msgs__rosidl_generator_py.dir/rosidl_generator_py/yolov8_msgs/msg/_key_point2_d_array_s.c.o[0m
[26.059s] [ 91%] [32mBuilding C object CMakeFiles/yolov8_msgs__rosidl_generator_py.dir/rosidl_generator_py/yolov8_msgs/msg/_key_point2_d_s.c.o[0m
[26.261s] [ 92%] [32mBuilding C object CMakeFiles/yolov8_msgs__rosidl_generator_py.dir/rosidl_generator_py/yolov8_msgs/msg/_key_point3_d_s.c.o[0m
[26.267s] [ 92%] [32mBuilding C object CMakeFiles/yolov8_msgs__rosidl_generator_py.dir/rosidl_generator_py/yolov8_msgs/msg/_key_point3_d_array_s.c.o[0m
[26.267s] [ 93%] [32mBuilding C object CMakeFiles/yolov8_msgs__rosidl_generator_py.dir/rosidl_generator_py/yolov8_msgs/msg/_detection_s.c.o[0m
[26.269s] [ 94%] [32mBuilding C object CMakeFiles/yolov8_msgs__rosidl_generator_py.dir/rosidl_generator_py/yolov8_msgs/msg/_detection_array_s.c.o[0m
[26.480s] [ 95%] [32m[1mLinking C shared library rosidl_generator_py/yolov8_msgs/libyolov8_msgs__rosidl_generator_py.so[0m
[26.556s] [ 95%] Built target yolov8_msgs__rosidl_generator_py
[26.583s] [ 96%] [32mBuilding C object CMakeFiles/yolov8_msgs__rosidl_typesupport_introspection_c__pyext.dir/rosidl_generator_py/yolov8_msgs/_yolov8_msgs_s.ep.rosidl_typesupport_introspection_c.c.o[0m
[26.585s] [ 96%] [32mBuilding C object CMakeFiles/yolov8_msgs__rosidl_typesupport_c__pyext.dir/rosidl_generator_py/yolov8_msgs/_yolov8_msgs_s.ep.rosidl_typesupport_c.c.o[0m
[26.587s] [ 97%] [32mBuilding C object CMakeFiles/yolov8_msgs__rosidl_typesupport_fastrtps_c__pyext.dir/rosidl_generator_py/yolov8_msgs/_yolov8_msgs_s.ep.rosidl_typesupport_fastrtps_c.c.o[0m
[26.758s] [ 98%] [32m[1mLinking C shared library rosidl_generator_py/yolov8_msgs/yolov8_msgs_s__rosidl_typesupport_fastrtps_c.cpython-310-x86_64-linux-gnu.so[0m
[26.808s] [ 98%] Built target yolov8_msgs__rosidl_typesupport_fastrtps_c__pyext
[26.845s] [100%] [32m[1mLinking C shared library rosidl_generator_py/yolov8_msgs/yolov8_msgs_s__rosidl_typesupport_introspection_c.cpython-310-x86_64-linux-gnu.so[0m
[26.845s] [100%] [32m[1mLinking C shared library rosidl_generator_py/yolov8_msgs/yolov8_msgs_s__rosidl_typesupport_c.cpython-310-x86_64-linux-gnu.so[0m
[26.893s] [100%] Built target yolov8_msgs__rosidl_typesupport_c__pyext
[26.894s] [100%] Built target yolov8_msgs__rosidl_typesupport_introspection_c__pyext
[26.908s] Invoked command in '/home/yasmin-nunes/ros2-path-planning/build/yolov8_msgs' returned '0': CMAKE_PREFIX_PATH=/opt/ros/humble /usr/bin/cmake --build /home/yasmin-nunes/ros2-path-planning/build/yolov8_msgs -- -j4 -l4
[27.205s] Invoking command in '/home/yasmin-nunes/ros2-path-planning/build/yolov8_msgs': CMAKE_PREFIX_PATH=/opt/ros/humble /usr/bin/cmake --install /home/yasmin-nunes/ros2-path-planning/build/yolov8_msgs
[27.213s] -- Install configuration: ""
[27.214s] -- Installing: /home/yasmin-nunes/ros2-path-planning/install/yolov8_msgs/share/ament_index/resource_index/rosidl_interfaces/yolov8_msgs
[27.214s] -- Installing: /home/yasmin-nunes/ros2-path-planning/install/yolov8_msgs/include/yolov8_msgs/yolov8_msgs
[27.214s] -- Installing: /home/yasmin-nunes/ros2-path-planning/install/yolov8_msgs/include/yolov8_msgs/yolov8_msgs/msg
[27.214s] -- Installing: /home/yasmin-nunes/ros2-path-planning/install/yolov8_msgs/include/yolov8_msgs/yolov8_msgs/msg/point2_d.h
[27.214s] -- Installing: /home/yasmin-nunes/ros2-path-planning/install/yolov8_msgs/include/yolov8_msgs/yolov8_msgs/msg/key_point2_d.h
[27.215s] -- Installing: /home/yasmin-nunes/ros2-path-planning/install/yolov8_msgs/include/yolov8_msgs/yolov8_msgs/msg/bounding_box2_d.h
[27.215s] -- Installing: /home/yasmin-nunes/ros2-path-planning/install/yolov8_msgs/include/yolov8_msgs/yolov8_msgs/msg/key_point3_d_array.h
[27.215s] -- Installing: /home/yasmin-nunes/ros2-path-planning/install/yolov8_msgs/include/yolov8_msgs/yolov8_msgs/msg/vector2.h
[27.215s] -- Installing: /home/yasmin-nunes/ros2-path-planning/install/yolov8_msgs/include/yolov8_msgs/yolov8_msgs/msg/pose2_d.h
[27.215s] -- Installing: /home/yasmin-nunes/ros2-path-planning/install/yolov8_msgs/include/yolov8_msgs/yolov8_msgs/msg/key_point3_d.h
[27.215s] -- Installing: /home/yasmin-nunes/ros2-path-planning/install/yolov8_msgs/include/yolov8_msgs/yolov8_msgs/msg/detection_array.h
[27.215s] -- Installing: /home/yasmin-nunes/ros2-path-planning/install/yolov8_msgs/include/yolov8_msgs/yolov8_msgs/msg/detection.h
[27.216s] -- Installing: /home/yasmin-nunes/ros2-path-planning/install/yolov8_msgs/include/yolov8_msgs/yolov8_msgs/msg/bounding_box3_d.h
[27.216s] -- Installing: /home/yasmin-nunes/ros2-path-planning/install/yolov8_msgs/include/yolov8_msgs/yolov8_msgs/msg/mask.h
[27.216s] -- Installing: /home/yasmin-nunes/ros2-path-planning/install/yolov8_msgs/include/yolov8_msgs/yolov8_msgs/msg/rosidl_generator_c__visibility_control.h
[27.216s] -- Installing: /home/yasmin-nunes/ros2-path-planning/install/yolov8_msgs/include/yolov8_msgs/yolov8_msgs/msg/detail
[27.216s] -- Installing: /home/yasmin-nunes/ros2-path-planning/install/yolov8_msgs/include/yolov8_msgs/yolov8_msgs/msg/detail/mask__functions.c
[27.216s] -- Installing: /home/yasmin-nunes/ros2-path-planning/install/yolov8_msgs/include/yolov8_msgs/yolov8_msgs/msg/detail/detection_array__functions.c
[27.217s] -- Installing: /home/yasmin-nunes/ros2-path-planning/install/yolov8_msgs/include/yolov8_msgs/yolov8_msgs/msg/detail/bounding_box2_d__struct.h
[27.217s] -- Installing: /home/yasmin-nunes/ros2-path-planning/install/yolov8_msgs/include/yolov8_msgs/yolov8_msgs/msg/detail/detection__functions.c
[27.217s] -- Installing: /home/yasmin-nunes/ros2-path-planning/install/yolov8_msgs/include/yolov8_msgs/yolov8_msgs/msg/detail/key_point2_d__functions.c
[27.217s] -- Installing: /home/yasmin-nunes/ros2-path-planning/install/yolov8_msgs/include/yolov8_msgs/yolov8_msgs/msg/detail/point2_d__functions.h
[27.217s] -- Installing: /home/yasmin-nunes/ros2-path-planning/install/yolov8_msgs/include/yolov8_msgs/yolov8_msgs/msg/detail/pose2_d__functions.c
[27.217s] -- Installing: /home/yasmin-nunes/ros2-path-planning/install/yolov8_msgs/include/yolov8_msgs/yolov8_msgs/msg/detail/detection__functions.h
[27.217s] -- Installing: /home/yasmin-nunes/ros2-path-planning/install/yolov8_msgs/include/yolov8_msgs/yolov8_msgs/msg/detail/point2_d__struct.h
[27.218s] -- Installing: /home/yasmin-nunes/ros2-path-planning/install/yolov8_msgs/include/yolov8_msgs/yolov8_msgs/msg/detail/pose2_d__struct.h
[27.218s] -- Installing: /home/yasmin-nunes/ros2-path-planning/install/yolov8_msgs/include/yolov8_msgs/yolov8_msgs/msg/detail/vector2__struct.h
[27.218s] -- Installing: /home/yasmin-nunes/ros2-path-planning/install/yolov8_msgs/include/yolov8_msgs/yolov8_msgs/msg/detail/key_point2_d_array__struct.h
[27.218s] -- Installing: /home/yasmin-nunes/ros2-path-planning/install/yolov8_msgs/include/yolov8_msgs/yolov8_msgs/msg/detail/bounding_box2_d__type_support.h
[27.218s] -- Installing: /home/yasmin-nunes/ros2-path-planning/install/yolov8_msgs/include/yolov8_msgs/yolov8_msgs/msg/detail/key_point2_d_array__functions.c
[27.218s] -- Installing: /home/yasmin-nunes/ros2-path-planning/install/yolov8_msgs/include/yolov8_msgs/yolov8_msgs/msg/detail/pose2_d__functions.h
[27.219s] -- Installing: /home/yasmin-nunes/ros2-path-planning/install/yolov8_msgs/include/yolov8_msgs/yolov8_msgs/msg/detail/key_point3_d_array__struct.h
[27.219s] -- Installing: /home/yasmin-nunes/ros2-path-planning/install/yolov8_msgs/include/yolov8_msgs/yolov8_msgs/msg/detail/bounding_box3_d__type_support.h
[27.219s] -- Installing: /home/yasmin-nunes/ros2-path-planning/install/yolov8_msgs/include/yolov8_msgs/yolov8_msgs/msg/detail/pose2_d__type_support.h
[27.219s] -- Installing: /home/yasmin-nunes/ros2-path-planning/install/yolov8_msgs/include/yolov8_msgs/yolov8_msgs/msg/detail/key_point3_d__struct.h
[27.219s] -- Installing: /home/yasmin-nunes/ros2-path-planning/install/yolov8_msgs/include/yolov8_msgs/yolov8_msgs/msg/detail/key_point2_d__struct.h
[27.219s] -- Installing: /home/yasmin-nunes/ros2-path-planning/install/yolov8_msgs/include/yolov8_msgs/yolov8_msgs/msg/detail/detection__type_support.h
[27.220s] -- Installing: /home/yasmin-nunes/ros2-path-planning/install/yolov8_msgs/include/yolov8_msgs/yolov8_msgs/msg/detail/vector2__functions.h
[27.220s] -- Installing: /home/yasmin-nunes/ros2-path-planning/install/yolov8_msgs/include/yolov8_msgs/yolov8_msgs/msg/detail/key_point3_d__type_support.h
[27.220s] -- Installing: /home/yasmin-nunes/ros2-path-planning/install/yolov8_msgs/include/yolov8_msgs/yolov8_msgs/msg/detail/vector2__type_support.h
[27.220s] -- Installing: /home/yasmin-nunes/ros2-path-planning/install/yolov8_msgs/include/yolov8_msgs/yolov8_msgs/msg/detail/bounding_box3_d__functions.c
[27.221s] -- Installing: /home/yasmin-nunes/ros2-path-planning/install/yolov8_msgs/include/yolov8_msgs/yolov8_msgs/msg/detail/detection_array__type_support.h
[27.221s] -- Installing: /home/yasmin-nunes/ros2-path-planning/install/yolov8_msgs/include/yolov8_msgs/yolov8_msgs/msg/detail/detection_array__functions.h
[27.221s] -- Installing: /home/yasmin-nunes/ros2-path-planning/install/yolov8_msgs/include/yolov8_msgs/yolov8_msgs/msg/detail/key_point3_d__functions.h
[27.221s] -- Installing: /home/yasmin-nunes/ros2-path-planning/install/yolov8_msgs/include/yolov8_msgs/yolov8_msgs/msg/detail/key_point3_d_array__type_support.h
[27.221s] -- Installing: /home/yasmin-nunes/ros2-path-planning/install/yolov8_msgs/include/yolov8_msgs/yolov8_msgs/msg/detail/key_point2_d_array__functions.h
[27.221s] -- Installing: /home/yasmin-nunes/ros2-path-planning/install/yolov8_msgs/include/yolov8_msgs/yolov8_msgs/msg/detail/mask__struct.h
[27.222s] -- Installing: /home/yasmin-nunes/ros2-path-planning/install/yolov8_msgs/include/yolov8_msgs/yolov8_msgs/msg/detail/bounding_box2_d__functions.c
[27.222s] -- Installing: /home/yasmin-nunes/ros2-path-planning/install/yolov8_msgs/include/yolov8_msgs/yolov8_msgs/msg/detail/bounding_box2_d__functions.h
[27.222s] -- Installing: /home/yasmin-nunes/ros2-path-planning/install/yolov8_msgs/include/yolov8_msgs/yolov8_msgs/msg/detail/key_point2_d_array__type_support.h
[27.222s] -- Installing: /home/yasmin-nunes/ros2-path-planning/install/yolov8_msgs/include/yolov8_msgs/yolov8_msgs/msg/detail/key_point3_d_array__functions.c
[27.222s] -- Installing: /home/yasmin-nunes/ros2-path-planning/install/yolov8_msgs/include/yolov8_msgs/yolov8_msgs/msg/detail/key_point2_d__functions.h
[27.223s] -- Installing: /home/yasmin-nunes/ros2-path-planning/install/yolov8_msgs/include/yolov8_msgs/yolov8_msgs/msg/detail/point2_d__functions.c
[27.223s] -- Installing: /home/yasmin-nunes/ros2-path-planning/install/yolov8_msgs/include/yolov8_msgs/yolov8_msgs/msg/detail/detection__struct.h
[27.223s] -- Installing: /home/yasmin-nunes/ros2-path-planning/install/yolov8_msgs/include/yolov8_msgs/yolov8_msgs/msg/detail/mask__type_support.h
[27.223s] -- Installing: /home/yasmin-nunes/ros2-path-planning/install/yolov8_msgs/include/yolov8_msgs/yolov8_msgs/msg/detail/vector2__functions.c
[27.223s] -- Installing: /home/yasmin-nunes/ros2-path-planning/install/yolov8_msgs/include/yolov8_msgs/yolov8_msgs/msg/detail/key_point3_d__functions.c
[27.224s] -- Installing: /home/yasmin-nunes/ros2-path-planning/install/yolov8_msgs/include/yolov8_msgs/yolov8_msgs/msg/detail/mask__functions.h
[27.224s] -- Installing: /home/yasmin-nunes/ros2-path-planning/install/yolov8_msgs/include/yolov8_msgs/yolov8_msgs/msg/detail/key_point2_d__type_support.h
[27.224s] -- Installing: /home/yasmin-nunes/ros2-path-planning/install/yolov8_msgs/include/yolov8_msgs/yolov8_msgs/msg/detail/point2_d__type_support.h
[27.224s] -- Installing: /home/yasmin-nunes/ros2-path-planning/install/yolov8_msgs/include/yolov8_msgs/yolov8_msgs/msg/detail/bounding_box3_d__functions.h
[27.224s] -- Installing: /home/yasmin-nunes/ros2-path-planning/install/yolov8_msgs/include/yolov8_msgs/yolov8_msgs/msg/detail/key_point3_d_array__functions.h
[27.225s] -- Installing: /home/yasmin-nunes/ros2-path-planning/install/yolov8_msgs/include/yolov8_msgs/yolov8_msgs/msg/detail/detection_array__struct.h
[27.225s] -- Installing: /home/yasmin-nunes/ros2-path-planning/install/yolov8_msgs/include/yolov8_msgs/yolov8_msgs/msg/detail/bounding_box3_d__struct.h
[27.225s] -- Installing: /home/yasmin-nunes/ros2-path-planning/install/yolov8_msgs/include/yolov8_msgs/yolov8_msgs/msg/key_point2_d_array.h
[27.225s] -- Installing: /home/yasmin-nunes/ros2-path-planning/install/yolov8_msgs/share/yolov8_msgs/environment/library_path.sh
[27.225s] -- Installing: /home/yasmin-nunes/ros2-path-planning/install/yolov8_msgs/share/yolov8_msgs/environment/library_path.dsv
[27.226s] -- Installing: /home/yasmin-nunes/ros2-path-planning/install/yolov8_msgs/lib/libyolov8_msgs__rosidl_generator_c.so
[27.227s] -- Set runtime path of "/home/yasmin-nunes/ros2-path-planning/install/yolov8_msgs/lib/libyolov8_msgs__rosidl_generator_c.so" to ""
[27.227s] -- Up-to-date: /home/yasmin-nunes/ros2-path-planning/install/yolov8_msgs/include/yolov8_msgs/yolov8_msgs
[27.228s] -- Up-to-date: /home/yasmin-nunes/ros2-path-planning/install/yolov8_msgs/include/yolov8_msgs/yolov8_msgs/msg
[27.228s] -- Up-to-date: /home/yasmin-nunes/ros2-path-planning/install/yolov8_msgs/include/yolov8_msgs/yolov8_msgs/msg/detail
[27.228s] -- Installing: /home/yasmin-nunes/ros2-path-planning/install/yolov8_msgs/include/yolov8_msgs/yolov8_msgs/msg/detail/key_point2_d__rosidl_typesupport_fastrtps_c.h
[27.228s] -- Installing: /home/yasmin-nunes/ros2-path-planning/install/yolov8_msgs/include/yolov8_msgs/yolov8_msgs/msg/detail/key_point3_d__rosidl_typesupport_fastrtps_c.h
[27.229s] -- Installing: /home/yasmin-nunes/ros2-path-planning/install/yolov8_msgs/include/yolov8_msgs/yolov8_msgs/msg/detail/point2_d__rosidl_typesupport_fastrtps_c.h
[27.229s] -- Installing: /home/yasmin-nunes/ros2-path-planning/install/yolov8_msgs/include/yolov8_msgs/yolov8_msgs/msg/detail/detection__rosidl_typesupport_fastrtps_c.h
[27.229s] -- Installing: /home/yasmin-nunes/ros2-path-planning/install/yolov8_msgs/include/yolov8_msgs/yolov8_msgs/msg/detail/key_point3_d_array__rosidl_typesupport_fastrtps_c.h
[27.229s] -- Installing: /home/yasmin-nunes/ros2-path-planning/install/yolov8_msgs/include/yolov8_msgs/yolov8_msgs/msg/detail/vector2__rosidl_typesupport_fastrtps_c.h
[27.230s] -- Installing: /home/yasmin-nunes/ros2-path-planning/install/yolov8_msgs/include/yolov8_msgs/yolov8_msgs/msg/detail/mask__rosidl_typesupport_fastrtps_c.h
[27.230s] -- Installing: /home/yasmin-nunes/ros2-path-planning/install/yolov8_msgs/include/yolov8_msgs/yolov8_msgs/msg/detail/key_point2_d_array__rosidl_typesupport_fastrtps_c.h
[27.230s] -- Installing: /home/yasmin-nunes/ros2-path-planning/install/yolov8_msgs/include/yolov8_msgs/yolov8_msgs/msg/detail/detection_array__rosidl_typesupport_fastrtps_c.h
[27.230s] -- Installing: /home/yasmin-nunes/ros2-path-planning/install/yolov8_msgs/include/yolov8_msgs/yolov8_msgs/msg/detail/bounding_box3_d__rosidl_typesupport_fastrtps_c.h
[27.230s] -- Installing: /home/yasmin-nunes/ros2-path-planning/install/yolov8_msgs/include/yolov8_msgs/yolov8_msgs/msg/detail/bounding_box2_d__rosidl_typesupport_fastrtps_c.h
[27.230s] -- Installing: /home/yasmin-nunes/ros2-path-planning/install/yolov8_msgs/include/yolov8_msgs/yolov8_msgs/msg/detail/pose2_d__rosidl_typesupport_fastrtps_c.h
[27.231s] -- Installing: /home/yasmin-nunes/ros2-path-planning/install/yolov8_msgs/include/yolov8_msgs/yolov8_msgs/msg/rosidl_typesupport_fastrtps_c__visibility_control.h
[27.231s] -- Installing: /home/yasmin-nunes/ros2-path-planning/install/yolov8_msgs/lib/libyolov8_msgs__rosidl_typesupport_fastrtps_c.so
[27.231s] -- Set runtime path of "/home/yasmin-nunes/ros2-path-planning/install/yolov8_msgs/lib/libyolov8_msgs__rosidl_typesupport_fastrtps_c.so" to ""
[27.231s] -- Up-to-date: /home/yasmin-nunes/ros2-path-planning/install/yolov8_msgs/include/yolov8_msgs/yolov8_msgs
[27.231s] -- Up-to-date: /home/yasmin-nunes/ros2-path-planning/install/yolov8_msgs/include/yolov8_msgs/yolov8_msgs/msg
[27.232s] -- Up-to-date: /home/yasmin-nunes/ros2-path-planning/install/yolov8_msgs/include/yolov8_msgs/yolov8_msgs/msg/detail
[27.232s] -- Installing: /home/yasmin-nunes/ros2-path-planning/install/yolov8_msgs/include/yolov8_msgs/yolov8_msgs/msg/detail/key_point2_d__type_support.c
[27.232s] -- Installing: /home/yasmin-nunes/ros2-path-planning/install/yolov8_msgs/include/yolov8_msgs/yolov8_msgs/msg/detail/detection_array__type_support.c
[27.232s] -- Installing: /home/yasmin-nunes/ros2-path-planning/install/yolov8_msgs/include/yolov8_msgs/yolov8_msgs/msg/detail/bounding_box3_d__rosidl_typesupport_introspection_c.h
[27.232s] -- Installing: /home/yasmin-nunes/ros2-path-planning/install/yolov8_msgs/include/yolov8_msgs/yolov8_msgs/msg/detail/key_point3_d_array__rosidl_typesupport_introspection_c.h
[27.233s] -- Installing: /home/yasmin-nunes/ros2-path-planning/install/yolov8_msgs/include/yolov8_msgs/yolov8_msgs/msg/detail/key_point2_d_array__rosidl_typesupport_introspection_c.h
[27.233s] -- Installing: /home/yasmin-nunes/ros2-path-planning/install/yolov8_msgs/include/yolov8_msgs/yolov8_msgs/msg/detail/pose2_d__rosidl_typesupport_introspection_c.h
[27.233s] -- Installing: /home/yasmin-nunes/ros2-path-planning/install/yolov8_msgs/include/yolov8_msgs/yolov8_msgs/msg/detail/key_point3_d__rosidl_typesupport_introspection_c.h
[27.233s] -- Installing: /home/yasmin-nunes/ros2-path-planning/install/yolov8_msgs/include/yolov8_msgs/yolov8_msgs/msg/detail/key_point2_d_array__type_support.c
[27.233s] -- Installing: /home/yasmin-nunes/ros2-path-planning/install/yolov8_msgs/include/yolov8_msgs/yolov8_msgs/msg/detail/detection_array__rosidl_typesupport_introspection_c.h
[27.235s] -- Installing: /home/yasmin-nunes/ros2-path-planning/install/yolov8_msgs/include/yolov8_msgs/yolov8_msgs/msg/detail/key_point3_d_array__type_support.c
[27.235s] -- Installing: /home/yasmin-nunes/ros2-path-planning/install/yolov8_msgs/include/yolov8_msgs/yolov8_msgs/msg/detail/key_point2_d__rosidl_typesupport_introspection_c.h
[27.235s] -- Installing: /home/yasmin-nunes/ros2-path-planning/install/yolov8_msgs/include/yolov8_msgs/yolov8_msgs/msg/detail/point2_d__type_support.c
[27.235s] -- Installing: /home/yasmin-nunes/ros2-path-planning/install/yolov8_msgs/include/yolov8_msgs/yolov8_msgs/msg/detail/mask__rosidl_typesupport_introspection_c.h
[27.236s] -- Installing: /home/yasmin-nunes/ros2-path-planning/install/yolov8_msgs/include/yolov8_msgs/yolov8_msgs/msg/detail/point2_d__rosidl_typesupport_introspection_c.h
[27.236s] -- Installing: /home/yasmin-nunes/ros2-path-planning/install/yolov8_msgs/include/yolov8_msgs/yolov8_msgs/msg/detail/detection__rosidl_typesupport_introspection_c.h
[27.236s] -- Installing: /home/yasmin-nunes/ros2-path-planning/install/yolov8_msgs/include/yolov8_msgs/yolov8_msgs/msg/detail/bounding_box2_d__rosidl_typesupport_introspection_c.h
[27.236s] -- Installing: /home/yasmin-nunes/ros2-path-planning/install/yolov8_msgs/include/yolov8_msgs/yolov8_msgs/msg/detail/bounding_box3_d__type_support.c
[27.236s] -- Installing: /home/yasmin-nunes/ros2-path-planning/install/yolov8_msgs/include/yolov8_msgs/yolov8_msgs/msg/detail/key_point3_d__type_support.c
[27.236s] -- Installing: /home/yasmin-nunes/ros2-path-planning/install/yolov8_msgs/include/yolov8_msgs/yolov8_msgs/msg/detail/pose2_d__type_support.c
[27.237s] -- Installing: /home/yasmin-nunes/ros2-path-planning/install/yolov8_msgs/include/yolov8_msgs/yolov8_msgs/msg/detail/bounding_box2_d__type_support.c
[27.237s] -- Installing: /home/yasmin-nunes/ros2-path-planning/install/yolov8_msgs/include/yolov8_msgs/yolov8_msgs/msg/detail/detection__type_support.c
[27.237s] -- Installing: /home/yasmin-nunes/ros2-path-planning/install/yolov8_msgs/include/yolov8_msgs/yolov8_msgs/msg/detail/vector2__type_support.c
[27.237s] -- Installing: /home/yasmin-nunes/ros2-path-planning/install/yolov8_msgs/include/yolov8_msgs/yolov8_msgs/msg/detail/mask__type_support.c
[27.237s] -- Installing: /home/yasmin-nunes/ros2-path-planning/install/yolov8_msgs/include/yolov8_msgs/yolov8_msgs/msg/detail/vector2__rosidl_typesupport_introspection_c.h
[27.238s] -- Installing: /home/yasmin-nunes/ros2-path-planning/install/yolov8_msgs/include/yolov8_msgs/yolov8_msgs/msg/rosidl_typesupport_introspection_c__visibility_control.h
[27.238s] -- Installing: /home/yasmin-nunes/ros2-path-planning/install/yolov8_msgs/lib/libyolov8_msgs__rosidl_typesupport_introspection_c.so
[27.238s] -- Set runtime path of "/home/yasmin-nunes/ros2-path-planning/install/yolov8_msgs/lib/libyolov8_msgs__rosidl_typesupport_introspection_c.so" to ""
[27.238s] -- Installing: /home/yasmin-nunes/ros2-path-planning/install/yolov8_msgs/lib/libyolov8_msgs__rosidl_typesupport_c.so
[27.238s] -- Set runtime path of "/home/yasmin-nunes/ros2-path-planning/install/yolov8_msgs/lib/libyolov8_msgs__rosidl_typesupport_c.so" to ""
[27.239s] -- Up-to-date: /home/yasmin-nunes/ros2-path-planning/install/yolov8_msgs/include/yolov8_msgs/yolov8_msgs
[27.239s] -- Up-to-date: /home/yasmin-nunes/ros2-path-planning/install/yolov8_msgs/include/yolov8_msgs/yolov8_msgs/msg
[27.239s] -- Installing: /home/yasmin-nunes/ros2-path-planning/install/yolov8_msgs/include/yolov8_msgs/yolov8_msgs/msg/pose2_d.hpp
[27.239s] -- Installing: /home/yasmin-nunes/ros2-path-planning/install/yolov8_msgs/include/yolov8_msgs/yolov8_msgs/msg/mask.hpp
[27.239s] -- Installing: /home/yasmin-nunes/ros2-path-planning/install/yolov8_msgs/include/yolov8_msgs/yolov8_msgs/msg/vector2.hpp
[27.239s] -- Installing: /home/yasmin-nunes/ros2-path-planning/install/yolov8_msgs/include/yolov8_msgs/yolov8_msgs/msg/detection.hpp
[27.240s] -- Installing: /home/yasmin-nunes/ros2-path-planning/install/yolov8_msgs/include/yolov8_msgs/yolov8_msgs/msg/key_point2_d_array.hpp
[27.240s] -- Installing: /home/yasmin-nunes/ros2-path-planning/install/yolov8_msgs/include/yolov8_msgs/yolov8_msgs/msg/point2_d.hpp
[27.240s] -- Installing: /home/yasmin-nunes/ros2-path-planning/install/yolov8_msgs/include/yolov8_msgs/yolov8_msgs/msg/bounding_box3_d.hpp
[27.240s] -- Installing: /home/yasmin-nunes/ros2-path-planning/install/yolov8_msgs/include/yolov8_msgs/yolov8_msgs/msg/key_point3_d.hpp
[27.240s] -- Installing: /home/yasmin-nunes/ros2-path-planning/install/yolov8_msgs/include/yolov8_msgs/yolov8_msgs/msg/key_point2_d.hpp
[27.241s] -- Installing: /home/yasmin-nunes/ros2-path-planning/install/yolov8_msgs/include/yolov8_msgs/yolov8_msgs/msg/key_point3_d_array.hpp
[27.241s] -- Up-to-date: /home/yasmin-nunes/ros2-path-planning/install/yolov8_msgs/include/yolov8_msgs/yolov8_msgs/msg/detail
[27.241s] -- Installing: /home/yasmin-nunes/ros2-path-planning/install/yolov8_msgs/include/yolov8_msgs/yolov8_msgs/msg/detail/key_point3_d_array__traits.hpp
[27.241s] -- Installing: /home/yasmin-nunes/ros2-path-planning/install/yolov8_msgs/include/yolov8_msgs/yolov8_msgs/msg/detail/key_point3_d_array__builder.hpp
[27.241s] -- Installing: /home/yasmin-nunes/ros2-path-planning/install/yolov8_msgs/include/yolov8_msgs/yolov8_msgs/msg/detail/point2_d__struct.hpp
[27.242s] -- Installing: /home/yasmin-nunes/ros2-path-planning/install/yolov8_msgs/include/yolov8_msgs/yolov8_msgs/msg/detail/mask__builder.hpp
[27.242s] -- Installing: /home/yasmin-nunes/ros2-path-planning/install/yolov8_msgs/include/yolov8_msgs/yolov8_msgs/msg/detail/key_point2_d_array__struct.hpp
[27.242s] -- Installing: /home/yasmin-nunes/ros2-path-planning/install/yolov8_msgs/include/yolov8_msgs/yolov8_msgs/msg/detail/vector2__builder.hpp
[27.242s] -- Installing: /home/yasmin-nunes/ros2-path-planning/install/yolov8_msgs/include/yolov8_msgs/yolov8_msgs/msg/detail/bounding_box2_d__struct.hpp
[27.242s] -- Installing: /home/yasmin-nunes/ros2-path-planning/install/yolov8_msgs/include/yolov8_msgs/yolov8_msgs/msg/detail/detection_array__builder.hpp
[27.242s] -- Installing: /home/yasmin-nunes/ros2-path-planning/install/yolov8_msgs/include/yolov8_msgs/yolov8_msgs/msg/detail/detection__builder.hpp
[27.243s] -- Installing: /home/yasmin-nunes/ros2-path-planning/install/yolov8_msgs/include/yolov8_msgs/yolov8_msgs/msg/detail/detection_array__traits.hpp
[27.243s] -- Installing: /home/yasmin-nunes/ros2-path-planning/install/yolov8_msgs/include/yolov8_msgs/yolov8_msgs/msg/detail/bounding_box3_d__struct.hpp
[27.243s] -- Installing: /home/yasmin-nunes/ros2-path-planning/install/yolov8_msgs/include/yolov8_msgs/yolov8_msgs/msg/detail/key_point2_d_array__traits.hpp
[27.243s] -- Installing: /home/yasmin-nunes/ros2-path-planning/install/yolov8_msgs/include/yolov8_msgs/yolov8_msgs/msg/detail/key_point3_d__traits.hpp
[27.243s] -- Installing: /home/yasmin-nunes/ros2-path-planning/install/yolov8_msgs/include/yolov8_msgs/yolov8_msgs/msg/detail/vector2__traits.hpp
[27.244s] -- Installing: /home/yasmin-nunes/ros2-path-planning/install/yolov8_msgs/include/yolov8_msgs/yolov8_msgs/msg/detail/detection__struct.hpp
[27.244s] -- Installing: /home/yasmin-nunes/ros2-path-planning/install/yolov8_msgs/include/yolov8_msgs/yolov8_msgs/msg/detail/pose2_d__builder.hpp
[27.244s] -- Installing: /home/yasmin-nunes/ros2-path-planning/install/yolov8_msgs/include/yolov8_msgs/yolov8_msgs/msg/detail/key_point2_d__traits.hpp
[27.244s] -- Installing: /home/yasmin-nunes/ros2-path-planning/install/yolov8_msgs/include/yolov8_msgs/yolov8_msgs/msg/detail/bounding_box2_d__builder.hpp
[27.244s] -- Installing: /home/yasmin-nunes/ros2-path-planning/install/yolov8_msgs/include/yolov8_msgs/yolov8_msgs/msg/detail/pose2_d__traits.hpp
[27.244s] -- Installing: /home/yasmin-nunes/ros2-path-planning/install/yolov8_msgs/include/yolov8_msgs/yolov8_msgs/msg/detail/pose2_d__struct.hpp
[27.245s] -- Installing: /home/yasmin-nunes/ros2-path-planning/install/yolov8_msgs/include/yolov8_msgs/yolov8_msgs/msg/detail/detection__traits.hpp
[27.245s] -- Installing: /home/yasmin-nunes/ros2-path-planning/install/yolov8_msgs/include/yolov8_msgs/yolov8_msgs/msg/detail/mask__struct.hpp
[27.245s] -- Installing: /home/yasmin-nunes/ros2-path-planning/install/yolov8_msgs/include/yolov8_msgs/yolov8_msgs/msg/detail/key_point3_d__builder.hpp
[27.245s] -- Installing: /home/yasmin-nunes/ros2-path-planning/install/yolov8_msgs/include/yolov8_msgs/yolov8_msgs/msg/detail/key_point2_d__struct.hpp
[27.246s] -- Installing: /home/yasmin-nunes/ros2-path-planning/install/yolov8_msgs/include/yolov8_msgs/yolov8_msgs/msg/detail/detection_array__struct.hpp
[27.246s] -- Installing: /home/yasmin-nunes/ros2-path-planning/install/yolov8_msgs/include/yolov8_msgs/yolov8_msgs/msg/detail/point2_d__builder.hpp
[27.246s] -- Installing: /home/yasmin-nunes/ros2-path-planning/install/yolov8_msgs/include/yolov8_msgs/yolov8_msgs/msg/detail/mask__traits.hpp
[27.246s] -- Installing: /home/yasmin-nunes/ros2-path-planning/install/yolov8_msgs/include/yolov8_msgs/yolov8_msgs/msg/detail/bounding_box3_d__builder.hpp
[27.246s] -- Installing: /home/yasmin-nunes/ros2-path-planning/install/yolov8_msgs/include/yolov8_msgs/yolov8_msgs/msg/detail/key_point2_d_array__builder.hpp
[27.246s] -- Installing: /home/yasmin-nunes/ros2-path-planning/install/yolov8_msgs/include/yolov8_msgs/yolov8_msgs/msg/detail/bounding_box2_d__traits.hpp
[27.247s] -- Installing: /home/yasmin-nunes/ros2-path-planning/install/yolov8_msgs/include/yolov8_msgs/yolov8_msgs/msg/detail/point2_d__traits.hpp
[27.247s] -- Installing: /home/yasmin-nunes/ros2-path-planning/install/yolov8_msgs/include/yolov8_msgs/yolov8_msgs/msg/detail/key_point2_d__builder.hpp
[27.247s] -- Installing: /home/yasmin-nunes/ros2-path-planning/install/yolov8_msgs/include/yolov8_msgs/yolov8_msgs/msg/detail/key_point3_d__struct.hpp
[27.247s] -- Installing: /home/yasmin-nunes/ros2-path-planning/install/yolov8_msgs/include/yolov8_msgs/yolov8_msgs/msg/detail/bounding_box3_d__traits.hpp
[27.247s] -- Installing: /home/yasmin-nunes/ros2-path-planning/install/yolov8_msgs/include/yolov8_msgs/yolov8_msgs/msg/detail/key_point3_d_array__struct.hpp
[27.248s] -- Installing: /home/yasmin-nunes/ros2-path-planning/install/yolov8_msgs/include/yolov8_msgs/yolov8_msgs/msg/detail/vector2__struct.hpp
[27.248s] -- Installing: /home/yasmin-nunes/ros2-path-planning/install/yolov8_msgs/include/yolov8_msgs/yolov8_msgs/msg/bounding_box2_d.hpp
[27.248s] -- Installing: /home/yasmin-nunes/ros2-path-planning/install/yolov8_msgs/include/yolov8_msgs/yolov8_msgs/msg/detection_array.hpp
[27.248s] -- Up-to-date: /home/yasmin-nunes/ros2-path-planning/install/yolov8_msgs/include/yolov8_msgs/yolov8_msgs
[27.248s] -- Up-to-date: /home/yasmin-nunes/ros2-path-planning/install/yolov8_msgs/include/yolov8_msgs/yolov8_msgs/msg
[27.249s] -- Installing: /home/yasmin-nunes/ros2-path-planning/install/yolov8_msgs/include/yolov8_msgs/yolov8_msgs/msg/rosidl_typesupport_fastrtps_cpp__visibility_control.h
[27.249s] -- Up-to-date: /home/yasmin-nunes/ros2-path-planning/install/yolov8_msgs/include/yolov8_msgs/yolov8_msgs/msg/detail
[27.249s] -- Installing: /home/yasmin-nunes/ros2-path-planning/install/yolov8_msgs/include/yolov8_msgs/yolov8_msgs/msg/detail/point2_d__rosidl_typesupport_fastrtps_cpp.hpp
[27.249s] -- Installing: /home/yasmin-nunes/ros2-path-planning/install/yolov8_msgs/include/yolov8_msgs/yolov8_msgs/msg/detail/key_point2_d_array__rosidl_typesupport_fastrtps_cpp.hpp
[27.249s] -- Installing: /home/yasmin-nunes/ros2-path-planning/install/yolov8_msgs/include/yolov8_msgs/yolov8_msgs/msg/detail/detection__rosidl_typesupport_fastrtps_cpp.hpp
[27.249s] -- Installing: /home/yasmin-nunes/ros2-path-planning/install/yolov8_msgs/include/yolov8_msgs/yolov8_msgs/msg/detail/bounding_box2_d__rosidl_typesupport_fastrtps_cpp.hpp
[27.250s] -- Installing: /home/yasmin-nunes/ros2-path-planning/install/yolov8_msgs/include/yolov8_msgs/yolov8_msgs/msg/detail/mask__rosidl_typesupport_fastrtps_cpp.hpp
[27.250s] -- Installing: /home/yasmin-nunes/ros2-path-planning/install/yolov8_msgs/include/yolov8_msgs/yolov8_msgs/msg/detail/vector2__rosidl_typesupport_fastrtps_cpp.hpp
[27.250s] -- Installing: /home/yasmin-nunes/ros2-path-planning/install/yolov8_msgs/include/yolov8_msgs/yolov8_msgs/msg/detail/dds_fastrtps
[27.250s] -- Installing: /home/yasmin-nunes/ros2-path-planning/install/yolov8_msgs/include/yolov8_msgs/yolov8_msgs/msg/detail/key_point3_d_array__rosidl_typesupport_fastrtps_cpp.hpp
[27.250s] -- Installing: /home/yasmin-nunes/ros2-path-planning/install/yolov8_msgs/include/yolov8_msgs/yolov8_msgs/msg/detail/key_point3_d__rosidl_typesupport_fastrtps_cpp.hpp
[27.251s] -- Installing: /home/yasmin-nunes/ros2-path-planning/install/yolov8_msgs/include/yolov8_msgs/yolov8_msgs/msg/detail/pose2_d__rosidl_typesupport_fastrtps_cpp.hpp
[27.251s] -- Installing: /home/yasmin-nunes/ros2-path-planning/install/yolov8_msgs/include/yolov8_msgs/yolov8_msgs/msg/detail/bounding_box3_d__rosidl_typesupport_fastrtps_cpp.hpp
[27.251s] -- Installing: /home/yasmin-nunes/ros2-path-planning/install/yolov8_msgs/include/yolov8_msgs/yolov8_msgs/msg/detail/detection_array__rosidl_typesupport_fastrtps_cpp.hpp
[27.251s] -- Installing: /home/yasmin-nunes/ros2-path-planning/install/yolov8_msgs/include/yolov8_msgs/yolov8_msgs/msg/detail/key_point2_d__rosidl_typesupport_fastrtps_cpp.hpp
[27.251s] -- Installing: /home/yasmin-nunes/ros2-path-planning/install/yolov8_msgs/lib/libyolov8_msgs__rosidl_typesupport_fastrtps_cpp.so
[27.252s] -- Set runtime path of "/home/yasmin-nunes/ros2-path-planning/install/yolov8_msgs/lib/libyolov8_msgs__rosidl_typesupport_fastrtps_cpp.so" to ""
[27.252s] -- Up-to-date: /home/yasmin-nunes/ros2-path-planning/install/yolov8_msgs/include/yolov8_msgs/yolov8_msgs
[27.252s] -- Up-to-date: /home/yasmin-nunes/ros2-path-planning/install/yolov8_msgs/include/yolov8_msgs/yolov8_msgs/msg
[27.252s] -- Up-to-date: /home/yasmin-nunes/ros2-path-planning/install/yolov8_msgs/include/yolov8_msgs/yolov8_msgs/msg/detail
[27.252s] -- Installing: /home/yasmin-nunes/ros2-path-planning/install/yolov8_msgs/include/yolov8_msgs/yolov8_msgs/msg/detail/bounding_box3_d__rosidl_typesupport_introspection_cpp.hpp
[27.253s] -- Installing: /home/yasmin-nunes/ros2-path-planning/install/yolov8_msgs/include/yolov8_msgs/yolov8_msgs/msg/detail/bounding_box2_d__type_support.cpp
[27.253s] -- Installing: /home/yasmin-nunes/ros2-path-planning/install/yolov8_msgs/include/yolov8_msgs/yolov8_msgs/msg/detail/key_point3_d__type_support.cpp
[27.253s] -- Installing: /home/yasmin-nunes/ros2-path-planning/install/yolov8_msgs/include/yolov8_msgs/yolov8_msgs/msg/detail/key_point2_d_array__type_support.cpp
[27.253s] -- Installing: /home/yasmin-nunes/ros2-path-planning/install/yolov8_msgs/include/yolov8_msgs/yolov8_msgs/msg/detail/key_point2_d__rosidl_typesupport_introspection_cpp.hpp
[27.253s] -- Installing: /home/yasmin-nunes/ros2-path-planning/install/yolov8_msgs/include/yolov8_msgs/yolov8_msgs/msg/detail/detection_array__rosidl_typesupport_introspection_cpp.hpp
[27.254s] -- Installing: /home/yasmin-nunes/ros2-path-planning/install/yolov8_msgs/include/yolov8_msgs/yolov8_msgs/msg/detail/pose2_d__type_support.cpp
[27.254s] -- Installing: /home/yasmin-nunes/ros2-path-planning/install/yolov8_msgs/include/yolov8_msgs/yolov8_msgs/msg/detail/key_point3_d_array__rosidl_typesupport_introspection_cpp.hpp
[27.254s] -- Installing: /home/yasmin-nunes/ros2-path-planning/install/yolov8_msgs/include/yolov8_msgs/yolov8_msgs/msg/detail/key_point3_d_array__type_support.cpp
[27.254s] -- Installing: /home/yasmin-nunes/ros2-path-planning/install/yolov8_msgs/include/yolov8_msgs/yolov8_msgs/msg/detail/key_point2_d_array__rosidl_typesupport_introspection_cpp.hpp
[27.254s] -- Installing: /home/yasmin-nunes/ros2-path-planning/install/yolov8_msgs/include/yolov8_msgs/yolov8_msgs/msg/detail/detection__rosidl_typesupport_introspection_cpp.hpp
[27.254s] -- Installing: /home/yasmin-nunes/ros2-path-planning/install/yolov8_msgs/include/yolov8_msgs/yolov8_msgs/msg/detail/key_point3_d__rosidl_typesupport_introspection_cpp.hpp
[27.255s] -- Installing: /home/yasmin-nunes/ros2-path-planning/install/yolov8_msgs/include/yolov8_msgs/yolov8_msgs/msg/detail/key_point2_d__type_support.cpp
[27.255s] -- Installing: /home/yasmin-nunes/ros2-path-planning/install/yolov8_msgs/include/yolov8_msgs/yolov8_msgs/msg/detail/bounding_box2_d__rosidl_typesupport_introspection_cpp.hpp
[27.255s] -- Installing: /home/yasmin-nunes/ros2-path-planning/install/yolov8_msgs/include/yolov8_msgs/yolov8_msgs/msg/detail/bounding_box3_d__type_support.cpp
[27.255s] -- Installing: /home/yasmin-nunes/ros2-path-planning/install/yolov8_msgs/include/yolov8_msgs/yolov8_msgs/msg/detail/detection__type_support.cpp
[27.255s] -- Installing: /home/yasmin-nunes/ros2-path-planning/install/yolov8_msgs/include/yolov8_msgs/yolov8_msgs/msg/detail/mask__rosidl_typesupport_introspection_cpp.hpp
[27.256s] -- Installing: /home/yasmin-nunes/ros2-path-planning/install/yolov8_msgs/include/yolov8_msgs/yolov8_msgs/msg/detail/mask__type_support.cpp
[27.256s] -- Installing: /home/yasmin-nunes/ros2-path-planning/install/yolov8_msgs/include/yolov8_msgs/yolov8_msgs/msg/detail/pose2_d__rosidl_typesupport_introspection_cpp.hpp
[27.256s] -- Installing: /home/yasmin-nunes/ros2-path-planning/install/yolov8_msgs/include/yolov8_msgs/yolov8_msgs/msg/detail/vector2__rosidl_typesupport_introspection_cpp.hpp
[27.256s] -- Installing: /home/yasmin-nunes/ros2-path-planning/install/yolov8_msgs/include/yolov8_msgs/yolov8_msgs/msg/detail/vector2__type_support.cpp
[27.256s] -- Installing: /home/yasmin-nunes/ros2-path-planning/install/yolov8_msgs/include/yolov8_msgs/yolov8_msgs/msg/detail/point2_d__rosidl_typesupport_introspection_cpp.hpp
[27.257s] -- Installing: /home/yasmin-nunes/ros2-path-planning/install/yolov8_msgs/include/yolov8_msgs/yolov8_msgs/msg/detail/point2_d__type_support.cpp
[27.257s] -- Installing: /home/yasmin-nunes/ros2-path-planning/install/yolov8_msgs/include/yolov8_msgs/yolov8_msgs/msg/detail/detection_array__type_support.cpp
[27.257s] -- Installing: /home/yasmin-nunes/ros2-path-planning/install/yolov8_msgs/lib/libyolov8_msgs__rosidl_typesupport_introspection_cpp.so
[27.258s] -- Set runtime path of "/home/yasmin-nunes/ros2-path-planning/install/yolov8_msgs/lib/libyolov8_msgs__rosidl_typesupport_introspection_cpp.so" to ""
[27.258s] -- Installing: /home/yasmin-nunes/ros2-path-planning/install/yolov8_msgs/lib/libyolov8_msgs__rosidl_typesupport_cpp.so
[27.259s] -- Set runtime path of "/home/yasmin-nunes/ros2-path-planning/install/yolov8_msgs/lib/libyolov8_msgs__rosidl_typesupport_cpp.so" to ""
[27.259s] -- Installing: /home/yasmin-nunes/ros2-path-planning/install/yolov8_msgs/share/yolov8_msgs/environment/pythonpath.sh
[27.259s] -- Installing: /home/yasmin-nunes/ros2-path-planning/install/yolov8_msgs/share/yolov8_msgs/environment/pythonpath.dsv
[27.259s] -- Installing: /home/yasmin-nunes/ros2-path-planning/install/yolov8_msgs/local/lib/python3.10/dist-packages/yolov8_msgs-3.4.0-py3.10.egg-info
[27.259s] -- Installing: /home/yasmin-nunes/ros2-path-planning/install/yolov8_msgs/local/lib/python3.10/dist-packages/yolov8_msgs-3.4.0-py3.10.egg-info/top_level.txt
[27.260s] -- Installing: /home/yasmin-nunes/ros2-path-planning/install/yolov8_msgs/local/lib/python3.10/dist-packages/yolov8_msgs-3.4.0-py3.10.egg-info/SOURCES.txt
[27.260s] -- Installing: /home/yasmin-nunes/ros2-path-planning/install/yolov8_msgs/local/lib/python3.10/dist-packages/yolov8_msgs-3.4.0-py3.10.egg-info/dependency_links.txt
[27.260s] -- Installing: /home/yasmin-nunes/ros2-path-planning/install/yolov8_msgs/local/lib/python3.10/dist-packages/yolov8_msgs-3.4.0-py3.10.egg-info/PKG-INFO
[27.260s] -- Installing: /home/yasmin-nunes/ros2-path-planning/install/yolov8_msgs/local/lib/python3.10/dist-packages/yolov8_msgs
[27.260s] -- Installing: /home/yasmin-nunes/ros2-path-planning/install/yolov8_msgs/local/lib/python3.10/dist-packages/yolov8_msgs/__init__.py
[27.261s] -- Installing: /home/yasmin-nunes/ros2-path-planning/install/yolov8_msgs/local/lib/python3.10/dist-packages/yolov8_msgs/msg
[27.261s] -- Installing: /home/yasmin-nunes/ros2-path-planning/install/yolov8_msgs/local/lib/python3.10/dist-packages/yolov8_msgs/msg/_key_point2_d_array.py
[27.261s] -- Installing: /home/yasmin-nunes/ros2-path-planning/install/yolov8_msgs/local/lib/python3.10/dist-packages/yolov8_msgs/msg/_key_point2_d_array_s.c
[27.261s] -- Installing: /home/yasmin-nunes/ros2-path-planning/install/yolov8_msgs/local/lib/python3.10/dist-packages/yolov8_msgs/msg/_point2_d_s.c
[27.261s] -- Installing: /home/yasmin-nunes/ros2-path-planning/install/yolov8_msgs/local/lib/python3.10/dist-packages/yolov8_msgs/msg/_detection.py
[27.262s] -- Installing: /home/yasmin-nunes/ros2-path-planning/install/yolov8_msgs/local/lib/python3.10/dist-packages/yolov8_msgs/msg/__init__.py
[27.262s] -- Installing: /home/yasmin-nunes/ros2-path-planning/install/yolov8_msgs/local/lib/python3.10/dist-packages/yolov8_msgs/msg/_mask_s.c
[27.262s] -- Installing: /home/yasmin-nunes/ros2-path-planning/install/yolov8_msgs/local/lib/python3.10/dist-packages/yolov8_msgs/msg/_bounding_box2_d_s.c
[27.262s] -- Installing: /home/yasmin-nunes/ros2-path-planning/install/yolov8_msgs/local/lib/python3.10/dist-packages/yolov8_msgs/msg/_bounding_box3_d_s.c
[27.262s] -- Installing: /home/yasmin-nunes/ros2-path-planning/install/yolov8_msgs/local/lib/python3.10/dist-packages/yolov8_msgs/msg/_detection_s.c
[27.263s] -- Installing: /home/yasmin-nunes/ros2-path-planning/install/yolov8_msgs/local/lib/python3.10/dist-packages/yolov8_msgs/msg/_key_point3_d_s.c
[27.263s] -- Installing: /home/yasmin-nunes/ros2-path-planning/install/yolov8_msgs/local/lib/python3.10/dist-packages/yolov8_msgs/msg/_vector2_s.c
[27.263s] -- Installing: /home/yasmin-nunes/ros2-path-planning/install/yolov8_msgs/local/lib/python3.10/dist-packages/yolov8_msgs/msg/_bounding_box3_d.py
[27.263s] -- Installing: /home/yasmin-nunes/ros2-path-planning/install/yolov8_msgs/local/lib/python3.10/dist-packages/yolov8_msgs/msg/_key_point3_d_array.py
[27.263s] -- Installing: /home/yasmin-nunes/ros2-path-planning/install/yolov8_msgs/local/lib/python3.10/dist-packages/yolov8_msgs/msg/_key_point2_d_s.c
[27.263s] -- Installing: /home/yasmin-nunes/ros2-path-planning/install/yolov8_msgs/local/lib/python3.10/dist-packages/yolov8_msgs/msg/_key_point3_d.py
[27.264s] -- Installing: /home/yasmin-nunes/ros2-path-planning/install/yolov8_msgs/local/lib/python3.10/dist-packages/yolov8_msgs/msg/_point2_d.py
[27.264s] -- Installing: /home/yasmin-nunes/ros2-path-planning/install/yolov8_msgs/local/lib/python3.10/dist-packages/yolov8_msgs/msg/_detection_array.py
[27.264s] -- Installing: /home/yasmin-nunes/ros2-path-planning/install/yolov8_msgs/local/lib/python3.10/dist-packages/yolov8_msgs/msg/_key_point2_d.py
[27.264s] -- Installing: /home/yasmin-nunes/ros2-path-planning/install/yolov8_msgs/local/lib/python3.10/dist-packages/yolov8_msgs/msg/_pose2_d.py
[27.264s] -- Installing: /home/yasmin-nunes/ros2-path-planning/install/yolov8_msgs/local/lib/python3.10/dist-packages/yolov8_msgs/msg/_mask.py
[27.265s] -- Installing: /home/yasmin-nunes/ros2-path-planning/install/yolov8_msgs/local/lib/python3.10/dist-packages/yolov8_msgs/msg/_vector2.py
[27.265s] -- Installing: /home/yasmin-nunes/ros2-path-planning/install/yolov8_msgs/local/lib/python3.10/dist-packages/yolov8_msgs/msg/_detection_array_s.c
[27.265s] -- Installing: /home/yasmin-nunes/ros2-path-planning/install/yolov8_msgs/local/lib/python3.10/dist-packages/yolov8_msgs/msg/_bounding_box2_d.py
[27.265s] -- Installing: /home/yasmin-nunes/ros2-path-planning/install/yolov8_msgs/local/lib/python3.10/dist-packages/yolov8_msgs/msg/_pose2_d_s.c
[27.265s] -- Installing: /home/yasmin-nunes/ros2-path-planning/install/yolov8_msgs/local/lib/python3.10/dist-packages/yolov8_msgs/msg/_key_point3_d_array_s.c
[27.266s] -- Installing: /home/yasmin-nunes/ros2-path-planning/install/yolov8_msgs/local/lib/python3.10/dist-packages/yolov8_msgs/yolov8_msgs_s__rosidl_typesupport_c.cpython-310-x86_64-linux-gnu.so
[27.266s] -- Installing: /home/yasmin-nunes/ros2-path-planning/install/yolov8_msgs/local/lib/python3.10/dist-packages/yolov8_msgs/_yolov8_msgs_s.ep.rosidl_typesupport_fastrtps_c.c
[27.266s] -- Installing: /home/yasmin-nunes/ros2-path-planning/install/yolov8_msgs/local/lib/python3.10/dist-packages/yolov8_msgs/libyolov8_msgs__rosidl_generator_py.so
[27.266s] -- Installing: /home/yasmin-nunes/ros2-path-planning/install/yolov8_msgs/local/lib/python3.10/dist-packages/yolov8_msgs/yolov8_msgs_s__rosidl_typesupport_fastrtps_c.cpython-310-x86_64-linux-gnu.so
[27.266s] -- Installing: /home/yasmin-nunes/ros2-path-planning/install/yolov8_msgs/local/lib/python3.10/dist-packages/yolov8_msgs/_yolov8_msgs_s.ep.rosidl_typesupport_introspection_c.c
[27.267s] -- Installing: /home/yasmin-nunes/ros2-path-planning/install/yolov8_msgs/local/lib/python3.10/dist-packages/yolov8_msgs/_yolov8_msgs_s.ep.rosidl_typesupport_c.c
[27.267s] -- Installing: /home/yasmin-nunes/ros2-path-planning/install/yolov8_msgs/local/lib/python3.10/dist-packages/yolov8_msgs/yolov8_msgs_s__rosidl_typesupport_introspection_c.cpython-310-x86_64-linux-gnu.so
[27.317s] Listing '/home/yasmin-nunes/ros2-path-planning/install/yolov8_msgs/local/lib/python3.10/dist-packages/yolov8_msgs'...
[27.317s] Compiling '/home/yasmin-nunes/ros2-path-planning/install/yolov8_msgs/local/lib/python3.10/dist-packages/yolov8_msgs/__init__.py'...
[27.317s] Listing '/home/yasmin-nunes/ros2-path-planning/install/yolov8_msgs/local/lib/python3.10/dist-packages/yolov8_msgs/msg'...
[27.317s] Compiling '/home/yasmin-nunes/ros2-path-planning/install/yolov8_msgs/local/lib/python3.10/dist-packages/yolov8_msgs/msg/__init__.py'...
[27.317s] Compiling '/home/yasmin-nunes/ros2-path-planning/install/yolov8_msgs/local/lib/python3.10/dist-packages/yolov8_msgs/msg/_bounding_box2_d.py'...
[27.318s] Compiling '/home/yasmin-nunes/ros2-path-planning/install/yolov8_msgs/local/lib/python3.10/dist-packages/yolov8_msgs/msg/_bounding_box3_d.py'...
[27.318s] Compiling '/home/yasmin-nunes/ros2-path-planning/install/yolov8_msgs/local/lib/python3.10/dist-packages/yolov8_msgs/msg/_detection.py'...
[27.318s] Compiling '/home/yasmin-nunes/ros2-path-planning/install/yolov8_msgs/local/lib/python3.10/dist-packages/yolov8_msgs/msg/_detection_array.py'...
[27.318s] Compiling '/home/yasmin-nunes/ros2-path-planning/install/yolov8_msgs/local/lib/python3.10/dist-packages/yolov8_msgs/msg/_key_point2_d.py'...
[27.318s] Compiling '/home/yasmin-nunes/ros2-path-planning/install/yolov8_msgs/local/lib/python3.10/dist-packages/yolov8_msgs/msg/_key_point2_d_array.py'...
[27.318s] Compiling '/home/yasmin-nunes/ros2-path-planning/install/yolov8_msgs/local/lib/python3.10/dist-packages/yolov8_msgs/msg/_key_point3_d.py'...
[27.318s] Compiling '/home/yasmin-nunes/ros2-path-planning/install/yolov8_msgs/local/lib/python3.10/dist-packages/yolov8_msgs/msg/_key_point3_d_array.py'...
[27.318s] Compiling '/home/yasmin-nunes/ros2-path-planning/install/yolov8_msgs/local/lib/python3.10/dist-packages/yolov8_msgs/msg/_mask.py'...
[27.319s] Compiling '/home/yasmin-nunes/ros2-path-planning/install/yolov8_msgs/local/lib/python3.10/dist-packages/yolov8_msgs/msg/_point2_d.py'...
[27.319s] Compiling '/home/yasmin-nunes/ros2-path-planning/install/yolov8_msgs/local/lib/python3.10/dist-packages/yolov8_msgs/msg/_pose2_d.py'...
[27.319s] Compiling '/home/yasmin-nunes/ros2-path-planning/install/yolov8_msgs/local/lib/python3.10/dist-packages/yolov8_msgs/msg/_vector2.py'...
[27.323s] -- Installing: /home/yasmin-nunes/ros2-path-planning/install/yolov8_msgs/local/lib/python3.10/dist-packages/yolov8_msgs/yolov8_msgs_s__rosidl_typesupport_fastrtps_c.cpython-310-x86_64-linux-gnu.so
[27.324s] -- Set runtime path of "/home/yasmin-nunes/ros2-path-planning/install/yolov8_msgs/local/lib/python3.10/dist-packages/yolov8_msgs/yolov8_msgs_s__rosidl_typesupport_fastrtps_c.cpython-310-x86_64-linux-gnu.so" to ""
[27.324s] -- Installing: /home/yasmin-nunes/ros2-path-planning/install/yolov8_msgs/local/lib/python3.10/dist-packages/yolov8_msgs/yolov8_msgs_s__rosidl_typesupport_introspection_c.cpython-310-x86_64-linux-gnu.so
[27.325s] -- Set runtime path of "/home/yasmin-nunes/ros2-path-planning/install/yolov8_msgs/local/lib/python3.10/dist-packages/yolov8_msgs/yolov8_msgs_s__rosidl_typesupport_introspection_c.cpython-310-x86_64-linux-gnu.so" to ""
[27.325s] -- Installing: /home/yasmin-nunes/ros2-path-planning/install/yolov8_msgs/local/lib/python3.10/dist-packages/yolov8_msgs/yolov8_msgs_s__rosidl_typesupport_c.cpython-310-x86_64-linux-gnu.so
[27.326s] -- Set runtime path of "/home/yasmin-nunes/ros2-path-planning/install/yolov8_msgs/local/lib/python3.10/dist-packages/yolov8_msgs/yolov8_msgs_s__rosidl_typesupport_c.cpython-310-x86_64-linux-gnu.so" to ""
[27.326s] -- Installing: /home/yasmin-nunes/ros2-path-planning/install/yolov8_msgs/lib/libyolov8_msgs__rosidl_generator_py.so
[27.327s] -- Set runtime path of "/home/yasmin-nunes/ros2-path-planning/install/yolov8_msgs/lib/libyolov8_msgs__rosidl_generator_py.so" to ""
[27.327s] -- Installing: /home/yasmin-nunes/ros2-path-planning/install/yolov8_msgs/share/yolov8_msgs/msg/Point2D.idl
[27.327s] -- Installing: /home/yasmin-nunes/ros2-path-planning/install/yolov8_msgs/share/yolov8_msgs/msg/Vector2.idl
[27.328s] -- Installing: /home/yasmin-nunes/ros2-path-planning/install/yolov8_msgs/share/yolov8_msgs/msg/Pose2D.idl
[27.328s] -- Installing: /home/yasmin-nunes/ros2-path-planning/install/yolov8_msgs/share/yolov8_msgs/msg/BoundingBox2D.idl
[27.328s] -- Installing: /home/yasmin-nunes/ros2-path-planning/install/yolov8_msgs/share/yolov8_msgs/msg/BoundingBox3D.idl
[27.328s] -- Installing: /home/yasmin-nunes/ros2-path-planning/install/yolov8_msgs/share/yolov8_msgs/msg/Mask.idl
[27.329s] -- Installing: /home/yasmin-nunes/ros2-path-planning/install/yolov8_msgs/share/yolov8_msgs/msg/KeyPoint2D.idl
[27.329s] -- Installing: /home/yasmin-nunes/ros2-path-planning/install/yolov8_msgs/share/yolov8_msgs/msg/KeyPoint2DArray.idl
[27.329s] -- Installing: /home/yasmin-nunes/ros2-path-planning/install/yolov8_msgs/share/yolov8_msgs/msg/KeyPoint3D.idl
[27.329s] -- Installing: /home/yasmin-nunes/ros2-path-planning/install/yolov8_msgs/share/yolov8_msgs/msg/KeyPoint3DArray.idl
[27.330s] -- Installing: /home/yasmin-nunes/ros2-path-planning/install/yolov8_msgs/share/yolov8_msgs/msg/Detection.idl
[27.330s] -- Installing: /home/yasmin-nunes/ros2-path-planning/install/yolov8_msgs/share/yolov8_msgs/msg/DetectionArray.idl
[27.330s] -- Installing: /home/yasmin-nunes/ros2-path-planning/install/yolov8_msgs/share/yolov8_msgs/msg/Point2D.msg
[27.330s] -- Installing: /home/yasmin-nunes/ros2-path-planning/install/yolov8_msgs/share/yolov8_msgs/msg/Vector2.msg
[27.330s] -- Installing: /home/yasmin-nunes/ros2-path-planning/install/yolov8_msgs/share/yolov8_msgs/msg/Pose2D.msg
[27.331s] -- Installing: /home/yasmin-nunes/ros2-path-planning/install/yolov8_msgs/share/yolov8_msgs/msg/BoundingBox2D.msg
[27.331s] -- Installing: /home/yasmin-nunes/ros2-path-planning/install/yolov8_msgs/share/yolov8_msgs/msg/BoundingBox3D.msg
[27.332s] -- Installing: /home/yasmin-nunes/ros2-path-planning/install/yolov8_msgs/share/yolov8_msgs/msg/Mask.msg
[27.332s] -- Installing: /home/yasmin-nunes/ros2-path-planning/install/yolov8_msgs/share/yolov8_msgs/msg/KeyPoint2D.msg
[27.332s] -- Installing: /home/yasmin-nunes/ros2-path-planning/install/yolov8_msgs/share/yolov8_msgs/msg/KeyPoint2DArray.msg
[27.332s] -- Installing: /home/yasmin-nunes/ros2-path-planning/install/yolov8_msgs/share/yolov8_msgs/msg/KeyPoint3D.msg
[27.333s] -- Installing: /home/yasmin-nunes/ros2-path-planning/install/yolov8_msgs/share/yolov8_msgs/msg/KeyPoint3DArray.msg
[27.333s] -- Installing: /home/yasmin-nunes/ros2-path-planning/install/yolov8_msgs/share/yolov8_msgs/msg/Detection.msg
[27.333s] -- Installing: /home/yasmin-nunes/ros2-path-planning/install/yolov8_msgs/share/yolov8_msgs/msg/DetectionArray.msg
[27.333s] -- Installing: /home/yasmin-nunes/ros2-path-planning/install/yolov8_msgs/share/ament_index/resource_index/package_run_dependencies/yolov8_msgs
[27.333s] -- Installing: /home/yasmin-nunes/ros2-path-planning/install/yolov8_msgs/share/ament_index/resource_index/parent_prefix_path/yolov8_msgs
[27.334s] -- Installing: /home/yasmin-nunes/ros2-path-planning/install/yolov8_msgs/share/yolov8_msgs/environment/ament_prefix_path.sh
[27.334s] -- Installing: /home/yasmin-nunes/ros2-path-planning/install/yolov8_msgs/share/yolov8_msgs/environment/ament_prefix_path.dsv
[27.334s] -- Installing: /home/yasmin-nunes/ros2-path-planning/install/yolov8_msgs/share/yolov8_msgs/environment/path.sh
[27.334s] -- Installing: /home/yasmin-nunes/ros2-path-planning/install/yolov8_msgs/share/yolov8_msgs/environment/path.dsv
[27.336s] -- Installing: /home/yasmin-nunes/ros2-path-planning/install/yolov8_msgs/share/yolov8_msgs/local_setup.bash
[27.336s] -- Installing: /home/yasmin-nunes/ros2-path-planning/install/yolov8_msgs/share/yolov8_msgs/local_setup.sh
[27.336s] -- Installing: /home/yasmin-nunes/ros2-path-planning/install/yolov8_msgs/share/yolov8_msgs/local_setup.zsh
[27.336s] -- Installing: /home/yasmin-nunes/ros2-path-planning/install/yolov8_msgs/share/yolov8_msgs/local_setup.dsv
[27.336s] -- Installing: /home/yasmin-nunes/ros2-path-planning/install/yolov8_msgs/share/yolov8_msgs/package.dsv
[27.337s] -- Installing: /home/yasmin-nunes/ros2-path-planning/install/yolov8_msgs/share/ament_index/resource_index/packages/yolov8_msgs
[27.337s] -- Installing: /home/yasmin-nunes/ros2-path-planning/install/yolov8_msgs/share/yolov8_msgs/cmake/export_yolov8_msgs__rosidl_generator_cExport.cmake
[27.337s] -- Installing: /home/yasmin-nunes/ros2-path-planning/install/yolov8_msgs/share/yolov8_msgs/cmake/export_yolov8_msgs__rosidl_generator_cExport-noconfig.cmake
[27.337s] -- Installing: /home/yasmin-nunes/ros2-path-planning/install/yolov8_msgs/share/yolov8_msgs/cmake/export_yolov8_msgs__rosidl_typesupport_fastrtps_cExport.cmake
[27.337s] -- Installing: /home/yasmin-nunes/ros2-path-planning/install/yolov8_msgs/share/yolov8_msgs/cmake/export_yolov8_msgs__rosidl_typesupport_fastrtps_cExport-noconfig.cmake
[27.337s] -- Installing: /home/yasmin-nunes/ros2-path-planning/install/yolov8_msgs/share/yolov8_msgs/cmake/yolov8_msgs__rosidl_typesupport_introspection_cExport.cmake
[27.337s] -- Installing: /home/yasmin-nunes/ros2-path-planning/install/yolov8_msgs/share/yolov8_msgs/cmake/yolov8_msgs__rosidl_typesupport_introspection_cExport-noconfig.cmake
[27.338s] -- Installing: /home/yasmin-nunes/ros2-path-planning/install/yolov8_msgs/share/yolov8_msgs/cmake/yolov8_msgs__rosidl_typesupport_cExport.cmake
[27.338s] -- Installing: /home/yasmin-nunes/ros2-path-planning/install/yolov8_msgs/share/yolov8_msgs/cmake/yolov8_msgs__rosidl_typesupport_cExport-noconfig.cmake
[27.338s] -- Installing: /home/yasmin-nunes/ros2-path-planning/install/yolov8_msgs/share/yolov8_msgs/cmake/export_yolov8_msgs__rosidl_generator_cppExport.cmake
[27.338s] -- Installing: /home/yasmin-nunes/ros2-path-planning/install/yolov8_msgs/share/yolov8_msgs/cmake/export_yolov8_msgs__rosidl_typesupport_fastrtps_cppExport.cmake
[27.338s] -- Installing: /home/yasmin-nunes/ros2-path-planning/install/yolov8_msgs/share/yolov8_msgs/cmake/export_yolov8_msgs__rosidl_typesupport_fastrtps_cppExport-noconfig.cmake
[27.339s] -- Installing: /home/yasmin-nunes/ros2-path-planning/install/yolov8_msgs/share/yolov8_msgs/cmake/yolov8_msgs__rosidl_typesupport_introspection_cppExport.cmake
[27.339s] -- Installing: /home/yasmin-nunes/ros2-path-planning/install/yolov8_msgs/share/yolov8_msgs/cmake/yolov8_msgs__rosidl_typesupport_introspection_cppExport-noconfig.cmake
[27.339s] -- Installing: /home/yasmin-nunes/ros2-path-planning/install/yolov8_msgs/share/yolov8_msgs/cmake/yolov8_msgs__rosidl_typesupport_cppExport.cmake
[27.339s] -- Installing: /home/yasmin-nunes/ros2-path-planning/install/yolov8_msgs/share/yolov8_msgs/cmake/yolov8_msgs__rosidl_typesupport_cppExport-noconfig.cmake
[27.339s] -- Installing: /home/yasmin-nunes/ros2-path-planning/install/yolov8_msgs/share/yolov8_msgs/cmake/export_yolov8_msgs__rosidl_generator_pyExport.cmake
[27.340s] -- Installing: /home/yasmin-nunes/ros2-path-planning/install/yolov8_msgs/share/yolov8_msgs/cmake/export_yolov8_msgs__rosidl_generator_pyExport-noconfig.cmake
[27.340s] -- Installing: /home/yasmin-nunes/ros2-path-planning/install/yolov8_msgs/share/yolov8_msgs/cmake/rosidl_cmake-extras.cmake
[27.340s] -- Installing: /home/yasmin-nunes/ros2-path-planning/install/yolov8_msgs/share/yolov8_msgs/cmake/ament_cmake_export_dependencies-extras.cmake
[27.340s] -- Installing: /home/yasmin-nunes/ros2-path-planning/install/yolov8_msgs/share/yolov8_msgs/cmake/ament_cmake_export_include_directories-extras.cmake
[27.340s] -- Installing: /home/yasmin-nunes/ros2-path-planning/install/yolov8_msgs/share/yolov8_msgs/cmake/ament_cmake_export_libraries-extras.cmake
[27.341s] -- Installing: /home/yasmin-nunes/ros2-path-planning/install/yolov8_msgs/share/yolov8_msgs/cmake/ament_cmake_export_targets-extras.cmake
[27.341s] -- Installing: /home/yasmin-nunes/ros2-path-planning/install/yolov8_msgs/share/yolov8_msgs/cmake/rosidl_cmake_export_typesupport_targets-extras.cmake
[27.341s] -- Installing: /home/yasmin-nunes/ros2-path-planning/install/yolov8_msgs/share/yolov8_msgs/cmake/rosidl_cmake_export_typesupport_libraries-extras.cmake
[27.341s] -- Installing: /home/yasmin-nunes/ros2-path-planning/install/yolov8_msgs/share/yolov8_msgs/cmake/yolov8_msgsConfig.cmake
[27.341s] -- Installing: /home/yasmin-nunes/ros2-path-planning/install/yolov8_msgs/share/yolov8_msgs/cmake/yolov8_msgsConfig-version.cmake
[27.342s] -- Installing: /home/yasmin-nunes/ros2-path-planning/install/yolov8_msgs/share/yolov8_msgs/package.xml
[27.345s] Invoked command in '/home/yasmin-nunes/ros2-path-planning/build/yolov8_msgs' returned '0': CMAKE_PREFIX_PATH=/opt/ros/humble /usr/bin/cmake --install /home/yasmin-nunes/ros2-path-planning/build/yolov8_msgs
