[0.164s] DEBUG:colcon:Command line arguments: ['/usr/bin/colcon', 'build']
[0.164s] DEBUG:colcon:Parsed command line arguments: Namespace(log_base=None, log_level=None, verb_name='build', build_base='build', install_base='install', merge_install=False, symlink_install=False, test_result_base=None, continue_on_error=False, executor='parallel', parallel_workers=4, event_handlers=None, ignore_user_meta=False, metas=['./colcon.meta'], base_paths=['.'], packages_ignore=None, packages_ignore_regex=None, paths=None, packages_up_to=None, packages_up_to_regex=None, packages_above=None, packages_above_and_dependencies=None, packages_above_depth=None, packages_select_by_dep=None, packages_skip_by_dep=None, packages_skip_up_to=None, packages_select_build_failed=False, packages_skip_build_finished=False, packages_select_test_failures=False, packages_skip_test_passed=False, packages_select=None, packages_skip=None, packages_select_regex=None, packages_skip_regex=None, packages_start=None, packages_end=None, allow_overriding=[], cmake_args=None, cmake_target=None, cmake_target_skip_unavailable=False, cmake_clean_cache=False, cmake_clean_first=False, cmake_force_configure=False, ament_cmake_args=None, catkin_cmake_args=None, catkin_skip_building_tests=False, verb_parser=<colcon_defaults.argument_parser.defaults.DefaultArgumentsDecorator object at 0x7ec8a7607cd0>, verb_extension=<colcon_core.verb.build.BuildVerb object at 0x7ec8a7607700>, main=<bound method BuildVerb.main of <colcon_core.verb.build.BuildVerb object at 0x7ec8a7607700>>)
[0.398s] Level 1:colcon.colcon_core.package_discovery:discover_packages(colcon_meta) check parameters
[0.398s] Level 1:colcon.colcon_core.package_discovery:discover_packages(recursive) check parameters
[0.398s] Level 1:colcon.colcon_core.package_discovery:discover_packages(ignore) check parameters
[0.398s] Level 1:colcon.colcon_core.package_discovery:discover_packages(path) check parameters
[0.398s] Level 1:colcon.colcon_core.package_discovery:discover_packages(colcon_meta) discover
[0.398s] Level 1:colcon.colcon_core.package_discovery:discover_packages(recursive) discover
[0.398s] INFO:colcon.colcon_core.package_discovery:Crawling recursively for packages in '/home/yasmin-nunes/ros2-path-planning'
[0.398s] Level 1:colcon.colcon_core.package_identification:_identify(.) by extensions ['ignore', 'ignore_ament_install']
[0.398s] Level 1:colcon.colcon_core.package_identification:_identify(.) by extension 'ignore'
[0.398s] Level 1:colcon.colcon_core.package_identification:_identify(.) by extension 'ignore_ament_install'
[0.398s] Level 1:colcon.colcon_core.package_identification:_identify(.) by extensions ['colcon_pkg']
[0.399s] Level 1:colcon.colcon_core.package_identification:_identify(.) by extension 'colcon_pkg'
[0.399s] Level 1:colcon.colcon_core.package_identification:_identify(.) by extensions ['colcon_meta']
[0.399s] Level 1:colcon.colcon_core.package_identification:_identify(.) by extension 'colcon_meta'
[0.399s] Level 1:colcon.colcon_core.package_identification:_identify(.) by extensions ['ros']
[0.399s] Level 1:colcon.colcon_core.package_identification:_identify(.) by extension 'ros'
[0.416s] Level 1:colcon.colcon_core.package_identification:_identify(.) by extensions ['cmake', 'python']
[0.416s] Level 1:colcon.colcon_core.package_identification:_identify(.) by extension 'cmake'
[0.416s] Level 1:colcon.colcon_core.package_identification:_identify(.) by extension 'python'
[0.416s] Level 1:colcon.colcon_core.package_identification:_identify(.) by extensions ['python_setup_py']
[0.416s] Level 1:colcon.colcon_core.package_identification:_identify(.) by extension 'python_setup_py'
[0.416s] Level 1:colcon.colcon_core.package_identification:_identify(build) by extensions ['ignore', 'ignore_ament_install']
[0.417s] Level 1:colcon.colcon_core.package_identification:_identify(build) by extension 'ignore'
[0.417s] Level 1:colcon.colcon_core.package_identification:_identify(build) ignored
[0.417s] Level 1:colcon.colcon_core.package_identification:_identify(install) by extensions ['ignore', 'ignore_ament_install']
[0.417s] Level 1:colcon.colcon_core.package_identification:_identify(install) by extension 'ignore'
[0.417s] Level 1:colcon.colcon_core.package_identification:_identify(install) ignored
[0.417s] Level 1:colcon.colcon_core.package_identification:_identify(log) by extensions ['ignore', 'ignore_ament_install']
[0.417s] Level 1:colcon.colcon_core.package_identification:_identify(log) by extension 'ignore'
[0.417s] Level 1:colcon.colcon_core.package_identification:_identify(log) ignored
[0.417s] Level 1:colcon.colcon_core.package_identification:_identify(src) by extensions ['ignore', 'ignore_ament_install']
[0.417s] Level 1:colcon.colcon_core.package_identification:_identify(src) by extension 'ignore'
[0.417s] Level 1:colcon.colcon_core.package_identification:_identify(src) by extension 'ignore_ament_install'
[0.417s] Level 1:colcon.colcon_core.package_identification:_identify(src) by extensions ['colcon_pkg']
[0.418s] Level 1:colcon.colcon_core.package_identification:_identify(src) by extension 'colcon_pkg'
[0.418s] Level 1:colcon.colcon_core.package_identification:_identify(src) by extensions ['colcon_meta']
[0.418s] Level 1:colcon.colcon_core.package_identification:_identify(src) by extension 'colcon_meta'
[0.418s] Level 1:colcon.colcon_core.package_identification:_identify(src) by extensions ['ros']
[0.418s] Level 1:colcon.colcon_core.package_identification:_identify(src) by extension 'ros'
[0.418s] Level 1:colcon.colcon_core.package_identification:_identify(src) by extensions ['cmake', 'python']
[0.418s] Level 1:colcon.colcon_core.package_identification:_identify(src) by extension 'cmake'
[0.418s] Level 1:colcon.colcon_core.package_identification:_identify(src) by extension 'python'
[0.418s] Level 1:colcon.colcon_core.package_identification:_identify(src) by extensions ['python_setup_py']
[0.418s] Level 1:colcon.colcon_core.package_identification:_identify(src) by extension 'python_setup_py'
[0.418s] Level 1:colcon.colcon_core.package_identification:_identify(src/path_planning) by extensions ['ignore', 'ignore_ament_install']
[0.418s] Level 1:colcon.colcon_core.package_identification:_identify(src/path_planning) by extension 'ignore'
[0.418s] Level 1:colcon.colcon_core.package_identification:_identify(src/path_planning) by extension 'ignore_ament_install'
[0.419s] Level 1:colcon.colcon_core.package_identification:_identify(src/path_planning) by extensions ['colcon_pkg']
[0.419s] Level 1:colcon.colcon_core.package_identification:_identify(src/path_planning) by extension 'colcon_pkg'
[0.419s] Level 1:colcon.colcon_core.package_identification:_identify(src/path_planning) by extensions ['colcon_meta']
[0.419s] Level 1:colcon.colcon_core.package_identification:_identify(src/path_planning) by extension 'colcon_meta'
[0.419s] Level 1:colcon.colcon_core.package_identification:_identify(src/path_planning) by extensions ['ros']
[0.419s] Level 1:colcon.colcon_core.package_identification:_identify(src/path_planning) by extension 'ros'
[0.423s] DEBUG:colcon.colcon_core.package_identification:Package 'src/path_planning' with type 'ros.ament_cmake' and name 'ros2_path_planning'
[0.423s] Level 1:colcon.colcon_core.package_discovery:discover_packages(recursive) using defaults
[0.423s] Level 1:colcon.colcon_core.package_discovery:discover_packages(ignore) discover
[0.424s] Level 1:colcon.colcon_core.package_discovery:discover_packages(ignore) using defaults
[0.424s] Level 1:colcon.colcon_core.package_discovery:discover_packages(path) discover
[0.424s] Level 1:colcon.colcon_core.package_discovery:discover_packages(path) using defaults
[0.451s] Level 1:colcon.colcon_core.package_discovery:discover_packages(prefix_path) check parameters
[0.451s] Level 1:colcon.colcon_core.package_discovery:discover_packages(prefix_path) discover
[0.453s] DEBUG:colcon.colcon_installed_package_information.package_discovery:Found 1 installed packages in /home/yasmin-nunes/ros2-path-planning/install
[0.455s] DEBUG:colcon.colcon_installed_package_information.package_discovery:Found 272 installed packages in /opt/ros/humble
[0.458s] Level 1:colcon.colcon_core.package_discovery:discover_packages(prefix_path) using defaults
[0.533s] Level 5:colcon.colcon_core.verb:set package 'ros2_path_planning' build argument 'cmake_args' from command line to 'None'
[0.533s] Level 5:colcon.colcon_core.verb:set package 'ros2_path_planning' build argument 'cmake_target' from command line to 'None'
[0.533s] Level 5:colcon.colcon_core.verb:set package 'ros2_path_planning' build argument 'cmake_target_skip_unavailable' from command line to 'False'
[0.533s] Level 5:colcon.colcon_core.verb:set package 'ros2_path_planning' build argument 'cmake_clean_cache' from command line to 'False'
[0.533s] Level 5:colcon.colcon_core.verb:set package 'ros2_path_planning' build argument 'cmake_clean_first' from command line to 'False'
[0.533s] Level 5:colcon.colcon_core.verb:set package 'ros2_path_planning' build argument 'cmake_force_configure' from command line to 'False'
[0.533s] Level 5:colcon.colcon_core.verb:set package 'ros2_path_planning' build argument 'ament_cmake_args' from command line to 'None'
[0.533s] Level 5:colcon.colcon_core.verb:set package 'ros2_path_planning' build argument 'catkin_cmake_args' from command line to 'None'
[0.533s] Level 5:colcon.colcon_core.verb:set package 'ros2_path_planning' build argument 'catkin_skip_building_tests' from command line to 'False'
[0.533s] DEBUG:colcon.colcon_core.verb:Building package 'ros2_path_planning' with the following arguments: {'ament_cmake_args': None, 'build_base': '/home/yasmin-nunes/ros2-path-planning/build/ros2_path_planning', 'catkin_cmake_args': None, 'catkin_skip_building_tests': False, 'cmake_args': None, 'cmake_clean_cache': False, 'cmake_clean_first': False, 'cmake_force_configure': False, 'cmake_target': None, 'cmake_target_skip_unavailable': False, 'install_base': '/home/yasmin-nunes/ros2-path-planning/install/ros2_path_planning', 'merge_install': False, 'path': '/home/yasmin-nunes/ros2-path-planning/src/path_planning', 'symlink_install': False, 'test_result_base': None}
[0.533s] INFO:colcon.colcon_core.executor:Executing jobs using 'parallel' executor
[0.535s] DEBUG:colcon.colcon_parallel_executor.executor.parallel:run_until_complete
[0.535s] INFO:colcon.colcon_ros.task.ament_cmake.build:Building ROS package in '/home/yasmin-nunes/ros2-path-planning/src/path_planning' with build type 'ament_cmake'
[0.535s] INFO:colcon.colcon_cmake.task.cmake.build:Building CMake package in '/home/yasmin-nunes/ros2-path-planning/src/path_planning'
[0.538s] INFO:colcon.colcon_core.plugin_system:Skipping extension 'colcon_core.shell.bat': Not used on non-Windows systems
[0.538s] INFO:colcon.colcon_core.shell:Skip shell extension 'powershell' for command environment: Not usable outside of PowerShell
[0.539s] DEBUG:colcon.colcon_core.shell:Skip shell extension 'dsv' for command environment
[0.557s] DEBUG:colcon.colcon_core.event_handler.log_command:Invoking command in '/home/yasmin-nunes/ros2-path-planning/build/ros2_path_planning': CMAKE_PREFIX_PATH=${CMAKE_PREFIX_PATH}:/opt/ros/humble /usr/bin/cmake --build /home/yasmin-nunes/ros2-path-planning/build/ros2_path_planning -- -j4 -l4
[0.608s] DEBUG:colcon.colcon_core.event_handler.log_command:Invoked command in '/home/yasmin-nunes/ros2-path-planning/build/ros2_path_planning' returned '0': CMAKE_PREFIX_PATH=${CMAKE_PREFIX_PATH}:/opt/ros/humble /usr/bin/cmake --build /home/yasmin-nunes/ros2-path-planning/build/ros2_path_planning -- -j4 -l4
[0.651s] DEBUG:colcon.colcon_core.event_handler.log_command:Invoking command in '/home/yasmin-nunes/ros2-path-planning/build/ros2_path_planning': CMAKE_PREFIX_PATH=${CMAKE_PREFIX_PATH}:/opt/ros/humble /usr/bin/cmake --install /home/yasmin-nunes/ros2-path-planning/build/ros2_path_planning
[0.666s] Level 1:colcon.colcon_core.environment:create_environment_scripts_only(ros2_path_planning)
[0.667s] DEBUG:colcon.colcon_core.event_handler.log_command:Invoked command in '/home/yasmin-nunes/ros2-path-planning/build/ros2_path_planning' returned '0': CMAKE_PREFIX_PATH=${CMAKE_PREFIX_PATH}:/opt/ros/humble /usr/bin/cmake --install /home/yasmin-nunes/ros2-path-planning/build/ros2_path_planning
[0.670s] Level 1:colcon.colcon_core.environment:checking '/home/yasmin-nunes/ros2-path-planning/install/ros2_path_planning' for CMake module files
[0.671s] Level 1:colcon.colcon_core.environment:checking '/home/yasmin-nunes/ros2-path-planning/install/ros2_path_planning' for CMake config files
[0.671s] Level 1:colcon.colcon_core.shell:create_environment_hook('ros2_path_planning', 'cmake_prefix_path')
[0.671s] INFO:colcon.colcon_core.shell:Creating environment hook '/home/yasmin-nunes/ros2-path-planning/install/ros2_path_planning/share/ros2_path_planning/hook/cmake_prefix_path.ps1'
[0.672s] INFO:colcon.colcon_core.shell:Creating environment descriptor '/home/yasmin-nunes/ros2-path-planning/install/ros2_path_planning/share/ros2_path_planning/hook/cmake_prefix_path.dsv'
[0.673s] INFO:colcon.colcon_core.shell:Creating environment hook '/home/yasmin-nunes/ros2-path-planning/install/ros2_path_planning/share/ros2_path_planning/hook/cmake_prefix_path.sh'
[0.675s] Level 1:colcon.colcon_core.environment:checking '/home/yasmin-nunes/ros2-path-planning/install/ros2_path_planning/lib'
[0.675s] Level 1:colcon.colcon_core.environment:checking '/home/yasmin-nunes/ros2-path-planning/install/ros2_path_planning/bin'
[0.675s] Level 1:colcon.colcon_core.environment:checking '/home/yasmin-nunes/ros2-path-planning/install/ros2_path_planning/lib/pkgconfig/ros2_path_planning.pc'
[0.676s] Level 1:colcon.colcon_core.environment:checking '/home/yasmin-nunes/ros2-path-planning/install/ros2_path_planning/lib/python3.10/site-packages'
[0.676s] Level 1:colcon.colcon_core.environment:checking '/home/yasmin-nunes/ros2-path-planning/install/ros2_path_planning/bin'
[0.677s] INFO:colcon.colcon_core.shell:Creating package script '/home/yasmin-nunes/ros2-path-planning/install/ros2_path_planning/share/ros2_path_planning/package.ps1'
[0.678s] INFO:colcon.colcon_core.shell:Creating package descriptor '/home/yasmin-nunes/ros2-path-planning/install/ros2_path_planning/share/ros2_path_planning/package.dsv'
[0.679s] INFO:colcon.colcon_core.shell:Creating package script '/home/yasmin-nunes/ros2-path-planning/install/ros2_path_planning/share/ros2_path_planning/package.sh'
[0.681s] INFO:colcon.colcon_core.shell:Creating package script '/home/yasmin-nunes/ros2-path-planning/install/ros2_path_planning/share/ros2_path_planning/package.bash'
[0.683s] INFO:colcon.colcon_core.shell:Creating package script '/home/yasmin-nunes/ros2-path-planning/install/ros2_path_planning/share/ros2_path_planning/package.zsh'
[0.683s] Level 1:colcon.colcon_core.environment:create_file_with_runtime_dependencies(/home/yasmin-nunes/ros2-path-planning/install/ros2_path_planning/share/colcon-core/packages/ros2_path_planning)
[0.713s] Level 1:colcon.colcon_core.environment:create_environment_scripts_only(ros2_path_planning)
[0.714s] Level 1:colcon.colcon_core.environment:checking '/home/yasmin-nunes/ros2-path-planning/install/ros2_path_planning' for CMake module files
[0.715s] Level 1:colcon.colcon_core.environment:checking '/home/yasmin-nunes/ros2-path-planning/install/ros2_path_planning' for CMake config files
[0.715s] Level 1:colcon.colcon_core.shell:create_environment_hook('ros2_path_planning', 'cmake_prefix_path')
[0.715s] INFO:colcon.colcon_core.shell:Creating environment hook '/home/yasmin-nunes/ros2-path-planning/install/ros2_path_planning/share/ros2_path_planning/hook/cmake_prefix_path.ps1'
[0.716s] INFO:colcon.colcon_core.shell:Creating environment descriptor '/home/yasmin-nunes/ros2-path-planning/install/ros2_path_planning/share/ros2_path_planning/hook/cmake_prefix_path.dsv'
[0.717s] INFO:colcon.colcon_core.shell:Creating environment hook '/home/yasmin-nunes/ros2-path-planning/install/ros2_path_planning/share/ros2_path_planning/hook/cmake_prefix_path.sh'
[0.717s] Level 1:colcon.colcon_core.environment:checking '/home/yasmin-nunes/ros2-path-planning/install/ros2_path_planning/lib'
[0.718s] Level 1:colcon.colcon_core.environment:checking '/home/yasmin-nunes/ros2-path-planning/install/ros2_path_planning/bin'
[0.718s] Level 1:colcon.colcon_core.environment:checking '/home/yasmin-nunes/ros2-path-planning/install/ros2_path_planning/lib/pkgconfig/ros2_path_planning.pc'
[0.718s] Level 1:colcon.colcon_core.environment:checking '/home/yasmin-nunes/ros2-path-planning/install/ros2_path_planning/lib/python3.10/site-packages'
[0.718s] Level 1:colcon.colcon_core.environment:checking '/home/yasmin-nunes/ros2-path-planning/install/ros2_path_planning/bin'
[0.719s] INFO:colcon.colcon_core.shell:Creating package script '/home/yasmin-nunes/ros2-path-planning/install/ros2_path_planning/share/ros2_path_planning/package.ps1'
[0.720s] INFO:colcon.colcon_core.shell:Creating package descriptor '/home/yasmin-nunes/ros2-path-planning/install/ros2_path_planning/share/ros2_path_planning/package.dsv'
[0.720s] INFO:colcon.colcon_core.shell:Creating package script '/home/yasmin-nunes/ros2-path-planning/install/ros2_path_planning/share/ros2_path_planning/package.sh'
[0.721s] INFO:colcon.colcon_core.shell:Creating package script '/home/yasmin-nunes/ros2-path-planning/install/ros2_path_planning/share/ros2_path_planning/package.bash'
[0.721s] INFO:colcon.colcon_core.shell:Creating package script '/home/yasmin-nunes/ros2-path-planning/install/ros2_path_planning/share/ros2_path_planning/package.zsh'
[0.722s] Level 1:colcon.colcon_core.environment:create_file_with_runtime_dependencies(/home/yasmin-nunes/ros2-path-planning/install/ros2_path_planning/share/colcon-core/packages/ros2_path_planning)
[0.722s] DEBUG:colcon.colcon_parallel_executor.executor.parallel:closing loop
[0.723s] DEBUG:colcon.colcon_parallel_executor.executor.parallel:loop closed
[0.723s] DEBUG:colcon.colcon_parallel_executor.executor.parallel:run_until_complete finished with '0'
[0.723s] DEBUG:colcon.colcon_core.event_reactor:joining thread
[0.731s] INFO:colcon.colcon_core.plugin_system:Skipping extension 'colcon_notification.desktop_notification.terminal_notifier': Not used on non-Darwin systems
[0.731s] INFO:colcon.colcon_core.plugin_system:Skipping extension 'colcon_notification.desktop_notification.win32': Not used on non-Windows systems
[0.731s] INFO:colcon.colcon_notification.desktop_notification:Sending desktop notification using 'notify2'
[0.750s] DEBUG:colcon.colcon_core.event_reactor:joined thread
[0.751s] INFO:colcon.colcon_core.shell:Creating prefix script '/home/yasmin-nunes/ros2-path-planning/install/local_setup.ps1'
[0.752s] INFO:colcon.colcon_core.shell:Creating prefix util module '/home/yasmin-nunes/ros2-path-planning/install/_local_setup_util_ps1.py'
[0.754s] INFO:colcon.colcon_core.shell:Creating prefix chain script '/home/yasmin-nunes/ros2-path-planning/install/setup.ps1'
[0.755s] INFO:colcon.colcon_core.shell:Creating prefix script '/home/yasmin-nunes/ros2-path-planning/install/local_setup.sh'
[0.757s] INFO:colcon.colcon_core.shell:Creating prefix util module '/home/yasmin-nunes/ros2-path-planning/install/_local_setup_util_sh.py'
[0.758s] INFO:colcon.colcon_core.shell:Creating prefix chain script '/home/yasmin-nunes/ros2-path-planning/install/setup.sh'
[0.760s] INFO:colcon.colcon_core.shell:Creating prefix script '/home/yasmin-nunes/ros2-path-planning/install/local_setup.bash'
[0.761s] INFO:colcon.colcon_core.shell:Creating prefix chain script '/home/yasmin-nunes/ros2-path-planning/install/setup.bash'
[0.763s] INFO:colcon.colcon_core.shell:Creating prefix script '/home/yasmin-nunes/ros2-path-planning/install/local_setup.zsh'
[0.765s] INFO:colcon.colcon_core.shell:Creating prefix chain script '/home/yasmin-nunes/ros2-path-planning/install/setup.zsh'
