[0.016s] Invoking command in '/home/yasmin-nunes/ros2-path-planning/build/ros2_path_planning': AMENT_PREFIX_PATH=/home/yasmin-nunes/ros2-path-planning/install/fs_msgs:${AMENT_PREFIX_PATH} CMAKE_PREFIX_PATH=/opt/ros/humble:/home/yasmin-nunes/ros2-path-planning/install/fs_msgs:${CMAKE_PREFIX_PATH} LD_LIBRARY_PATH=/home/yasmin-nunes/ros2-path-planning/install/fs_msgs/lib:${LD_LIBRARY_PATH} PYTHONPATH=/home/yasmin-nunes/ros2-path-planning/install/fs_msgs/local/lib/python3.10/dist-packages:${PYTHONPATH} /usr/bin/cmake --build /home/yasmin-nunes/ros2-path-planning/build/ros2_path_planning -- -j4 -l4
[0.050s] -- Found ament_cmake: 1.3.10 (/opt/ros/humble/share/ament_cmake/cmake)
[0.208s] -- Found nav_msgs: 4.2.4 (/opt/ros/humble/share/nav_msgs/cmake)
[0.235s] -- Found rosidl_generator_c: 3.1.5 (/opt/ros/humble/share/rosidl_generator_c/cmake)
[0.238s] -- Found rosidl_adapter: 3.1.5 (/opt/ros/humble/share/rosidl_adapter/cmake)
[0.251s] -- Found rosidl_generator_cpp: 3.1.5 (/opt/ros/humble/share/rosidl_generator_cpp/cmake)
[0.263s] -- Using all available rosidl_typesupport_c: rosidl_typesupport_fastrtps_c;rosidl_typesupport_introspection_c
[0.278s] -- Using all available rosidl_typesupport_cpp: rosidl_typesupport_fastrtps_cpp;rosidl_typesupport_introspection_cpp
[0.348s] -- Found ament_lint_auto: 0.12.11 (/opt/ros/humble/share/ament_lint_auto/cmake)
[0.431s] -- Added test 'flake8' to check Python code syntax and style conventions
[0.432s] -- Added test 'lint_cmake' to check CMake code style
[0.432s] -- Added test 'pep257' to check Python code against some of the docstring style conventions in PEP 257
[0.433s] -- Added test 'xmllint' to check XML markup files
[0.434s] -- Configuring done
[0.439s] -- Generating done
[0.456s] -- Build files have been written to: /home/yasmin-nunes/ros2-path-planning/build/ros2_path_planning
[0.497s] Invoked command in '/home/yasmin-nunes/ros2-path-planning/build/ros2_path_planning' returned '0': AMENT_PREFIX_PATH=/home/yasmin-nunes/ros2-path-planning/install/fs_msgs:${AMENT_PREFIX_PATH} CMAKE_PREFIX_PATH=/opt/ros/humble:/home/yasmin-nunes/ros2-path-planning/install/fs_msgs:${CMAKE_PREFIX_PATH} LD_LIBRARY_PATH=/home/yasmin-nunes/ros2-path-planning/install/fs_msgs/lib:${LD_LIBRARY_PATH} PYTHONPATH=/home/yasmin-nunes/ros2-path-planning/install/fs_msgs/local/lib/python3.10/dist-packages:${PYTHONPATH} /usr/bin/cmake --build /home/yasmin-nunes/ros2-path-planning/build/ros2_path_planning -- -j4 -l4
[0.537s] Invoking command in '/home/yasmin-nunes/ros2-path-planning/build/ros2_path_planning': AMENT_PREFIX_PATH=/home/yasmin-nunes/ros2-path-planning/install/fs_msgs:${AMENT_PREFIX_PATH} CMAKE_PREFIX_PATH=/opt/ros/humble:/home/yasmin-nunes/ros2-path-planning/install/fs_msgs:${CMAKE_PREFIX_PATH} LD_LIBRARY_PATH=/home/yasmin-nunes/ros2-path-planning/install/fs_msgs/lib:${LD_LIBRARY_PATH} PYTHONPATH=/home/yasmin-nunes/ros2-path-planning/install/fs_msgs/local/lib/python3.10/dist-packages:${PYTHONPATH} /usr/bin/cmake --install /home/yasmin-nunes/ros2-path-planning/build/ros2_path_planning
[0.551s] -- Install configuration: ""
[0.551s] -- Up-to-date: /home/yasmin-nunes/ros2-path-planning/install/ros2_path_planning/lib/ros2_path_planning/path_publisher.py
[0.552s] [31mCMake Error at cmake_install.cmake:54 (file):
[0.552s]   file INSTALL cannot find
[0.553s]   "/home/yasmin-nunes/ros2-path-planning/src/path_planning/src/fsds_msgs": No
[0.553s]   such file or directory.
[0.553s] 
[0.555s] [0m
[0.555s] -- Up-to-date: /home/yasmin-nunes/ros2-path-planning/install/ros2_path_planning/path_planning/ros2_path_planning/bayesian_inference
[0.555s] -- Up-to-date: /home/yasmin-nunes/ros2-path-planning/install/ros2_path_planning/path_planning/ros2_path_planning/bayesian_inference/__init__.py
[0.557s] -- Up-to-date: /home/yasmin-nunes/ros2-path-planning/install/ros2_path_planning/path_planning/ros2_path_planning/bayesian_inference/bayesian_inference_planner.py
[0.557s] Invoked command in '/home/yasmin-nunes/ros2-path-planning/build/ros2_path_planning' returned '1': AMENT_PREFIX_PATH=/home/yasmin-nunes/ros2-path-planning/install/fs_msgs:${AMENT_PREFIX_PATH} CMAKE_PREFIX_PATH=/opt/ros/humble:/home/yasmin-nunes/ros2-path-planning/install/fs_msgs:${CMAKE_PREFIX_PATH} LD_LIBRARY_PATH=/home/yasmin-nunes/ros2-path-planning/install/fs_msgs/lib:${LD_LIBRARY_PATH} PYTHONPATH=/home/yasmin-nunes/ros2-path-planning/install/fs_msgs/local/lib/python3.10/dist-packages:${PYTHONPATH} /usr/bin/cmake --install /home/yasmin-nunes/ros2-path-planning/build/ros2_path_planning
