[0.014s] Invoking command in '/home/yasmin-nunes/ros2-path-planning/build/ros2_path_planning': CMAKE_PREFIX_PATH=/opt/ros/humble /usr/bin/cmake --build /home/yasmin-nunes/ros2-path-planning/build/ros2_path_planning -- -j4 -l4
[0.023s] [0mCMake Error: The current CMakeCache.txt directory /home/yasmin-nunes/ros2-path-planning/build/ros2_path_planning/CMakeCache.txt is different than the directory /home/yasmin-nunes/ros2_path_planning/build/ros2_path_planning where CMakeCache.txt was created. This may result in binaries being created in the wrong place. If you are not sure, reedit the CMakeCache.txt[0m
[0.692s] -- The C compiler identification is GNU 11.4.0
[1.074s] -- The CXX compiler identification is GNU 11.4.0
[1.088s] -- Detecting C compiler ABI info
[1.235s] -- Detecting C compiler ABI info - done
[1.244s] -- Check for working C compiler: /usr/bin/cc - skipped
[1.245s] -- Detecting C compile features
[1.267s] -- Detecting C compile features - done
[1.272s] -- Detecting CXX compiler ABI info
[1.380s] -- Detecting CXX compiler ABI info - done
[1.389s] -- Check for working CXX compiler: /usr/bin/c++ - skipped
[1.389s] -- Detecting CXX compile features
[1.390s] -- Detecting CXX compile features - done
[1.466s] -- Found ament_cmake: 1.3.10 (/opt/ros/humble/share/ament_cmake/cmake)
[1.709s] -- Found Python3: /usr/bin/python3 (found version "3.10.12") found components: Interpreter 
[1.842s] -- Found ament_lint_auto: 0.12.11 (/opt/ros/humble/share/ament_lint_auto/cmake)
[1.843s] [0mCMake Error: File /home/yasmin-nunes/ros2_path_planning/src/path_planning/package.xml does not exist.[0m
[1.843s] [31mCMake Error at /opt/ros/humble/share/ament_cmake_core/cmake/core/stamp.cmake:24 (configure_file):
[1.843s]   configure_file Problem configuring file
[1.843s] Call Stack (most recent call first):
[1.843s]   /opt/ros/humble/share/ament_cmake_core/cmake/core/ament_package_xml.cmake:73 (stamp)
[1.844s]   /opt/ros/humble/share/ament_cmake_core/cmake/core/ament_package_xml.cmake:49 (_ament_package_xml)
[1.844s]   /opt/ros/humble/share/ament_lint_auto/cmake/ament_lint_auto_find_test_dependencies.cmake:31 (ament_package_xml)
[1.844s]   CMakeLists.txt:42 (ament_lint_auto_find_test_dependencies)
[1.844s] 
[1.844s] [0m
[1.844s] [0mCMake Error: File /home/yasmin-nunes/ros2_path_planning/src/path_planning/package.xml does not exist.[0m
[1.844s] [31mCMake Error at /opt/ros/humble/share/ament_cmake_core/cmake/core/stamp.cmake:24 (configure_file):
[1.845s]   configure_file Problem configuring file
[1.845s] Call Stack (most recent call first):
[1.845s]   /opt/ros/humble/share/ament_cmake_core/cmake/core/ament_package_xml.cmake:73 (stamp)
[1.845s]   /opt/ros/humble/share/ament_cmake_core/cmake/core/ament_package_xml.cmake:49 (_ament_package_xml)
[1.845s]   /opt/ros/humble/share/ament_cmake_core/cmake/core/ament_package.cmake:63 (ament_package_xml)
[1.845s]   CMakeLists.txt:45 (ament_package)
[1.846s] 
[1.846s] [0m
[1.848s] -- Configuring incomplete, errors occurred!
[1.849s] See also "/home/yasmin-nunes/ros2_path_planning/build/ros2_path_planning/CMakeFiles/CMakeOutput.log".
[1.853s] gmake: *** [Makefile:226: cmake_check_build_system] Error 1
[1.856s] Invoked command in '/home/yasmin-nunes/ros2-path-planning/build/ros2_path_planning' returned '2': CMAKE_PREFIX_PATH=/opt/ros/humble /usr/bin/cmake --build /home/yasmin-nunes/ros2-path-planning/build/ros2_path_planning -- -j4 -l4
