[0.016s] Invoking command in '/home/yasmin-nunes/ros2_path_planning/build/ros2_path_planning': CMAKE_PREFIX_PATH=${CMAKE_PREFIX_PATH}:/opt/ros/humble /usr/bin/cmake /home/yasmin-nunes/ros2_path_planning/src/path_planning -DCMAKE_INSTALL_PREFIX=/home/yasmin-nunes/ros2_path_planning/install/ros2_path_planning
[0.092s] -- The C compiler identification is GNU 11.4.0
[0.168s] -- The CXX compiler identification is GNU 11.4.0
[0.177s] -- Detecting C compiler ABI info
[0.266s] -- Detecting C compiler ABI info - done
[0.284s] -- Check for working C compiler: /usr/bin/cc - skipped
[0.284s] -- Detecting C compile features
[0.284s] -- Detecting C compile features - done
[0.290s] -- Detecting CXX compiler ABI info
[0.402s] -- Detecting CXX compiler ABI info - done
[0.415s] -- Check for working CXX compiler: /usr/bin/c++ - skipped
[0.415s] -- Detecting CXX compile features
[0.416s] -- Detecting CXX compile features - done
[0.419s] -- Found ament_cmake: 1.3.10 (/opt/ros/humble/share/ament_cmake/cmake)
[0.630s] -- Found Python3: /usr/bin/python3 (found version "3.10.12") found components: Interpreter 
[0.728s] -- Found ament_lint_auto: 0.12.11 (/opt/ros/humble/share/ament_lint_auto/cmake)
[0.818s] -- Added test 'flake8' to check Python code syntax and style conventions
[0.819s] -- Added test 'lint_cmake' to check CMake code style
[0.821s] -- Added test 'pep257' to check Python code against some of the docstring style conventions in PEP 257
[0.822s] -- Added test 'xmllint' to check XML markup files
[0.824s] -- Configuring done
[0.830s] -- Generating done
[0.831s] -- Build files have been written to: /home/yasmin-nunes/ros2_path_planning/build/ros2_path_planning
[0.839s] Invoked command in '/home/yasmin-nunes/ros2_path_planning/build/ros2_path_planning' returned '0': CMAKE_PREFIX_PATH=${CMAKE_PREFIX_PATH}:/opt/ros/humble /usr/bin/cmake /home/yasmin-nunes/ros2_path_planning/src/path_planning -DCMAKE_INSTALL_PREFIX=/home/yasmin-nunes/ros2_path_planning/install/ros2_path_planning
[0.840s] Invoking command in '/home/yasmin-nunes/ros2_path_planning/build/ros2_path_planning': CMAKE_PREFIX_PATH=${CMAKE_PREFIX_PATH}:/opt/ros/humble /usr/bin/cmake --build /home/yasmin-nunes/ros2_path_planning/build/ros2_path_planning -- -j4 -l4
[0.882s] Invoked command in '/home/yasmin-nunes/ros2_path_planning/build/ros2_path_planning' returned '0': CMAKE_PREFIX_PATH=${CMAKE_PREFIX_PATH}:/opt/ros/humble /usr/bin/cmake --build /home/yasmin-nunes/ros2_path_planning/build/ros2_path_planning -- -j4 -l4
[0.918s] Invoking command in '/home/yasmin-nunes/ros2_path_planning/build/ros2_path_planning': CMAKE_PREFIX_PATH=${CMAKE_PREFIX_PATH}:/opt/ros/humble /usr/bin/cmake --install /home/yasmin-nunes/ros2_path_planning/build/ros2_path_planning
[0.927s] -- Install configuration: ""
[0.927s] -- Installing: /home/yasmin-nunes/ros2_path_planning/install/ros2_path_planning/lib/ros2_path_planning/bayesian_inference_planner.py
[0.927s] -- Installing: /home/yasmin-nunes/ros2_path_planning/install/ros2_path_planning/lib/ros2_path_planning/bayesian_inference_tests_csv.py
[0.927s] -- Installing: /home/yasmin-nunes/ros2_path_planning/install/ros2_path_planning/share/ament_index/resource_index/package_run_dependencies/ros2_path_planning
[0.928s] -- Installing: /home/yasmin-nunes/ros2_path_planning/install/ros2_path_planning/share/ament_index/resource_index/parent_prefix_path/ros2_path_planning
[0.928s] -- Installing: /home/yasmin-nunes/ros2_path_planning/install/ros2_path_planning/share/ros2_path_planning/environment/ament_prefix_path.sh
[0.928s] -- Installing: /home/yasmin-nunes/ros2_path_planning/install/ros2_path_planning/share/ros2_path_planning/environment/ament_prefix_path.dsv
[0.928s] -- Installing: /home/yasmin-nunes/ros2_path_planning/install/ros2_path_planning/share/ros2_path_planning/environment/path.sh
[0.928s] -- Installing: /home/yasmin-nunes/ros2_path_planning/install/ros2_path_planning/share/ros2_path_planning/environment/path.dsv
[0.929s] -- Installing: /home/yasmin-nunes/ros2_path_planning/install/ros2_path_planning/share/ros2_path_planning/local_setup.bash
[0.929s] -- Installing: /home/yasmin-nunes/ros2_path_planning/install/ros2_path_planning/share/ros2_path_planning/local_setup.sh
[0.929s] -- Installing: /home/yasmin-nunes/ros2_path_planning/install/ros2_path_planning/share/ros2_path_planning/local_setup.zsh
[0.929s] -- Installing: /home/yasmin-nunes/ros2_path_planning/install/ros2_path_planning/share/ros2_path_planning/local_setup.dsv
[0.929s] -- Installing: /home/yasmin-nunes/ros2_path_planning/install/ros2_path_planning/share/ros2_path_planning/package.dsv
[0.930s] -- Installing: /home/yasmin-nunes/ros2_path_planning/install/ros2_path_planning/share/ament_index/resource_index/packages/ros2_path_planning
[0.930s] -- Installing: /home/yasmin-nunes/ros2_path_planning/install/ros2_path_planning/share/ros2_path_planning/cmake/ros2_path_planningConfig.cmake
[0.930s] -- Installing: /home/yasmin-nunes/ros2_path_planning/install/ros2_path_planning/share/ros2_path_planning/cmake/ros2_path_planningConfig-version.cmake
[0.930s] -- Installing: /home/yasmin-nunes/ros2_path_planning/install/ros2_path_planning/share/ros2_path_planning/package.xml
[0.933s] Invoked command in '/home/yasmin-nunes/ros2_path_planning/build/ros2_path_planning' returned '0': CMAKE_PREFIX_PATH=${CMAKE_PREFIX_PATH}:/opt/ros/humble /usr/bin/cmake --install /home/yasmin-nunes/ros2_path_planning/build/ros2_path_planning
