[0.014s] Invoking command in '/home/yasmin-nunes/ros2-path-planning/build/ros2_path_planning': CMAKE_PREFIX_PATH=/opt/ros/humble:${CMAKE_PREFIX_PATH} /usr/bin/cmake --build /home/yasmin-nunes/ros2-path-planning/build/ros2_path_planning -- -j4 -l4
[0.042s] -- Found ament_cmake: 1.3.10 (/opt/ros/humble/share/ament_cmake/cmake)
[0.194s] -- Found nav_msgs: 4.2.4 (/opt/ros/humble/share/nav_msgs/cmake)
[0.224s] -- Found rosidl_generator_c: 3.1.5 (/opt/ros/humble/share/rosidl_generator_c/cmake)
[0.227s] -- Found rosidl_adapter: 3.1.5 (/opt/ros/humble/share/rosidl_adapter/cmake)
[0.234s] -- Found rosidl_generator_cpp: 3.1.5 (/opt/ros/humble/share/rosidl_generator_cpp/cmake)
[0.247s] -- Using all available rosidl_typesupport_c: rosidl_typesupport_fastrtps_c;rosidl_typesupport_introspection_c
[0.261s] -- Using all available rosidl_typesupport_cpp: rosidl_typesupport_fastrtps_cpp;rosidl_typesupport_introspection_cpp
[0.333s] -- Found ament_lint_auto: 0.12.11 (/opt/ros/humble/share/ament_lint_auto/cmake)
[0.421s] -- Added test 'flake8' to check Python code syntax and style conventions
[0.422s] -- Added test 'lint_cmake' to check CMake code style
[0.422s] -- Added test 'pep257' to check Python code against some of the docstring style conventions in PEP 257
[0.423s] -- Added test 'xmllint' to check XML markup files
[0.424s] -- Configuring done
[0.429s] -- Generating done
[0.430s] -- Build files have been written to: /home/yasmin-nunes/ros2-path-planning/build/ros2_path_planning
[0.456s] Invoked command in '/home/yasmin-nunes/ros2-path-planning/build/ros2_path_planning' returned '0': CMAKE_PREFIX_PATH=/opt/ros/humble:${CMAKE_PREFIX_PATH} /usr/bin/cmake --build /home/yasmin-nunes/ros2-path-planning/build/ros2_path_planning -- -j4 -l4
[0.482s] Invoking command in '/home/yasmin-nunes/ros2-path-planning/build/ros2_path_planning': CMAKE_PREFIX_PATH=/opt/ros/humble:${CMAKE_PREFIX_PATH} /usr/bin/cmake --install /home/yasmin-nunes/ros2-path-planning/build/ros2_path_planning
[0.492s] -- Install configuration: ""
[0.492s] -- Up-to-date: /home/yasmin-nunes/ros2-path-planning/install/ros2_path_planning/lib/ros2_path_planning/path_publisher.py
[0.492s] -- Up-to-date: /home/yasmin-nunes/ros2-path-planning/install/ros2_path_planning/path_planning/ros2_path_planning/bayesian_inference
[0.493s] [31mCMake Error at cmake_install.cmake:54 (file):
[0.493s]   file INSTALL cannot find
[0.493s]   "/home/yasmin-nunes/ros2-path-planning/src/path_planning/src/fsds_msgs": No
[0.493s]   such file or directory.
[0.493s] 
[0.493s] [0m
[0.493s] -- Up-to-date: /home/yasmin-nunes/ros2-path-planning/install/ros2_path_planning/path_planning/ros2_path_planning/bayesian_inference/__init__.py
[0.494s] -- Up-to-date: /home/yasmin-nunes/ros2-path-planning/install/ros2_path_planning/path_planning/ros2_path_planning/bayesian_inference/bayesian_inference_planner.py
[0.496s] Invoked command in '/home/yasmin-nunes/ros2-path-planning/build/ros2_path_planning' returned '1': CMAKE_PREFIX_PATH=/opt/ros/humble:${CMAKE_PREFIX_PATH} /usr/bin/cmake --install /home/yasmin-nunes/ros2-path-planning/build/ros2_path_planning
