[0.121s] DEBUG:colcon:Command line arguments: ['/usr/bin/colcon', 'build']
[0.121s] DEBUG:colcon:Parsed command line arguments: Namespace(log_base=None, log_level=None, verb_name='build', build_base='build', install_base='install', merge_install=False, symlink_install=False, test_result_base=None, continue_on_error=False, executor='parallel', parallel_workers=4, event_handlers=None, ignore_user_meta=False, metas=['./colcon.meta'], base_paths=['.'], packages_ignore=None, packages_ignore_regex=None, paths=None, packages_up_to=None, packages_up_to_regex=None, packages_above=None, packages_above_and_dependencies=None, packages_above_depth=None, packages_select_by_dep=None, packages_skip_by_dep=None, packages_skip_up_to=None, packages_select_build_failed=False, packages_skip_build_finished=False, packages_select_test_failures=False, packages_skip_test_passed=False, packages_select=None, packages_skip=None, packages_select_regex=None, packages_skip_regex=None, packages_start=None, packages_end=None, allow_overriding=[], cmake_args=None, cmake_target=None, cmake_target_skip_unavailable=False, cmake_clean_cache=False, cmake_clean_first=False, cmake_force_configure=False, ament_cmake_args=None, catkin_cmake_args=None, catkin_skip_building_tests=False, verb_parser=<colcon_defaults.argument_parser.defaults.DefaultArgumentsDecorator object at 0x7b358997fdc0>, verb_extension=<colcon_core.verb.build.BuildVerb object at 0x7b358997f7f0>, main=<bound method BuildVerb.main of <colcon_core.verb.build.BuildVerb object at 0x7b358997f7f0>>)
[0.309s] Level 1:colcon.colcon_core.package_discovery:discover_packages(colcon_meta) check parameters
[0.309s] Level 1:colcon.colcon_core.package_discovery:discover_packages(recursive) check parameters
[0.309s] Level 1:colcon.colcon_core.package_discovery:discover_packages(ignore) check parameters
[0.309s] Level 1:colcon.colcon_core.package_discovery:discover_packages(path) check parameters
[0.309s] Level 1:colcon.colcon_core.package_discovery:discover_packages(colcon_meta) discover
[0.309s] Level 1:colcon.colcon_core.package_discovery:discover_packages(recursive) discover
[0.309s] INFO:colcon.colcon_core.package_discovery:Crawling recursively for packages in '/home/yasmin-nunes/ros2_path_planning'
[0.309s] Level 1:colcon.colcon_core.package_identification:_identify(.) by extensions ['ignore', 'ignore_ament_install']
[0.309s] Level 1:colcon.colcon_core.package_identification:_identify(.) by extension 'ignore'
[0.309s] Level 1:colcon.colcon_core.package_identification:_identify(.) by extension 'ignore_ament_install'
[0.309s] Level 1:colcon.colcon_core.package_identification:_identify(.) by extensions ['colcon_pkg']
[0.309s] Level 1:colcon.colcon_core.package_identification:_identify(.) by extension 'colcon_pkg'
[0.309s] Level 1:colcon.colcon_core.package_identification:_identify(.) by extensions ['colcon_meta']
[0.309s] Level 1:colcon.colcon_core.package_identification:_identify(.) by extension 'colcon_meta'
[0.309s] Level 1:colcon.colcon_core.package_identification:_identify(.) by extensions ['ros']
[0.309s] Level 1:colcon.colcon_core.package_identification:_identify(.) by extension 'ros'
[0.323s] Level 1:colcon.colcon_core.package_identification:_identify(.) by extensions ['cmake', 'python']
[0.323s] Level 1:colcon.colcon_core.package_identification:_identify(.) by extension 'cmake'
[0.323s] Level 1:colcon.colcon_core.package_identification:_identify(.) by extension 'python'
[0.323s] Level 1:colcon.colcon_core.package_identification:_identify(.) by extensions ['python_setup_py']
[0.323s] Level 1:colcon.colcon_core.package_identification:_identify(.) by extension 'python_setup_py'
[0.324s] Level 1:colcon.colcon_core.package_identification:_identify(build) by extensions ['ignore', 'ignore_ament_install']
[0.324s] Level 1:colcon.colcon_core.package_identification:_identify(build) by extension 'ignore'
[0.324s] Level 1:colcon.colcon_core.package_identification:_identify(build) ignored
[0.324s] Level 1:colcon.colcon_core.package_identification:_identify(install) by extensions ['ignore', 'ignore_ament_install']
[0.324s] Level 1:colcon.colcon_core.package_identification:_identify(install) by extension 'ignore'
[0.324s] Level 1:colcon.colcon_core.package_identification:_identify(install) ignored
[0.324s] Level 1:colcon.colcon_core.package_identification:_identify(log) by extensions ['ignore', 'ignore_ament_install']
[0.324s] Level 1:colcon.colcon_core.package_identification:_identify(log) by extension 'ignore'
[0.324s] Level 1:colcon.colcon_core.package_identification:_identify(log) ignored
[0.324s] Level 1:colcon.colcon_core.package_identification:_identify(src) by extensions ['ignore', 'ignore_ament_install']
[0.325s] Level 1:colcon.colcon_core.package_identification:_identify(src) by extension 'ignore'
[0.325s] Level 1:colcon.colcon_core.package_identification:_identify(src) by extension 'ignore_ament_install'
[0.325s] Level 1:colcon.colcon_core.package_identification:_identify(src) by extensions ['colcon_pkg']
[0.325s] Level 1:colcon.colcon_core.package_identification:_identify(src) by extension 'colcon_pkg'
[0.325s] Level 1:colcon.colcon_core.package_identification:_identify(src) by extensions ['colcon_meta']
[0.325s] Level 1:colcon.colcon_core.package_identification:_identify(src) by extension 'colcon_meta'
[0.325s] Level 1:colcon.colcon_core.package_identification:_identify(src) by extensions ['ros']
[0.325s] Level 1:colcon.colcon_core.package_identification:_identify(src) by extension 'ros'
[0.325s] Level 1:colcon.colcon_core.package_identification:_identify(src) by extensions ['cmake', 'python']
[0.325s] Level 1:colcon.colcon_core.package_identification:_identify(src) by extension 'cmake'
[0.325s] Level 1:colcon.colcon_core.package_identification:_identify(src) by extension 'python'
[0.325s] Level 1:colcon.colcon_core.package_identification:_identify(src) by extensions ['python_setup_py']
[0.325s] Level 1:colcon.colcon_core.package_identification:_identify(src) by extension 'python_setup_py'
[0.325s] Level 1:colcon.colcon_core.package_identification:_identify(src/path_planning) by extensions ['ignore', 'ignore_ament_install']
[0.325s] Level 1:colcon.colcon_core.package_identification:_identify(src/path_planning) by extension 'ignore'
[0.325s] Level 1:colcon.colcon_core.package_identification:_identify(src/path_planning) by extension 'ignore_ament_install'
[0.325s] Level 1:colcon.colcon_core.package_identification:_identify(src/path_planning) by extensions ['colcon_pkg']
[0.325s] Level 1:colcon.colcon_core.package_identification:_identify(src/path_planning) by extension 'colcon_pkg'
[0.326s] Level 1:colcon.colcon_core.package_identification:_identify(src/path_planning) by extensions ['colcon_meta']
[0.326s] Level 1:colcon.colcon_core.package_identification:_identify(src/path_planning) by extension 'colcon_meta'
[0.326s] Level 1:colcon.colcon_core.package_identification:_identify(src/path_planning) by extensions ['ros']
[0.326s] Level 1:colcon.colcon_core.package_identification:_identify(src/path_planning) by extension 'ros'
[0.328s] DEBUG:colcon.colcon_core.package_identification:Package 'src/path_planning' with type 'ros.ament_cmake' and name 'ros2_path_planning'
[0.328s] Level 1:colcon.colcon_core.package_identification:_identify(src/ros2_fringe_projection) by extensions ['ignore', 'ignore_ament_install']
[0.328s] Level 1:colcon.colcon_core.package_identification:_identify(src/ros2_fringe_projection) by extension 'ignore'
[0.329s] Level 1:colcon.colcon_core.package_identification:_identify(src/ros2_fringe_projection) by extension 'ignore_ament_install'
[0.329s] Level 1:colcon.colcon_core.package_identification:_identify(src/ros2_fringe_projection) by extensions ['colcon_pkg']
[0.329s] Level 1:colcon.colcon_core.package_identification:_identify(src/ros2_fringe_projection) by extension 'colcon_pkg'
[0.329s] Level 1:colcon.colcon_core.package_identification:_identify(src/ros2_fringe_projection) by extensions ['colcon_meta']
[0.329s] Level 1:colcon.colcon_core.package_identification:_identify(src/ros2_fringe_projection) by extension 'colcon_meta'
[0.329s] Level 1:colcon.colcon_core.package_identification:_identify(src/ros2_fringe_projection) by extensions ['ros']
[0.329s] Level 1:colcon.colcon_core.package_identification:_identify(src/ros2_fringe_projection) by extension 'ros'
[0.329s] Level 1:colcon.colcon_core.package_identification:_identify(src/ros2_fringe_projection) by extensions ['cmake', 'python']
[0.329s] Level 1:colcon.colcon_core.package_identification:_identify(src/ros2_fringe_projection) by extension 'cmake'
[0.330s] Level 1:colcon.colcon_core.package_identification:_identify(src/ros2_fringe_projection) by extension 'python'
[0.330s] DEBUG:colcon.colcon_core.package_identification:Package 'src/ros2_fringe_projection' with type 'cmake' and name 'ros2_fringe_projection'
[0.330s] Level 1:colcon.colcon_core.package_discovery:discover_packages(recursive) using defaults
[0.330s] Level 1:colcon.colcon_core.package_discovery:discover_packages(ignore) discover
[0.330s] Level 1:colcon.colcon_core.package_discovery:discover_packages(ignore) using defaults
[0.331s] Level 1:colcon.colcon_core.package_discovery:discover_packages(path) discover
[0.331s] Level 1:colcon.colcon_core.package_discovery:discover_packages(path) using defaults
[0.352s] Level 1:colcon.colcon_core.package_discovery:discover_packages(prefix_path) check parameters
[0.353s] Level 1:colcon.colcon_core.package_discovery:discover_packages(prefix_path) discover
[0.354s] WARNING:colcon.colcon_ros.prefix_path.ament:The path '/home/yasmin-nunes/ros2_path_planning/install/ros2_path_planning' in the environment variable AMENT_PREFIX_PATH doesn't exist
[0.354s] WARNING:colcon.colcon_ros.prefix_path.catkin:The path '/home/yasmin-nunes/ros2_path_planning/install/ros2_path_planning' in the environment variable CMAKE_PREFIX_PATH doesn't exist
[0.355s] DEBUG:colcon.colcon_installed_package_information.package_discovery:Found 0 installed packages in /home/yasmin-nunes/ros2_path_planning/install
[0.356s] DEBUG:colcon.colcon_installed_package_information.package_discovery:Found 270 installed packages in /opt/ros/humble
[0.357s] Level 1:colcon.colcon_core.package_discovery:discover_packages(prefix_path) using defaults
[0.419s] Level 5:colcon.colcon_core.verb:set package 'ros2_fringe_projection' build argument 'cmake_args' from command line to 'None'
[0.419s] Level 5:colcon.colcon_core.verb:set package 'ros2_fringe_projection' build argument 'cmake_target' from command line to 'None'
[0.419s] Level 5:colcon.colcon_core.verb:set package 'ros2_fringe_projection' build argument 'cmake_target_skip_unavailable' from command line to 'False'
[0.419s] Level 5:colcon.colcon_core.verb:set package 'ros2_fringe_projection' build argument 'cmake_clean_cache' from command line to 'False'
[0.419s] Level 5:colcon.colcon_core.verb:set package 'ros2_fringe_projection' build argument 'cmake_clean_first' from command line to 'False'
[0.419s] Level 5:colcon.colcon_core.verb:set package 'ros2_fringe_projection' build argument 'cmake_force_configure' from command line to 'False'
[0.419s] Level 5:colcon.colcon_core.verb:set package 'ros2_fringe_projection' build argument 'ament_cmake_args' from command line to 'None'
[0.420s] Level 5:colcon.colcon_core.verb:set package 'ros2_fringe_projection' build argument 'catkin_cmake_args' from command line to 'None'
[0.420s] Level 5:colcon.colcon_core.verb:set package 'ros2_fringe_projection' build argument 'catkin_skip_building_tests' from command line to 'False'
[0.420s] DEBUG:colcon.colcon_core.verb:Building package 'ros2_fringe_projection' with the following arguments: {'ament_cmake_args': None, 'build_base': '/home/yasmin-nunes/ros2_path_planning/build/ros2_fringe_projection', 'catkin_cmake_args': None, 'catkin_skip_building_tests': False, 'cmake_args': None, 'cmake_clean_cache': False, 'cmake_clean_first': False, 'cmake_force_configure': False, 'cmake_target': None, 'cmake_target_skip_unavailable': False, 'install_base': '/home/yasmin-nunes/ros2_path_planning/install/ros2_fringe_projection', 'merge_install': False, 'path': '/home/yasmin-nunes/ros2_path_planning/src/ros2_fringe_projection', 'symlink_install': False, 'test_result_base': None}
[0.420s] Level 5:colcon.colcon_core.verb:set package 'ros2_path_planning' build argument 'cmake_args' from command line to 'None'
[0.420s] Level 5:colcon.colcon_core.verb:set package 'ros2_path_planning' build argument 'cmake_target' from command line to 'None'
[0.420s] Level 5:colcon.colcon_core.verb:set package 'ros2_path_planning' build argument 'cmake_target_skip_unavailable' from command line to 'False'
[0.420s] Level 5:colcon.colcon_core.verb:set package 'ros2_path_planning' build argument 'cmake_clean_cache' from command line to 'False'
[0.420s] Level 5:colcon.colcon_core.verb:set package 'ros2_path_planning' build argument 'cmake_clean_first' from command line to 'False'
[0.420s] Level 5:colcon.colcon_core.verb:set package 'ros2_path_planning' build argument 'cmake_force_configure' from command line to 'False'
[0.420s] Level 5:colcon.colcon_core.verb:set package 'ros2_path_planning' build argument 'ament_cmake_args' from command line to 'None'
[0.420s] Level 5:colcon.colcon_core.verb:set package 'ros2_path_planning' build argument 'catkin_cmake_args' from command line to 'None'
[0.420s] Level 5:colcon.colcon_core.verb:set package 'ros2_path_planning' build argument 'catkin_skip_building_tests' from command line to 'False'
[0.420s] DEBUG:colcon.colcon_core.verb:Building package 'ros2_path_planning' with the following arguments: {'ament_cmake_args': None, 'build_base': '/home/yasmin-nunes/ros2_path_planning/build/ros2_path_planning', 'catkin_cmake_args': None, 'catkin_skip_building_tests': False, 'cmake_args': None, 'cmake_clean_cache': False, 'cmake_clean_first': False, 'cmake_force_configure': False, 'cmake_target': None, 'cmake_target_skip_unavailable': False, 'install_base': '/home/yasmin-nunes/ros2_path_planning/install/ros2_path_planning', 'merge_install': False, 'path': '/home/yasmin-nunes/ros2_path_planning/src/path_planning', 'symlink_install': False, 'test_result_base': None}
[0.421s] INFO:colcon.colcon_core.executor:Executing jobs using 'parallel' executor
[0.422s] DEBUG:colcon.colcon_parallel_executor.executor.parallel:run_until_complete
[0.422s] INFO:colcon.colcon_cmake.task.cmake.build:Building CMake package in '/home/yasmin-nunes/ros2_path_planning/src/ros2_fringe_projection'
[0.425s] INFO:colcon.colcon_core.plugin_system:Skipping extension 'colcon_core.shell.bat': Not used on non-Windows systems
[0.425s] INFO:colcon.colcon_core.shell:Skip shell extension 'powershell' for command environment: Not usable outside of PowerShell
[0.425s] DEBUG:colcon.colcon_core.shell:Skip shell extension 'dsv' for command environment
[0.429s] INFO:colcon.colcon_ros.task.ament_cmake.build:Building ROS package in '/home/yasmin-nunes/ros2_path_planning/src/path_planning' with build type 'ament_cmake'
[0.430s] INFO:colcon.colcon_cmake.task.cmake.build:Building CMake package in '/home/yasmin-nunes/ros2_path_planning/src/path_planning'
[0.430s] INFO:colcon.colcon_core.shell:Skip shell extension 'powershell' for command environment: Not usable outside of PowerShell
[0.430s] DEBUG:colcon.colcon_core.shell:Skip shell extension 'dsv' for command environment
[0.440s] DEBUG:colcon.colcon_core.event_handler.log_command:Invoking command in '/home/yasmin-nunes/ros2_path_planning/build/ros2_fringe_projection': /usr/bin/cmake /home/yasmin-nunes/ros2_path_planning/src/ros2_fringe_projection -DCMAKE_INSTALL_PREFIX=/home/yasmin-nunes/ros2_path_planning/install/ros2_fringe_projection
[0.447s] DEBUG:colcon.colcon_core.event_handler.log_command:Invoking command in '/home/yasmin-nunes/ros2_path_planning/build/ros2_path_planning': CMAKE_PREFIX_PATH=${CMAKE_PREFIX_PATH}:/opt/ros/humble /usr/bin/cmake /home/yasmin-nunes/ros2_path_planning/src/path_planning -DCMAKE_INSTALL_PREFIX=/home/yasmin-nunes/ros2_path_planning/install/ros2_path_planning
[0.878s] DEBUG:colcon.colcon_core.event_handler.log_command:Invoked command in '/home/yasmin-nunes/ros2_path_planning/build/ros2_fringe_projection' returned '0': /usr/bin/cmake /home/yasmin-nunes/ros2_path_planning/src/ros2_fringe_projection -DCMAKE_INSTALL_PREFIX=/home/yasmin-nunes/ros2_path_planning/install/ros2_fringe_projection
[0.881s] DEBUG:colcon.colcon_core.event_handler.log_command:Invoking command in '/home/yasmin-nunes/ros2_path_planning/build/ros2_fringe_projection': /usr/bin/cmake --build /home/yasmin-nunes/ros2_path_planning/build/ros2_fringe_projection -- -j4 -l4
[0.927s] DEBUG:colcon.colcon_core.event_handler.log_command:Invoked command in '/home/yasmin-nunes/ros2_path_planning/build/ros2_fringe_projection' returned '0': /usr/bin/cmake --build /home/yasmin-nunes/ros2_path_planning/build/ros2_fringe_projection -- -j4 -l4
[0.953s] WARNING:colcon.colcon_cmake.task.cmake.build:Could not run installation step for package 'ros2_fringe_projection' because it has no 'install' target
[0.953s] Level 1:colcon.colcon_core.environment:create_environment_scripts_only(ros2_fringe_projection)
[0.959s] Level 1:colcon.colcon_core.environment:checking '/home/yasmin-nunes/ros2_path_planning/install/ros2_fringe_projection' for CMake module files
[0.960s] Level 1:colcon.colcon_core.environment:checking '/home/yasmin-nunes/ros2_path_planning/install/ros2_fringe_projection' for CMake config files
[0.961s] Level 1:colcon.colcon_core.environment:checking '/home/yasmin-nunes/ros2_path_planning/install/ros2_fringe_projection/bin'
[0.961s] Level 1:colcon.colcon_core.environment:checking '/home/yasmin-nunes/ros2_path_planning/install/ros2_fringe_projection/lib/pkgconfig/ros2_fringe_projection.pc'
[0.961s] Level 1:colcon.colcon_core.environment:checking '/home/yasmin-nunes/ros2_path_planning/install/ros2_fringe_projection/lib/python3.10/site-packages'
[0.961s] Level 1:colcon.colcon_core.environment:checking '/home/yasmin-nunes/ros2_path_planning/install/ros2_fringe_projection/bin'
[0.962s] INFO:colcon.colcon_core.shell:Creating package script '/home/yasmin-nunes/ros2_path_planning/install/ros2_fringe_projection/share/ros2_fringe_projection/package.ps1'
[0.963s] INFO:colcon.colcon_core.shell:Creating package descriptor '/home/yasmin-nunes/ros2_path_planning/install/ros2_fringe_projection/share/ros2_fringe_projection/package.dsv'
[0.964s] INFO:colcon.colcon_core.shell:Creating package script '/home/yasmin-nunes/ros2_path_planning/install/ros2_fringe_projection/share/ros2_fringe_projection/package.sh'
[0.965s] INFO:colcon.colcon_core.shell:Creating package script '/home/yasmin-nunes/ros2_path_planning/install/ros2_fringe_projection/share/ros2_fringe_projection/package.bash'
[0.966s] INFO:colcon.colcon_core.shell:Creating package script '/home/yasmin-nunes/ros2_path_planning/install/ros2_fringe_projection/share/ros2_fringe_projection/package.zsh'
[0.967s] Level 1:colcon.colcon_core.environment:create_file_with_runtime_dependencies(/home/yasmin-nunes/ros2_path_planning/install/ros2_fringe_projection/share/colcon-core/packages/ros2_fringe_projection)
[1.269s] DEBUG:colcon.colcon_core.event_handler.log_command:Invoked command in '/home/yasmin-nunes/ros2_path_planning/build/ros2_path_planning' returned '0': CMAKE_PREFIX_PATH=${CMAKE_PREFIX_PATH}:/opt/ros/humble /usr/bin/cmake /home/yasmin-nunes/ros2_path_planning/src/path_planning -DCMAKE_INSTALL_PREFIX=/home/yasmin-nunes/ros2_path_planning/install/ros2_path_planning
[1.271s] DEBUG:colcon.colcon_core.event_handler.log_command:Invoking command in '/home/yasmin-nunes/ros2_path_planning/build/ros2_path_planning': CMAKE_PREFIX_PATH=${CMAKE_PREFIX_PATH}:/opt/ros/humble /usr/bin/cmake --build /home/yasmin-nunes/ros2_path_planning/build/ros2_path_planning -- -j4 -l4
[1.312s] DEBUG:colcon.colcon_core.event_handler.log_command:Invoked command in '/home/yasmin-nunes/ros2_path_planning/build/ros2_path_planning' returned '0': CMAKE_PREFIX_PATH=${CMAKE_PREFIX_PATH}:/opt/ros/humble /usr/bin/cmake --build /home/yasmin-nunes/ros2_path_planning/build/ros2_path_planning -- -j4 -l4
[1.349s] DEBUG:colcon.colcon_core.event_handler.log_command:Invoking command in '/home/yasmin-nunes/ros2_path_planning/build/ros2_path_planning': CMAKE_PREFIX_PATH=${CMAKE_PREFIX_PATH}:/opt/ros/humble /usr/bin/cmake --install /home/yasmin-nunes/ros2_path_planning/build/ros2_path_planning
[1.362s] Level 1:colcon.colcon_core.environment:create_environment_scripts_only(ros2_path_planning)
[1.363s] Level 1:colcon.colcon_core.environment:checking '/home/yasmin-nunes/ros2_path_planning/install/ros2_path_planning' for CMake module files
[1.364s] DEBUG:colcon.colcon_core.event_handler.log_command:Invoked command in '/home/yasmin-nunes/ros2_path_planning/build/ros2_path_planning' returned '0': CMAKE_PREFIX_PATH=${CMAKE_PREFIX_PATH}:/opt/ros/humble /usr/bin/cmake --install /home/yasmin-nunes/ros2_path_planning/build/ros2_path_planning
[1.364s] Level 1:colcon.colcon_core.environment:checking '/home/yasmin-nunes/ros2_path_planning/install/ros2_path_planning' for CMake config files
[1.364s] Level 1:colcon.colcon_core.shell:create_environment_hook('ros2_path_planning', 'cmake_prefix_path')
[1.365s] INFO:colcon.colcon_core.shell:Creating environment hook '/home/yasmin-nunes/ros2_path_planning/install/ros2_path_planning/share/ros2_path_planning/hook/cmake_prefix_path.ps1'
[1.365s] INFO:colcon.colcon_core.shell:Creating environment descriptor '/home/yasmin-nunes/ros2_path_planning/install/ros2_path_planning/share/ros2_path_planning/hook/cmake_prefix_path.dsv'
[1.366s] INFO:colcon.colcon_core.shell:Creating environment hook '/home/yasmin-nunes/ros2_path_planning/install/ros2_path_planning/share/ros2_path_planning/hook/cmake_prefix_path.sh'
[1.367s] Level 1:colcon.colcon_core.environment:checking '/home/yasmin-nunes/ros2_path_planning/install/ros2_path_planning/lib'
[1.367s] Level 1:colcon.colcon_core.environment:checking '/home/yasmin-nunes/ros2_path_planning/install/ros2_path_planning/bin'
[1.367s] Level 1:colcon.colcon_core.environment:checking '/home/yasmin-nunes/ros2_path_planning/install/ros2_path_planning/lib/pkgconfig/ros2_path_planning.pc'
[1.368s] Level 1:colcon.colcon_core.environment:checking '/home/yasmin-nunes/ros2_path_planning/install/ros2_path_planning/lib/python3.10/site-packages'
[1.368s] Level 1:colcon.colcon_core.environment:checking '/home/yasmin-nunes/ros2_path_planning/install/ros2_path_planning/bin'
[1.368s] INFO:colcon.colcon_core.shell:Creating package script '/home/yasmin-nunes/ros2_path_planning/install/ros2_path_planning/share/ros2_path_planning/package.ps1'
[1.369s] INFO:colcon.colcon_core.shell:Creating package descriptor '/home/yasmin-nunes/ros2_path_planning/install/ros2_path_planning/share/ros2_path_planning/package.dsv'
[1.369s] INFO:colcon.colcon_core.shell:Creating package script '/home/yasmin-nunes/ros2_path_planning/install/ros2_path_planning/share/ros2_path_planning/package.sh'
[1.370s] INFO:colcon.colcon_core.shell:Creating package script '/home/yasmin-nunes/ros2_path_planning/install/ros2_path_planning/share/ros2_path_planning/package.bash'
[1.370s] INFO:colcon.colcon_core.shell:Creating package script '/home/yasmin-nunes/ros2_path_planning/install/ros2_path_planning/share/ros2_path_planning/package.zsh'
[1.371s] Level 1:colcon.colcon_core.environment:create_file_with_runtime_dependencies(/home/yasmin-nunes/ros2_path_planning/install/ros2_path_planning/share/colcon-core/packages/ros2_path_planning)
[1.395s] Level 1:colcon.colcon_core.environment:create_environment_scripts_only(ros2_path_planning)
[1.396s] Level 1:colcon.colcon_core.environment:checking '/home/yasmin-nunes/ros2_path_planning/install/ros2_path_planning' for CMake module files
[1.397s] Level 1:colcon.colcon_core.environment:checking '/home/yasmin-nunes/ros2_path_planning/install/ros2_path_planning' for CMake config files
[1.397s] Level 1:colcon.colcon_core.shell:create_environment_hook('ros2_path_planning', 'cmake_prefix_path')
[1.397s] INFO:colcon.colcon_core.shell:Creating environment hook '/home/yasmin-nunes/ros2_path_planning/install/ros2_path_planning/share/ros2_path_planning/hook/cmake_prefix_path.ps1'
[1.398s] INFO:colcon.colcon_core.shell:Creating environment descriptor '/home/yasmin-nunes/ros2_path_planning/install/ros2_path_planning/share/ros2_path_planning/hook/cmake_prefix_path.dsv'
[1.399s] INFO:colcon.colcon_core.shell:Creating environment hook '/home/yasmin-nunes/ros2_path_planning/install/ros2_path_planning/share/ros2_path_planning/hook/cmake_prefix_path.sh'
[1.400s] Level 1:colcon.colcon_core.environment:checking '/home/yasmin-nunes/ros2_path_planning/install/ros2_path_planning/lib'
[1.400s] Level 1:colcon.colcon_core.environment:checking '/home/yasmin-nunes/ros2_path_planning/install/ros2_path_planning/bin'
[1.400s] Level 1:colcon.colcon_core.environment:checking '/home/yasmin-nunes/ros2_path_planning/install/ros2_path_planning/lib/pkgconfig/ros2_path_planning.pc'
[1.400s] Level 1:colcon.colcon_core.environment:checking '/home/yasmin-nunes/ros2_path_planning/install/ros2_path_planning/lib/python3.10/site-packages'
[1.401s] Level 1:colcon.colcon_core.environment:checking '/home/yasmin-nunes/ros2_path_planning/install/ros2_path_planning/bin'
[1.401s] INFO:colcon.colcon_core.shell:Creating package script '/home/yasmin-nunes/ros2_path_planning/install/ros2_path_planning/share/ros2_path_planning/package.ps1'
[1.401s] INFO:colcon.colcon_core.shell:Creating package descriptor '/home/yasmin-nunes/ros2_path_planning/install/ros2_path_planning/share/ros2_path_planning/package.dsv'
[1.402s] INFO:colcon.colcon_core.shell:Creating package script '/home/yasmin-nunes/ros2_path_planning/install/ros2_path_planning/share/ros2_path_planning/package.sh'
[1.403s] INFO:colcon.colcon_core.shell:Creating package script '/home/yasmin-nunes/ros2_path_planning/install/ros2_path_planning/share/ros2_path_planning/package.bash'
[1.403s] INFO:colcon.colcon_core.shell:Creating package script '/home/yasmin-nunes/ros2_path_planning/install/ros2_path_planning/share/ros2_path_planning/package.zsh'
[1.404s] Level 1:colcon.colcon_core.environment:create_file_with_runtime_dependencies(/home/yasmin-nunes/ros2_path_planning/install/ros2_path_planning/share/colcon-core/packages/ros2_path_planning)
[1.404s] DEBUG:colcon.colcon_parallel_executor.executor.parallel:closing loop
[1.405s] DEBUG:colcon.colcon_parallel_executor.executor.parallel:loop closed
[1.405s] DEBUG:colcon.colcon_parallel_executor.executor.parallel:run_until_complete finished with '0'
[1.405s] DEBUG:colcon.colcon_core.event_reactor:joining thread
[1.411s] INFO:colcon.colcon_core.plugin_system:Skipping extension 'colcon_notification.desktop_notification.terminal_notifier': Not used on non-Darwin systems
[1.411s] INFO:colcon.colcon_core.plugin_system:Skipping extension 'colcon_notification.desktop_notification.win32': Not used on non-Windows systems
[1.411s] INFO:colcon.colcon_notification.desktop_notification:Sending desktop notification using 'notify2'
[1.436s] DEBUG:colcon.colcon_core.event_reactor:joined thread
[1.437s] INFO:colcon.colcon_core.shell:Creating prefix script '/home/yasmin-nunes/ros2_path_planning/install/local_setup.ps1'
[1.442s] INFO:colcon.colcon_core.shell:Creating prefix util module '/home/yasmin-nunes/ros2_path_planning/install/_local_setup_util_ps1.py'
[1.445s] INFO:colcon.colcon_core.shell:Creating prefix chain script '/home/yasmin-nunes/ros2_path_planning/install/setup.ps1'
[1.447s] INFO:colcon.colcon_core.shell:Creating prefix script '/home/yasmin-nunes/ros2_path_planning/install/local_setup.sh'
[1.448s] INFO:colcon.colcon_core.shell:Creating prefix util module '/home/yasmin-nunes/ros2_path_planning/install/_local_setup_util_sh.py'
[1.450s] INFO:colcon.colcon_core.shell:Creating prefix chain script '/home/yasmin-nunes/ros2_path_planning/install/setup.sh'
[1.452s] INFO:colcon.colcon_core.shell:Creating prefix script '/home/yasmin-nunes/ros2_path_planning/install/local_setup.bash'
[1.453s] INFO:colcon.colcon_core.shell:Creating prefix chain script '/home/yasmin-nunes/ros2_path_planning/install/setup.bash'
[1.458s] INFO:colcon.colcon_core.shell:Creating prefix script '/home/yasmin-nunes/ros2_path_planning/install/local_setup.zsh'
[1.459s] INFO:colcon.colcon_core.shell:Creating prefix chain script '/home/yasmin-nunes/ros2_path_planning/install/setup.zsh'
