[0.016s] Invoking command in '/home/yasmin-nunes/ros2-path-planning/build/ros2_path_planning': CMAKE_PREFIX_PATH=${CMAKE_PREFIX_PATH}:/opt/ros/humble /usr/bin/cmake --build /home/yasmin-nunes/ros2-path-planning/build/ros2_path_planning -- -j4 -l4
[0.043s] -- Found ament_cmake: 1.3.10 (/opt/ros/humble/share/ament_cmake/cmake)
[0.192s] -- Found nav_msgs: 4.2.4 (/opt/ros/humble/share/nav_msgs/cmake)
[0.222s] -- Found rosidl_generator_c: 3.1.5 (/opt/ros/humble/share/rosidl_generator_c/cmake)
[0.227s] -- Found rosidl_adapter: 3.1.5 (/opt/ros/humble/share/rosidl_adapter/cmake)
[0.234s] -- Found rosidl_generator_cpp: 3.1.5 (/opt/ros/humble/share/rosidl_generator_cpp/cmake)
[0.247s] -- Using all available rosidl_typesupport_c: rosidl_typesupport_fastrtps_c;rosidl_typesupport_introspection_c
[0.262s] -- Using all available rosidl_typesupport_cpp: rosidl_typesupport_fastrtps_cpp;rosidl_typesupport_introspection_cpp
[0.342s] -- Found ament_lint_auto: 0.12.11 (/opt/ros/humble/share/ament_lint_auto/cmake)
[0.428s] -- Added test 'flake8' to check Python code syntax and style conventions
[0.429s] -- Added test 'lint_cmake' to check CMake code style
[0.429s] -- Added test 'pep257' to check Python code against some of the docstring style conventions in PEP 257
[0.431s] -- Added test 'xmllint' to check XML markup files
[0.432s] -- Configuring done
[0.437s] -- Generating done
[0.440s] -- Build files have been written to: /home/yasmin-nunes/ros2-path-planning/build/ros2_path_planning
[0.468s] Invoked command in '/home/yasmin-nunes/ros2-path-planning/build/ros2_path_planning' returned '0': CMAKE_PREFIX_PATH=${CMAKE_PREFIX_PATH}:/opt/ros/humble /usr/bin/cmake --build /home/yasmin-nunes/ros2-path-planning/build/ros2_path_planning -- -j4 -l4
[0.503s] Invoking command in '/home/yasmin-nunes/ros2-path-planning/build/ros2_path_planning': CMAKE_PREFIX_PATH=${CMAKE_PREFIX_PATH}:/opt/ros/humble /usr/bin/cmake --install /home/yasmin-nunes/ros2-path-planning/build/ros2_path_planning
[0.513s] -- Install configuration: ""
[0.514s] -- Installing: /home/yasmin-nunes/ros2-path-planning/install/ros2_path_planning/lib/ros2_path_planning/path_publisher.py
[0.514s] -- Up-to-date: /home/yasmin-nunes/ros2-path-planning/install/ros2_path_planning/path_planning/ros2_path_planning/bayesian_inference
[0.514s] -- Up-to-date: /home/yasmin-nunes/ros2-path-planning/install/ros2_path_planning/path_planning/ros2_path_planning/bayesian_inference/__init__.py
[0.514s] -- Up-to-date: /home/yasmin-nunes/ros2-path-planning/install/ros2_path_planning/path_planning/ros2_path_planning/bayesian_inference/bayesian_inference_planner.py
[0.515s] -- Up-to-date: /home/yasmin-nunes/ros2-path-planning/install/ros2_path_planning/share/ament_index/resource_index/package_run_dependencies/ros2_path_planning
[0.515s] -- Up-to-date: /home/yasmin-nunes/ros2-path-planning/install/ros2_path_planning/share/ament_index/resource_index/parent_prefix_path/ros2_path_planning
[0.515s] -- Up-to-date: /home/yasmin-nunes/ros2-path-planning/install/ros2_path_planning/share/ros2_path_planning/environment/ament_prefix_path.sh
[0.515s] -- Installing: /home/yasmin-nunes/ros2-path-planning/install/ros2_path_planning/share/ros2_path_planning/environment/ament_prefix_path.dsv
[0.516s] -- Up-to-date: /home/yasmin-nunes/ros2-path-planning/install/ros2_path_planning/share/ros2_path_planning/environment/path.sh
[0.516s] -- Installing: /home/yasmin-nunes/ros2-path-planning/install/ros2_path_planning/share/ros2_path_planning/environment/path.dsv
[0.516s] -- Up-to-date: /home/yasmin-nunes/ros2-path-planning/install/ros2_path_planning/share/ros2_path_planning/local_setup.bash
[0.516s] -- Up-to-date: /home/yasmin-nunes/ros2-path-planning/install/ros2_path_planning/share/ros2_path_planning/local_setup.sh
[0.516s] -- Up-to-date: /home/yasmin-nunes/ros2-path-planning/install/ros2_path_planning/share/ros2_path_planning/local_setup.zsh
[0.516s] -- Installing: /home/yasmin-nunes/ros2-path-planning/install/ros2_path_planning/share/ros2_path_planning/local_setup.dsv
[0.517s] -- Installing: /home/yasmin-nunes/ros2-path-planning/install/ros2_path_planning/share/ros2_path_planning/package.dsv
[0.517s] -- Up-to-date: /home/yasmin-nunes/ros2-path-planning/install/ros2_path_planning/share/ament_index/resource_index/packages/ros2_path_planning
[0.517s] -- Up-to-date: /home/yasmin-nunes/ros2-path-planning/install/ros2_path_planning/share/ros2_path_planning/cmake/ros2_path_planningConfig.cmake
[0.517s] -- Up-to-date: /home/yasmin-nunes/ros2-path-planning/install/ros2_path_planning/share/ros2_path_planning/cmake/ros2_path_planningConfig-version.cmake
[0.517s] -- Up-to-date: /home/yasmin-nunes/ros2-path-planning/install/ros2_path_planning/share/ros2_path_planning/package.xml
[0.519s] Invoked command in '/home/yasmin-nunes/ros2-path-planning/build/ros2_path_planning' returned '0': CMAKE_PREFIX_PATH=${CMAKE_PREFIX_PATH}:/opt/ros/humble /usr/bin/cmake --install /home/yasmin-nunes/ros2-path-planning/build/ros2_path_planning
