[0.291s] DEBUG:colcon:Command line arguments: ['/usr/bin/colcon', 'build']
[0.291s] DEBUG:colcon:Parsed command line arguments: Namespace(log_base=None, log_level=None, verb_name='build', build_base='build', install_base='install', merge_install=False, symlink_install=False, test_result_base=None, continue_on_error=False, executor='parallel', parallel_workers=4, event_handlers=None, ignore_user_meta=False, metas=['./colcon.meta'], base_paths=['.'], packages_ignore=None, packages_ignore_regex=None, paths=None, packages_up_to=None, packages_up_to_regex=None, packages_above=None, packages_above_and_dependencies=None, packages_above_depth=None, packages_select_by_dep=None, packages_skip_by_dep=None, packages_skip_up_to=None, packages_select_build_failed=False, packages_skip_build_finished=False, packages_select_test_failures=False, packages_skip_test_passed=False, packages_select=None, packages_skip=None, packages_select_regex=None, packages_skip_regex=None, packages_start=None, packages_end=None, allow_overriding=[], cmake_args=None, cmake_target=None, cmake_target_skip_unavailable=False, cmake_clean_cache=False, cmake_clean_first=False, cmake_force_configure=False, ament_cmake_args=None, catkin_cmake_args=None, catkin_skip_building_tests=False, verb_parser=<colcon_defaults.argument_parser.defaults.DefaultArgumentsDecorator object at 0x7f66116cbd00>, verb_extension=<colcon_core.verb.build.BuildVerb object at 0x7f66116cb730>, main=<bound method BuildVerb.main of <colcon_core.verb.build.BuildVerb object at 0x7f66116cb730>>)
[3.892s] Level 1:colcon.colcon_core.package_discovery:discover_packages(colcon_meta) check parameters
[3.892s] Level 1:colcon.colcon_core.package_discovery:discover_packages(recursive) check parameters
[3.892s] Level 1:colcon.colcon_core.package_discovery:discover_packages(ignore) check parameters
[3.893s] Level 1:colcon.colcon_core.package_discovery:discover_packages(path) check parameters
[3.893s] Level 1:colcon.colcon_core.package_discovery:discover_packages(colcon_meta) discover
[3.893s] Level 1:colcon.colcon_core.package_discovery:discover_packages(recursive) discover
[3.893s] INFO:colcon.colcon_core.package_discovery:Crawling recursively for packages in '/home/yasmin-nunes/ros2_path_planning'
[3.894s] Level 1:colcon.colcon_core.package_identification:_identify(.) by extensions ['ignore', 'ignore_ament_install']
[3.894s] Level 1:colcon.colcon_core.package_identification:_identify(.) by extension 'ignore'
[3.895s] Level 1:colcon.colcon_core.package_identification:_identify(.) by extension 'ignore_ament_install'
[3.895s] Level 1:colcon.colcon_core.package_identification:_identify(.) by extensions ['colcon_pkg']
[3.895s] Level 1:colcon.colcon_core.package_identification:_identify(.) by extension 'colcon_pkg'
[3.895s] Level 1:colcon.colcon_core.package_identification:_identify(.) by extensions ['colcon_meta']
[3.896s] Level 1:colcon.colcon_core.package_identification:_identify(.) by extension 'colcon_meta'
[3.896s] Level 1:colcon.colcon_core.package_identification:_identify(.) by extensions ['ros']
[3.896s] Level 1:colcon.colcon_core.package_identification:_identify(.) by extension 'ros'
[3.940s] Level 1:colcon.colcon_core.package_identification:_identify(.) by extensions ['cmake', 'python']
[3.940s] Level 1:colcon.colcon_core.package_identification:_identify(.) by extension 'cmake'
[3.940s] Level 1:colcon.colcon_core.package_identification:_identify(.) by extension 'python'
[3.940s] Level 1:colcon.colcon_core.package_identification:_identify(.) by extensions ['python_setup_py']
[3.940s] Level 1:colcon.colcon_core.package_identification:_identify(.) by extension 'python_setup_py'
[3.940s] Level 1:colcon.colcon_core.package_identification:_identify(build) by extensions ['ignore', 'ignore_ament_install']
[3.941s] Level 1:colcon.colcon_core.package_identification:_identify(build) by extension 'ignore'
[3.941s] Level 1:colcon.colcon_core.package_identification:_identify(build) ignored
[3.941s] Level 1:colcon.colcon_core.package_identification:_identify(install) by extensions ['ignore', 'ignore_ament_install']
[3.941s] Level 1:colcon.colcon_core.package_identification:_identify(install) by extension 'ignore'
[3.941s] Level 1:colcon.colcon_core.package_identification:_identify(install) ignored
[3.941s] Level 1:colcon.colcon_core.package_identification:_identify(log) by extensions ['ignore', 'ignore_ament_install']
[3.941s] Level 1:colcon.colcon_core.package_identification:_identify(log) by extension 'ignore'
[3.941s] Level 1:colcon.colcon_core.package_identification:_identify(log) ignored
[3.941s] Level 1:colcon.colcon_core.package_identification:_identify(src) by extensions ['ignore', 'ignore_ament_install']
[3.942s] Level 1:colcon.colcon_core.package_identification:_identify(src) by extension 'ignore'
[3.942s] Level 1:colcon.colcon_core.package_identification:_identify(src) by extension 'ignore_ament_install'
[3.942s] Level 1:colcon.colcon_core.package_identification:_identify(src) by extensions ['colcon_pkg']
[3.942s] Level 1:colcon.colcon_core.package_identification:_identify(src) by extension 'colcon_pkg'
[3.942s] Level 1:colcon.colcon_core.package_identification:_identify(src) by extensions ['colcon_meta']
[3.942s] Level 1:colcon.colcon_core.package_identification:_identify(src) by extension 'colcon_meta'
[3.942s] Level 1:colcon.colcon_core.package_identification:_identify(src) by extensions ['ros']
[3.942s] Level 1:colcon.colcon_core.package_identification:_identify(src) by extension 'ros'
[3.942s] Level 1:colcon.colcon_core.package_identification:_identify(src) by extensions ['cmake', 'python']
[3.942s] Level 1:colcon.colcon_core.package_identification:_identify(src) by extension 'cmake'
[3.942s] Level 1:colcon.colcon_core.package_identification:_identify(src) by extension 'python'
[3.942s] Level 1:colcon.colcon_core.package_identification:_identify(src) by extensions ['python_setup_py']
[3.942s] Level 1:colcon.colcon_core.package_identification:_identify(src) by extension 'python_setup_py'
[3.943s] Level 1:colcon.colcon_core.package_identification:_identify(src/path_planning) by extensions ['ignore', 'ignore_ament_install']
[3.943s] Level 1:colcon.colcon_core.package_identification:_identify(src/path_planning) by extension 'ignore'
[3.943s] Level 1:colcon.colcon_core.package_identification:_identify(src/path_planning) by extension 'ignore_ament_install'
[3.943s] Level 1:colcon.colcon_core.package_identification:_identify(src/path_planning) by extensions ['colcon_pkg']
[3.943s] Level 1:colcon.colcon_core.package_identification:_identify(src/path_planning) by extension 'colcon_pkg'
[3.943s] Level 1:colcon.colcon_core.package_identification:_identify(src/path_planning) by extensions ['colcon_meta']
[3.943s] Level 1:colcon.colcon_core.package_identification:_identify(src/path_planning) by extension 'colcon_meta'
[3.943s] Level 1:colcon.colcon_core.package_identification:_identify(src/path_planning) by extensions ['ros']
[3.943s] Level 1:colcon.colcon_core.package_identification:_identify(src/path_planning) by extension 'ros'
[3.970s] DEBUG:colcon.colcon_core.package_identification:Package 'src/path_planning' with type 'ros.ament_cmake' and name 'ros2_path_planning'
[3.970s] Level 1:colcon.colcon_core.package_discovery:discover_packages(recursive) using defaults
[3.970s] Level 1:colcon.colcon_core.package_discovery:discover_packages(ignore) discover
[3.970s] Level 1:colcon.colcon_core.package_discovery:discover_packages(ignore) using defaults
[3.970s] Level 1:colcon.colcon_core.package_discovery:discover_packages(path) discover
[3.970s] Level 1:colcon.colcon_core.package_discovery:discover_packages(path) using defaults
[4.225s] Level 1:colcon.colcon_core.package_discovery:discover_packages(prefix_path) check parameters
[4.225s] Level 1:colcon.colcon_core.package_discovery:discover_packages(prefix_path) discover
[4.229s] DEBUG:colcon.colcon_installed_package_information.package_discovery:Found 270 installed packages in /opt/ros/humble
[4.231s] Level 1:colcon.colcon_core.package_discovery:discover_packages(prefix_path) using defaults
[4.302s] Level 5:colcon.colcon_core.verb:set package 'ros2_path_planning' build argument 'cmake_args' from command line to 'None'
[4.302s] Level 5:colcon.colcon_core.verb:set package 'ros2_path_planning' build argument 'cmake_target' from command line to 'None'
[4.302s] Level 5:colcon.colcon_core.verb:set package 'ros2_path_planning' build argument 'cmake_target_skip_unavailable' from command line to 'False'
[4.302s] Level 5:colcon.colcon_core.verb:set package 'ros2_path_planning' build argument 'cmake_clean_cache' from command line to 'False'
[4.302s] Level 5:colcon.colcon_core.verb:set package 'ros2_path_planning' build argument 'cmake_clean_first' from command line to 'False'
[4.302s] Level 5:colcon.colcon_core.verb:set package 'ros2_path_planning' build argument 'cmake_force_configure' from command line to 'False'
[4.302s] Level 5:colcon.colcon_core.verb:set package 'ros2_path_planning' build argument 'ament_cmake_args' from command line to 'None'
[4.302s] Level 5:colcon.colcon_core.verb:set package 'ros2_path_planning' build argument 'catkin_cmake_args' from command line to 'None'
[4.302s] Level 5:colcon.colcon_core.verb:set package 'ros2_path_planning' build argument 'catkin_skip_building_tests' from command line to 'False'
[4.302s] DEBUG:colcon.colcon_core.verb:Building package 'ros2_path_planning' with the following arguments: {'ament_cmake_args': None, 'build_base': '/home/yasmin-nunes/ros2_path_planning/build/ros2_path_planning', 'catkin_cmake_args': None, 'catkin_skip_building_tests': False, 'cmake_args': None, 'cmake_clean_cache': False, 'cmake_clean_first': False, 'cmake_force_configure': False, 'cmake_target': None, 'cmake_target_skip_unavailable': False, 'install_base': '/home/yasmin-nunes/ros2_path_planning/install/ros2_path_planning', 'merge_install': False, 'path': '/home/yasmin-nunes/ros2_path_planning/src/path_planning', 'symlink_install': False, 'test_result_base': None}
[4.303s] INFO:colcon.colcon_core.executor:Executing jobs using 'parallel' executor
[4.304s] DEBUG:colcon.colcon_parallel_executor.executor.parallel:run_until_complete
[4.304s] INFO:colcon.colcon_ros.task.ament_cmake.build:Building ROS package in '/home/yasmin-nunes/ros2_path_planning/src/path_planning' with build type 'ament_cmake'
[4.305s] INFO:colcon.colcon_cmake.task.cmake.build:Building CMake package in '/home/yasmin-nunes/ros2_path_planning/src/path_planning'
[4.329s] INFO:colcon.colcon_core.plugin_system:Skipping extension 'colcon_core.shell.bat': Not used on non-Windows systems
[4.330s] INFO:colcon.colcon_core.shell:Skip shell extension 'powershell' for command environment: Not usable outside of PowerShell
[4.330s] DEBUG:colcon.colcon_core.shell:Skip shell extension 'dsv' for command environment
[4.456s] DEBUG:colcon.colcon_core.event_handler.log_command:Invoking command in '/home/yasmin-nunes/ros2_path_planning/build/ros2_path_planning': CMAKE_PREFIX_PATH=/opt/ros/humble /usr/bin/cmake --build /home/yasmin-nunes/ros2_path_planning/build/ros2_path_planning -- -j4 -l4
[5.999s] DEBUG:colcon.colcon_core.event_handler.log_command:Invoked command in '/home/yasmin-nunes/ros2_path_planning/build/ros2_path_planning' returned '0': CMAKE_PREFIX_PATH=/opt/ros/humble /usr/bin/cmake --build /home/yasmin-nunes/ros2_path_planning/build/ros2_path_planning -- -j4 -l4
[6.051s] DEBUG:colcon.colcon_core.event_handler.log_command:Invoking command in '/home/yasmin-nunes/ros2_path_planning/build/ros2_path_planning': CMAKE_PREFIX_PATH=/opt/ros/humble /usr/bin/cmake --install /home/yasmin-nunes/ros2_path_planning/build/ros2_path_planning
[6.068s] Level 1:colcon.colcon_core.environment:create_environment_scripts_only(ros2_path_planning)
[6.069s] DEBUG:colcon.colcon_core.event_handler.log_command:Invoked command in '/home/yasmin-nunes/ros2_path_planning/build/ros2_path_planning' returned '0': CMAKE_PREFIX_PATH=/opt/ros/humble /usr/bin/cmake --install /home/yasmin-nunes/ros2_path_planning/build/ros2_path_planning
[6.075s] Level 1:colcon.colcon_core.environment:checking '/home/yasmin-nunes/ros2_path_planning/install/ros2_path_planning' for CMake module files
[6.075s] Level 1:colcon.colcon_core.environment:checking '/home/yasmin-nunes/ros2_path_planning/install/ros2_path_planning' for CMake config files
[6.076s] Level 1:colcon.colcon_core.shell:create_environment_hook('ros2_path_planning', 'cmake_prefix_path')
[6.076s] INFO:colcon.colcon_core.shell:Creating environment hook '/home/yasmin-nunes/ros2_path_planning/install/ros2_path_planning/share/ros2_path_planning/hook/cmake_prefix_path.ps1'
[6.077s] INFO:colcon.colcon_core.shell:Creating environment descriptor '/home/yasmin-nunes/ros2_path_planning/install/ros2_path_planning/share/ros2_path_planning/hook/cmake_prefix_path.dsv'
[6.078s] INFO:colcon.colcon_core.shell:Creating environment hook '/home/yasmin-nunes/ros2_path_planning/install/ros2_path_planning/share/ros2_path_planning/hook/cmake_prefix_path.sh'
[6.079s] Level 1:colcon.colcon_core.environment:checking '/home/yasmin-nunes/ros2_path_planning/install/ros2_path_planning/lib'
[6.080s] Level 1:colcon.colcon_core.environment:checking '/home/yasmin-nunes/ros2_path_planning/install/ros2_path_planning/bin'
[6.080s] Level 1:colcon.colcon_core.environment:checking '/home/yasmin-nunes/ros2_path_planning/install/ros2_path_planning/lib/pkgconfig/ros2_path_planning.pc'
[6.080s] Level 1:colcon.colcon_core.environment:checking '/home/yasmin-nunes/ros2_path_planning/install/ros2_path_planning/lib/python3.10/site-packages'
[6.081s] Level 1:colcon.colcon_core.environment:checking '/home/yasmin-nunes/ros2_path_planning/install/ros2_path_planning/bin'
[6.081s] INFO:colcon.colcon_core.shell:Creating package script '/home/yasmin-nunes/ros2_path_planning/install/ros2_path_planning/share/ros2_path_planning/package.ps1'
[6.082s] INFO:colcon.colcon_core.shell:Creating package descriptor '/home/yasmin-nunes/ros2_path_planning/install/ros2_path_planning/share/ros2_path_planning/package.dsv'
[6.083s] INFO:colcon.colcon_core.shell:Creating package script '/home/yasmin-nunes/ros2_path_planning/install/ros2_path_planning/share/ros2_path_planning/package.sh'
[6.085s] INFO:colcon.colcon_core.shell:Creating package script '/home/yasmin-nunes/ros2_path_planning/install/ros2_path_planning/share/ros2_path_planning/package.bash'
[6.086s] INFO:colcon.colcon_core.shell:Creating package script '/home/yasmin-nunes/ros2_path_planning/install/ros2_path_planning/share/ros2_path_planning/package.zsh'
[6.087s] Level 1:colcon.colcon_core.environment:create_file_with_runtime_dependencies(/home/yasmin-nunes/ros2_path_planning/install/ros2_path_planning/share/colcon-core/packages/ros2_path_planning)
[6.121s] Level 1:colcon.colcon_core.environment:create_environment_scripts_only(ros2_path_planning)
[6.122s] Level 1:colcon.colcon_core.environment:checking '/home/yasmin-nunes/ros2_path_planning/install/ros2_path_planning' for CMake module files
[6.123s] Level 1:colcon.colcon_core.environment:checking '/home/yasmin-nunes/ros2_path_planning/install/ros2_path_planning' for CMake config files
[6.124s] Level 1:colcon.colcon_core.shell:create_environment_hook('ros2_path_planning', 'cmake_prefix_path')
[6.125s] INFO:colcon.colcon_core.shell:Creating environment hook '/home/yasmin-nunes/ros2_path_planning/install/ros2_path_planning/share/ros2_path_planning/hook/cmake_prefix_path.ps1'
[6.126s] INFO:colcon.colcon_core.shell:Creating environment descriptor '/home/yasmin-nunes/ros2_path_planning/install/ros2_path_planning/share/ros2_path_planning/hook/cmake_prefix_path.dsv'
[6.126s] INFO:colcon.colcon_core.shell:Creating environment hook '/home/yasmin-nunes/ros2_path_planning/install/ros2_path_planning/share/ros2_path_planning/hook/cmake_prefix_path.sh'
[6.128s] Level 1:colcon.colcon_core.environment:checking '/home/yasmin-nunes/ros2_path_planning/install/ros2_path_planning/lib'
[6.128s] Level 1:colcon.colcon_core.environment:checking '/home/yasmin-nunes/ros2_path_planning/install/ros2_path_planning/bin'
[6.128s] Level 1:colcon.colcon_core.environment:checking '/home/yasmin-nunes/ros2_path_planning/install/ros2_path_planning/lib/pkgconfig/ros2_path_planning.pc'
[6.129s] Level 1:colcon.colcon_core.environment:checking '/home/yasmin-nunes/ros2_path_planning/install/ros2_path_planning/lib/python3.10/site-packages'
[6.130s] Level 1:colcon.colcon_core.environment:checking '/home/yasmin-nunes/ros2_path_planning/install/ros2_path_planning/bin'
[6.131s] INFO:colcon.colcon_core.shell:Creating package script '/home/yasmin-nunes/ros2_path_planning/install/ros2_path_planning/share/ros2_path_planning/package.ps1'
[6.132s] INFO:colcon.colcon_core.shell:Creating package descriptor '/home/yasmin-nunes/ros2_path_planning/install/ros2_path_planning/share/ros2_path_planning/package.dsv'
[6.133s] INFO:colcon.colcon_core.shell:Creating package script '/home/yasmin-nunes/ros2_path_planning/install/ros2_path_planning/share/ros2_path_planning/package.sh'
[6.134s] INFO:colcon.colcon_core.shell:Creating package script '/home/yasmin-nunes/ros2_path_planning/install/ros2_path_planning/share/ros2_path_planning/package.bash'
[6.135s] INFO:colcon.colcon_core.shell:Creating package script '/home/yasmin-nunes/ros2_path_planning/install/ros2_path_planning/share/ros2_path_planning/package.zsh'
[6.136s] Level 1:colcon.colcon_core.environment:create_file_with_runtime_dependencies(/home/yasmin-nunes/ros2_path_planning/install/ros2_path_planning/share/colcon-core/packages/ros2_path_planning)
[6.136s] DEBUG:colcon.colcon_parallel_executor.executor.parallel:closing loop
[6.136s] DEBUG:colcon.colcon_parallel_executor.executor.parallel:loop closed
[6.136s] DEBUG:colcon.colcon_parallel_executor.executor.parallel:run_until_complete finished with '0'
[6.137s] DEBUG:colcon.colcon_core.event_reactor:joining thread
[6.145s] INFO:colcon.colcon_core.plugin_system:Skipping extension 'colcon_notification.desktop_notification.terminal_notifier': Not used on non-Darwin systems
[6.145s] INFO:colcon.colcon_core.plugin_system:Skipping extension 'colcon_notification.desktop_notification.win32': Not used on non-Windows systems
[6.145s] INFO:colcon.colcon_notification.desktop_notification:Sending desktop notification using 'notify2'
[6.186s] DEBUG:colcon.colcon_core.event_reactor:joined thread
[6.186s] INFO:colcon.colcon_core.shell:Creating prefix script '/home/yasmin-nunes/ros2_path_planning/install/local_setup.ps1'
[6.188s] INFO:colcon.colcon_core.shell:Creating prefix util module '/home/yasmin-nunes/ros2_path_planning/install/_local_setup_util_ps1.py'
[6.191s] INFO:colcon.colcon_core.shell:Creating prefix chain script '/home/yasmin-nunes/ros2_path_planning/install/setup.ps1'
[6.193s] INFO:colcon.colcon_core.shell:Creating prefix script '/home/yasmin-nunes/ros2_path_planning/install/local_setup.sh'
[6.194s] INFO:colcon.colcon_core.shell:Creating prefix util module '/home/yasmin-nunes/ros2_path_planning/install/_local_setup_util_sh.py'
[6.195s] INFO:colcon.colcon_core.shell:Creating prefix chain script '/home/yasmin-nunes/ros2_path_planning/install/setup.sh'
[6.197s] INFO:colcon.colcon_core.shell:Creating prefix script '/home/yasmin-nunes/ros2_path_planning/install/local_setup.bash'
[6.198s] INFO:colcon.colcon_core.shell:Creating prefix chain script '/home/yasmin-nunes/ros2_path_planning/install/setup.bash'
[6.199s] INFO:colcon.colcon_core.shell:Creating prefix script '/home/yasmin-nunes/ros2_path_planning/install/local_setup.zsh'
[6.200s] INFO:colcon.colcon_core.shell:Creating prefix chain script '/home/yasmin-nunes/ros2_path_planning/install/setup.zsh'
