[0.151s] Invoking command in '/home/yasmin-nunes/ros2_path_planning/build/ros2_path_planning': CMAKE_PREFIX_PATH=/opt/ros/humble /usr/bin/cmake --build /home/yasmin-nunes/ros2_path_planning/build/ros2_path_planning -- -j4 -l4
[0.539s] -- Found ament_cmake: 1.3.10 (/opt/ros/humble/share/ament_cmake/cmake)
[1.099s] -- Found ament_lint_auto: 0.12.11 (/opt/ros/humble/share/ament_lint_auto/cmake)
[1.579s] -- Added test 'flake8' to check Python code syntax and style conventions
[1.583s] -- Added test 'lint_cmake' to check CMake code style
[1.586s] -- Added test 'pep257' to check Python code against some of the docstring style conventions in PEP 257
[1.595s] -- Added test 'xmllint' to check XML markup files
[1.601s] -- Configuring done
[1.646s] -- Generating done
[1.653s] -- Build files have been written to: /home/yasmin-nunes/ros2_path_planning/build/ros2_path_planning
[1.694s] Invoked command in '/home/yasmin-nunes/ros2_path_planning/build/ros2_path_planning' returned '0': CMAKE_PREFIX_PATH=/opt/ros/humble /usr/bin/cmake --build /home/yasmin-nunes/ros2_path_planning/build/ros2_path_planning -- -j4 -l4
[1.745s] Invoking command in '/home/yasmin-nunes/ros2_path_planning/build/ros2_path_planning': CMAKE_PREFIX_PATH=/opt/ros/humble /usr/bin/cmake --install /home/yasmin-nunes/ros2_path_planning/build/ros2_path_planning
[1.757s] -- Install configuration: ""
[1.757s] -- Installing: /home/yasmin-nunes/ros2_path_planning/install/ros2_path_planning/lib/ros2_path_planning/bayesian_inference_tests_csv.py
[1.757s] -- Up-to-date: /home/yasmin-nunes/ros2_path_planning/install/ros2_path_planning/path_planning/ros2_path_planning/bayesian_inference
[1.758s] -- Up-to-date: /home/yasmin-nunes/ros2_path_planning/install/ros2_path_planning/path_planning/ros2_path_planning/bayesian_inference/__init__.py
[1.758s] -- Installing: /home/yasmin-nunes/ros2_path_planning/install/ros2_path_planning/path_planning/ros2_path_planning/bayesian_inference/bayesian_inference_planner.py
[1.758s] -- Up-to-date: /home/yasmin-nunes/ros2_path_planning/install/ros2_path_planning/share/ament_index/resource_index/package_run_dependencies/ros2_path_planning
[1.759s] -- Installing: /home/yasmin-nunes/ros2_path_planning/install/ros2_path_planning/share/ament_index/resource_index/parent_prefix_path/ros2_path_planning
[1.759s] -- Up-to-date: /home/yasmin-nunes/ros2_path_planning/install/ros2_path_planning/share/ros2_path_planning/environment/ament_prefix_path.sh
[1.759s] -- Installing: /home/yasmin-nunes/ros2_path_planning/install/ros2_path_planning/share/ros2_path_planning/environment/ament_prefix_path.dsv
[1.759s] -- Up-to-date: /home/yasmin-nunes/ros2_path_planning/install/ros2_path_planning/share/ros2_path_planning/environment/path.sh
[1.760s] -- Installing: /home/yasmin-nunes/ros2_path_planning/install/ros2_path_planning/share/ros2_path_planning/environment/path.dsv
[1.760s] -- Up-to-date: /home/yasmin-nunes/ros2_path_planning/install/ros2_path_planning/share/ros2_path_planning/local_setup.bash
[1.760s] -- Up-to-date: /home/yasmin-nunes/ros2_path_planning/install/ros2_path_planning/share/ros2_path_planning/local_setup.sh
[1.760s] -- Up-to-date: /home/yasmin-nunes/ros2_path_planning/install/ros2_path_planning/share/ros2_path_planning/local_setup.zsh
[1.761s] -- Installing: /home/yasmin-nunes/ros2_path_planning/install/ros2_path_planning/share/ros2_path_planning/local_setup.dsv
[1.761s] -- Installing: /home/yasmin-nunes/ros2_path_planning/install/ros2_path_planning/share/ros2_path_planning/package.dsv
[1.761s] -- Up-to-date: /home/yasmin-nunes/ros2_path_planning/install/ros2_path_planning/share/ament_index/resource_index/packages/ros2_path_planning
[1.761s] -- Up-to-date: /home/yasmin-nunes/ros2_path_planning/install/ros2_path_planning/share/ros2_path_planning/cmake/ros2_path_planningConfig.cmake
[1.761s] -- Up-to-date: /home/yasmin-nunes/ros2_path_planning/install/ros2_path_planning/share/ros2_path_planning/cmake/ros2_path_planningConfig-version.cmake
[1.761s] -- Up-to-date: /home/yasmin-nunes/ros2_path_planning/install/ros2_path_planning/share/ros2_path_planning/package.xml
[1.764s] Invoked command in '/home/yasmin-nunes/ros2_path_planning/build/ros2_path_planning' returned '0': CMAKE_PREFIX_PATH=/opt/ros/humble /usr/bin/cmake --install /home/yasmin-nunes/ros2_path_planning/build/ros2_path_planning
