[0.015s] Invoking command in '/home/yasmin-nunes/ros2_path_planning/build/ros2_path_planning': CMAKE_PREFIX_PATH=${CMAKE_PREFIX_PATH}:/opt/ros/humble /usr/bin/cmake --build /home/yasmin-nunes/ros2_path_planning/build/ros2_path_planning -- -j4 -l4
[0.043s] -- Found ament_cmake: 1.3.10 (/opt/ros/humble/share/ament_cmake/cmake)
[0.190s] -- Found ament_lint_auto: 0.12.11 (/opt/ros/humble/share/ament_lint_auto/cmake)
[0.273s] -- Added test 'flake8' to check Python code syntax and style conventions
[0.273s] -- Added test 'lint_cmake' to check CMake code style
[0.274s] -- Added test 'pep257' to check Python code against some of the docstring style conventions in PEP 257
[0.275s] -- Added test 'xmllint' to check XML markup files
[0.276s] -- Configuring done
[0.279s] -- Generating done
[0.280s] -- Build files have been written to: /home/yasmin-nunes/ros2_path_planning/build/ros2_path_planning
[0.307s] Invoked command in '/home/yasmin-nunes/ros2_path_planning/build/ros2_path_planning' returned '0': CMAKE_PREFIX_PATH=${CMAKE_PREFIX_PATH}:/opt/ros/humble /usr/bin/cmake --build /home/yasmin-nunes/ros2_path_planning/build/ros2_path_planning -- -j4 -l4
[0.346s] Invoking command in '/home/yasmin-nunes/ros2_path_planning/build/ros2_path_planning': CMAKE_PREFIX_PATH=${CMAKE_PREFIX_PATH}:/opt/ros/humble /usr/bin/cmake --install /home/yasmin-nunes/ros2_path_planning/build/ros2_path_planning
[0.353s] -- Install configuration: ""
[0.354s] -- Installing: /home/yasmin-nunes/ros2_path_planning/install/ros2_path_planning/lib/ros2_path_planning/bayesian_inference_tests_csv.py
[0.354s] -- Up-to-date: /home/yasmin-nunes/ros2_path_planning/install/ros2_path_planning/path_planning/ros2_path_planning/bayesian_inference
[0.354s] -- Up-to-date: /home/yasmin-nunes/ros2_path_planning/install/ros2_path_planning/path_planning/ros2_path_planning/bayesian_inference/__init__.py
[0.354s] -- Up-to-date: /home/yasmin-nunes/ros2_path_planning/install/ros2_path_planning/path_planning/ros2_path_planning/bayesian_inference/bayesian_inference_planner.py
[0.354s] -- Up-to-date: /home/yasmin-nunes/ros2_path_planning/install/ros2_path_planning/share/ament_index/resource_index/package_run_dependencies/ros2_path_planning
[0.355s] -- Up-to-date: /home/yasmin-nunes/ros2_path_planning/install/ros2_path_planning/share/ament_index/resource_index/parent_prefix_path/ros2_path_planning
[0.355s] -- Up-to-date: /home/yasmin-nunes/ros2_path_planning/install/ros2_path_planning/share/ros2_path_planning/environment/ament_prefix_path.sh
[0.355s] -- Installing: /home/yasmin-nunes/ros2_path_planning/install/ros2_path_planning/share/ros2_path_planning/environment/ament_prefix_path.dsv
[0.355s] -- Up-to-date: /home/yasmin-nunes/ros2_path_planning/install/ros2_path_planning/share/ros2_path_planning/environment/path.sh
[0.355s] -- Installing: /home/yasmin-nunes/ros2_path_planning/install/ros2_path_planning/share/ros2_path_planning/environment/path.dsv
[0.355s] -- Up-to-date: /home/yasmin-nunes/ros2_path_planning/install/ros2_path_planning/share/ros2_path_planning/local_setup.bash
[0.355s] -- Up-to-date: /home/yasmin-nunes/ros2_path_planning/install/ros2_path_planning/share/ros2_path_planning/local_setup.sh
[0.356s] -- Up-to-date: /home/yasmin-nunes/ros2_path_planning/install/ros2_path_planning/share/ros2_path_planning/local_setup.zsh
[0.356s] -- Installing: /home/yasmin-nunes/ros2_path_planning/install/ros2_path_planning/share/ros2_path_planning/local_setup.dsv
[0.356s] -- Installing: /home/yasmin-nunes/ros2_path_planning/install/ros2_path_planning/share/ros2_path_planning/package.dsv
[0.356s] -- Up-to-date: /home/yasmin-nunes/ros2_path_planning/install/ros2_path_planning/share/ament_index/resource_index/packages/ros2_path_planning
[0.356s] -- Up-to-date: /home/yasmin-nunes/ros2_path_planning/install/ros2_path_planning/share/ros2_path_planning/cmake/ros2_path_planningConfig.cmake
[0.356s] -- Up-to-date: /home/yasmin-nunes/ros2_path_planning/install/ros2_path_planning/share/ros2_path_planning/cmake/ros2_path_planningConfig-version.cmake
[0.356s] -- Up-to-date: /home/yasmin-nunes/ros2_path_planning/install/ros2_path_planning/share/ros2_path_planning/package.xml
[0.358s] Invoked command in '/home/yasmin-nunes/ros2_path_planning/build/ros2_path_planning' returned '0': CMAKE_PREFIX_PATH=${CMAKE_PREFIX_PATH}:/opt/ros/humble /usr/bin/cmake --install /home/yasmin-nunes/ros2_path_planning/build/ros2_path_planning
