[0.011s] Invoking command in '/home/yasmin-nunes/ros2-path-planning/build/ros2_path_planning': CMAKE_PREFIX_PATH=/opt/ros/humble /usr/bin/cmake /home/yasmin-nunes/ros2-path-planning/src/path_planning -DCMAKE_INSTALL_PREFIX=/home/yasmin-nunes/ros2-path-planning/install/ros2_path_planning
[0.736s] -- The C compiler identification is GNU 11.4.0
[1.382s] -- The CXX compiler identification is GNU 11.4.0
[1.391s] -- Detecting C compiler ABI info
[1.562s] -- Detecting C compiler ABI info - done
[1.572s] -- Check for working C compiler: /usr/bin/cc - skipped
[1.573s] -- Detecting C compile features
[1.599s] -- Detecting C compile features - done
[1.602s] -- Detecting CXX compiler ABI info
[1.744s] -- Detecting CXX compiler ABI info - done
[1.754s] -- Check for working CXX compiler: /usr/bin/c++ - skipped
[1.754s] -- Detecting CXX compile features
[1.755s] -- Detecting CXX compile features - done
[1.822s] -- Found ament_cmake: 1.3.10 (/opt/ros/humble/share/ament_cmake/cmake)
[2.072s] -- Found Python3: /usr/bin/python3 (found version "3.10.12") found components: Interpreter 
[2.222s] -- Found nav_msgs: 4.2.4 (/opt/ros/humble/share/nav_msgs/cmake)
[2.455s] -- Found rosidl_generator_c: 3.1.5 (/opt/ros/humble/share/rosidl_generator_c/cmake)
[2.484s] -- Found rosidl_adapter: 3.1.5 (/opt/ros/humble/share/rosidl_adapter/cmake)
[2.510s] -- Found rosidl_generator_cpp: 3.1.5 (/opt/ros/humble/share/rosidl_generator_cpp/cmake)
[2.599s] -- Using all available rosidl_typesupport_c: rosidl_typesupport_fastrtps_c;rosidl_typesupport_introspection_c
[2.679s] -- Using all available rosidl_typesupport_cpp: rosidl_typesupport_fastrtps_cpp;rosidl_typesupport_introspection_cpp
[2.831s] -- Found ament_lint_auto: 0.12.11 (/opt/ros/humble/share/ament_lint_auto/cmake)
[2.987s] -- Added test 'flake8' to check Python code syntax and style conventions
[2.988s] -- Added test 'lint_cmake' to check CMake code style
[2.989s] -- Added test 'pep257' to check Python code against some of the docstring style conventions in PEP 257
[2.992s] -- Added test 'xmllint' to check XML markup files
[2.994s] -- Configuring done
[3.001s] -- Generating done
[3.004s] -- Build files have been written to: /home/yasmin-nunes/ros2-path-planning/build/ros2_path_planning
[3.013s] Invoked command in '/home/yasmin-nunes/ros2-path-planning/build/ros2_path_planning' returned '0': CMAKE_PREFIX_PATH=/opt/ros/humble /usr/bin/cmake /home/yasmin-nunes/ros2-path-planning/src/path_planning -DCMAKE_INSTALL_PREFIX=/home/yasmin-nunes/ros2-path-planning/install/ros2_path_planning
[3.016s] Invoking command in '/home/yasmin-nunes/ros2-path-planning/build/ros2_path_planning': CMAKE_PREFIX_PATH=/opt/ros/humble /usr/bin/cmake --build /home/yasmin-nunes/ros2-path-planning/build/ros2_path_planning -- -j4 -l4
[3.069s] Invoked command in '/home/yasmin-nunes/ros2-path-planning/build/ros2_path_planning' returned '0': CMAKE_PREFIX_PATH=/opt/ros/humble /usr/bin/cmake --build /home/yasmin-nunes/ros2-path-planning/build/ros2_path_planning -- -j4 -l4
[3.100s] Invoking command in '/home/yasmin-nunes/ros2-path-planning/build/ros2_path_planning': CMAKE_PREFIX_PATH=/opt/ros/humble /usr/bin/cmake --install /home/yasmin-nunes/ros2-path-planning/build/ros2_path_planning
[3.109s] -- Install configuration: ""
[3.109s] -- Installing: /home/yasmin-nunes/ros2-path-planning/install/ros2_path_planning/lib/ros2_path_planning/path_publisher.py
[3.109s] [31mCMake Error at cmake_install.cmake:50 (file):
[3.109s]   file INSTALL cannot find
[3.109s]   "/home/yasmin-nunes/ros2-path-planning/src/path_planning/ros2/tests/bayesian_inference_tests_csv.py":
[3.109s]   No such file or directory.
[3.110s] 
[3.110s] [0m
[3.111s] Invoked command in '/home/yasmin-nunes/ros2-path-planning/build/ros2_path_planning' returned '1': CMAKE_PREFIX_PATH=/opt/ros/humble /usr/bin/cmake --install /home/yasmin-nunes/ros2-path-planning/build/ros2_path_planning
